
===========================================================================
report_checks -unconstrained
===========================================================================
======================= Fastest Corner ===================================

Startpoint: en_n (input port clocked by clk)
Endpoint: _1924_ (rising edge-triggered flip-flop clocked by clk)
Path Group: clk
Path Type: max
Corner: Fastest

Fanout     Cap    Slew   Delay    Time   Description
-----------------------------------------------------------------------------
                  0.15    0.00    0.00   clock clk (rise edge)
                          0.00    0.00   clock network delay (ideal)
                          2.00    2.00 ^ input external delay
     1    0.00    0.01    0.01    2.01 ^ en_n (in)
                                         en_n (net)
                  0.01    0.00    2.01 ^ input3/A (sky130_fd_sc_hd__buf_1)
     1    0.02    0.19    0.16    2.17 ^ input3/X (sky130_fd_sc_hd__buf_1)
                                         net3 (net)
                  0.19    0.00    2.17 ^ _0933_/A (sky130_fd_sc_hd__buf_4)
    10    0.07    0.14    0.18    2.36 ^ _0933_/X (sky130_fd_sc_hd__buf_4)
                                         _0774_ (net)
                  0.14    0.00    2.36 ^ _0936_/A (sky130_fd_sc_hd__nor2b_2)
     4    0.01    0.05    0.05    2.41 v _0936_/Y (sky130_fd_sc_hd__nor2b_2)
                                         _0777_ (net)
                  0.05    0.00    2.41 v _0937_/A (sky130_fd_sc_hd__buf_4)
    10    0.06    0.06    0.14    2.56 v _0937_/X (sky130_fd_sc_hd__buf_4)
                                         _0778_ (net)
                  0.06    0.00    2.56 v _0938_/B (sky130_fd_sc_hd__nor3b_2)
     4    0.02    0.28    0.26    2.82 ^ _0938_/Y (sky130_fd_sc_hd__nor3b_2)
                                         _0779_ (net)
                  0.28    0.00    2.82 ^ max_cap149/A (sky130_fd_sc_hd__buf_2)
     6    0.04    0.15    0.20    3.02 ^ max_cap149/X (sky130_fd_sc_hd__buf_2)
                                         net149 (net)
                  0.15    0.00    3.02 ^ _1205_/A (sky130_fd_sc_hd__buf_4)
    10    0.07    0.14    0.18    3.20 ^ _1205_/X (sky130_fd_sc_hd__buf_4)
                                         _0416_ (net)
                  0.14    0.01    3.21 ^ _1222_/S (sky130_fd_sc_hd__mux2_1)
     1    0.00    0.04    0.21    3.42 v _1222_/X (sky130_fd_sc_hd__mux2_1)
                                         _0429_ (net)
                  0.04    0.00    3.42 v _1223_/A (sky130_fd_sc_hd__clkbuf_1)
     1    0.00    0.02    0.06    3.48 v _1223_/X (sky130_fd_sc_hd__clkbuf_1)
                                         _0064_ (net)
                  0.02    0.00    3.48 v _1924_/D (sky130_fd_sc_hd__dfxtp_1)
                                  3.48   data arrival time

                  0.15   10.00   10.00   clock clk (rise edge)
                          0.00   10.00   clock network delay (ideal)
                         -0.25    9.75   clock uncertainty
                          0.00    9.75   clock reconvergence pessimism
                                  9.75 ^ _1924_/CLK (sky130_fd_sc_hd__dfxtp_1)
                         -0.05    9.70   library setup time
                                  9.70   data required time
-----------------------------------------------------------------------------
                                  9.70   data required time
                                 -3.48   data arrival time
-----------------------------------------------------------------------------
                                  6.22   slack (MET)



======================= Slowest Corner ===================================

Startpoint: address[0] (input port clocked by clk)
Endpoint: _2175_ (rising edge-triggered flip-flop clocked by clk)
Path Group: clk
Path Type: max
Corner: Slowest

Fanout     Cap    Slew   Delay    Time   Description
-----------------------------------------------------------------------------
                  0.15    0.00    0.00   clock clk (rise edge)
                          0.00    0.00   clock network delay (ideal)
                          2.00    2.00 ^ input external delay
     1    0.00    0.04    0.02    2.02 ^ address[0] (in)
                                         address[0] (net)
                  0.04    0.00    2.02 ^ input1/A (sky130_fd_sc_hd__clkbuf_2)
     4    0.02    0.20    0.29    2.30 ^ input1/X (sky130_fd_sc_hd__clkbuf_2)
                                         net1 (net)
                  0.20    0.00    2.31 ^ _0962_/A (sky130_fd_sc_hd__buf_4)
    10    0.07    0.32    0.47    2.78 ^ _0962_/X (sky130_fd_sc_hd__buf_4)
                                         _0797_ (net)
                  0.32    0.00    2.78 ^ _1052_/A (sky130_fd_sc_hd__buf_4)
    10    0.07    0.30    0.51    3.30 ^ _1052_/X (sky130_fd_sc_hd__buf_4)
                                         _0867_ (net)
                  0.30    0.01    3.30 ^ _1057_/S0 (sky130_fd_sc_hd__mux4_1)
     2    0.01    0.22    1.46    4.76 v _1057_/X (sky130_fd_sc_hd__mux4_1)
                                         _0871_ (net)
                  0.22    0.00    4.76 v _1058_/A1 (sky130_fd_sc_hd__mux2_1)
     4    0.01    0.20    0.88    5.64 v _1058_/X (sky130_fd_sc_hd__mux2_1)
                                         _0872_ (net)
                  0.20    0.00    5.64 v _1766_/A1 (sky130_fd_sc_hd__mux2_1)
     1    0.00    0.12    0.75    6.39 v _1766_/X (sky130_fd_sc_hd__mux2_1)
                                         _0722_ (net)
                  0.12    0.00    6.39 v _1767_/A (sky130_fd_sc_hd__clkbuf_1)
     1    0.00    0.05    0.19    6.58 v _1767_/X (sky130_fd_sc_hd__clkbuf_1)
                                         _0315_ (net)
                  0.05    0.00    6.58 v _2175_/D (sky130_fd_sc_hd__dfxtp_1)
                                  6.58   data arrival time

                  0.15   10.00   10.00   clock clk (rise edge)
                          0.00   10.00   clock network delay (ideal)
                         -0.25    9.75   clock uncertainty
                          0.00    9.75   clock reconvergence pessimism
                                  9.75 ^ _2175_/CLK (sky130_fd_sc_hd__dfxtp_1)
                         -0.24    9.51   library setup time
                                  9.51   data required time
-----------------------------------------------------------------------------
                                  9.51   data required time
                                 -6.58   data arrival time
-----------------------------------------------------------------------------
                                  2.93   slack (MET)



======================= Typical Corner ===================================

Startpoint: en_n (input port clocked by clk)
Endpoint: _1924_ (rising edge-triggered flip-flop clocked by clk)
Path Group: clk
Path Type: max
Corner: Typical

Fanout     Cap    Slew   Delay    Time   Description
-----------------------------------------------------------------------------
                  0.15    0.00    0.00   clock clk (rise edge)
                          0.00    0.00   clock network delay (ideal)
                          2.00    2.00 ^ input external delay
     1    0.00    0.02    0.01    2.01 ^ en_n (in)
                                         en_n (net)
                  0.02    0.00    2.01 ^ input3/A (sky130_fd_sc_hd__buf_1)
     1    0.02    0.25    0.23    2.24 ^ input3/X (sky130_fd_sc_hd__buf_1)
                                         net3 (net)
                  0.25    0.00    2.24 ^ _0933_/A (sky130_fd_sc_hd__buf_4)
    10    0.07    0.18    0.29    2.53 ^ _0933_/X (sky130_fd_sc_hd__buf_4)
                                         _0774_ (net)
                  0.18    0.00    2.53 ^ _0936_/A (sky130_fd_sc_hd__nor2b_2)
     4    0.01    0.07    0.10    2.63 v _0936_/Y (sky130_fd_sc_hd__nor2b_2)
                                         _0777_ (net)
                  0.07    0.00    2.63 v _0937_/A (sky130_fd_sc_hd__buf_4)
    10    0.06    0.08    0.21    2.84 v _0937_/X (sky130_fd_sc_hd__buf_4)
                                         _0778_ (net)
                  0.08    0.00    2.84 v _0938_/B (sky130_fd_sc_hd__nor3b_2)
     4    0.02    0.38    0.38    3.22 ^ _0938_/Y (sky130_fd_sc_hd__nor3b_2)
                                         _0779_ (net)
                  0.38    0.00    3.22 ^ max_cap149/A (sky130_fd_sc_hd__buf_2)
     6    0.04    0.20    0.32    3.54 ^ max_cap149/X (sky130_fd_sc_hd__buf_2)
                                         net149 (net)
                  0.20    0.00    3.54 ^ _1205_/A (sky130_fd_sc_hd__buf_4)
    10    0.07    0.18    0.27    3.81 ^ _1205_/X (sky130_fd_sc_hd__buf_4)
                                         _0416_ (net)
                  0.18    0.01    3.82 ^ _1222_/S (sky130_fd_sc_hd__mux2_1)
     1    0.00    0.06    0.37    4.18 v _1222_/X (sky130_fd_sc_hd__mux2_1)
                                         _0429_ (net)
                  0.06    0.00    4.18 v _1223_/A (sky130_fd_sc_hd__clkbuf_1)
     1    0.00    0.02    0.10    4.28 v _1223_/X (sky130_fd_sc_hd__clkbuf_1)
                                         _0064_ (net)
                  0.02    0.00    4.28 v _1924_/D (sky130_fd_sc_hd__dfxtp_1)
                                  4.28   data arrival time

                  0.15   10.00   10.00   clock clk (rise edge)
                          0.00   10.00   clock network delay (ideal)
                         -0.25    9.75   clock uncertainty
                          0.00    9.75   clock reconvergence pessimism
                                  9.75 ^ _1924_/CLK (sky130_fd_sc_hd__dfxtp_1)
                         -0.08    9.67   library setup time
                                  9.67   data required time
-----------------------------------------------------------------------------
                                  9.67   data required time
                                 -4.28   data arrival time
-----------------------------------------------------------------------------
                                  5.39   slack (MET)




===========================================================================
report_checks --slack_max -0.01
============================================================================
======================= Fastest Corner ===================================

No paths found.

======================= Slowest Corner ===================================

No paths found.

======================= Typical Corner ===================================

No paths found.


===========================================================================
 report_check_types -max_slew -max_cap -max_fanout -violators
============================================================================
======================= Fastest Corner ===================================


max slew violations count Fastest: 0
max fanout violations count Fastest: 0
max cap violations count Fastest: 0
======================= Slowest Corner ===================================


max slew violations count Slowest: 0
max fanout violations count Slowest: 0
max cap violations count Slowest: 0
======================= Typical Corner ===================================


max slew violations count Typical: 0
max fanout violations count Typical: 0
max cap violations count Typical: 0

===========================================================================
report_parasitic_annotation -report_unannotated
============================================================================
Found 0 unannotated drivers.
Found 0 partially unannotated drivers.

===========================================================================
max slew violation count 0
max fanout violation count 0
max cap violation count 0
============================================================================

===========================================================================
check_setup -verbose -unconstrained_endpoints -multiple_clock -no_clock -no_input_delay -loops -generated_clocks
===========================================================================
