
===========================================================================
 report_power
============================================================================
======================= Fastest Corner ===================================

Group                  Internal  Switching    Leakage      Total
                          Power      Power      Power      Power (Watts)
----------------------------------------------------------------
Sequential             2.01e-03   1.68e-04   5.22e-09   2.18e-03  47.5%
Combinational          9.05e-04   5.57e-04   1.42e-08   1.46e-03  31.8%
Clock                  4.11e-04   5.39e-04   3.91e-09   9.50e-04  20.7%
Macro                  0.00e+00   0.00e+00   0.00e+00   0.00e+00   0.0%
Pad                    0.00e+00   0.00e+00   0.00e+00   0.00e+00   0.0%
----------------------------------------------------------------
Total                  3.33e-03   1.26e-03   2.33e-08   4.59e-03 100.0%
                          72.5%      27.5%       0.0%

======================= Slowest Corner ===================================

Group                  Internal  Switching    Leakage      Total
                          Power      Power      Power      Power (Watts)
----------------------------------------------------------------
Sequential             1.35e-03   1.07e-04   5.18e-06   1.46e-03  47.0%
Combinational          6.30e-04   3.62e-04   9.18e-06   1.00e-03  32.3%
Clock                  3.00e-04   3.42e-04   4.31e-07   6.43e-04  20.7%
Macro                  0.00e+00   0.00e+00   0.00e+00   0.00e+00   0.0%
Pad                    0.00e+00   0.00e+00   0.00e+00   0.00e+00   0.0%
----------------------------------------------------------------
Total                  2.28e-03   8.12e-04   1.48e-05   3.10e-03 100.0%
                          73.4%      26.2%       0.5%

======================= Typical Corner ===================================

Group                  Internal  Switching    Leakage      Total
                          Power      Power      Power      Power (Watts)
----------------------------------------------------------------
Sequential             1.73e-03   1.39e-04   3.00e-09   1.87e-03  47.4%
Combinational          7.92e-04   4.65e-04   6.29e-09   1.26e-03  31.9%
Clock                  3.62e-04   4.52e-04   2.89e-09   8.14e-04  20.7%
Macro                  0.00e+00   0.00e+00   0.00e+00   0.00e+00   0.0%
Pad                    0.00e+00   0.00e+00   0.00e+00   0.00e+00   0.0%
----------------------------------------------------------------
Total                  2.88e-03   1.06e-03   1.22e-08   3.94e-03 100.0%
                          73.2%      26.8%       0.0%

