
===========================================================================
 report_power
============================================================================
======================= Fastest Corner ===================================

Group                  Internal  Switching    Leakage      Total
                          Power      Power      Power      Power (Watts)
----------------------------------------------------------------
Sequential             4.03e-03   2.95e-04   1.04e-08   4.32e-03  47.0%
Combinational          1.81e-03   1.09e-03   2.76e-08   2.90e-03  31.6%
Clock                  8.13e-04   1.15e-03   7.09e-09   1.96e-03  21.4%
Macro                  0.00e+00   0.00e+00   0.00e+00   0.00e+00   0.0%
Pad                    0.00e+00   0.00e+00   0.00e+00   0.00e+00   0.0%
----------------------------------------------------------------
Total                  6.65e-03   2.54e-03   4.52e-08   9.19e-03 100.0%
                          72.4%      27.6%       0.0%

======================= Slowest Corner ===================================

Group                  Internal  Switching    Leakage      Total
                          Power      Power      Power      Power (Watts)
----------------------------------------------------------------
Sequential             2.69e-03   1.86e-04   1.04e-05   2.89e-03  46.6%
Combinational          1.26e-03   7.09e-04   1.87e-05   1.99e-03  32.0%
Clock                  5.93e-04   7.33e-04   8.53e-07   1.33e-03  21.4%
Macro                  0.00e+00   0.00e+00   0.00e+00   0.00e+00   0.0%
Pad                    0.00e+00   0.00e+00   0.00e+00   0.00e+00   0.0%
----------------------------------------------------------------
Total                  4.55e-03   1.63e-03   2.99e-05   6.20e-03 100.0%
                          73.3%      26.2%       0.5%

======================= Typical Corner ===================================

Group                  Internal  Switching    Leakage      Total
                          Power      Power      Power      Power (Watts)
----------------------------------------------------------------
Sequential             3.45e-03   2.43e-04   6.00e-09   3.69e-03  46.9%
Combinational          1.59e-03   9.12e-04   1.28e-08   2.50e-03  31.7%
Clock                  7.17e-04   9.65e-04   5.08e-09   1.68e-03  21.4%
Macro                  0.00e+00   0.00e+00   0.00e+00   0.00e+00   0.0%
Pad                    0.00e+00   0.00e+00   0.00e+00   0.00e+00   0.0%
----------------------------------------------------------------
Total                  5.75e-03   2.12e-03   2.39e-08   7.87e-03 100.0%
                          73.1%      26.9%       0.0%

