
===========================================================================
report_checks -unconstrained
===========================================================================
======================= Fastest Corner ===================================

Startpoint: address[2] (input port clocked by clk)
Endpoint: rdata[67] (output port clocked by clk)
Path Group: clk
Path Type: max
Corner: Fastest

Fanout     Cap    Slew   Delay    Time   Description
-----------------------------------------------------------------------------
                  0.15    0.00    0.00   clock clk (rise edge)
                          0.00    0.00   clock network delay (ideal)
                          2.00    2.00 ^ input external delay
     1    0.00    0.01    0.01    2.01 ^ address[2] (in)
                                         address[2] (net)
                  0.01    0.00    2.01 ^ input3/A (sky130_fd_sc_hd__dlymetal6s2s_1)
     2    0.03    0.23    0.20    2.21 ^ input3/X (sky130_fd_sc_hd__dlymetal6s2s_1)
                                         net3 (net)
                  0.23    0.00    2.21 ^ _1944_/A (sky130_fd_sc_hd__buf_4)
    10    0.08    0.17    0.21    2.42 ^ _1944_/X (sky130_fd_sc_hd__buf_4)
                                         _0720_ (net)
                  0.17    0.01    2.43 ^ _1945_/A (sky130_fd_sc_hd__clkbuf_8)
    10    0.10    0.14    0.20    2.63 ^ _1945_/X (sky130_fd_sc_hd__clkbuf_8)
                                         _0721_ (net)
                  0.14    0.02    2.65 ^ _2072_/A (sky130_fd_sc_hd__clkbuf_4)
    10    0.05    0.13    0.19    2.84 ^ _2072_/X (sky130_fd_sc_hd__clkbuf_4)
                                         _0788_ (net)
                  0.13    0.00    2.84 ^ _2087_/S (sky130_fd_sc_hd__mux2_1)
     1    0.00    0.04    0.20    3.05 v _2087_/X (sky130_fd_sc_hd__mux2_1)
                                         _0796_ (net)
                  0.04    0.00    3.05 v _2088_/A (sky130_fd_sc_hd__buf_1)
     1    0.02    0.08    0.12    3.16 v _2088_/X (sky130_fd_sc_hd__buf_1)
                                         net140 (net)
                  0.08    0.00    3.17 v output140/A (sky130_fd_sc_hd__clkbuf_4)
     1    0.03    0.06    0.15    3.32 v output140/X (sky130_fd_sc_hd__clkbuf_4)
                                         rdata[67] (net)
                  0.06    0.00    3.32 v rdata[67] (out)
                                  3.32   data arrival time

                  0.15   10.00   10.00   clock clk (rise edge)
                          0.00   10.00   clock network delay (ideal)
                         -0.25    9.75   clock uncertainty
                          0.00    9.75   clock reconvergence pessimism
                         -2.00    7.75   output external delay
                                  7.75   data required time
-----------------------------------------------------------------------------
                                  7.75   data required time
                                 -3.32   data arrival time
-----------------------------------------------------------------------------
                                  4.43   slack (MET)



======================= Slowest Corner ===================================

Startpoint: address[2] (input port clocked by clk)
Endpoint: rdata[67] (output port clocked by clk)
Path Group: clk
Path Type: max
Corner: Slowest

Fanout     Cap    Slew   Delay    Time   Description
-----------------------------------------------------------------------------
                  0.15    0.00    0.00   clock clk (rise edge)
                          0.00    0.00   clock network delay (ideal)
                          2.00    2.00 ^ input external delay
     1    0.00    0.03    0.01    2.01 ^ address[2] (in)
                                         address[2] (net)
                  0.03    0.00    2.01 ^ input3/A (sky130_fd_sc_hd__dlymetal6s2s_1)
     2    0.03    0.47    0.45    2.46 ^ input3/X (sky130_fd_sc_hd__dlymetal6s2s_1)
                                         net3 (net)
                  0.47    0.00    2.47 ^ _1944_/A (sky130_fd_sc_hd__buf_4)
    10    0.08    0.36    0.62    3.09 ^ _1944_/X (sky130_fd_sc_hd__buf_4)
                                         _0720_ (net)
                  0.36    0.01    3.10 ^ _1945_/A (sky130_fd_sc_hd__clkbuf_8)
    10    0.10    0.29    0.54    3.64 ^ _1945_/X (sky130_fd_sc_hd__clkbuf_8)
                                         _0721_ (net)
                  0.29    0.02    3.65 ^ _2072_/A (sky130_fd_sc_hd__clkbuf_4)
    10    0.05    0.25    0.50    4.16 ^ _2072_/X (sky130_fd_sc_hd__clkbuf_4)
                                         _0788_ (net)
                  0.25    0.00    4.16 ^ _2087_/S (sky130_fd_sc_hd__mux2_1)
     1    0.00    0.11    0.81    4.97 v _2087_/X (sky130_fd_sc_hd__mux2_1)
                                         _0796_ (net)
                  0.11    0.00    4.97 v _2088_/A (sky130_fd_sc_hd__buf_1)
     1    0.02    0.23    0.34    5.31 v _2088_/X (sky130_fd_sc_hd__buf_1)
                                         net140 (net)
                  0.23    0.00    5.31 v output140/A (sky130_fd_sc_hd__clkbuf_4)
     1    0.03    0.14    0.42    5.73 v output140/X (sky130_fd_sc_hd__clkbuf_4)
                                         rdata[67] (net)
                  0.14    0.00    5.73 v rdata[67] (out)
                                  5.73   data arrival time

                  0.15   10.00   10.00   clock clk (rise edge)
                          0.00   10.00   clock network delay (ideal)
                         -0.25    9.75   clock uncertainty
                          0.00    9.75   clock reconvergence pessimism
                         -2.00    7.75   output external delay
                                  7.75   data required time
-----------------------------------------------------------------------------
                                  7.75   data required time
                                 -5.73   data arrival time
-----------------------------------------------------------------------------
                                  2.02   slack (MET)



======================= Typical Corner ===================================

Startpoint: address[2] (input port clocked by clk)
Endpoint: rdata[67] (output port clocked by clk)
Path Group: clk
Path Type: max
Corner: Typical

Fanout     Cap    Slew   Delay    Time   Description
-----------------------------------------------------------------------------
                  0.15    0.00    0.00   clock clk (rise edge)
                          0.00    0.00   clock network delay (ideal)
                          2.00    2.00 ^ input external delay
     1    0.00    0.02    0.01    2.01 ^ address[2] (in)
                                         address[2] (net)
                  0.02    0.00    2.01 ^ input3/A (sky130_fd_sc_hd__dlymetal6s2s_1)
     2    0.03    0.31    0.28    2.29 ^ input3/X (sky130_fd_sc_hd__dlymetal6s2s_1)
                                         net3 (net)
                  0.31    0.00    2.29 ^ _1944_/A (sky130_fd_sc_hd__buf_4)
    10    0.08    0.23    0.33    2.62 ^ _1944_/X (sky130_fd_sc_hd__buf_4)
                                         _0720_ (net)
                  0.23    0.01    2.63 ^ _1945_/A (sky130_fd_sc_hd__clkbuf_8)
    10    0.10    0.18    0.30    2.93 ^ _1945_/X (sky130_fd_sc_hd__clkbuf_8)
                                         _0721_ (net)
                  0.19    0.02    2.95 ^ _2072_/A (sky130_fd_sc_hd__clkbuf_4)
    10    0.05    0.16    0.29    3.23 ^ _2072_/X (sky130_fd_sc_hd__clkbuf_4)
                                         _0788_ (net)
                  0.16    0.00    3.24 ^ _2087_/S (sky130_fd_sc_hd__mux2_1)
     1    0.00    0.06    0.36    3.59 v _2087_/X (sky130_fd_sc_hd__mux2_1)
                                         _0796_ (net)
                  0.06    0.00    3.59 v _2088_/A (sky130_fd_sc_hd__buf_1)
     1    0.02    0.12    0.18    3.77 v _2088_/X (sky130_fd_sc_hd__buf_1)
                                         net140 (net)
                  0.12    0.00    3.77 v output140/A (sky130_fd_sc_hd__clkbuf_4)
     1    0.03    0.08    0.23    4.00 v output140/X (sky130_fd_sc_hd__clkbuf_4)
                                         rdata[67] (net)
                  0.08    0.00    4.00 v rdata[67] (out)
                                  4.00   data arrival time

                  0.15   10.00   10.00   clock clk (rise edge)
                          0.00   10.00   clock network delay (ideal)
                         -0.25    9.75   clock uncertainty
                          0.00    9.75   clock reconvergence pessimism
                         -2.00    7.75   output external delay
                                  7.75   data required time
-----------------------------------------------------------------------------
                                  7.75   data required time
                                 -4.00   data arrival time
-----------------------------------------------------------------------------
                                  3.75   slack (MET)




===========================================================================
report_checks --slack_max -0.01
============================================================================
======================= Fastest Corner ===================================

No paths found.

======================= Slowest Corner ===================================

No paths found.

======================= Typical Corner ===================================

No paths found.


===========================================================================
 report_check_types -max_slew -max_cap -max_fanout -violators
============================================================================
======================= Fastest Corner ===================================

max fanout

Pin                                   Limit Fanout  Slack
---------------------------------------------------------
_2099_/X                                 10     11        (VIOLATED)


max slew violations count Fastest: 0
max fanout violations count Fastest: 1
max cap violations count Fastest: 0
======================= Slowest Corner ===================================

max slew

Pin                                    Limit    Slew   Slack
------------------------------------------------------------
_3761_/A                                0.75    0.85   -0.10 (VIOLATED)
_3740_/A                                0.75    0.85   -0.10 (VIOLATED)
_3719_/A                                0.75    0.85   -0.10 (VIOLATED)
wire150/A                               0.75    0.85   -0.10 (VIOLATED)
_3655_/Y                                0.75    0.85   -0.10 (VIOLATED)
_3416_/A                                0.75    0.79   -0.04 (VIOLATED)
_3395_/A                                0.75    0.79   -0.04 (VIOLATED)
_3374_/A                                0.75    0.79   -0.04 (VIOLATED)
_3353_/A                                0.75    0.79   -0.04 (VIOLATED)
max_cap149/A                            0.75    0.79   -0.04 (VIOLATED)
_3352_/Y                                0.75    0.79   -0.04 (VIOLATED)

max fanout

Pin                                   Limit Fanout  Slack
---------------------------------------------------------
_2099_/X                                 10     11        (VIOLATED)


max slew violations count Slowest: 11
max fanout violations count Slowest: 1
max cap violations count Slowest: 0
======================= Typical Corner ===================================

max fanout

Pin                                   Limit Fanout  Slack
---------------------------------------------------------
_2099_/X                                 10     11        (VIOLATED)


max slew violations count Typical: 0
max fanout violations count Typical: 1
max cap violations count Typical: 0

===========================================================================
report_parasitic_annotation -report_unannotated
============================================================================
Found 0 unannotated drivers.
Found 0 partially unannotated drivers.

===========================================================================
max slew violation count 11
max fanout violation count 1
max cap violation count 0
============================================================================

===========================================================================
check_setup -verbose -unconstrained_endpoints -multiple_clock -no_clock -no_input_delay -loops -generated_clocks
===========================================================================
