
===========================================================================
report_checks -path_delay max (Setup)
============================================================================
======================= Typical Corner ===================================

Startpoint: a (input port clocked by __VIRTUAL_CLK__)
Endpoint: e (output port clocked by __VIRTUAL_CLK__)
Path Group: __VIRTUAL_CLK__
Path Type: max

Fanout     Cap    Slew   Delay    Time   Description
-----------------------------------------------------------------------------
                  0.00    0.00    0.00   clock __VIRTUAL_CLK__ (rise edge)
                          0.00    0.00   clock network delay (ideal)
                          2.00    2.00 ^ input external delay
     2    0.02    0.10    0.07    2.07 ^ a (in)
                                         a (net)
                  0.10    0.00    2.07 ^ _5_/B (sky130_fd_sc_hd__xor2_2)
     4    0.06    0.68    0.59    2.66 ^ _5_/X (sky130_fd_sc_hd__xor2_2)
                                         c (net)
                  0.68    0.00    2.66 ^ _2_/B (sky130_fd_sc_hd__and2_2)
     1    0.00    0.05    0.26    2.91 ^ _2_/X (sky130_fd_sc_hd__and2_2)
                                         _1_ (net)
                  0.05    0.00    2.91 ^ _3_/A (sky130_fd_sc_hd__buf_1)
     1    0.04    0.52    0.43    3.34 ^ _3_/X (sky130_fd_sc_hd__buf_1)
                                         e (net)
                  0.52    0.01    3.35 ^ e (out)
                                  3.35   data arrival time

                  0.00   10.00   10.00   clock __VIRTUAL_CLK__ (rise edge)
                          0.00   10.00   clock network delay (ideal)
                         -0.25    9.75   clock uncertainty
                          0.00    9.75   clock reconvergence pessimism
                         -2.00    7.75   output external delay
                                  7.75   data required time
-----------------------------------------------------------------------------
                                  7.75   data required time
                                 -3.35   data arrival time
-----------------------------------------------------------------------------
                                  4.40   slack (MET)


Startpoint: a (input port clocked by __VIRTUAL_CLK__)
Endpoint: sum (output port clocked by __VIRTUAL_CLK__)
Path Group: __VIRTUAL_CLK__
Path Type: max

Fanout     Cap    Slew   Delay    Time   Description
-----------------------------------------------------------------------------
                  0.00    0.00    0.00   clock __VIRTUAL_CLK__ (rise edge)
                          0.00    0.00   clock network delay (ideal)
                          2.00    2.00 ^ input external delay
     2    0.02    0.10    0.07    2.07 ^ a (in)
                                         a (net)
                  0.10    0.00    2.07 ^ _5_/B (sky130_fd_sc_hd__xor2_2)
     4    0.06    0.68    0.59    2.66 ^ _5_/X (sky130_fd_sc_hd__xor2_2)
                                         c (net)
                  0.68    0.00    2.66 ^ _6_/B (sky130_fd_sc_hd__xor2_2)
     1    0.04    0.54    0.52    3.17 ^ _6_/X (sky130_fd_sc_hd__xor2_2)
                                         sum (net)
                  0.54    0.01    3.18 ^ sum (out)
                                  3.18   data arrival time

                  0.00   10.00   10.00   clock __VIRTUAL_CLK__ (rise edge)
                          0.00   10.00   clock network delay (ideal)
                         -0.25    9.75   clock uncertainty
                          0.00    9.75   clock reconvergence pessimism
                         -2.00    7.75   output external delay
                                  7.75   data required time
-----------------------------------------------------------------------------
                                  7.75   data required time
                                 -3.18   data arrival time
-----------------------------------------------------------------------------
                                  4.57   slack (MET)


Startpoint: a (input port clocked by __VIRTUAL_CLK__)
Endpoint: cout (output port clocked by __VIRTUAL_CLK__)
Path Group: __VIRTUAL_CLK__
Path Type: max

Fanout     Cap    Slew   Delay    Time   Description
-----------------------------------------------------------------------------
                  0.00    0.00    0.00   clock __VIRTUAL_CLK__ (rise edge)
                          0.00    0.00   clock network delay (ideal)
                          2.00    2.00 ^ input external delay
     2    0.02    0.10    0.07    2.07 ^ a (in)
                                         a (net)
                  0.10    0.00    2.07 ^ _5_/B (sky130_fd_sc_hd__xor2_2)
     4    0.06    0.68    0.59    2.66 ^ _5_/X (sky130_fd_sc_hd__xor2_2)
                                         c (net)
                  0.68    0.00    2.66 ^ _4_/A2 (sky130_fd_sc_hd__a21o_2)
     1    0.04    0.22    0.40    3.05 ^ _4_/X (sky130_fd_sc_hd__a21o_2)
                                         cout (net)
                  0.22    0.00    3.06 ^ cout (out)
                                  3.06   data arrival time

                  0.00   10.00   10.00   clock __VIRTUAL_CLK__ (rise edge)
                          0.00   10.00   clock network delay (ideal)
                         -0.25    9.75   clock uncertainty
                          0.00    9.75   clock reconvergence pessimism
                         -2.00    7.75   output external delay
                                  7.75   data required time
-----------------------------------------------------------------------------
                                  7.75   data required time
                                 -3.06   data arrival time
-----------------------------------------------------------------------------
                                  4.69   slack (MET)


Startpoint: b (input port clocked by __VIRTUAL_CLK__)
Endpoint: d (output port clocked by __VIRTUAL_CLK__)
Path Group: __VIRTUAL_CLK__
Path Type: max

Fanout     Cap    Slew   Delay    Time   Description
-----------------------------------------------------------------------------
                  0.00    0.00    0.00   clock __VIRTUAL_CLK__ (rise edge)
                          0.00    0.00   clock network delay (ideal)
                          2.00    2.00 ^ input external delay
     2    0.02    0.10    0.08    2.08 ^ b (in)
                                         b (net)
                  0.10    0.00    2.08 ^ _7_/A (sky130_fd_sc_hd__and2_2)
     1    0.00    0.03    0.15    2.22 ^ _7_/X (sky130_fd_sc_hd__and2_2)
                                         _0_ (net)
                  0.03    0.00    2.22 ^ _8_/A (sky130_fd_sc_hd__buf_1)
     2    0.05    0.54    0.44    2.67 ^ _8_/X (sky130_fd_sc_hd__buf_1)
                                         d (net)
                  0.54    0.00    2.67 ^ d (out)
                                  2.67   data arrival time

                  0.00   10.00   10.00   clock __VIRTUAL_CLK__ (rise edge)
                          0.00   10.00   clock network delay (ideal)
                         -0.25    9.75   clock uncertainty
                          0.00    9.75   clock reconvergence pessimism
                         -2.00    7.75   output external delay
                                  7.75   data required time
-----------------------------------------------------------------------------
                                  7.75   data required time
                                 -2.67   data arrival time
-----------------------------------------------------------------------------
                                  5.08   slack (MET)


Startpoint: a (input port clocked by __VIRTUAL_CLK__)
Endpoint: c (output port clocked by __VIRTUAL_CLK__)
Path Group: __VIRTUAL_CLK__
Path Type: max

Fanout     Cap    Slew   Delay    Time   Description
-----------------------------------------------------------------------------
                  0.00    0.00    0.00   clock __VIRTUAL_CLK__ (rise edge)
                          0.00    0.00   clock network delay (ideal)
                          2.00    2.00 ^ input external delay
     2    0.02    0.10    0.07    2.07 ^ a (in)
                                         a (net)
                  0.10    0.00    2.07 ^ _5_/B (sky130_fd_sc_hd__xor2_2)
     4    0.06    0.68    0.59    2.66 ^ _5_/X (sky130_fd_sc_hd__xor2_2)
                                         c (net)
                  0.68    0.01    2.66 ^ c (out)
                                  2.66   data arrival time

                  0.00   10.00   10.00   clock __VIRTUAL_CLK__ (rise edge)
                          0.00   10.00   clock network delay (ideal)
                         -0.25    9.75   clock uncertainty
                          0.00    9.75   clock reconvergence pessimism
                         -2.00    7.75   output external delay
                                  7.75   data required time
-----------------------------------------------------------------------------
                                  7.75   data required time
                                 -2.66   data arrival time
-----------------------------------------------------------------------------
                                  5.09   slack (MET)



worst slack corner Typical: 4.4010
