Mon Feb 26 16:48:12 UTC 2024 - Executing "{openroad -exit -no_init -python /openlane/scripts/odbpy/lefutil.py get_metal_layers -o /openlane/designs/dff_ram_8x72/runs/firstrun/tmp/layers.list /home/mmuddassir/.volare/sky130A/libs.ref/sky130_fd_sc_hd/techlef/sky130_fd_sc_hd__nom.tlef}"

Mon Feb 26 16:48:12 UTC 2024 - Executing "{/openlane/scripts/mergeLef.py -o /openlane/designs/dff_ram_8x72/runs/firstrun/tmp/merged.nom.lef -i /home/mmuddassir/.volare/sky130A/libs.ref/sky130_fd_sc_hd/techlef/sky130_fd_sc_hd__nom.tlef {/home/mmuddassir/.volare/sky130A/libs.ref/sky130_fd_sc_hd/lef/sky130_ef_sc_hd.lef /home/mmuddassir/.volare/sky130A/libs.ref/sky130_fd_sc_hd/lef/sky130_fd_sc_hd.lef} |& tee /dev/null}"

Mon Feb 26 16:48:12 UTC 2024 - Executing "{/openlane/scripts/mergeLef.py -o /openlane/designs/dff_ram_8x72/runs/firstrun/tmp/merged.min.lef -i /home/mmuddassir/.volare/sky130A/libs.ref/sky130_fd_sc_hd/techlef/sky130_fd_sc_hd__min.tlef {/home/mmuddassir/.volare/sky130A/libs.ref/sky130_fd_sc_hd/lef/sky130_ef_sc_hd.lef /home/mmuddassir/.volare/sky130A/libs.ref/sky130_fd_sc_hd/lef/sky130_fd_sc_hd.lef} |& tee /dev/null}"

Mon Feb 26 16:48:13 UTC 2024 - Executing "{/openlane/scripts/mergeLef.py -o /openlane/designs/dff_ram_8x72/runs/firstrun/tmp/merged.max.lef -i /home/mmuddassir/.volare/sky130A/libs.ref/sky130_fd_sc_hd/techlef/sky130_fd_sc_hd__max.tlef {/home/mmuddassir/.volare/sky130A/libs.ref/sky130_fd_sc_hd/lef/sky130_ef_sc_hd.lef /home/mmuddassir/.volare/sky130A/libs.ref/sky130_fd_sc_hd/lef/sky130_fd_sc_hd.lef} |& tee /dev/null}"

Mon Feb 26 16:48:13 UTC 2024 - Executing "{python3 /openlane/scripts/mergeLib.py --output /openlane/designs/dff_ram_8x72/runs/firstrun/tmp/synthesis/merged.lib --name sky130A_merged /home/mmuddassir/.volare/sky130A/libs.ref/sky130_fd_sc_hd/lib/sky130_fd_sc_hd__tt_025C_1v80.lib}"

Mon Feb 26 16:48:14 UTC 2024 - Executing "{python3 /openlane/scripts/libtrim.py --cell-file /openlane/designs/dff_ram_8x72/runs/firstrun/tmp/synthesis/trimmed.lib.exclude.list --output /openlane/designs/dff_ram_8x72/runs/firstrun/tmp/synthesis/trimmed.lib /openlane/designs/dff_ram_8x72/runs/firstrun/tmp/synthesis/merged.lib}"

Mon Feb 26 16:48:14 UTC 2024 - Executing "{python3 /openlane/scripts/libtrim.py --cell-file /openlane/designs/dff_ram_8x72/runs/firstrun/tmp/cts/cts.lib.exclude.list --output /openlane/designs/dff_ram_8x72/runs/firstrun/tmp/cts/cts.lib /home/mmuddassir/.volare/sky130A/libs.ref/sky130_fd_sc_hd/lib/sky130_fd_sc_hd__tt_025C_1v80.lib}"

Mon Feb 26 16:48:15 UTC 2024 - Executing "{python3 /openlane/scripts/libtrim.py --cell-file /openlane/designs/dff_ram_8x72/runs/firstrun/tmp/cts/cts-fastest.lib.exclude.list --output /openlane/designs/dff_ram_8x72/runs/firstrun/tmp/cts/cts-fastest.lib /home/mmuddassir/.volare/sky130A/libs.ref/sky130_fd_sc_hd/lib/sky130_fd_sc_hd__ff_n40C_1v95.lib}"

Mon Feb 26 16:48:17 UTC 2024 - Executing "{python3 /openlane/scripts/libtrim.py --cell-file /openlane/designs/dff_ram_8x72/runs/firstrun/tmp/cts/cts-slowest.lib.exclude.list --output /openlane/designs/dff_ram_8x72/runs/firstrun/tmp/cts/cts-slowest.lib /home/mmuddassir/.volare/sky130A/libs.ref/sky130_fd_sc_hd/lib/sky130_fd_sc_hd__ss_100C_1v60.lib}"

Mon Feb 26 16:48:18 UTC 2024 - Executing "{python3 /openlane/scripts/new_tracks.py -i /home/mmuddassir/.volare/sky130A/libs.tech/openlane/sky130_fd_sc_hd/tracks.info -o /openlane/designs/dff_ram_8x72/runs/firstrun/tmp/routing/config.tracks}"

Mon Feb 26 16:48:18 UTC 2024 - Executing "{echo {OpenLane a005df1fe0dd480097ff0bcd994f7286e820a405} > /openlane/designs/dff_ram_8x72/runs/firstrun/OPENLANE_VERSION}"

Mon Feb 26 16:48:18 UTC 2024 - Executing "{yosys -c /openlane/scripts/yosys/blackbox.tcl}"

Mon Feb 26 16:48:19 UTC 2024 - Executing "{verilator -Wall --lint-only --Wno-DECLFILENAME --top-module dff_ram_8x72 /openlane/designs/dff_ram_8x72/runs/firstrun/tmp/synthesis/blackbox/sky130_fd_sc_hd__blackbox.v /openlane/designs/dff_ram_8x72/src/dff_ram_4x72.v /openlane/designs/dff_ram_8x72/src/dff_ram_8x72.v -Wno-fatal --relative-includes |& tee /openlane/designs/dff_ram_8x72/runs/firstrun/logs/synthesis/linter.log /dev/null}"

Mon Feb 26 16:48:19 UTC 2024 - Executing "{sed -E {s/^([[:space:]]+)pg_pin(.*)/\1pin\2\n\1    direction : "inout";/g} /home/mmuddassir/.volare/sky130A/libs.ref/sky130_fd_sc_hd/lib/sky130_fd_sc_hd__tt_025C_1v80.lib > /openlane/designs/dff_ram_8x72/runs/firstrun/tmp/synthesis/1-sky130_fd_sc_hd__tt_025C_1v80.no_pg.lib}"

Mon Feb 26 16:48:20 UTC 2024 - Executing "{sed -E {s/^([[:space:]]+)pg_pin(.*)/\1pin\2\n\1    direction : "inout";/g} /openlane/designs/dff_ram_8x72/runs/firstrun/tmp/synthesis/trimmed.lib > /openlane/designs/dff_ram_8x72/runs/firstrun/tmp/synthesis/1-trimmed.no_pg.lib}"

Mon Feb 26 16:48:20 UTC 2024 - Executing "yosys -c /openlane/scripts/yosys/synth.tcl |& tee /dev/null /openlane/designs/dff_ram_8x72/runs/firstrun/logs/synthesis/1-synthesis.log"

Mon Feb 26 16:48:20 UTC 2024 - Executing "{yosys -c /openlane/scripts/yosys/synth.tcl |& tee /dev/null /openlane/designs/dff_ram_8x72/runs/firstrun/logs/synthesis/1-synthesis.log}"

Mon Feb 26 16:48:26 UTC 2024 - Executing "{sed -i.bak -e {s/\(set ::env(CURRENT_NETLIST)\).*/\1 \/openlane\/designs\/dff_ram_8x72\/runs\/firstrun\/results\/synthesis\/dff_ram_8x72.v/} /openlane/designs/dff_ram_8x72/runs/firstrun/config.tcl}"

Mon Feb 26 16:48:26 UTC 2024 - Executing "{sed -i.bak /defparam/d /openlane/designs/dff_ram_8x72/runs/firstrun/results/synthesis/dff_ram_8x72.v}"

Mon Feb 26 16:48:27 UTC 2024 - Executing "sta -exit -no_init /openlane/scripts/openroad/sta/multi_corner.tcl |& tee /dev/null /openlane/designs/dff_ram_8x72/runs/firstrun/logs/synthesis/2-sta.log"

Mon Feb 26 16:48:27 UTC 2024 - Executing "{sta -exit -no_init /openlane/scripts/openroad/sta/multi_corner.tcl |& tee /dev/null /openlane/designs/dff_ram_8x72/runs/firstrun/logs/synthesis/2-sta.log}"

Mon Feb 26 16:48:29 UTC 2024 - Executing "openroad -exit /openlane/scripts/openroad/floorplan.tcl |& tee /dev/null /openlane/designs/dff_ram_8x72/runs/firstrun/logs/floorplan/3-initial_fp.log"

Mon Feb 26 16:48:29 UTC 2024 - Executing "{openroad -exit /openlane/scripts/openroad/floorplan.tcl |& tee /dev/null /openlane/designs/dff_ram_8x72/runs/firstrun/logs/floorplan/3-initial_fp.log}"

Mon Feb 26 16:48:30 UTC 2024 - Executing "{openroad -exit -no_init -python /openlane/scripts/odbpy/defutil.py extract_core_dims --output-data /openlane/designs/dff_ram_8x72/runs/firstrun/tmp/dimensions.txt --input-lef /openlane/designs/dff_ram_8x72/runs/firstrun/tmp/merged.nom.lef /openlane/designs/dff_ram_8x72/runs/firstrun/tmp/floorplan/3-initial_fp.def}"

Mon Feb 26 16:48:31 UTC 2024 - Executing "openroad -exit /openlane/scripts/openroad/ioplacer.tcl |& tee /dev/null /openlane/designs/dff_ram_8x72/runs/firstrun/logs/floorplan/4-io.log"

Mon Feb 26 16:48:31 UTC 2024 - Executing "{openroad -exit /openlane/scripts/openroad/ioplacer.tcl |& tee /dev/null /openlane/designs/dff_ram_8x72/runs/firstrun/logs/floorplan/4-io.log}"

Mon Feb 26 16:48:32 UTC 2024 - Executing "openroad -exit /openlane/scripts/openroad/tapcell.tcl |& tee /dev/null /openlane/designs/dff_ram_8x72/runs/firstrun/logs/floorplan/5-tap.log"

Mon Feb 26 16:48:32 UTC 2024 - Executing "{openroad -exit /openlane/scripts/openroad/tapcell.tcl |& tee /dev/null /openlane/designs/dff_ram_8x72/runs/firstrun/logs/floorplan/5-tap.log}"

Mon Feb 26 16:48:33 UTC 2024 - Executing "openroad -exit /openlane/scripts/openroad/pdn.tcl |& tee /dev/null /openlane/designs/dff_ram_8x72/runs/firstrun/logs/floorplan/6-pdn.log"

Mon Feb 26 16:48:33 UTC 2024 - Executing "{openroad -exit /openlane/scripts/openroad/pdn.tcl |& tee /dev/null /openlane/designs/dff_ram_8x72/runs/firstrun/logs/floorplan/6-pdn.log}"

Mon Feb 26 16:48:34 UTC 2024 - Executing "openroad -exit /openlane/scripts/openroad/gpl.tcl |& tee /dev/null /openlane/designs/dff_ram_8x72/runs/firstrun/logs/placement/6-global_skip_io.log"

Mon Feb 26 16:48:34 UTC 2024 - Executing "{openroad -exit /openlane/scripts/openroad/gpl.tcl |& tee /dev/null /openlane/designs/dff_ram_8x72/runs/firstrun/logs/placement/6-global_skip_io.log}"

Mon Feb 26 16:48:37 UTC 2024 - Executing "{sed -i.bak -e {s/\(set ::env(CURRENT_NETLIST)\).*/\1 \/openlane\/designs\/dff_ram_8x72\/runs\/firstrun\/tmp\/placement\/7-global_skip_io.nl.v/} /openlane/designs/dff_ram_8x72/runs/firstrun/config.tcl}"

Mon Feb 26 16:48:37 UTC 2024 - Executing "openroad -exit /openlane/scripts/openroad/sta/multi_corner.tcl |& tee /dev/null /openlane/designs/dff_ram_8x72/runs/firstrun/logs/placement/8-gpl_sta.log"

Mon Feb 26 16:48:37 UTC 2024 - Executing "{openroad -exit /openlane/scripts/openroad/sta/multi_corner.tcl |& tee /dev/null /openlane/designs/dff_ram_8x72/runs/firstrun/logs/placement/8-gpl_sta.log}"

Mon Feb 26 16:48:39 UTC 2024 - Executing "openroad -exit /openlane/scripts/openroad/ioplacer.tcl |& tee /dev/null /openlane/designs/dff_ram_8x72/runs/firstrun/logs/placement/9-io.log"

Mon Feb 26 16:48:39 UTC 2024 - Executing "{openroad -exit /openlane/scripts/openroad/ioplacer.tcl |& tee /dev/null /openlane/designs/dff_ram_8x72/runs/firstrun/logs/placement/9-io.log}"

Mon Feb 26 16:48:40 UTC 2024 - Executing "openroad -exit /openlane/scripts/openroad/gpl.tcl |& tee /dev/null /openlane/designs/dff_ram_8x72/runs/firstrun/logs/placement/9-global.log"

Mon Feb 26 16:48:41 UTC 2024 - Executing "{openroad -exit /openlane/scripts/openroad/gpl.tcl |& tee /dev/null /openlane/designs/dff_ram_8x72/runs/firstrun/logs/placement/9-global.log}"

Mon Feb 26 16:48:43 UTC 2024 - Executing "{sed -i.bak -e {s/\(set ::env(CURRENT_NETLIST)\).*/\1 \/openlane\/designs\/dff_ram_8x72\/runs\/firstrun\/tmp\/placement\/10-global.nl.v/} /openlane/designs/dff_ram_8x72/runs/firstrun/config.tcl}"

Mon Feb 26 16:48:43 UTC 2024 - Executing "openroad -exit /openlane/scripts/openroad/sta/multi_corner.tcl |& tee /dev/null /openlane/designs/dff_ram_8x72/runs/firstrun/logs/placement/11-gpl_sta.log"

Mon Feb 26 16:48:43 UTC 2024 - Executing "{openroad -exit /openlane/scripts/openroad/sta/multi_corner.tcl |& tee /dev/null /openlane/designs/dff_ram_8x72/runs/firstrun/logs/placement/11-gpl_sta.log}"

Mon Feb 26 16:48:47 UTC 2024 - Executing "openroad -exit /openlane/scripts/openroad/resizer.tcl |& tee /dev/null /openlane/designs/dff_ram_8x72/runs/firstrun/logs/placement/12-resizer.log"

Mon Feb 26 16:48:47 UTC 2024 - Executing "{openroad -exit /openlane/scripts/openroad/resizer.tcl |& tee /dev/null /openlane/designs/dff_ram_8x72/runs/firstrun/logs/placement/12-resizer.log}"

Mon Feb 26 16:48:53 UTC 2024 - Executing "{sed -i.bak -e {s/\(set ::env(CURRENT_NETLIST)\).*/\1 \/openlane\/designs\/dff_ram_8x72\/runs\/firstrun\/tmp\/placement\/12-resizer.nl.v/} /openlane/designs/dff_ram_8x72/runs/firstrun/config.tcl}"

Mon Feb 26 16:48:53 UTC 2024 - Executing "openroad -exit /openlane/scripts/openroad/dpl.tcl |& tee /dev/null /openlane/designs/dff_ram_8x72/runs/firstrun/logs/placement/13-detailed.log"

Mon Feb 26 16:48:53 UTC 2024 - Executing "{openroad -exit /openlane/scripts/openroad/dpl.tcl |& tee /dev/null /openlane/designs/dff_ram_8x72/runs/firstrun/logs/placement/13-detailed.log}"

Mon Feb 26 16:48:54 UTC 2024 - Executing "{sed -i.bak -e {s/\(set ::env(CURRENT_NETLIST)\).*/\1 \/openlane\/designs\/dff_ram_8x72\/runs\/firstrun\/results\/placement\/dff_ram_8x72.nl.v/} /openlane/designs/dff_ram_8x72/runs/firstrun/config.tcl}"

Mon Feb 26 16:48:55 UTC 2024 - Executing "openroad -exit /openlane/scripts/openroad/sta/multi_corner.tcl |& tee /dev/null /openlane/designs/dff_ram_8x72/runs/firstrun/logs/placement/14-dpl_sta.log"

Mon Feb 26 16:48:55 UTC 2024 - Executing "{openroad -exit /openlane/scripts/openroad/sta/multi_corner.tcl |& tee /dev/null /openlane/designs/dff_ram_8x72/runs/firstrun/logs/placement/14-dpl_sta.log}"

Mon Feb 26 16:48:57 UTC 2024 - Executing "openroad -exit /openlane/scripts/openroad/cts.tcl |& tee /dev/null /openlane/designs/dff_ram_8x72/runs/firstrun/logs/cts/15-cts.log"

Mon Feb 26 16:48:57 UTC 2024 - Executing "{openroad -exit /openlane/scripts/openroad/cts.tcl |& tee /dev/null /openlane/designs/dff_ram_8x72/runs/firstrun/logs/cts/15-cts.log}"

Mon Feb 26 16:49:12 UTC 2024 - Executing "openroad -exit /openlane/scripts/openroad/sta/multi_corner.tcl |& tee /dev/null /openlane/designs/dff_ram_8x72/runs/firstrun/logs/cts/16-cts_sta.log"

Mon Feb 26 16:49:12 UTC 2024 - Executing "{openroad -exit /openlane/scripts/openroad/sta/multi_corner.tcl |& tee /dev/null /openlane/designs/dff_ram_8x72/runs/firstrun/logs/cts/16-cts_sta.log}"

Mon Feb 26 16:49:15 UTC 2024 - Executing "openroad -exit /openlane/scripts/openroad/resizer_timing.tcl |& tee /dev/null /openlane/designs/dff_ram_8x72/runs/firstrun/logs/cts/17-resizer.log"

Mon Feb 26 16:49:15 UTC 2024 - Executing "{openroad -exit /openlane/scripts/openroad/resizer_timing.tcl |& tee /dev/null /openlane/designs/dff_ram_8x72/runs/firstrun/logs/cts/17-resizer.log}"

Mon Feb 26 16:49:22 UTC 2024 - Executing "{sed -i.bak -e {s/\(set ::env(CURRENT_NETLIST)\).*/\1 \/openlane\/designs\/dff_ram_8x72\/runs\/firstrun\/tmp\/cts\/17-dff_ram_8x72.resized.nl.v/} /openlane/designs/dff_ram_8x72/runs/firstrun/config.tcl}"

Mon Feb 26 16:49:23 UTC 2024 - Executing "openroad -exit /openlane/scripts/openroad/resizer_routing_design.tcl |& tee /dev/null /openlane/designs/dff_ram_8x72/runs/firstrun/logs/routing/18-resizer_design.log"

Mon Feb 26 16:49:23 UTC 2024 - Executing "{openroad -exit /openlane/scripts/openroad/resizer_routing_design.tcl |& tee /dev/null /openlane/designs/dff_ram_8x72/runs/firstrun/logs/routing/18-resizer_design.log}"

Mon Feb 26 16:49:29 UTC 2024 - Executing "{sed -i.bak -e {s/\(set ::env(CURRENT_NETLIST)\).*/\1 \/openlane\/designs\/dff_ram_8x72\/runs\/firstrun\/tmp\/18-dff_ram_8x72.nl.v/} /openlane/designs/dff_ram_8x72/runs/firstrun/config.tcl}"

Mon Feb 26 16:49:30 UTC 2024 - Executing "openroad -exit /openlane/scripts/openroad/sta/multi_corner.tcl |& tee /dev/null /openlane/designs/dff_ram_8x72/runs/firstrun/logs/routing/19-rsz_design_sta.log"

Mon Feb 26 16:49:30 UTC 2024 - Executing "{openroad -exit /openlane/scripts/openroad/sta/multi_corner.tcl |& tee /dev/null /openlane/designs/dff_ram_8x72/runs/firstrun/logs/routing/19-rsz_design_sta.log}"

Mon Feb 26 16:49:34 UTC 2024 - Executing "openroad -exit /openlane/scripts/openroad/resizer_routing_timing.tcl |& tee /dev/null /openlane/designs/dff_ram_8x72/runs/firstrun/logs/routing/20-resizer_timing.log"

Mon Feb 26 16:49:34 UTC 2024 - Executing "{openroad -exit /openlane/scripts/openroad/resizer_routing_timing.tcl |& tee /dev/null /openlane/designs/dff_ram_8x72/runs/firstrun/logs/routing/20-resizer_timing.log}"

Mon Feb 26 16:49:40 UTC 2024 - Executing "{sed -i.bak -e {s/\(set ::env(CURRENT_NETLIST)\).*/\1 \/openlane\/designs\/dff_ram_8x72\/runs\/firstrun\/tmp\/20-dff_ram_8x72.nl.v/} /openlane/designs/dff_ram_8x72/runs/firstrun/config.tcl}"

Mon Feb 26 16:49:40 UTC 2024 - Executing "openroad -exit /openlane/scripts/openroad/sta/multi_corner.tcl |& tee /dev/null /openlane/designs/dff_ram_8x72/runs/firstrun/logs/routing/21-rsz_timing_sta.log"

Mon Feb 26 16:49:40 UTC 2024 - Executing "{openroad -exit /openlane/scripts/openroad/sta/multi_corner.tcl |& tee /dev/null /openlane/designs/dff_ram_8x72/runs/firstrun/logs/routing/21-rsz_timing_sta.log}"

Mon Feb 26 16:49:45 UTC 2024 - Executing "openroad -exit /openlane/scripts/openroad/repair_antennas.tcl |& tee /dev/null /openlane/designs/dff_ram_8x72/runs/firstrun/logs/routing/22-global.log"

Mon Feb 26 16:49:45 UTC 2024 - Executing "{openroad -exit /openlane/scripts/openroad/repair_antennas.tcl |& tee /dev/null /openlane/designs/dff_ram_8x72/runs/firstrun/logs/routing/22-global.log}"

Mon Feb 26 16:49:48 UTC 2024 - Executing "openroad -exit /openlane/scripts/openroad/write_views.tcl |& tee /dev/null /openlane/designs/dff_ram_8x72/runs/firstrun/logs/routing/22-global_write_netlist.log"

Mon Feb 26 16:49:48 UTC 2024 - Executing "{openroad -exit /openlane/scripts/openroad/write_views.tcl |& tee /dev/null /openlane/designs/dff_ram_8x72/runs/firstrun/logs/routing/22-global_write_netlist.log}"

Mon Feb 26 16:49:48 UTC 2024 - Executing "{sed -i.bak -e {s/\(set ::env(CURRENT_NETLIST)\).*/\1 \/openlane\/designs\/dff_ram_8x72\/runs\/firstrun\/tmp\/routing\/global.nl.v/} /openlane/designs/dff_ram_8x72/runs/firstrun/config.tcl}"

Mon Feb 26 16:49:50 UTC 2024 - Executing "openroad -exit /openlane/scripts/openroad/sta/multi_corner.tcl |& tee /dev/null /openlane/designs/dff_ram_8x72/runs/firstrun/logs/routing/24-grt_sta.log"

Mon Feb 26 16:49:50 UTC 2024 - Executing "{openroad -exit /openlane/scripts/openroad/sta/multi_corner.tcl |& tee /dev/null /openlane/designs/dff_ram_8x72/runs/firstrun/logs/routing/24-grt_sta.log}"

Mon Feb 26 16:49:52 UTC 2024 - Executing "openroad -exit /openlane/scripts/openroad/fill.tcl |& tee /dev/null /openlane/designs/dff_ram_8x72/runs/firstrun/logs/routing/25-fill.log"

Mon Feb 26 16:49:52 UTC 2024 - Executing "{openroad -exit /openlane/scripts/openroad/fill.tcl |& tee /dev/null /openlane/designs/dff_ram_8x72/runs/firstrun/logs/routing/25-fill.log}"

Mon Feb 26 16:49:53 UTC 2024 - Executing "{sed -i.bak -e {s/\(set ::env(CURRENT_NETLIST)\).*/\1 \/openlane\/designs\/dff_ram_8x72\/runs\/firstrun\/tmp\/routing\/25-fill.nl.v/} /openlane/designs/dff_ram_8x72/runs/firstrun/config.tcl}"

Mon Feb 26 16:49:54 UTC 2024 - Executing "openroad -exit -metrics /openlane/designs/dff_ram_8x72/runs/firstrun/reports/routing/26-drt_metrics.json /openlane/scripts/openroad/droute.tcl |& tee /dev/null /openlane/designs/dff_ram_8x72/runs/firstrun/logs/routing/26-detailed.log"

Mon Feb 26 16:49:54 UTC 2024 - Executing "{openroad -exit -metrics /openlane/designs/dff_ram_8x72/runs/firstrun/reports/routing/26-drt_metrics.json /openlane/scripts/openroad/droute.tcl |& tee /dev/null /openlane/designs/dff_ram_8x72/runs/firstrun/logs/routing/26-detailed.log}"

Mon Feb 26 16:52:21 UTC 2024 - Executing "{sed -i.bak -e {s/\(set ::env(CURRENT_NETLIST)\).*/\1 \/openlane\/designs\/dff_ram_8x72\/runs\/firstrun\/results\/routing\/dff_ram_8x72.nl.v/} /openlane/designs/dff_ram_8x72/runs/firstrun/config.tcl}"

Mon Feb 26 16:52:21 UTC 2024 - Executing "{python3 /openlane/scripts/drc_rosetta.py tr to_klayout -o /openlane/designs/dff_ram_8x72/runs/firstrun/reports/routing/drt.klayout.xml --design-name dff_ram_8x72 /openlane/designs/dff_ram_8x72/runs/firstrun/reports/routing/drt.drc}"

Mon Feb 26 16:52:22 UTC 2024 - Executing "{openroad -exit -no_init -python /openlane/scripts/odbpy/wire_lengths.py --report-out /openlane/designs/dff_ram_8x72/runs/firstrun/reports/routing/27-wire_lengths.csv --input-lef /openlane/designs/dff_ram_8x72/runs/firstrun/tmp/merged.nom.lef --output-def /dev/null --output /openlane/designs/dff_ram_8x72/runs/firstrun/results/routing/dff_ram_8x72.odb /openlane/designs/dff_ram_8x72/runs/firstrun/results/routing/dff_ram_8x72.odb |& tee /dev/null /openlane/designs/dff_ram_8x72/runs/firstrun/logs/routing/27-wire_lengths.log}"

Mon Feb 26 16:52:23 UTC 2024 - Executing "openroad -exit /openlane/scripts/openroad/rcx.tcl |& tee /dev/null /openlane/designs/dff_ram_8x72/runs/firstrun/logs/signoff/28-parasitics_extraction.min.log"

Mon Feb 26 16:52:23 UTC 2024 - Executing "{openroad -exit /openlane/scripts/openroad/rcx.tcl |& tee /dev/null /openlane/designs/dff_ram_8x72/runs/firstrun/logs/signoff/28-parasitics_extraction.min.log}"

Mon Feb 26 16:52:26 UTC 2024 - Executing "sta -exit -no_init /openlane/scripts/openroad/sta/multi_corner.tcl |& tee /dev/null /openlane/designs/dff_ram_8x72/runs/firstrun/logs/signoff/29-rcx_mcsta.min.log"

Mon Feb 26 16:52:26 UTC 2024 - Executing "{sta -exit -no_init /openlane/scripts/openroad/sta/multi_corner.tcl |& tee /dev/null /openlane/designs/dff_ram_8x72/runs/firstrun/logs/signoff/29-rcx_mcsta.min.log}"

Mon Feb 26 16:52:42 UTC 2024 - Executing "openroad -exit /openlane/scripts/openroad/rcx.tcl |& tee /dev/null /openlane/designs/dff_ram_8x72/runs/firstrun/logs/signoff/30-parasitics_extraction.max.log"

Mon Feb 26 16:52:42 UTC 2024 - Executing "{openroad -exit /openlane/scripts/openroad/rcx.tcl |& tee /dev/null /openlane/designs/dff_ram_8x72/runs/firstrun/logs/signoff/30-parasitics_extraction.max.log}"

Mon Feb 26 16:52:45 UTC 2024 - Executing "sta -exit -no_init /openlane/scripts/openroad/sta/multi_corner.tcl |& tee /dev/null /openlane/designs/dff_ram_8x72/runs/firstrun/logs/signoff/31-rcx_mcsta.max.log"

Mon Feb 26 16:52:45 UTC 2024 - Executing "{sta -exit -no_init /openlane/scripts/openroad/sta/multi_corner.tcl |& tee /dev/null /openlane/designs/dff_ram_8x72/runs/firstrun/logs/signoff/31-rcx_mcsta.max.log}"

Mon Feb 26 16:53:02 UTC 2024 - Executing "openroad -exit /openlane/scripts/openroad/rcx.tcl |& tee /dev/null /openlane/designs/dff_ram_8x72/runs/firstrun/logs/signoff/32-parasitics_extraction.nom.log"

Mon Feb 26 16:53:02 UTC 2024 - Executing "{openroad -exit /openlane/scripts/openroad/rcx.tcl |& tee /dev/null /openlane/designs/dff_ram_8x72/runs/firstrun/logs/signoff/32-parasitics_extraction.nom.log}"

Mon Feb 26 16:53:05 UTC 2024 - Executing "sta -exit -no_init /openlane/scripts/openroad/sta/multi_corner.tcl |& tee /dev/null /openlane/designs/dff_ram_8x72/runs/firstrun/logs/signoff/33-rcx_mcsta.nom.log"

Mon Feb 26 16:53:05 UTC 2024 - Executing "{sta -exit -no_init /openlane/scripts/openroad/sta/multi_corner.tcl |& tee /dev/null /openlane/designs/dff_ram_8x72/runs/firstrun/logs/signoff/33-rcx_mcsta.nom.log}"

Mon Feb 26 16:53:23 UTC 2024 - Executing "openroad -exit /openlane/scripts/openroad/irdrop.tcl |& tee /dev/null /openlane/designs/dff_ram_8x72/runs/firstrun/logs/signoff/34-irdrop.log"

Mon Feb 26 16:53:23 UTC 2024 - Executing "{openroad -exit /openlane/scripts/openroad/irdrop.tcl |& tee /dev/null /openlane/designs/dff_ram_8x72/runs/firstrun/logs/signoff/34-irdrop.log}"

Mon Feb 26 16:53:28 UTC 2024 - Executing "magic -noconsole -dnull -rcfile /home/mmuddassir/.volare/sky130A/libs.tech/magic/sky130A.magicrc < /openlane/scripts/magic/wrapper.tcl |& tee /dev/null /openlane/designs/dff_ram_8x72/runs/firstrun/logs/signoff/35-gdsii.log"

Mon Feb 26 16:53:28 UTC 2024 - Executing "{magic -noconsole -dnull -rcfile /home/mmuddassir/.volare/sky130A/libs.tech/magic/sky130A.magicrc < /openlane/scripts/magic/wrapper.tcl |& tee /dev/null /openlane/designs/dff_ram_8x72/runs/firstrun/logs/signoff/35-gdsii.log}"

Mon Feb 26 16:53:32 UTC 2024 - Executing "magic -noconsole -dnull -rcfile /home/mmuddassir/.volare/sky130A/libs.tech/magic/sky130A.magicrc < /openlane/scripts/magic/wrapper.tcl |& tee /dev/null /openlane/designs/dff_ram_8x72/runs/firstrun/logs/signoff/35-gds_ptrs.log"

Mon Feb 26 16:53:32 UTC 2024 - Executing "{magic -noconsole -dnull -rcfile /home/mmuddassir/.volare/sky130A/libs.tech/magic/sky130A.magicrc < /openlane/scripts/magic/wrapper.tcl |& tee /dev/null /openlane/designs/dff_ram_8x72/runs/firstrun/logs/signoff/35-gds_ptrs.log}"

Mon Feb 26 16:53:34 UTC 2024 - Executing "{sed -i.bak -n {/^<< properties >>/,/^<< end >>/p} /openlane/designs/dff_ram_8x72/runs/firstrun/tmp/signoff/gds_ptrs.mag}"

Mon Feb 26 16:53:36 UTC 2024 - Executing "magic -noconsole -dnull -rcfile /home/mmuddassir/.volare/sky130A/libs.tech/magic/sky130A.magicrc < /openlane/scripts/magic/wrapper.tcl |& tee /dev/null /openlane/designs/dff_ram_8x72/runs/firstrun/logs/signoff/35-lef.log"

Mon Feb 26 16:53:36 UTC 2024 - Executing "{magic -noconsole -dnull -rcfile /home/mmuddassir/.volare/sky130A/libs.tech/magic/sky130A.magicrc < /openlane/scripts/magic/wrapper.tcl |& tee /dev/null /openlane/designs/dff_ram_8x72/runs/firstrun/logs/signoff/35-lef.log}"

Mon Feb 26 16:53:41 UTC 2024 - Executing "magic -noconsole -dnull -rcfile /home/mmuddassir/.volare/sky130A/libs.tech/magic/sky130A.magicrc < /openlane/scripts/magic/wrapper.tcl |& tee /dev/null /openlane/designs/dff_ram_8x72/runs/firstrun/logs/signoff/35-maglef.log"

Mon Feb 26 16:53:41 UTC 2024 - Executing "{magic -noconsole -dnull -rcfile /home/mmuddassir/.volare/sky130A/libs.tech/magic/sky130A.magicrc < /openlane/scripts/magic/wrapper.tcl |& tee /dev/null /openlane/designs/dff_ram_8x72/runs/firstrun/logs/signoff/35-maglef.log}"

Mon Feb 26 16:53:42 UTC 2024 - Executing "{python3 /openlane/scripts/klayout/stream_out.py --output /openlane/designs/dff_ram_8x72/runs/firstrun/results/signoff/dff_ram_8x72.klayout.gds --lyt /home/mmuddassir/.volare/sky130A/libs.tech/klayout/tech/sky130A.lyt --lym /home/mmuddassir/.volare/sky130A/libs.tech/klayout/tech/sky130A.map --lyp /home/mmuddassir/.volare/sky130A/libs.tech/klayout/tech/sky130A.lyp --top dff_ram_8x72 --with-gds-file /home/mmuddassir/.volare/sky130A/libs.ref/sky130_fd_sc_hd/gds/sky130_fd_sc_hd.gds --input-lef /openlane/designs/dff_ram_8x72/runs/firstrun/tmp/merged.nom.lef /openlane/designs/dff_ram_8x72/runs/firstrun/results/routing/dff_ram_8x72.def |& tee /dev/null /openlane/designs/dff_ram_8x72/runs/firstrun/logs/signoff/36-gdsii-klayout.log}"

Mon Feb 26 16:53:45 UTC 2024 - Executing "{klayout -b -r /openlane/scripts/klayout/xor.drc -rd a=/openlane/designs/dff_ram_8x72/runs/firstrun/results/signoff/dff_ram_8x72.gds -rd b=/openlane/designs/dff_ram_8x72/runs/firstrun/results/signoff/dff_ram_8x72.klayout.gds -rd jobs=1 -rd rdb_out=/openlane/designs/dff_ram_8x72/runs/firstrun/reports/signoff/37-xor.xml -rd ignore=81/14 -rd rpt_out=/openlane/designs/dff_ram_8x72/runs/firstrun/reports/signoff/37-xor.rpt |& tee /dev/null /openlane/designs/dff_ram_8x72/runs/firstrun/logs/signoff/37-xor.log}"

Mon Feb 26 16:53:57 UTC 2024 - Executing "magic -noconsole -dnull -rcfile /home/mmuddassir/.volare/sky130A/libs.tech/magic/sky130A.magicrc < /openlane/scripts/magic/wrapper.tcl |& tee /dev/null /openlane/designs/dff_ram_8x72/runs/firstrun/logs/signoff/38-spice.log"

Mon Feb 26 16:53:57 UTC 2024 - Executing "{magic -noconsole -dnull -rcfile /home/mmuddassir/.volare/sky130A/libs.tech/magic/sky130A.magicrc < /openlane/scripts/magic/wrapper.tcl |& tee /dev/null /openlane/designs/dff_ram_8x72/runs/firstrun/logs/signoff/38-spice.log}"

Mon Feb 26 16:54:09 UTC 2024 - Executing "{openroad -exit -no_init -python /openlane/scripts/odbpy/power_utils.py write_powered_def --output /openlane/designs/dff_ram_8x72/runs/firstrun/tmp/signoff/38-dff_ram_8x72.p.def --input-lef /openlane/designs/dff_ram_8x72/runs/firstrun/tmp/merged.nom.lef --power-port VPWR --ground-port VGND --powered-netlist {} /openlane/designs/dff_ram_8x72/runs/firstrun/results/routing/dff_ram_8x72.def |& tee /dev/null /openlane/designs/dff_ram_8x72/runs/firstrun/logs/signoff/39-write_powered_def.log}"

Mon Feb 26 16:54:10 UTC 2024 - Executing "openroad -exit /openlane/scripts/openroad/write_views.tcl |& tee /dev/null /openlane/designs/dff_ram_8x72/runs/firstrun/logs/signoff/39-write_powered_verilog.log"

Mon Feb 26 16:54:10 UTC 2024 - Executing "{openroad -exit /openlane/scripts/openroad/write_views.tcl |& tee /dev/null /openlane/designs/dff_ram_8x72/runs/firstrun/logs/signoff/39-write_powered_verilog.log}"

Mon Feb 26 16:54:12 UTC 2024 - Executing "{sed -i.bak -e {s/\(set ::env(CURRENT_NETLIST)\).*/\1 \/openlane\/designs\/dff_ram_8x72\/runs\/firstrun\/tmp\/signoff\/38-dff_ram_8x72.nl.v/} /openlane/designs/dff_ram_8x72/runs/firstrun/config.tcl}"

Mon Feb 26 16:54:13 UTC 2024 - Executing "{netgen -batch source /openlane/designs/dff_ram_8x72/runs/firstrun/tmp/signoff/41-setup_file.lef.lvs |& tee /dev/null /openlane/designs/dff_ram_8x72/runs/firstrun/logs/signoff/41-lvs.lef.log}"

Mon Feb 26 16:54:14 UTC 2024 - Executing "magic -noconsole -dnull -rcfile /home/mmuddassir/.volare/sky130A/libs.tech/magic/sky130A.magicrc < /openlane/scripts/magic/wrapper.tcl |& tee /dev/null /openlane/designs/dff_ram_8x72/runs/firstrun/logs/signoff/42-drc.log"

Mon Feb 26 16:54:14 UTC 2024 - Executing "{magic -noconsole -dnull -rcfile /home/mmuddassir/.volare/sky130A/libs.tech/magic/sky130A.magicrc < /openlane/scripts/magic/wrapper.tcl |& tee /dev/null /openlane/designs/dff_ram_8x72/runs/firstrun/logs/signoff/42-drc.log}"

Mon Feb 26 16:54:46 UTC 2024 - Executing "{python3 /openlane/scripts/drc_rosetta.py magic to_tcl -o /openlane/designs/dff_ram_8x72/runs/firstrun/reports/signoff/drc.tcl /openlane/designs/dff_ram_8x72/runs/firstrun/reports/signoff/drc.rpt}"

Mon Feb 26 16:54:46 UTC 2024 - Executing "{python3 /openlane/scripts/drc_rosetta.py magic to_tr -o /openlane/designs/dff_ram_8x72/runs/firstrun/reports/signoff/drc.tr /openlane/designs/dff_ram_8x72/runs/firstrun/reports/signoff/drc.rpt}"

Mon Feb 26 16:54:46 UTC 2024 - Executing "{python3 /openlane/scripts/drc_rosetta.py tr to_klayout -o /openlane/designs/dff_ram_8x72/runs/firstrun/reports/signoff/drc.klayout.xml --design-name dff_ram_8x72 /openlane/designs/dff_ram_8x72/runs/firstrun/reports/signoff/drc.tr}"

Mon Feb 26 16:54:46 UTC 2024 - Executing "{python3 /openlane/scripts/drc_rosetta.py magic to_rdb -o /openlane/designs/dff_ram_8x72/runs/firstrun/reports/signoff/drc.rdb /openlane/designs/dff_ram_8x72/runs/firstrun/reports/signoff/drc.rpt}"

Mon Feb 26 16:54:47 UTC 2024 - Executing "{klayout -b -zz -r /home/mmuddassir/.volare/sky130A/libs.tech/klayout/drc/sky130A_mr.drc -rd topcell=dff_ram_8x72 -rd input=/openlane/designs/dff_ram_8x72/runs/firstrun/results/signoff/dff_ram_8x72.gds -rd report=/openlane/designs/dff_ram_8x72/runs/firstrun/reports/signoff/violations.xml -rd feol=true -rd beol=true -rd floating_metal=false -rd seal=true -rd thread=1 |& tee /dev/null /openlane/designs/dff_ram_8x72/runs/firstrun/logs/signoff/43-drc-klayout.log}"

Mon Feb 26 16:55:21 UTC 2024 - Executing "{python3 /openlane/scripts/klayout/xml_drc_report_to_json.py --xml-file /openlane/designs/dff_ram_8x72/runs/firstrun/reports/signoff/violations.xml --json-file /openlane/designs/dff_ram_8x72/runs/firstrun/reports/signoff/violations.json}"

Mon Feb 26 16:55:21 UTC 2024 - Executing "openroad -exit /openlane/scripts/openroad/antenna_check.tcl |& tee /dev/null /openlane/designs/dff_ram_8x72/runs/firstrun/logs/signoff/44-arc.log"

Mon Feb 26 16:55:21 UTC 2024 - Executing "{openroad -exit /openlane/scripts/openroad/antenna_check.tcl |& tee /dev/null /openlane/designs/dff_ram_8x72/runs/firstrun/logs/signoff/44-arc.log}"

Mon Feb 26 16:55:23 UTC 2024 - Executing "{python3 /openlane/scripts/extract_antenna_violators.py --output /openlane/designs/dff_ram_8x72/runs/firstrun/reports/signoff/44-antenna_violators.rpt --plain-out /openlane/designs/dff_ram_8x72/runs/firstrun/reports/signoff/44-antenna_violators_pins.txt /openlane/designs/dff_ram_8x72/runs/firstrun/logs/signoff/44-arc.log}"

Mon Feb 26 16:55:24 UTC 2024 - Executing "{python3 /openlane/scripts/write_runtime.py --conclude --seconds --time-in 1708966524 {flow completed}}"

Mon Feb 26 16:55:25 UTC 2024 - Executing "{python3 /openlane/scripts/generate_reports.py -d /openlane/designs/dff_ram_8x72 --design_name dff_ram_8x72 --tag firstrun --output_file /openlane/designs/dff_ram_8x72/runs/firstrun/reports/metrics.csv --man_report /openlane/designs/dff_ram_8x72/runs/firstrun/reports/manufacturability.rpt --run_path /openlane/designs/dff_ram_8x72/runs/firstrun}"

