OpenROAD 75f2f325b7a42e56a92404f33af8e96530d9b202 
This program is licensed under the BSD-3 license. See the LICENSE file for details.
Components of this program may be licensed under more restrictive licenses which must be honored.
[INFO ODB-0222] Reading LEF file: /openlane/designs/dff_ram_8x72/runs/firstrun/tmp/merged.nom.lef
[INFO ODB-0223]     Created 13 technology layers
[INFO ODB-0224]     Created 25 technology vias
[INFO ODB-0225]     Created 441 library cells
[INFO ODB-0226] Finished LEF file:  /openlane/designs/dff_ram_8x72/runs/firstrun/tmp/merged.nom.lef
[INFO ODB-0127] Reading DEF file: /openlane/designs/dff_ram_8x72/runs/firstrun/results/routing/dff_ram_8x72.def
[INFO ODB-0128] Design: dff_ram_8x72
[INFO ODB-0130]     Created 151 pins.
[INFO ODB-0131]     Created 8079 components and 41203 component-terminals.
[INFO ODB-0132]     Created 2 special nets and 30512 connections.
[INFO ODB-0133]     Created 3755 nets and 10691 connections.
[INFO ODB-0134] Finished DEF file: /openlane/designs/dff_ram_8x72/runs/firstrun/results/routing/dff_ram_8x72.def
define_corners Typical
read_liberty -corner Typical /home/mmuddassir/.volare/sky130A/libs.ref/sky130_fd_sc_hd/lib/sky130_fd_sc_hd__tt_025C_1v80.lib
Using 1e-12 for capacitance...
Using 1e+03 for resistance...
Using 1e-09 for time...
Using 1e+00 for voltage...
Using 1e-03 for current...
Using 1e-09 for power...
Using 1e-06 for distance...
Using RCX ruleset '/home/mmuddassir/.volare/sky130A/libs.tech/openlane/rules.openrcx.sky130A.nom.calibre'...
[INFO RCX-0431] Defined process_corner X with ext_model_index 0
[INFO RCX-0029] Defined extraction corner X
[INFO RCX-0008] extracting parasitics of dff_ram_8x72 ...
[INFO RCX-0435] Reading extraction model file /home/mmuddassir/.volare/sky130A/libs.tech/openlane/rules.openrcx.sky130A.nom.calibre ...
[INFO RCX-0436] RC segment generation dff_ram_8x72 (max_merge_res 50.0) ...
[INFO RCX-0040] Final 10647 rc segments
[INFO RCX-0439] Coupling Cap extraction dff_ram_8x72 ...
[INFO RCX-0440] Coupling threshhold is 0.1000 fF, coupling capacitance less than 0.1000 fF will be grounded.
[INFO RCX-0043] 22080 wires to be extracted
[INFO RCX-0442] 50% completion -- 11071 wires have been extracted
[INFO RCX-0442] 100% completion -- 22080 wires have been extracted
[INFO RCX-0045] Extract 3755 nets, 14402 rsegs, 14402 caps, 22551 ccs
[INFO RCX-0015] Finished extracting dff_ram_8x72.
Writing result to /openlane/designs/dff_ram_8x72/runs/firstrun/results/routing/mca/process_corner_nom/dff_ram_8x72.spef...
Setting global connections for newly added cells…
[WARNING] Did not save OpenROAD database!
Writing extracted parasitics to '/openlane/designs/dff_ram_8x72/runs/firstrun/results/routing/mca/process_corner_nom/dff_ram_8x72.spef'…
[INFO RCX-0016] Writing SPEF ...
[INFO RCX-0443] 3755 nets finished
[INFO RCX-0017] Finished writing SPEF ...
