
===========================================================================
report_checks -path_delay min (Hold)
============================================================================
======================= Typical Corner ===================================

Startpoint: cin (input port clocked by __VIRTUAL_CLK__)
Endpoint: sum (output port clocked by __VIRTUAL_CLK__)
Path Group: __VIRTUAL_CLK__
Path Type: min

Fanout     Cap    Slew   Delay    Time   Description
-----------------------------------------------------------------------------
                  0.00    0.00    0.00   clock __VIRTUAL_CLK__ (rise edge)
                          0.00    0.00   clock network delay (ideal)
                          2.00    2.00 ^ input external delay
     1    0.00    0.02    0.01    2.01 ^ cin (in)
                                         cin (net)
                  0.02    0.00    2.01 ^ input3/A (sky130_fd_sc_hd__clkbuf_2)
     3    0.01    0.08    0.12    2.12 ^ input3/X (sky130_fd_sc_hd__clkbuf_2)
                                         net3 (net)
                  0.08    0.00    2.12 ^ _6_/A (sky130_fd_sc_hd__xor2_2)
     1    0.00    0.03    0.06    2.18 v _6_/X (sky130_fd_sc_hd__xor2_2)
                                         net8 (net)
                  0.03    0.00    2.18 v output8/A (sky130_fd_sc_hd__clkbuf_4)
     1    0.03    0.08    0.17    2.35 v output8/X (sky130_fd_sc_hd__clkbuf_4)
                                         sum (net)
                  0.08    0.00    2.35 v sum (out)
                                  2.35   data arrival time

                  0.00    0.00    0.00   clock __VIRTUAL_CLK__ (rise edge)
                          0.00    0.00   clock network delay (ideal)
                          0.25    0.25   clock uncertainty
                          0.00    0.25   clock reconvergence pessimism
                         -2.00   -1.75   output external delay
                                 -1.75   data required time
-----------------------------------------------------------------------------
                                 -1.75   data required time
                                 -2.35   data arrival time
-----------------------------------------------------------------------------
                                  4.10   slack (MET)


Startpoint: a (input port clocked by __VIRTUAL_CLK__)
Endpoint: c (output port clocked by __VIRTUAL_CLK__)
Path Group: __VIRTUAL_CLK__
Path Type: min

Fanout     Cap    Slew   Delay    Time   Description
-----------------------------------------------------------------------------
                  0.00    0.00    0.00   clock __VIRTUAL_CLK__ (rise edge)
                          0.00    0.00   clock network delay (ideal)
                          2.00    2.00 ^ input external delay
     1    0.00    0.02    0.01    2.01 ^ a (in)
                                         a (net)
                  0.02    0.00    2.01 ^ input1/A (sky130_fd_sc_hd__buf_2)
     2    0.02    0.09    0.12    2.13 ^ input1/X (sky130_fd_sc_hd__buf_2)
                                         net1 (net)
                  0.09    0.00    2.13 ^ _5_/B (sky130_fd_sc_hd__xor2_4)
     4    0.01    0.04    0.08    2.21 v _5_/X (sky130_fd_sc_hd__xor2_4)
                                         net4 (net)
                  0.04    0.00    2.21 v output4/A (sky130_fd_sc_hd__clkbuf_4)
     1    0.03    0.08    0.17    2.38 v output4/X (sky130_fd_sc_hd__clkbuf_4)
                                         c (net)
                  0.08    0.00    2.38 v c (out)
                                  2.38   data arrival time

                  0.00    0.00    0.00   clock __VIRTUAL_CLK__ (rise edge)
                          0.00    0.00   clock network delay (ideal)
                          0.25    0.25   clock uncertainty
                          0.00    0.25   clock reconvergence pessimism
                         -2.00   -1.75   output external delay
                                 -1.75   data required time
-----------------------------------------------------------------------------
                                 -1.75   data required time
                                 -2.38   data arrival time
-----------------------------------------------------------------------------
                                  4.13   slack (MET)


Startpoint: cin (input port clocked by __VIRTUAL_CLK__)
Endpoint: cout (output port clocked by __VIRTUAL_CLK__)
Path Group: __VIRTUAL_CLK__
Path Type: min

Fanout     Cap    Slew   Delay    Time   Description
-----------------------------------------------------------------------------
                  0.00    0.00    0.00   clock __VIRTUAL_CLK__ (rise edge)
                          0.00    0.00   clock network delay (ideal)
                          2.00    2.00 ^ input external delay
     1    0.00    0.02    0.01    2.01 ^ cin (in)
                                         cin (net)
                  0.02    0.00    2.01 ^ input3/A (sky130_fd_sc_hd__clkbuf_2)
     3    0.01    0.08    0.12    2.12 ^ input3/X (sky130_fd_sc_hd__clkbuf_2)
                                         net3 (net)
                  0.08    0.00    2.12 ^ _4_/A1 (sky130_fd_sc_hd__a21o_1)
     2    0.00    0.04    0.11    2.23 ^ _4_/X (sky130_fd_sc_hd__a21o_1)
                                         net5 (net)
                  0.04    0.00    2.23 ^ output5/A (sky130_fd_sc_hd__clkbuf_4)
     1    0.03    0.11    0.17    2.40 ^ output5/X (sky130_fd_sc_hd__clkbuf_4)
                                         cout (net)
                  0.11    0.00    2.40 ^ cout (out)
                                  2.40   data arrival time

                  0.00    0.00    0.00   clock __VIRTUAL_CLK__ (rise edge)
                          0.00    0.00   clock network delay (ideal)
                          0.25    0.25   clock uncertainty
                          0.00    0.25   clock reconvergence pessimism
                         -2.00   -1.75   output external delay
                                 -1.75   data required time
-----------------------------------------------------------------------------
                                 -1.75   data required time
                                 -2.40   data arrival time
-----------------------------------------------------------------------------
                                  4.15   slack (MET)


Startpoint: cin (input port clocked by __VIRTUAL_CLK__)
Endpoint: e (output port clocked by __VIRTUAL_CLK__)
Path Group: __VIRTUAL_CLK__
Path Type: min

Fanout     Cap    Slew   Delay    Time   Description
-----------------------------------------------------------------------------
                  0.00    0.00    0.00   clock __VIRTUAL_CLK__ (rise edge)
                          0.00    0.00   clock network delay (ideal)
                          2.00    2.00 v input external delay
     1    0.00    0.01    0.00    2.00 v cin (in)
                                         cin (net)
                  0.01    0.00    2.00 v input3/A (sky130_fd_sc_hd__clkbuf_2)
     3    0.01    0.06    0.11    2.11 v input3/X (sky130_fd_sc_hd__clkbuf_2)
                                         net3 (net)
                  0.06    0.00    2.11 v _2_/A (sky130_fd_sc_hd__and2_1)
     1    0.00    0.03    0.13    2.24 v _2_/X (sky130_fd_sc_hd__and2_1)
                                         _1_ (net)
                  0.03    0.00    2.24 v _3_/A (sky130_fd_sc_hd__buf_1)
     2    0.00    0.03    0.08    2.31 v _3_/X (sky130_fd_sc_hd__buf_1)
                                         net7 (net)
                  0.03    0.00    2.31 v output7/A (sky130_fd_sc_hd__clkbuf_4)
     1    0.03    0.08    0.17    2.48 v output7/X (sky130_fd_sc_hd__clkbuf_4)
                                         e (net)
                  0.08    0.00    2.48 v e (out)
                                  2.48   data arrival time

                  0.00    0.00    0.00   clock __VIRTUAL_CLK__ (rise edge)
                          0.00    0.00   clock network delay (ideal)
                          0.25    0.25   clock uncertainty
                          0.00    0.25   clock reconvergence pessimism
                         -2.00   -1.75   output external delay
                                 -1.75   data required time
-----------------------------------------------------------------------------
                                 -1.75   data required time
                                 -2.48   data arrival time
-----------------------------------------------------------------------------
                                  4.23   slack (MET)


Startpoint: a (input port clocked by __VIRTUAL_CLK__)
Endpoint: d (output port clocked by __VIRTUAL_CLK__)
Path Group: __VIRTUAL_CLK__
Path Type: min

Fanout     Cap    Slew   Delay    Time   Description
-----------------------------------------------------------------------------
                  0.00    0.00    0.00   clock __VIRTUAL_CLK__ (rise edge)
                          0.00    0.00   clock network delay (ideal)
                          2.00    2.00 ^ input external delay
     1    0.00    0.02    0.01    2.01 ^ a (in)
                                         a (net)
                  0.02    0.00    2.01 ^ input1/A (sky130_fd_sc_hd__buf_2)
     2    0.02    0.09    0.12    2.13 ^ input1/X (sky130_fd_sc_hd__buf_2)
                                         net1 (net)
                  0.09    0.00    2.13 ^ _7_/B (sky130_fd_sc_hd__and2_1)
     1    0.00    0.04    0.11    2.25 ^ _7_/X (sky130_fd_sc_hd__and2_1)
                                         _0_ (net)
                  0.04    0.00    2.25 ^ _8_/A (sky130_fd_sc_hd__dlymetal6s2s_1)
     2    0.00    0.08    0.10    2.35 ^ _8_/X (sky130_fd_sc_hd__dlymetal6s2s_1)
                                         net6 (net)
                  0.08    0.00    2.35 ^ output6/A (sky130_fd_sc_hd__clkbuf_4)
     1    0.03    0.11    0.19    2.53 ^ output6/X (sky130_fd_sc_hd__clkbuf_4)
                                         d (net)
                  0.11    0.00    2.53 ^ d (out)
                                  2.53   data arrival time

                  0.00    0.00    0.00   clock __VIRTUAL_CLK__ (rise edge)
                          0.00    0.00   clock network delay (ideal)
                          0.25    0.25   clock uncertainty
                          0.00    0.25   clock reconvergence pessimism
                         -2.00   -1.75   output external delay
                                 -1.75   data required time
-----------------------------------------------------------------------------
                                 -1.75   data required time
                                 -2.53   data arrival time
-----------------------------------------------------------------------------
                                  4.28   slack (MET)



worst slack corner Typical: 4.0995
