Sun Jan 07 04:56:23 UTC 2024 - Executing "{openroad -exit -no_init -python /openlane/scripts/odbpy/lefutil.py get_metal_layers -o /openlane/designs/dff_full_adder/runs/first_run/tmp/layers.list /home/mmuddassir/.volare/sky130A/libs.ref/sky130_fd_sc_hd/techlef/sky130_fd_sc_hd__nom.tlef}"

Sun Jan 07 04:56:24 UTC 2024 - Executing "{/openlane/scripts/mergeLef.py -o /openlane/designs/dff_full_adder/runs/first_run/tmp/merged.nom.lef -i /home/mmuddassir/.volare/sky130A/libs.ref/sky130_fd_sc_hd/techlef/sky130_fd_sc_hd__nom.tlef {/home/mmuddassir/.volare/sky130A/libs.ref/sky130_fd_sc_hd/lef/sky130_ef_sc_hd.lef /home/mmuddassir/.volare/sky130A/libs.ref/sky130_fd_sc_hd/lef/sky130_fd_sc_hd.lef} |& tee /dev/null}"

Sun Jan 07 04:56:24 UTC 2024 - Executing "{/openlane/scripts/mergeLef.py -o /openlane/designs/dff_full_adder/runs/first_run/tmp/merged.min.lef -i /home/mmuddassir/.volare/sky130A/libs.ref/sky130_fd_sc_hd/techlef/sky130_fd_sc_hd__min.tlef {/home/mmuddassir/.volare/sky130A/libs.ref/sky130_fd_sc_hd/lef/sky130_ef_sc_hd.lef /home/mmuddassir/.volare/sky130A/libs.ref/sky130_fd_sc_hd/lef/sky130_fd_sc_hd.lef} |& tee /dev/null}"

Sun Jan 07 04:56:24 UTC 2024 - Executing "{/openlane/scripts/mergeLef.py -o /openlane/designs/dff_full_adder/runs/first_run/tmp/merged.max.lef -i /home/mmuddassir/.volare/sky130A/libs.ref/sky130_fd_sc_hd/techlef/sky130_fd_sc_hd__max.tlef {/home/mmuddassir/.volare/sky130A/libs.ref/sky130_fd_sc_hd/lef/sky130_ef_sc_hd.lef /home/mmuddassir/.volare/sky130A/libs.ref/sky130_fd_sc_hd/lef/sky130_fd_sc_hd.lef} |& tee /dev/null}"

Sun Jan 07 04:56:24 UTC 2024 - Executing "{python3 /openlane/scripts/mergeLib.py --output /openlane/designs/dff_full_adder/runs/first_run/tmp/synthesis/merged.lib --name sky130A_merged /home/mmuddassir/.volare/sky130A/libs.ref/sky130_fd_sc_hd/lib/sky130_fd_sc_hd__tt_025C_1v80.lib}"

Sun Jan 07 04:56:25 UTC 2024 - Executing "{python3 /openlane/scripts/libtrim.py --cell-file /openlane/designs/dff_full_adder/runs/first_run/tmp/synthesis/trimmed.lib.exclude.list --output /openlane/designs/dff_full_adder/runs/first_run/tmp/synthesis/trimmed.lib /openlane/designs/dff_full_adder/runs/first_run/tmp/synthesis/merged.lib}"

Sun Jan 07 04:56:25 UTC 2024 - Executing "{python3 /openlane/scripts/libtrim.py --cell-file /openlane/designs/dff_full_adder/runs/first_run/tmp/cts/cts.lib.exclude.list --output /openlane/designs/dff_full_adder/runs/first_run/tmp/cts/cts.lib /home/mmuddassir/.volare/sky130A/libs.ref/sky130_fd_sc_hd/lib/sky130_fd_sc_hd__tt_025C_1v80.lib}"

Sun Jan 07 04:56:26 UTC 2024 - Executing "{python3 /openlane/scripts/libtrim.py --cell-file /openlane/designs/dff_full_adder/runs/first_run/tmp/cts/cts-fastest.lib.exclude.list --output /openlane/designs/dff_full_adder/runs/first_run/tmp/cts/cts-fastest.lib /home/mmuddassir/.volare/sky130A/libs.ref/sky130_fd_sc_hd/lib/sky130_fd_sc_hd__ff_n40C_1v95.lib}"

Sun Jan 07 04:56:28 UTC 2024 - Executing "{python3 /openlane/scripts/libtrim.py --cell-file /openlane/designs/dff_full_adder/runs/first_run/tmp/cts/cts-slowest.lib.exclude.list --output /openlane/designs/dff_full_adder/runs/first_run/tmp/cts/cts-slowest.lib /home/mmuddassir/.volare/sky130A/libs.ref/sky130_fd_sc_hd/lib/sky130_fd_sc_hd__ss_100C_1v60.lib}"

Sun Jan 07 04:56:29 UTC 2024 - Executing "{python3 /openlane/scripts/new_tracks.py -i /home/mmuddassir/.volare/sky130A/libs.tech/openlane/sky130_fd_sc_hd/tracks.info -o /openlane/designs/dff_full_adder/runs/first_run/tmp/routing/config.tracks}"

Sun Jan 07 04:56:29 UTC 2024 - Executing "{echo {OpenLane 8bea8c51998b88e50eda27361a2dcfb908f6a3bd} > /openlane/designs/dff_full_adder/runs/first_run/OPENLANE_VERSION}"

Sun Jan 07 04:56:29 UTC 2024 - Executing "{yosys -c /openlane/scripts/yosys/blackbox.tcl}"

Sun Jan 07 04:56:30 UTC 2024 - Executing "{verilator -Wall --lint-only --Wno-DECLFILENAME --top-module dff_full_adder /openlane/designs/dff_full_adder/runs/first_run/tmp/synthesis/blackbox/sky130_fd_sc_hd__blackbox.v /openlane/designs/dff_full_adder/src/dff_full_adder.v -Wno-fatal --relative-includes |& tee /openlane/designs/dff_full_adder/runs/first_run/logs/synthesis/linter.log /dev/null}"

Sun Jan 07 04:56:30 UTC 2024 - Executing "{sed -E {s/^([[:space:]]+)pg_pin(.*)/\1pin\2\n\1    direction : "inout";/g} /home/mmuddassir/.volare/sky130A/libs.ref/sky130_fd_sc_hd/lib/sky130_fd_sc_hd__tt_025C_1v80.lib > /openlane/designs/dff_full_adder/runs/first_run/tmp/synthesis/1-sky130_fd_sc_hd__tt_025C_1v80.no_pg.lib}"

Sun Jan 07 04:56:30 UTC 2024 - Executing "{sed -E {s/^([[:space:]]+)pg_pin(.*)/\1pin\2\n\1    direction : "inout";/g} /openlane/designs/dff_full_adder/runs/first_run/tmp/synthesis/trimmed.lib > /openlane/designs/dff_full_adder/runs/first_run/tmp/synthesis/1-trimmed.no_pg.lib}"

Sun Jan 07 04:56:30 UTC 2024 - Executing "yosys -c /openlane/scripts/yosys/synth.tcl |& tee /dev/null /openlane/designs/dff_full_adder/runs/first_run/logs/synthesis/1-synthesis.log"

Sun Jan 07 04:56:30 UTC 2024 - Executing "{yosys -c /openlane/scripts/yosys/synth.tcl |& tee /dev/null /openlane/designs/dff_full_adder/runs/first_run/logs/synthesis/1-synthesis.log}"

Sun Jan 07 04:56:32 UTC 2024 - Executing "{sed -i.bak -e {s/\(set ::env(CURRENT_NETLIST)\).*/\1 \/openlane\/designs\/dff_full_adder\/runs\/first_run\/results\/synthesis\/dff_full_adder.v/} /openlane/designs/dff_full_adder/runs/first_run/config.tcl}"

Sun Jan 07 04:56:32 UTC 2024 - Executing "{sed -i.bak /defparam/d /openlane/designs/dff_full_adder/runs/first_run/results/synthesis/dff_full_adder.v}"

Sun Jan 07 04:56:32 UTC 2024 - Executing "sta -exit -no_init /openlane/scripts/openroad/sta/multi_corner.tcl |& tee /dev/null /openlane/designs/dff_full_adder/runs/first_run/logs/synthesis/2-sta.log"

Sun Jan 07 04:56:32 UTC 2024 - Executing "{sta -exit -no_init /openlane/scripts/openroad/sta/multi_corner.tcl |& tee /dev/null /openlane/designs/dff_full_adder/runs/first_run/logs/synthesis/2-sta.log}"

Sun Jan 07 04:56:33 UTC 2024 - Executing "openroad -exit /openlane/scripts/openroad/floorplan.tcl |& tee /dev/null /openlane/designs/dff_full_adder/runs/first_run/logs/floorplan/3-initial_fp.log"

Sun Jan 07 04:56:33 UTC 2024 - Executing "{openroad -exit /openlane/scripts/openroad/floorplan.tcl |& tee /dev/null /openlane/designs/dff_full_adder/runs/first_run/logs/floorplan/3-initial_fp.log}"

Sun Jan 07 04:56:34 UTC 2024 - Executing "{openroad -exit -no_init -python /openlane/scripts/odbpy/defutil.py extract_core_dims --output-data /openlane/designs/dff_full_adder/runs/first_run/tmp/dimensions.txt --input-lef /openlane/designs/dff_full_adder/runs/first_run/tmp/merged.nom.lef /openlane/designs/dff_full_adder/runs/first_run/tmp/floorplan/3-initial_fp.def}"

Sun Jan 07 04:56:35 UTC 2024 - Executing "openroad -exit /openlane/scripts/openroad/ioplacer.tcl |& tee /dev/null /openlane/designs/dff_full_adder/runs/first_run/logs/floorplan/4-io.log"

Sun Jan 07 04:56:35 UTC 2024 - Executing "{openroad -exit /openlane/scripts/openroad/ioplacer.tcl |& tee /dev/null /openlane/designs/dff_full_adder/runs/first_run/logs/floorplan/4-io.log}"

Sun Jan 07 04:56:36 UTC 2024 - Executing "openroad -exit /openlane/scripts/openroad/tapcell.tcl |& tee /dev/null /openlane/designs/dff_full_adder/runs/first_run/logs/floorplan/5-tap.log"

Sun Jan 07 04:56:36 UTC 2024 - Executing "{openroad -exit /openlane/scripts/openroad/tapcell.tcl |& tee /dev/null /openlane/designs/dff_full_adder/runs/first_run/logs/floorplan/5-tap.log}"

Sun Jan 07 04:56:37 UTC 2024 - Executing "openroad -exit /openlane/scripts/openroad/pdn.tcl |& tee /dev/null /openlane/designs/dff_full_adder/runs/first_run/logs/floorplan/6-pdn.log"

Sun Jan 07 04:56:37 UTC 2024 - Executing "{openroad -exit /openlane/scripts/openroad/pdn.tcl |& tee /dev/null /openlane/designs/dff_full_adder/runs/first_run/logs/floorplan/6-pdn.log}"

Sun Jan 07 04:56:39 UTC 2024 - Executing "openroad -exit /openlane/scripts/openroad/gpl.tcl |& tee /dev/null /openlane/designs/dff_full_adder/runs/first_run/logs/placement/6-global_skip_io.log"

Sun Jan 07 04:56:39 UTC 2024 - Executing "{openroad -exit /openlane/scripts/openroad/gpl.tcl |& tee /dev/null /openlane/designs/dff_full_adder/runs/first_run/logs/placement/6-global_skip_io.log}"

Sun Jan 07 04:56:40 UTC 2024 - Executing "{sed -i.bak -e {s/\(set ::env(CURRENT_NETLIST)\).*/\1 \/openlane\/designs\/dff_full_adder\/runs\/first_run\/tmp\/placement\/7-global_skip_io.nl.v/} /openlane/designs/dff_full_adder/runs/first_run/config.tcl}"

Sun Jan 07 04:56:40 UTC 2024 - Executing "openroad -exit /openlane/scripts/openroad/sta/multi_corner.tcl |& tee /dev/null /openlane/designs/dff_full_adder/runs/first_run/logs/placement/8-gpl_sta.log"

Sun Jan 07 04:56:40 UTC 2024 - Executing "{openroad -exit /openlane/scripts/openroad/sta/multi_corner.tcl |& tee /dev/null /openlane/designs/dff_full_adder/runs/first_run/logs/placement/8-gpl_sta.log}"

Sun Jan 07 04:56:41 UTC 2024 - Executing "openroad -exit /openlane/scripts/openroad/ioplacer.tcl |& tee /dev/null /openlane/designs/dff_full_adder/runs/first_run/logs/placement/9-io.log"

Sun Jan 07 04:56:41 UTC 2024 - Executing "{openroad -exit /openlane/scripts/openroad/ioplacer.tcl |& tee /dev/null /openlane/designs/dff_full_adder/runs/first_run/logs/placement/9-io.log}"

Sun Jan 07 04:56:42 UTC 2024 - Executing "openroad -exit /openlane/scripts/openroad/gpl.tcl |& tee /dev/null /openlane/designs/dff_full_adder/runs/first_run/logs/placement/9-global.log"

Sun Jan 07 04:56:42 UTC 2024 - Executing "{openroad -exit /openlane/scripts/openroad/gpl.tcl |& tee /dev/null /openlane/designs/dff_full_adder/runs/first_run/logs/placement/9-global.log}"

Sun Jan 07 04:56:43 UTC 2024 - Executing "{sed -i.bak -e {s/\(set ::env(CURRENT_NETLIST)\).*/\1 \/openlane\/designs\/dff_full_adder\/runs\/first_run\/tmp\/placement\/10-global.nl.v/} /openlane/designs/dff_full_adder/runs/first_run/config.tcl}"

Sun Jan 07 04:56:43 UTC 2024 - Executing "openroad -exit /openlane/scripts/openroad/sta/multi_corner.tcl |& tee /dev/null /openlane/designs/dff_full_adder/runs/first_run/logs/placement/11-gpl_sta.log"

Sun Jan 07 04:56:43 UTC 2024 - Executing "{openroad -exit /openlane/scripts/openroad/sta/multi_corner.tcl |& tee /dev/null /openlane/designs/dff_full_adder/runs/first_run/logs/placement/11-gpl_sta.log}"

Sun Jan 07 04:56:45 UTC 2024 - Executing "openroad -exit /openlane/scripts/openroad/resizer.tcl |& tee /dev/null /openlane/designs/dff_full_adder/runs/first_run/logs/placement/12-resizer.log"

Sun Jan 07 04:56:45 UTC 2024 - Executing "{openroad -exit /openlane/scripts/openroad/resizer.tcl |& tee /dev/null /openlane/designs/dff_full_adder/runs/first_run/logs/placement/12-resizer.log}"

Sun Jan 07 04:56:48 UTC 2024 - Executing "{sed -i.bak -e {s/\(set ::env(CURRENT_NETLIST)\).*/\1 \/openlane\/designs\/dff_full_adder\/runs\/first_run\/tmp\/placement\/12-resizer.nl.v/} /openlane/designs/dff_full_adder/runs/first_run/config.tcl}"

Sun Jan 07 04:56:49 UTC 2024 - Executing "openroad -exit /openlane/scripts/openroad/dpl.tcl |& tee /dev/null /openlane/designs/dff_full_adder/runs/first_run/logs/placement/13-detailed.log"

Sun Jan 07 04:56:49 UTC 2024 - Executing "{openroad -exit /openlane/scripts/openroad/dpl.tcl |& tee /dev/null /openlane/designs/dff_full_adder/runs/first_run/logs/placement/13-detailed.log}"

Sun Jan 07 04:56:50 UTC 2024 - Executing "{sed -i.bak -e {s/\(set ::env(CURRENT_NETLIST)\).*/\1 \/openlane\/designs\/dff_full_adder\/runs\/first_run\/results\/placement\/dff_full_adder.nl.v/} /openlane/designs/dff_full_adder/runs/first_run/config.tcl}"

Sun Jan 07 04:56:50 UTC 2024 - Executing "openroad -exit /openlane/scripts/openroad/sta/multi_corner.tcl |& tee /dev/null /openlane/designs/dff_full_adder/runs/first_run/logs/placement/14-dpl_sta.log"

Sun Jan 07 04:56:50 UTC 2024 - Executing "{openroad -exit /openlane/scripts/openroad/sta/multi_corner.tcl |& tee /dev/null /openlane/designs/dff_full_adder/runs/first_run/logs/placement/14-dpl_sta.log}"

Sun Jan 07 04:56:51 UTC 2024 - Executing "openroad -exit /openlane/scripts/openroad/resizer_timing.tcl |& tee /dev/null /openlane/designs/dff_full_adder/runs/first_run/logs/cts/15-resizer.log"

Sun Jan 07 04:56:51 UTC 2024 - Executing "{openroad -exit /openlane/scripts/openroad/resizer_timing.tcl |& tee /dev/null /openlane/designs/dff_full_adder/runs/first_run/logs/cts/15-resizer.log}"

Sun Jan 07 04:56:54 UTC 2024 - Executing "{sed -i.bak -e {s/\(set ::env(CURRENT_NETLIST)\).*/\1 \/openlane\/designs\/dff_full_adder\/runs\/first_run\/tmp\/cts\/15-dff_full_adder.resized.nl.v/} /openlane/designs/dff_full_adder/runs/first_run/config.tcl}"

Sun Jan 07 04:56:54 UTC 2024 - Executing "openroad -exit /openlane/scripts/openroad/resizer_routing_design.tcl |& tee /dev/null /openlane/designs/dff_full_adder/runs/first_run/logs/routing/16-resizer_design.log"

Sun Jan 07 04:56:54 UTC 2024 - Executing "{openroad -exit /openlane/scripts/openroad/resizer_routing_design.tcl |& tee /dev/null /openlane/designs/dff_full_adder/runs/first_run/logs/routing/16-resizer_design.log}"

Sun Jan 07 04:56:58 UTC 2024 - Executing "{sed -i.bak -e {s/\(set ::env(CURRENT_NETLIST)\).*/\1 \/openlane\/designs\/dff_full_adder\/runs\/first_run\/tmp\/16-dff_full_adder.nl.v/} /openlane/designs/dff_full_adder/runs/first_run/config.tcl}"

Sun Jan 07 04:56:58 UTC 2024 - Executing "openroad -exit /openlane/scripts/openroad/sta/multi_corner.tcl |& tee /dev/null /openlane/designs/dff_full_adder/runs/first_run/logs/routing/17-rsz_design_sta.log"

Sun Jan 07 04:56:59 UTC 2024 - Executing "{openroad -exit /openlane/scripts/openroad/sta/multi_corner.tcl |& tee /dev/null /openlane/designs/dff_full_adder/runs/first_run/logs/routing/17-rsz_design_sta.log}"

Sun Jan 07 04:57:00 UTC 2024 - Executing "openroad -exit /openlane/scripts/openroad/resizer_routing_timing.tcl |& tee /dev/null /openlane/designs/dff_full_adder/runs/first_run/logs/routing/18-resizer_timing.log"

Sun Jan 07 04:57:00 UTC 2024 - Executing "{openroad -exit /openlane/scripts/openroad/resizer_routing_timing.tcl |& tee /dev/null /openlane/designs/dff_full_adder/runs/first_run/logs/routing/18-resizer_timing.log}"

Sun Jan 07 04:57:03 UTC 2024 - Executing "{sed -i.bak -e {s/\(set ::env(CURRENT_NETLIST)\).*/\1 \/openlane\/designs\/dff_full_adder\/runs\/first_run\/tmp\/18-dff_full_adder.nl.v/} /openlane/designs/dff_full_adder/runs/first_run/config.tcl}"

Sun Jan 07 04:57:04 UTC 2024 - Executing "openroad -exit /openlane/scripts/openroad/sta/multi_corner.tcl |& tee /dev/null /openlane/designs/dff_full_adder/runs/first_run/logs/routing/19-rsz_timing_sta.log"

Sun Jan 07 04:57:04 UTC 2024 - Executing "{openroad -exit /openlane/scripts/openroad/sta/multi_corner.tcl |& tee /dev/null /openlane/designs/dff_full_adder/runs/first_run/logs/routing/19-rsz_timing_sta.log}"

Sun Jan 07 04:57:05 UTC 2024 - Executing "openroad -exit /openlane/scripts/openroad/repair_antennas.tcl |& tee /dev/null /openlane/designs/dff_full_adder/runs/first_run/logs/routing/20-global.log"

Sun Jan 07 04:57:05 UTC 2024 - Executing "{openroad -exit /openlane/scripts/openroad/repair_antennas.tcl |& tee /dev/null /openlane/designs/dff_full_adder/runs/first_run/logs/routing/20-global.log}"

Sun Jan 07 04:57:06 UTC 2024 - Executing "openroad -exit /openlane/scripts/openroad/write_views.tcl |& tee /dev/null /openlane/designs/dff_full_adder/runs/first_run/logs/routing/20-global_write_netlist.log"

Sun Jan 07 04:57:06 UTC 2024 - Executing "{openroad -exit /openlane/scripts/openroad/write_views.tcl |& tee /dev/null /openlane/designs/dff_full_adder/runs/first_run/logs/routing/20-global_write_netlist.log}"

Sun Jan 07 04:57:07 UTC 2024 - Executing "{sed -i.bak -e {s/\(set ::env(CURRENT_NETLIST)\).*/\1 \/openlane\/designs\/dff_full_adder\/runs\/first_run\/tmp\/routing\/global.nl.v/} /openlane/designs/dff_full_adder/runs/first_run/config.tcl}"

Sun Jan 07 04:57:08 UTC 2024 - Executing "openroad -exit /openlane/scripts/openroad/sta/multi_corner.tcl |& tee /dev/null /openlane/designs/dff_full_adder/runs/first_run/logs/routing/22-grt_sta.log"

Sun Jan 07 04:57:08 UTC 2024 - Executing "{openroad -exit /openlane/scripts/openroad/sta/multi_corner.tcl |& tee /dev/null /openlane/designs/dff_full_adder/runs/first_run/logs/routing/22-grt_sta.log}"

Sun Jan 07 04:57:09 UTC 2024 - Executing "openroad -exit /openlane/scripts/openroad/fill.tcl |& tee /dev/null /openlane/designs/dff_full_adder/runs/first_run/logs/routing/23-fill.log"

Sun Jan 07 04:57:09 UTC 2024 - Executing "{openroad -exit /openlane/scripts/openroad/fill.tcl |& tee /dev/null /openlane/designs/dff_full_adder/runs/first_run/logs/routing/23-fill.log}"

Sun Jan 07 04:57:10 UTC 2024 - Executing "{sed -i.bak -e {s/\(set ::env(CURRENT_NETLIST)\).*/\1 \/openlane\/designs\/dff_full_adder\/runs\/first_run\/tmp\/routing\/23-fill.nl.v/} /openlane/designs/dff_full_adder/runs/first_run/config.tcl}"

Sun Jan 07 04:57:10 UTC 2024 - Executing "openroad -exit -metrics /openlane/designs/dff_full_adder/runs/first_run/reports/routing/24-drt_metrics.json /openlane/scripts/openroad/droute.tcl |& tee /dev/null /openlane/designs/dff_full_adder/runs/first_run/logs/routing/24-detailed.log"

Sun Jan 07 04:57:10 UTC 2024 - Executing "{openroad -exit -metrics /openlane/designs/dff_full_adder/runs/first_run/reports/routing/24-drt_metrics.json /openlane/scripts/openroad/droute.tcl |& tee /dev/null /openlane/designs/dff_full_adder/runs/first_run/logs/routing/24-detailed.log}"

Sun Jan 07 04:57:16 UTC 2024 - Executing "{sed -i.bak -e {s/\(set ::env(CURRENT_NETLIST)\).*/\1 \/openlane\/designs\/dff_full_adder\/runs\/first_run\/results\/routing\/dff_full_adder.nl.v/} /openlane/designs/dff_full_adder/runs/first_run/config.tcl}"

Sun Jan 07 04:57:16 UTC 2024 - Executing "{python3 /openlane/scripts/drc_rosetta.py tr to_klayout -o /openlane/designs/dff_full_adder/runs/first_run/reports/routing/drt.klayout.xml --design-name dff_full_adder /openlane/designs/dff_full_adder/runs/first_run/reports/routing/drt.drc}"

Sun Jan 07 04:57:16 UTC 2024 - Executing "{openroad -exit -no_init -python /openlane/scripts/odbpy/wire_lengths.py --report-out /openlane/designs/dff_full_adder/runs/first_run/reports/routing/25-wire_lengths.csv --input-lef /openlane/designs/dff_full_adder/runs/first_run/tmp/merged.nom.lef --output-def /dev/null --output /openlane/designs/dff_full_adder/runs/first_run/results/routing/dff_full_adder.odb /openlane/designs/dff_full_adder/runs/first_run/results/routing/dff_full_adder.odb |& tee /dev/null /openlane/designs/dff_full_adder/runs/first_run/logs/routing/25-wire_lengths.log}"

Sun Jan 07 04:57:17 UTC 2024 - Executing "openroad -exit /openlane/scripts/openroad/rcx.tcl |& tee /dev/null /openlane/designs/dff_full_adder/runs/first_run/logs/signoff/26-parasitics_extraction.min.log"

Sun Jan 07 04:57:17 UTC 2024 - Executing "{openroad -exit /openlane/scripts/openroad/rcx.tcl |& tee /dev/null /openlane/designs/dff_full_adder/runs/first_run/logs/signoff/26-parasitics_extraction.min.log}"

Sun Jan 07 04:57:18 UTC 2024 - Executing "sta -exit -no_init /openlane/scripts/openroad/sta/multi_corner.tcl |& tee /dev/null /openlane/designs/dff_full_adder/runs/first_run/logs/signoff/27-rcx_mcsta.min.log"

Sun Jan 07 04:57:18 UTC 2024 - Executing "{sta -exit -no_init /openlane/scripts/openroad/sta/multi_corner.tcl |& tee /dev/null /openlane/designs/dff_full_adder/runs/first_run/logs/signoff/27-rcx_mcsta.min.log}"

Sun Jan 07 04:57:22 UTC 2024 - Executing "openroad -exit /openlane/scripts/openroad/rcx.tcl |& tee /dev/null /openlane/designs/dff_full_adder/runs/first_run/logs/signoff/28-parasitics_extraction.max.log"

Sun Jan 07 04:57:22 UTC 2024 - Executing "{openroad -exit /openlane/scripts/openroad/rcx.tcl |& tee /dev/null /openlane/designs/dff_full_adder/runs/first_run/logs/signoff/28-parasitics_extraction.max.log}"

Sun Jan 07 04:57:23 UTC 2024 - Executing "sta -exit -no_init /openlane/scripts/openroad/sta/multi_corner.tcl |& tee /dev/null /openlane/designs/dff_full_adder/runs/first_run/logs/signoff/29-rcx_mcsta.max.log"

Sun Jan 07 04:57:23 UTC 2024 - Executing "{sta -exit -no_init /openlane/scripts/openroad/sta/multi_corner.tcl |& tee /dev/null /openlane/designs/dff_full_adder/runs/first_run/logs/signoff/29-rcx_mcsta.max.log}"

Sun Jan 07 04:57:26 UTC 2024 - Executing "openroad -exit /openlane/scripts/openroad/rcx.tcl |& tee /dev/null /openlane/designs/dff_full_adder/runs/first_run/logs/signoff/30-parasitics_extraction.nom.log"

Sun Jan 07 04:57:26 UTC 2024 - Executing "{openroad -exit /openlane/scripts/openroad/rcx.tcl |& tee /dev/null /openlane/designs/dff_full_adder/runs/first_run/logs/signoff/30-parasitics_extraction.nom.log}"

Sun Jan 07 04:57:28 UTC 2024 - Executing "sta -exit -no_init /openlane/scripts/openroad/sta/multi_corner.tcl |& tee /dev/null /openlane/designs/dff_full_adder/runs/first_run/logs/signoff/31-rcx_mcsta.nom.log"

Sun Jan 07 04:57:28 UTC 2024 - Executing "{sta -exit -no_init /openlane/scripts/openroad/sta/multi_corner.tcl |& tee /dev/null /openlane/designs/dff_full_adder/runs/first_run/logs/signoff/31-rcx_mcsta.nom.log}"

Sun Jan 07 04:57:31 UTC 2024 - Executing "openroad -exit /openlane/scripts/openroad/irdrop.tcl |& tee /dev/null /openlane/designs/dff_full_adder/runs/first_run/logs/signoff/32-irdrop.log"

Sun Jan 07 04:57:31 UTC 2024 - Executing "{openroad -exit /openlane/scripts/openroad/irdrop.tcl |& tee /dev/null /openlane/designs/dff_full_adder/runs/first_run/logs/signoff/32-irdrop.log}"

Sun Jan 07 04:57:34 UTC 2024 - Executing "magic -noconsole -dnull -rcfile /home/mmuddassir/.volare/sky130A/libs.tech/magic/sky130A.magicrc < /openlane/scripts/magic/wrapper.tcl |& tee /dev/null /openlane/designs/dff_full_adder/runs/first_run/logs/signoff/33-gdsii.log"

Sun Jan 07 04:57:34 UTC 2024 - Executing "{magic -noconsole -dnull -rcfile /home/mmuddassir/.volare/sky130A/libs.tech/magic/sky130A.magicrc < /openlane/scripts/magic/wrapper.tcl |& tee /dev/null /openlane/designs/dff_full_adder/runs/first_run/logs/signoff/33-gdsii.log}"

Sun Jan 07 04:57:35 UTC 2024 - Executing "magic -noconsole -dnull -rcfile /home/mmuddassir/.volare/sky130A/libs.tech/magic/sky130A.magicrc < /openlane/scripts/magic/wrapper.tcl |& tee /dev/null /openlane/designs/dff_full_adder/runs/first_run/logs/signoff/33-gds_ptrs.log"

Sun Jan 07 04:57:35 UTC 2024 - Executing "{magic -noconsole -dnull -rcfile /home/mmuddassir/.volare/sky130A/libs.tech/magic/sky130A.magicrc < /openlane/scripts/magic/wrapper.tcl |& tee /dev/null /openlane/designs/dff_full_adder/runs/first_run/logs/signoff/33-gds_ptrs.log}"

Sun Jan 07 04:57:36 UTC 2024 - Executing "{sed -i.bak -n {/^<< properties >>/,/^<< end >>/p} /openlane/designs/dff_full_adder/runs/first_run/tmp/signoff/gds_ptrs.mag}"

Sun Jan 07 04:57:36 UTC 2024 - Executing "magic -noconsole -dnull -rcfile /home/mmuddassir/.volare/sky130A/libs.tech/magic/sky130A.magicrc < /openlane/scripts/magic/wrapper.tcl |& tee /dev/null /openlane/designs/dff_full_adder/runs/first_run/logs/signoff/33-lef.log"

Sun Jan 07 04:57:36 UTC 2024 - Executing "{magic -noconsole -dnull -rcfile /home/mmuddassir/.volare/sky130A/libs.tech/magic/sky130A.magicrc < /openlane/scripts/magic/wrapper.tcl |& tee /dev/null /openlane/designs/dff_full_adder/runs/first_run/logs/signoff/33-lef.log}"

Sun Jan 07 04:57:42 UTC 2024 - Executing "magic -noconsole -dnull -rcfile /home/mmuddassir/.volare/sky130A/libs.tech/magic/sky130A.magicrc < /openlane/scripts/magic/wrapper.tcl |& tee /dev/null /openlane/designs/dff_full_adder/runs/first_run/logs/signoff/33-maglef.log"

Sun Jan 07 04:57:42 UTC 2024 - Executing "{magic -noconsole -dnull -rcfile /home/mmuddassir/.volare/sky130A/libs.tech/magic/sky130A.magicrc < /openlane/scripts/magic/wrapper.tcl |& tee /dev/null /openlane/designs/dff_full_adder/runs/first_run/logs/signoff/33-maglef.log}"

Sun Jan 07 04:57:42 UTC 2024 - Executing "{python3 /openlane/scripts/klayout/stream_out.py --output /openlane/designs/dff_full_adder/runs/first_run/results/signoff/dff_full_adder.klayout.gds --lyt /home/mmuddassir/.volare/sky130A/libs.tech/klayout/tech/sky130A.lyt --lym /home/mmuddassir/.volare/sky130A/libs.tech/klayout/tech/sky130A.map --lyp /home/mmuddassir/.volare/sky130A/libs.tech/klayout/tech/sky130A.lyp --top dff_full_adder --with-gds-file /home/mmuddassir/.volare/sky130A/libs.ref/sky130_fd_sc_hd/gds/sky130_fd_sc_hd.gds --input-lef /openlane/designs/dff_full_adder/runs/first_run/tmp/merged.nom.lef /openlane/designs/dff_full_adder/runs/first_run/results/routing/dff_full_adder.def |& tee /dev/null /openlane/designs/dff_full_adder/runs/first_run/logs/signoff/34-gdsii-klayout.log}"

Sun Jan 07 04:57:44 UTC 2024 - Executing "{klayout -b -r /openlane/scripts/klayout/xor.drc -rd a=/openlane/designs/dff_full_adder/runs/first_run/results/signoff/dff_full_adder.gds -rd b=/openlane/designs/dff_full_adder/runs/first_run/results/signoff/dff_full_adder.klayout.gds -rd jobs=1 -rd rdb_out=/openlane/designs/dff_full_adder/runs/first_run/reports/signoff/35-xor.xml -rd ignore=81/14 -rd rpt_out=/openlane/designs/dff_full_adder/runs/first_run/reports/signoff/35-xor.rpt |& tee /dev/null /openlane/designs/dff_full_adder/runs/first_run/logs/signoff/35-xor.log}"

Sun Jan 07 04:57:53 UTC 2024 - Executing "magic -noconsole -dnull -rcfile /home/mmuddassir/.volare/sky130A/libs.tech/magic/sky130A.magicrc < /openlane/scripts/magic/wrapper.tcl |& tee /dev/null /openlane/designs/dff_full_adder/runs/first_run/logs/signoff/36-spice.log"

Sun Jan 07 04:57:53 UTC 2024 - Executing "{magic -noconsole -dnull -rcfile /home/mmuddassir/.volare/sky130A/libs.tech/magic/sky130A.magicrc < /openlane/scripts/magic/wrapper.tcl |& tee /dev/null /openlane/designs/dff_full_adder/runs/first_run/logs/signoff/36-spice.log}"

Sun Jan 07 04:58:04 UTC 2024 - Executing "{openroad -exit -no_init -python /openlane/scripts/odbpy/power_utils.py write_powered_def --output /openlane/designs/dff_full_adder/runs/first_run/tmp/signoff/36-dff_full_adder.p.def --input-lef /openlane/designs/dff_full_adder/runs/first_run/tmp/merged.nom.lef --power-port VPWR --ground-port VGND --powered-netlist {} /openlane/designs/dff_full_adder/runs/first_run/results/routing/dff_full_adder.def |& tee /dev/null /openlane/designs/dff_full_adder/runs/first_run/logs/signoff/37-write_powered_def.log}"

Sun Jan 07 04:58:05 UTC 2024 - Executing "openroad -exit /openlane/scripts/openroad/write_views.tcl |& tee /dev/null /openlane/designs/dff_full_adder/runs/first_run/logs/signoff/37-write_powered_verilog.log"

Sun Jan 07 04:58:05 UTC 2024 - Executing "{openroad -exit /openlane/scripts/openroad/write_views.tcl |& tee /dev/null /openlane/designs/dff_full_adder/runs/first_run/logs/signoff/37-write_powered_verilog.log}"

Sun Jan 07 04:58:06 UTC 2024 - Executing "{sed -i.bak -e {s/\(set ::env(CURRENT_NETLIST)\).*/\1 \/openlane\/designs\/dff_full_adder\/runs\/first_run\/tmp\/signoff\/36-dff_full_adder.nl.v/} /openlane/designs/dff_full_adder/runs/first_run/config.tcl}"

Sun Jan 07 04:58:08 UTC 2024 - Executing "{netgen -batch source /openlane/designs/dff_full_adder/runs/first_run/tmp/signoff/39-setup_file.lef.lvs |& tee /dev/null /openlane/designs/dff_full_adder/runs/first_run/logs/signoff/39-lvs.lef.log}"

Sun Jan 07 04:58:09 UTC 2024 - Executing "magic -noconsole -dnull -rcfile /home/mmuddassir/.volare/sky130A/libs.tech/magic/sky130A.magicrc < /openlane/scripts/magic/wrapper.tcl |& tee /dev/null /openlane/designs/dff_full_adder/runs/first_run/logs/signoff/40-drc.log"

Sun Jan 07 04:58:09 UTC 2024 - Executing "{magic -noconsole -dnull -rcfile /home/mmuddassir/.volare/sky130A/libs.tech/magic/sky130A.magicrc < /openlane/scripts/magic/wrapper.tcl |& tee /dev/null /openlane/designs/dff_full_adder/runs/first_run/logs/signoff/40-drc.log}"

Sun Jan 07 04:58:30 UTC 2024 - Executing "{python3 /openlane/scripts/drc_rosetta.py magic to_tcl -o /openlane/designs/dff_full_adder/runs/first_run/reports/signoff/drc.tcl /openlane/designs/dff_full_adder/runs/first_run/reports/signoff/drc.rpt}"

Sun Jan 07 04:58:30 UTC 2024 - Executing "{python3 /openlane/scripts/drc_rosetta.py magic to_tr -o /openlane/designs/dff_full_adder/runs/first_run/reports/signoff/drc.tr /openlane/designs/dff_full_adder/runs/first_run/reports/signoff/drc.rpt}"

Sun Jan 07 04:58:31 UTC 2024 - Executing "{python3 /openlane/scripts/drc_rosetta.py tr to_klayout -o /openlane/designs/dff_full_adder/runs/first_run/reports/signoff/drc.klayout.xml --design-name dff_full_adder /openlane/designs/dff_full_adder/runs/first_run/reports/signoff/drc.tr}"

Sun Jan 07 04:58:31 UTC 2024 - Executing "{python3 /openlane/scripts/drc_rosetta.py magic to_rdb -o /openlane/designs/dff_full_adder/runs/first_run/reports/signoff/drc.rdb /openlane/designs/dff_full_adder/runs/first_run/reports/signoff/drc.rpt}"

Sun Jan 07 04:58:31 UTC 2024 - Executing "{klayout -b -zz -r /home/mmuddassir/.volare/sky130A/libs.tech/klayout/drc/sky130A_mr.drc -rd topcell=dff_full_adder -rd input=/openlane/designs/dff_full_adder/runs/first_run/results/signoff/dff_full_adder.gds -rd report=/openlane/designs/dff_full_adder/runs/first_run/reports/signoff/violations.xml -rd feol=true -rd beol=true -rd floating_metal=false -rd seal=true -rd thread=1 |& tee /dev/null /openlane/designs/dff_full_adder/runs/first_run/logs/signoff/41-drc-klayout.log}"

Sun Jan 07 04:58:57 UTC 2024 - Executing "{python3 /openlane/scripts/klayout/xml_drc_report_to_json.py --xml-file /openlane/designs/dff_full_adder/runs/first_run/reports/signoff/violations.xml --json-file /openlane/designs/dff_full_adder/runs/first_run/reports/signoff/violations.json}"

Sun Jan 07 04:58:57 UTC 2024 - Executing "openroad -exit /openlane/scripts/openroad/antenna_check.tcl |& tee /dev/null /openlane/designs/dff_full_adder/runs/first_run/logs/signoff/42-arc.log"

Sun Jan 07 04:58:57 UTC 2024 - Executing "{openroad -exit /openlane/scripts/openroad/antenna_check.tcl |& tee /dev/null /openlane/designs/dff_full_adder/runs/first_run/logs/signoff/42-arc.log}"

Sun Jan 07 04:58:58 UTC 2024 - Executing "{python3 /openlane/scripts/extract_antenna_violators.py --output /openlane/designs/dff_full_adder/runs/first_run/reports/signoff/42-antenna_violators.rpt --plain-out /openlane/designs/dff_full_adder/runs/first_run/reports/signoff/42-antenna_violators_pins.txt /openlane/designs/dff_full_adder/runs/first_run/logs/signoff/42-arc.log}"

Sun Jan 07 04:59:00 UTC 2024 - Executing "{python3 /openlane/scripts/write_runtime.py --conclude --seconds --time-in 1704603540 {flow completed}}"

Sun Jan 07 04:59:00 UTC 2024 - Executing "{python3 /openlane/scripts/generate_reports.py -d /openlane/designs/dff_full_adder --design_name dff_full_adder --tag first_run --output_file /openlane/designs/dff_full_adder/runs/first_run/reports/metrics.csv --man_report /openlane/designs/dff_full_adder/runs/first_run/reports/manufacturability.rpt --run_path /openlane/designs/dff_full_adder/runs/first_run}"

