
===========================================================================
 report_power
============================================================================
======================= Fastest Corner ===================================

Group                  Internal  Switching    Leakage      Total
                          Power      Power      Power      Power (Watts)
----------------------------------------------------------------
Sequential             2.01e-03   1.76e-04   5.22e-09   2.19e-03  47.2%
Combinational          9.05e-04   5.69e-04   1.42e-08   1.47e-03  31.8%
Clock                  4.11e-04   5.61e-04   3.91e-09   9.72e-04  21.0%
Macro                  0.00e+00   0.00e+00   0.00e+00   0.00e+00   0.0%
Pad                    0.00e+00   0.00e+00   0.00e+00   0.00e+00   0.0%
----------------------------------------------------------------
Total                  3.33e-03   1.31e-03   2.33e-08   4.64e-03 100.0%
                          71.8%      28.2%       0.0%

======================= Slowest Corner ===================================

Group                  Internal  Switching    Leakage      Total
                          Power      Power      Power      Power (Watts)
----------------------------------------------------------------
Sequential             1.35e-03   1.12e-04   5.18e-06   1.46e-03  46.8%
Combinational          6.30e-04   3.70e-04   9.18e-06   1.01e-03  32.2%
Clock                  3.00e-04   3.57e-04   4.31e-07   6.58e-04  21.0%
Macro                  0.00e+00   0.00e+00   0.00e+00   0.00e+00   0.0%
Pad                    0.00e+00   0.00e+00   0.00e+00   0.00e+00   0.0%
----------------------------------------------------------------
Total                  2.28e-03   8.40e-04   1.48e-05   3.13e-03 100.0%
                          72.7%      26.8%       0.5%

======================= Typical Corner ===================================

Group                  Internal  Switching    Leakage      Total
                          Power      Power      Power      Power (Watts)
----------------------------------------------------------------
Sequential             1.73e-03   1.46e-04   3.00e-09   1.87e-03  47.1%
Combinational          7.92e-04   4.76e-04   6.29e-09   1.27e-03  31.9%
Clock                  3.63e-04   4.70e-04   2.89e-09   8.33e-04  21.0%
Macro                  0.00e+00   0.00e+00   0.00e+00   0.00e+00   0.0%
Pad                    0.00e+00   0.00e+00   0.00e+00   0.00e+00   0.0%
----------------------------------------------------------------
Total                  2.88e-03   1.09e-03   1.22e-08   3.97e-03 100.0%
                          72.5%      27.5%       0.0%

