
===========================================================================
 report_power
============================================================================
======================= Fastest Corner ===================================

Group                  Internal  Switching    Leakage      Total
                          Power      Power      Power      Power (Watts)
----------------------------------------------------------------
Sequential             2.01e-03   1.60e-04   5.22e-09   2.17e-03  47.8%
Combinational          9.04e-04   5.44e-04   1.42e-08   1.45e-03  31.8%
Clock                  4.10e-04   5.18e-04   3.91e-09   9.29e-04  20.4%
Macro                  0.00e+00   0.00e+00   0.00e+00   0.00e+00   0.0%
Pad                    0.00e+00   0.00e+00   0.00e+00   0.00e+00   0.0%
----------------------------------------------------------------
Total                  3.33e-03   1.22e-03   2.33e-08   4.55e-03 100.0%
                          73.1%      26.9%       0.0%

======================= Slowest Corner ===================================

Group                  Internal  Switching    Leakage      Total
                          Power      Power      Power      Power (Watts)
----------------------------------------------------------------
Sequential             1.35e-03   1.02e-04   5.18e-06   1.45e-03  47.3%
Combinational          6.29e-04   3.53e-04   9.18e-06   9.92e-04  32.3%
Clock                  3.00e-04   3.28e-04   4.31e-07   6.28e-04  20.4%
Macro                  0.00e+00   0.00e+00   0.00e+00   0.00e+00   0.0%
Pad                    0.00e+00   0.00e+00   0.00e+00   0.00e+00   0.0%
----------------------------------------------------------------
Total                  2.28e-03   7.84e-04   1.48e-05   3.07e-03 100.0%
                          74.0%      25.5%       0.5%

======================= Typical Corner ===================================

Group                  Internal  Switching    Leakage      Total
                          Power      Power      Power      Power (Watts)
----------------------------------------------------------------
Sequential             1.73e-03   1.33e-04   3.00e-09   1.86e-03  47.7%
Combinational          7.92e-04   4.54e-04   6.29e-09   1.25e-03  31.9%
Clock                  3.61e-04   4.34e-04   2.89e-09   7.96e-04  20.4%
Macro                  0.00e+00   0.00e+00   0.00e+00   0.00e+00   0.0%
Pad                    0.00e+00   0.00e+00   0.00e+00   0.00e+00   0.0%
----------------------------------------------------------------
Total                  2.88e-03   1.02e-03   1.22e-08   3.90e-03 100.0%
                          73.8%      26.2%       0.0%

