
===========================================================================
report_checks -unconstrained
===========================================================================
======================= Fastest Corner ===================================

Startpoint: en_n (input port clocked by clk)
Endpoint: _1924_ (rising edge-triggered flip-flop clocked by clk)
Path Group: clk
Path Type: max
Corner: Fastest

Fanout     Cap    Slew   Delay    Time   Description
-----------------------------------------------------------------------------
                  0.15    0.00    0.00   clock clk (rise edge)
                          0.00    0.00   clock network delay (ideal)
                          2.00    2.00 ^ input external delay
     1    0.00    0.01    0.01    2.01 ^ en_n (in)
                                         en_n (net)
                  0.01    0.00    2.01 ^ input3/A (sky130_fd_sc_hd__buf_1)
     1    0.02    0.17    0.15    2.16 ^ input3/X (sky130_fd_sc_hd__buf_1)
                                         net3 (net)
                  0.17    0.00    2.16 ^ _0933_/A (sky130_fd_sc_hd__buf_4)
    10    0.06    0.13    0.18    2.34 ^ _0933_/X (sky130_fd_sc_hd__buf_4)
                                         _0774_ (net)
                  0.13    0.00    2.34 ^ _0936_/A (sky130_fd_sc_hd__nor2b_2)
     4    0.01    0.05    0.05    2.39 v _0936_/Y (sky130_fd_sc_hd__nor2b_2)
                                         _0777_ (net)
                  0.05    0.00    2.39 v _0937_/A (sky130_fd_sc_hd__buf_4)
    10    0.06    0.06    0.14    2.53 v _0937_/X (sky130_fd_sc_hd__buf_4)
                                         _0778_ (net)
                  0.06    0.00    2.54 v _0938_/B (sky130_fd_sc_hd__nor3b_2)
     4    0.02    0.26    0.25    2.79 ^ _0938_/Y (sky130_fd_sc_hd__nor3b_2)
                                         _0779_ (net)
                  0.26    0.00    2.79 ^ max_cap149/A (sky130_fd_sc_hd__buf_2)
     6    0.04    0.14    0.19    2.98 ^ max_cap149/X (sky130_fd_sc_hd__buf_2)
                                         net149 (net)
                  0.14    0.00    2.98 ^ _1205_/A (sky130_fd_sc_hd__buf_4)
    10    0.06    0.13    0.18    3.16 ^ _1205_/X (sky130_fd_sc_hd__buf_4)
                                         _0416_ (net)
                  0.13    0.00    3.16 ^ _1222_/S (sky130_fd_sc_hd__mux2_1)
     1    0.00    0.04    0.21    3.37 v _1222_/X (sky130_fd_sc_hd__mux2_1)
                                         _0429_ (net)
                  0.04    0.00    3.37 v _1223_/A (sky130_fd_sc_hd__clkbuf_1)
     1    0.00    0.02    0.06    3.43 v _1223_/X (sky130_fd_sc_hd__clkbuf_1)
                                         _0064_ (net)
                  0.02    0.00    3.43 v _1924_/D (sky130_fd_sc_hd__dfxtp_1)
                                  3.43   data arrival time

                  0.15   10.00   10.00   clock clk (rise edge)
                          0.00   10.00   clock network delay (ideal)
                         -0.25    9.75   clock uncertainty
                          0.00    9.75   clock reconvergence pessimism
                                  9.75 ^ _1924_/CLK (sky130_fd_sc_hd__dfxtp_1)
                         -0.05    9.70   library setup time
                                  9.70   data required time
-----------------------------------------------------------------------------
                                  9.70   data required time
                                 -3.43   data arrival time
-----------------------------------------------------------------------------
                                  6.26   slack (MET)



======================= Slowest Corner ===================================

Startpoint: address[0] (input port clocked by clk)
Endpoint: _2175_ (rising edge-triggered flip-flop clocked by clk)
Path Group: clk
Path Type: max
Corner: Slowest

Fanout     Cap    Slew   Delay    Time   Description
-----------------------------------------------------------------------------
                  0.15    0.00    0.00   clock clk (rise edge)
                          0.00    0.00   clock network delay (ideal)
                          2.00    2.00 ^ input external delay
     1    0.00    0.04    0.02    2.02 ^ address[0] (in)
                                         address[0] (net)
                  0.04    0.00    2.02 ^ input1/A (sky130_fd_sc_hd__clkbuf_2)
     4    0.02    0.19    0.28    2.30 ^ input1/X (sky130_fd_sc_hd__clkbuf_2)
                                         net1 (net)
                  0.19    0.00    2.30 ^ _0962_/A (sky130_fd_sc_hd__buf_4)
    10    0.07    0.30    0.46    2.76 ^ _0962_/X (sky130_fd_sc_hd__buf_4)
                                         _0797_ (net)
                  0.30    0.00    2.76 ^ _1052_/A (sky130_fd_sc_hd__buf_4)
    10    0.06    0.29    0.50    3.26 ^ _1052_/X (sky130_fd_sc_hd__buf_4)
                                         _0867_ (net)
                  0.29    0.00    3.26 ^ _1057_/S0 (sky130_fd_sc_hd__mux4_1)
     2    0.01    0.21    1.45    4.71 v _1057_/X (sky130_fd_sc_hd__mux4_1)
                                         _0871_ (net)
                  0.21    0.00    4.71 v _1058_/A1 (sky130_fd_sc_hd__mux2_1)
     4    0.01    0.20    0.87    5.58 v _1058_/X (sky130_fd_sc_hd__mux2_1)
                                         _0872_ (net)
                  0.20    0.00    5.58 v _1766_/A1 (sky130_fd_sc_hd__mux2_1)
     1    0.00    0.12    0.75    6.33 v _1766_/X (sky130_fd_sc_hd__mux2_1)
                                         _0722_ (net)
                  0.12    0.00    6.33 v _1767_/A (sky130_fd_sc_hd__clkbuf_1)
     1    0.00    0.04    0.19    6.51 v _1767_/X (sky130_fd_sc_hd__clkbuf_1)
                                         _0315_ (net)
                  0.04    0.00    6.51 v _2175_/D (sky130_fd_sc_hd__dfxtp_1)
                                  6.51   data arrival time

                  0.15   10.00   10.00   clock clk (rise edge)
                          0.00   10.00   clock network delay (ideal)
                         -0.25    9.75   clock uncertainty
                          0.00    9.75   clock reconvergence pessimism
                                  9.75 ^ _2175_/CLK (sky130_fd_sc_hd__dfxtp_1)
                         -0.24    9.51   library setup time
                                  9.51   data required time
-----------------------------------------------------------------------------
                                  9.51   data required time
                                 -6.51   data arrival time
-----------------------------------------------------------------------------
                                  3.00   slack (MET)



======================= Typical Corner ===================================

Startpoint: en_n (input port clocked by clk)
Endpoint: _1924_ (rising edge-triggered flip-flop clocked by clk)
Path Group: clk
Path Type: max
Corner: Typical

Fanout     Cap    Slew   Delay    Time   Description
-----------------------------------------------------------------------------
                  0.15    0.00    0.00   clock clk (rise edge)
                          0.00    0.00   clock network delay (ideal)
                          2.00    2.00 ^ input external delay
     1    0.00    0.02    0.01    2.01 ^ en_n (in)
                                         en_n (net)
                  0.02    0.00    2.01 ^ input3/A (sky130_fd_sc_hd__buf_1)
     1    0.02    0.23    0.21    2.22 ^ input3/X (sky130_fd_sc_hd__buf_1)
                                         net3 (net)
                  0.23    0.00    2.22 ^ _0933_/A (sky130_fd_sc_hd__buf_4)
    10    0.06    0.17    0.28    2.50 ^ _0933_/X (sky130_fd_sc_hd__buf_4)
                                         _0774_ (net)
                  0.17    0.00    2.50 ^ _0936_/A (sky130_fd_sc_hd__nor2b_2)
     4    0.01    0.06    0.09    2.60 v _0936_/Y (sky130_fd_sc_hd__nor2b_2)
                                         _0777_ (net)
                  0.06    0.00    2.60 v _0937_/A (sky130_fd_sc_hd__buf_4)
    10    0.05    0.08    0.21    2.81 v _0937_/X (sky130_fd_sc_hd__buf_4)
                                         _0778_ (net)
                  0.08    0.00    2.81 v _0938_/B (sky130_fd_sc_hd__nor3b_2)
     4    0.02    0.36    0.36    3.17 ^ _0938_/Y (sky130_fd_sc_hd__nor3b_2)
                                         _0779_ (net)
                  0.36    0.00    3.17 ^ max_cap149/A (sky130_fd_sc_hd__buf_2)
     6    0.04    0.18    0.31    3.48 ^ max_cap149/X (sky130_fd_sc_hd__buf_2)
                                         net149 (net)
                  0.18    0.00    3.48 ^ _1205_/A (sky130_fd_sc_hd__buf_4)
    10    0.06    0.17    0.27    3.74 ^ _1205_/X (sky130_fd_sc_hd__buf_4)
                                         _0416_ (net)
                  0.17    0.00    3.75 ^ _1222_/S (sky130_fd_sc_hd__mux2_1)
     1    0.00    0.06    0.36    4.11 v _1222_/X (sky130_fd_sc_hd__mux2_1)
                                         _0429_ (net)
                  0.06    0.00    4.11 v _1223_/A (sky130_fd_sc_hd__clkbuf_1)
     1    0.00    0.02    0.10    4.21 v _1223_/X (sky130_fd_sc_hd__clkbuf_1)
                                         _0064_ (net)
                  0.02    0.00    4.21 v _1924_/D (sky130_fd_sc_hd__dfxtp_1)
                                  4.21   data arrival time

                  0.15   10.00   10.00   clock clk (rise edge)
                          0.00   10.00   clock network delay (ideal)
                         -0.25    9.75   clock uncertainty
                          0.00    9.75   clock reconvergence pessimism
                                  9.75 ^ _1924_/CLK (sky130_fd_sc_hd__dfxtp_1)
                         -0.08    9.67   library setup time
                                  9.67   data required time
-----------------------------------------------------------------------------
                                  9.67   data required time
                                 -4.21   data arrival time
-----------------------------------------------------------------------------
                                  5.47   slack (MET)




===========================================================================
report_checks --slack_max -0.01
============================================================================
======================= Fastest Corner ===================================

No paths found.

======================= Slowest Corner ===================================

No paths found.

======================= Typical Corner ===================================

No paths found.


===========================================================================
 report_check_types -max_slew -max_cap -max_fanout -violators
============================================================================
======================= Fastest Corner ===================================


max slew violations count Fastest: 0
max fanout violations count Fastest: 0
max cap violations count Fastest: 0
======================= Slowest Corner ===================================


max slew violations count Slowest: 0
max fanout violations count Slowest: 0
max cap violations count Slowest: 0
======================= Typical Corner ===================================


max slew violations count Typical: 0
max fanout violations count Typical: 0
max cap violations count Typical: 0

===========================================================================
report_parasitic_annotation -report_unannotated
============================================================================
Found 0 unannotated drivers.
Found 0 partially unannotated drivers.

===========================================================================
max slew violation count 0
max fanout violation count 0
max cap violation count 0
============================================================================

===========================================================================
check_setup -verbose -unconstrained_endpoints -multiple_clock -no_clock -no_input_delay -loops -generated_clocks
===========================================================================
