Instance name, X location, Y location, Voltage
FILLER_0_91_1033, 485.94, 261.12, 1.51811e-10
FILLER_0_89_1057, 485.94, 250.24, 1.4838e-10
FILLER_0_87_1057, 485.94, 244.8, 1.34233e-10
FILLER_0_85_1057, 485.94, 239.36, 1.14555e-10
FILLER_0_83_1057, 485.94, 233.92, 8.93498e-11
FILLER_0_81_1057, 485.94, 228.48, 1.05938e-10
FILLER_0_79_1057, 485.94, 223.04, 1.17e-10
FILLER_0_77_1057, 485.94, 217.6, 1.22533e-10
FILLER_0_75_1057, 485.94, 212.16, 1.22533e-10
FILLER_0_73_1057, 485.94, 206.72, 1.17e-10
FILLER_0_71_1057, 485.94, 201.28, 1.05938e-10
FILLER_0_69_1057, 485.94, 195.84, 8.93498e-11
FILLER_0_67_1057, 485.94, 190.4, 9.93378e-11
FILLER_0_65_1057, 485.94, 184.96, 1.03802e-10
FILLER_0_63_1057, 485.94, 179.52, 1.07693e-10
FILLER_0_61_1057, 485.94, 174.08, 1.07104e-10
FILLER_0_59_1057, 485.94, 168.64, 1.00989e-10
FILLER_0_57_1057, 485.94, 163.2, 8.93498e-11
FILLER_0_55_1057, 485.94, 157.76, 6.4571e-09
FILLER_0_53_1057, 485.94, 152.32, 1.26841e-08
FILLER_0_51_1057, 485.94, 146.88, 1.86341e-08
FILLER_0_49_1057, 485.94, 141.44, 2.41692e-08
FILLER_0_47_1057, 485.94, 136, 3.17837e-07
FILLER_0_45_1057, 485.94, 130.56, 1.36667e-08
FILLER_0_43_1057, 485.94, 125.12, 1.03168e-10
FILLER_0_41_1057, 485.94, 119.68, 1.11461e-10
FILLER_0_39_1057, 485.94, 114.24, 1.14225e-10
FILLER_0_37_1057, 485.94, 108.8, 1.11461e-10
FILLER_0_35_1057, 485.94, 103.36, 1.03168e-10
FILLER_0_33_1057, 485.94, 97.92, 8.93498e-11
FILLER_0_31_1057, 485.94, 92.48, 1.05938e-10
FILLER_0_29_1057, 485.94, 87.04, 1.17e-10
FILLER_0_27_1057, 485.94, 81.6, 1.22533e-10
FILLER_0_25_1057, 485.94, 76.16, 1.22533e-10
FILLER_0_23_1057, 485.94, 70.72, 1.17e-10
FILLER_0_21_1057, 485.94, 65.28, 1.05938e-10
FILLER_0_19_1057, 485.94, 59.84, 8.93498e-11
FILLER_0_17_1057, 485.94, 54.4, 1.02822e-10
FILLER_0_15_1057, 485.94, 48.96, 1.10769e-10
FILLER_0_13_1057, 485.94, 43.52, 1.13188e-10
FILLER_0_11_1057, 485.94, 38.08, 1.10078e-10
FILLER_0_9_1057, 485.94, 32.64, 1.01441e-10
FILLER_0_7_1057, 485.94, 27.2, 8.93498e-11
FILLER_0_5_1057, 485.94, 21.76, 8.08726e-08
FILLER_0_3_1057, 485.94, 16.32, 3.38855e-07
FILLER_0_0_1033, 485.94, 10.88, 6.51194e-07
FILLER_0_1_1057, 485.94, 10.88, 6.51194e-07
FILLER_0_91_697, 332.34, 261.12, 1.42436e-10
FILLER_0_89_721, 332.34, 250.24, 1.63661e-10
FILLER_0_87_721, 332.34, 244.8, 1.48715e-10
FILLER_0_85_721, 332.34, 239.36, 1.27663e-10
FILLER_0_83_721, 332.34, 233.92, 1.00501e-10
FILLER_0_81_721, 332.34, 228.48, 1.18826e-10
FILLER_0_79_721, 332.34, 223.04, 1.31037e-10
FILLER_0_77_721, 332.34, 217.6, 1.37142e-10
FILLER_0_75_721, 332.34, 212.16, 1.37142e-10
FILLER_0_73_721, 332.34, 206.72, 1.31037e-10
FILLER_0_71_721, 332.34, 201.28, 1.18826e-10
FILLER_0_69_721, 332.34, 195.84, 1.00501e-10
FILLER_0_67_721, 332.34, 190.4, 1.11553e-10
FILLER_0_65_721, 332.34, 184.96, 1.1649e-10
FILLER_0_63_721, 332.34, 179.52, 1.20792e-10
FILLER_0_61_721, 332.34, 174.08, 1.20141e-10
FILLER_0_59_721, 332.34, 168.64, 1.13378e-10
FILLER_0_57_721, 332.34, 163.2, 1.00501e-10
FILLER_0_55_721, 332.34, 157.76, 4.48284e-08
FILLER_0_53_721, 332.34, 152.32, 8.96914e-08
FILLER_0_51_721, 332.34, 146.88, 1.34832e-07
FILLER_0_49_721, 332.34, 141.44, 1.80398e-07
FILLER_0_47_721, 332.34, 136, 4.94806e-06
FILLER_0_45_721, 332.34, 130.56, 2.22159e-07
FILLER_0_43_721, 332.34, 125.12, 1.15779e-10
FILLER_0_41_721, 332.34, 119.68, 1.24943e-10
FILLER_0_39_721, 332.34, 114.24, 1.27997e-10
FILLER_0_37_721, 332.34, 108.8, 1.24943e-10
FILLER_0_35_721, 332.34, 103.36, 1.15779e-10
FILLER_0_33_721, 332.34, 97.92, 1.00501e-10
FILLER_0_31_721, 332.34, 92.48, 1.18826e-10
FILLER_0_29_721, 332.34, 87.04, 1.31037e-10
FILLER_0_27_721, 332.34, 81.6, 1.37142e-10
FILLER_0_25_721, 332.34, 76.16, 1.37142e-10
FILLER_0_23_721, 332.34, 70.72, 1.31037e-10
FILLER_0_21_721, 332.34, 65.28, 1.18826e-10
FILLER_0_19_721, 332.34, 59.84, 1.00501e-10
FILLER_0_17_721, 332.34, 54.4, 1.15398e-10
FILLER_0_15_721, 332.34, 48.96, 1.24181e-10
FILLER_0_13_721, 332.34, 43.52, 1.26854e-10
FILLER_0_11_721, 332.34, 38.08, 1.23418e-10
FILLER_0_9_721, 332.34, 32.64, 1.13872e-10
FILLER_0_7_721, 332.34, 27.2, 1.00501e-10
FILLER_0_5_721, 332.34, 21.76, 5.69663e-07
FILLER_0_3_721, 332.34, 16.32, 4.0674e-06
FILLER_0_0_697, 332.34, 10.88, 8.68263e-06
FILLER_0_1_721, 332.34, 10.88, 8.68263e-06
FILLER_0_91_389, 178.74, 255.68, 2.12101e-10
FILLER_0_89_385, 178.74, 250.24, 1.61964e-10
FILLER_0_87_385, 178.74, 244.8, 1.47184e-10
FILLER_0_85_385, 178.74, 239.36, 1.26413e-10
FILLER_0_83_385, 178.74, 233.92, 9.96351e-11
FILLER_0_81_385, 178.74, 228.48, 1.1765e-10
FILLER_0_79_385, 178.74, 223.04, 1.29652e-10
FILLER_0_77_385, 178.74, 217.6, 1.35651e-10
FILLER_0_75_385, 178.74, 212.16, 1.35651e-10
FILLER_0_73_385, 178.74, 206.72, 1.29652e-10
FILLER_0_71_385, 178.74, 201.28, 1.1765e-10
FILLER_0_69_385, 178.74, 195.84, 9.96351e-11
FILLER_0_67_385, 178.74, 190.4, 1.10507e-10
FILLER_0_65_385, 178.74, 184.96, 1.15363e-10
FILLER_0_63_385, 178.74, 179.52, 1.19593e-10
FILLER_0_61_385, 178.74, 174.08, 1.18953e-10
FILLER_0_59_385, 178.74, 168.64, 1.12302e-10
FILLER_0_57_385, 178.74, 163.2, 9.96351e-11
FILLER_0_55_385, 178.74, 157.76, 4.30504e-08
FILLER_0_53_385, 178.74, 152.32, 8.61197e-08
FILLER_0_51_385, 178.74, 146.88, 1.29433e-07
FILLER_0_49_385, 178.74, 141.44, 1.73121e-07
FILLER_0_47_385, 178.74, 136, 4.72107e-06
FILLER_0_45_385, 178.74, 130.56, 2.2216e-07
FILLER_0_43_385, 178.74, 125.12, 1.1466e-10
FILLER_0_41_385, 178.74, 119.68, 1.2367e-10
FILLER_0_39_385, 178.74, 114.24, 1.26672e-10
FILLER_0_37_385, 178.74, 108.8, 1.2367e-10
FILLER_0_35_385, 178.74, 103.36, 1.1466e-10
FILLER_0_33_385, 178.74, 97.92, 9.96351e-11
FILLER_0_31_385, 178.74, 92.48, 1.1765e-10
FILLER_0_29_385, 178.74, 87.04, 1.29652e-10
FILLER_0_27_385, 178.74, 81.6, 1.35651e-10
FILLER_0_25_385, 178.74, 76.16, 1.35651e-10
FILLER_0_23_385, 178.74, 70.72, 1.29652e-10
FILLER_0_21_385, 178.74, 65.28, 1.1765e-10
FILLER_0_19_385, 178.74, 59.84, 9.96351e-11
FILLER_0_17_385, 178.74, 54.4, 1.14286e-10
FILLER_0_15_385, 178.74, 48.96, 1.22922e-10
FILLER_0_13_385, 178.74, 43.52, 1.2555e-10
FILLER_0_11_385, 178.74, 38.08, 1.22172e-10
FILLER_0_9_385, 178.74, 32.64, 1.12785e-10
FILLER_0_7_385, 178.74, 27.2, 9.96351e-11
FILLER_0_5_385, 178.74, 21.76, 5.17103e-07
FILLER_0_3_385, 178.74, 16.32, 3.41922e-06
FILLER_0_0_389, 178.74, 10.88, 8.02398e-06
FILLER_0_1_385, 178.74, 10.88, 8.02398e-06
FILLER_0_91_53, 25.14, 255.68, 1.55101e-10
FILLER_0_89_51, 25.14, 250.24, 1.21921e-10
FILLER_0_87_51, 25.14, 244.8, 1.10394e-10
FILLER_0_85_51, 25.14, 239.36, 9.42312e-11
FILLER_0_83_51, 25.14, 233.92, 7.34482e-11
FILLER_0_81_51, 25.14, 228.48, 8.73124e-11
FILLER_0_79_51, 25.14, 223.04, 9.65634e-11
FILLER_0_77_51, 25.14, 217.6, 1.01191e-10
FILLER_0_75_51, 25.14, 212.16, 1.01191e-10
FILLER_0_73_51, 25.14, 206.72, 9.65634e-11
FILLER_0_71_51, 25.14, 201.28, 8.73124e-11
FILLER_0_69_51, 25.14, 195.84, 7.34482e-11
FILLER_0_67_51, 25.14, 190.4, 8.17833e-11
FILLER_0_65_51, 25.14, 184.96, 8.55108e-11
FILLER_0_63_51, 25.14, 179.52, 8.876e-11
FILLER_0_61_51, 25.14, 174.08, 8.82688e-11
FILLER_0_59_51, 25.14, 168.64, 8.3163e-11
FILLER_0_57_51, 25.14, 163.2, 7.34482e-11
FILLER_0_55_51, 25.14, 157.76, 6.16874e-09
FILLER_0_53_51, 25.14, 152.32, 1.21288e-08
FILLER_0_51_51, 25.14, 146.88, 1.78222e-08
FILLER_0_49_51, 25.14, 141.44, 2.31157e-08
FILLER_0_47_51, 25.14, 136, 3.03247e-07
FILLER_0_45_51, 25.14, 130.56, 1.36509e-08
FILLER_0_43_51, 25.14, 125.12, 8.49878e-11
FILLER_0_41_51, 25.14, 119.68, 9.19164e-11
FILLER_0_39_51, 25.14, 114.24, 9.42268e-11
FILLER_0_37_51, 25.14, 108.8, 9.19164e-11
FILLER_0_35_51, 25.14, 103.36, 8.49878e-11
FILLER_0_33_51, 25.14, 97.92, 7.34482e-11
FILLER_0_31_51, 25.14, 92.48, 8.73124e-11
FILLER_0_29_51, 25.14, 87.04, 9.65634e-11
FILLER_0_27_51, 25.14, 81.6, 1.01191e-10
FILLER_0_25_51, 25.14, 76.16, 1.01191e-10
FILLER_0_23_51, 25.14, 70.72, 9.65634e-11
FILLER_0_21_51, 25.14, 65.28, 8.73124e-11
FILLER_0_19_51, 25.14, 59.84, 7.34482e-11
FILLER_0_17_51, 25.14, 54.4, 8.46979e-11
FILLER_0_15_51, 25.14, 48.96, 9.13369e-11
FILLER_0_13_51, 25.14, 43.52, 9.33583e-11
FILLER_0_11_51, 25.14, 38.08, 9.07598e-11
FILLER_0_9_51, 25.14, 32.64, 8.35442e-11
FILLER_0_7_51, 25.14, 27.2, 7.34482e-11
FILLER_0_5_51, 25.14, 21.76, 7.29486e-08
FILLER_0_3_51, 25.14, 16.32, 2.89987e-07
FILLER_0_0_53, 25.14, 10.88, 5.99409e-07
FILLER_0_1_51, 25.14, 10.88, 5.99409e-07
PHY_EDGE_ROW_91_Left_183, 5.52, 261.12, 8.07799e-11
PHY_EDGE_ROW_91_Right_91, 510.6, 261.12, 2.03829e-10
FILLER_0_91_1089, 510.6, 261.12, 2.03829e-10
FILLER_0_91_641, 306.74, 261.12, 1.58673e-10
FILLER_0_91_669, 319.54, 261.12, 1.55954e-10
FILLER_0_91_725, 345.14, 261.12, 2.02618e-10
FILLER_0_91_753, 357.94, 261.12, 2.51999e-10
FILLER_0_91_781, 370.74, 261.12, 2.90581e-10
FILLER_0_91_809, 383.54, 261.12, 3.18363e-10
FILLER_0_91_837, 396.34, 261.12, 3.35344e-10
FILLER_0_91_865, 409.14, 261.12, 3.41526e-10
FILLER_0_91_893, 421.94, 261.12, 3.36907e-10
FILLER_0_91_921, 434.74, 261.12, 3.21488e-10
FILLER_0_91_949, 447.54, 261.12, 2.95269e-10
FILLER_0_91_977, 460.34, 261.12, 2.5825e-10
FILLER_0_91_1005, 473.14, 261.12, 2.10431e-10
FILLER_0_91_1061, 498.27, 261.12, 1.83022e-10
PHY_EDGE_ROW_89_Left_181, 5.52, 255.68, 1.8821e-10
PHY_EDGE_ROW_90_Left_182, 5.52, 255.68, 1.8821e-10
PHY_EDGE_ROW_89_Right_89, 510.6, 255.68, 2.11159e-10
PHY_EDGE_ROW_90_Right_90, 510.6, 255.68, 2.11159e-10
FILLER_0_89_1089, 510.6, 255.68, 2.11159e-10
FILLER_0_90_1085, 510.6, 255.68, 2.11159e-10
FILLER_0_90_77, 37.94, 255.68, 2.51652e-10
FILLER_0_91_81, 37.94, 255.68, 2.51652e-10
FILLER_0_91_109, 50.74, 255.68, 3.26603e-10
FILLER_0_90_133, 63.54, 255.68, 3.90753e-10
FILLER_0_91_137, 63.54, 255.68, 3.90753e-10
FILLER_0_91_165, 76.34, 255.68, 4.33304e-10
FILLER_0_90_189, 89.14, 255.68, 4.65054e-10
FILLER_0_91_193, 89.14, 255.68, 4.65054e-10
FILLER_0_91_221, 101.94, 255.68, 4.75204e-10
FILLER_0_90_245, 114.74, 255.68, 4.74554e-10
FILLER_0_91_249, 114.74, 255.68, 4.74554e-10
FILLER_0_91_277, 127.54, 255.68, 4.52304e-10
FILLER_0_90_301, 140.34, 255.68, 4.19253e-10
FILLER_0_91_305, 140.34, 255.68, 4.19253e-10
FILLER_0_91_333, 153.14, 255.68, 3.64603e-10
FILLER_0_90_357, 165.94, 255.68, 2.99152e-10
FILLER_0_91_361, 165.94, 255.68, 2.99152e-10
FILLER_0_90_413, 191.54, 255.68, 2.93394e-10
FILLER_0_91_417, 191.54, 255.68, 2.93394e-10
FILLER_0_91_445, 204.34, 255.68, 3.53088e-10
FILLER_0_90_469, 217.14, 255.68, 4.01981e-10
FILLER_0_91_473, 217.14, 255.68, 4.01981e-10
FILLER_0_91_501, 229.94, 255.68, 4.29274e-10
FILLER_0_90_525, 242.74, 255.68, 4.45767e-10
FILLER_0_91_529, 242.74, 255.68, 4.45767e-10
FILLER_0_91_557, 255.54, 255.68, 4.40659e-10
FILLER_0_90_581, 268.34, 255.68, 4.24752e-10
FILLER_0_91_585, 268.34, 255.68, 4.24752e-10
FILLER_0_91_613, 281.14, 255.68, 3.87244e-10
FILLER_0_90_637, 293.94, 255.68, 3.38936e-10
FILLER_0_90_693, 319.54, 255.68, 2.2072e-10
FILLER_0_90_749, 345.14, 255.68, 1.81305e-10
FILLER_0_90_805, 370.74, 255.68, 2.20692e-10
FILLER_0_90_861, 396.34, 255.68, 2.38479e-10
FILLER_0_90_917, 421.94, 255.68, 2.34666e-10
FILLER_0_90_973, 447.54, 255.68, 2.09252e-10
FILLER_0_90_1029, 473.14, 255.68, 1.62238e-10
PHY_EDGE_ROW_87_Left_179, 5.52, 250.24, 1.5503e-10
PHY_EDGE_ROW_88_Left_180, 5.52, 250.24, 1.5503e-10
PHY_EDGE_ROW_87_Right_87, 510.6, 250.24, 2.31608e-10
PHY_EDGE_ROW_88_Right_88, 510.6, 250.24, 2.31608e-10
FILLER_0_87_1089, 510.6, 250.24, 2.31608e-10
FILLER_0_88_1085, 510.6, 250.24, 2.31608e-10
FILLER_0_88_77, 37.94, 250.24, 1.84659e-10
FILLER_0_89_105, 50.74, 250.24, 2.36597e-10
FILLER_0_88_133, 63.54, 250.24, 2.77735e-10
FILLER_0_89_161, 76.34, 250.24, 3.08072e-10
FILLER_0_88_189, 89.14, 250.24, 3.27609e-10
FILLER_0_89_217, 101.94, 250.24, 3.36346e-10
FILLER_0_88_245, 114.74, 250.24, 3.34283e-10
FILLER_0_89_273, 127.54, 250.24, 3.2142e-10
FILLER_0_88_301, 140.34, 250.24, 2.97756e-10
FILLER_0_89_329, 153.14, 250.24, 2.63292e-10
FILLER_0_88_357, 165.94, 250.24, 2.18028e-10
FILLER_0_88_413, 191.54, 250.24, 2.21507e-10
FILLER_0_89_441, 204.34, 250.24, 2.70249e-10
FILLER_0_88_469, 217.14, 250.24, 3.08191e-10
FILLER_0_89_497, 229.94, 250.24, 3.35333e-10
FILLER_0_88_525, 242.74, 250.24, 3.51675e-10
FILLER_0_89_553, 255.54, 250.24, 3.57216e-10
FILLER_0_88_581, 268.34, 250.24, 3.51957e-10
FILLER_0_89_609, 281.14, 250.24, 3.35899e-10
FILLER_0_88_637, 293.94, 250.24, 3.0904e-10
FILLER_0_89_665, 306.74, 250.24, 2.7138e-10
FILLER_0_88_693, 319.54, 250.24, 2.22921e-10
FILLER_0_88_749, 345.14, 250.24, 2.21789e-10
FILLER_0_89_777, 357.94, 250.24, 2.69116e-10
FILLER_0_88_805, 370.74, 250.24, 3.05643e-10
FILLER_0_89_833, 383.54, 250.24, 3.3137e-10
FILLER_0_88_861, 396.34, 250.24, 3.46297e-10
FILLER_0_89_889, 409.14, 250.24, 3.50424e-10
FILLER_0_88_917, 421.94, 250.24, 3.4375e-10
FILLER_0_89_945, 434.74, 250.24, 3.26277e-10
FILLER_0_88_973, 447.54, 250.24, 2.98003e-10
FILLER_0_89_1001, 460.34, 250.24, 2.58929e-10
FILLER_0_88_1029, 473.14, 250.24, 2.09054e-10
PHY_EDGE_ROW_85_Left_177, 5.52, 244.8, 1.43503e-10
PHY_EDGE_ROW_86_Left_178, 5.52, 244.8, 1.43503e-10
PHY_EDGE_ROW_85_Right_85, 510.6, 244.8, 2.17462e-10
PHY_EDGE_ROW_86_Right_86, 510.6, 244.8, 2.17462e-10
FILLER_0_85_1089, 510.6, 244.8, 2.17462e-10
FILLER_0_86_1085, 510.6, 244.8, 2.17462e-10
FILLER_0_86_77, 37.94, 244.8, 1.72861e-10
FILLER_0_87_105, 50.74, 244.8, 2.24528e-10
FILLER_0_86_133, 63.54, 244.8, 2.65394e-10
FILLER_0_87_161, 76.34, 244.8, 2.95461e-10
FILLER_0_86_189, 89.14, 244.8, 3.14727e-10
FILLER_0_87_217, 101.94, 244.8, 3.23193e-10
FILLER_0_86_245, 114.74, 244.8, 3.20858e-10
FILLER_0_87_273, 127.54, 244.8, 3.07724e-10
FILLER_0_86_301, 140.34, 244.8, 2.83789e-10
FILLER_0_87_329, 153.14, 244.8, 2.49054e-10
FILLER_0_86_357, 165.94, 244.8, 2.03519e-10
FILLER_0_86_413, 191.54, 244.8, 2.06713e-10
FILLER_0_87_441, 204.34, 244.8, 2.55441e-10
FILLER_0_86_469, 217.14, 244.8, 2.93369e-10
FILLER_0_87_497, 229.94, 244.8, 3.20497e-10
FILLER_0_86_525, 242.74, 244.8, 3.36825e-10
FILLER_0_87_553, 255.54, 244.8, 3.42353e-10
FILLER_0_86_581, 268.34, 244.8, 3.3708e-10
FILLER_0_87_609, 281.14, 244.8, 3.21007e-10
FILLER_0_86_637, 293.94, 244.8, 2.94135e-10
FILLER_0_87_665, 306.74, 244.8, 2.56461e-10
FILLER_0_86_693, 319.54, 244.8, 2.07988e-10
FILLER_0_86_749, 345.14, 244.8, 2.06909e-10
FILLER_0_87_777, 357.94, 244.8, 2.54303e-10
FILLER_0_86_805, 370.74, 244.8, 2.90897e-10
FILLER_0_87_833, 383.54, 244.8, 3.1669e-10
FILLER_0_86_861, 396.34, 244.8, 3.31684e-10
FILLER_0_87_889, 409.14, 244.8, 3.35877e-10
FILLER_0_86_917, 421.94, 244.8, 3.2927e-10
FILLER_0_87_945, 434.74, 244.8, 3.11863e-10
FILLER_0_86_973, 447.54, 244.8, 2.83656e-10
FILLER_0_87_1001, 460.34, 244.8, 2.44649e-10
FILLER_0_86_1029, 473.14, 244.8, 1.94841e-10
PHY_EDGE_ROW_83_Left_175, 5.52, 239.36, 1.2734e-10
PHY_EDGE_ROW_84_Left_176, 5.52, 239.36, 1.2734e-10
PHY_EDGE_ROW_83_Right_83, 510.6, 239.36, 1.97784e-10
PHY_EDGE_ROW_84_Right_84, 510.6, 239.36, 1.97784e-10
FILLER_0_83_1089, 510.6, 239.36, 1.97784e-10
FILLER_0_84_1085, 510.6, 239.36, 1.97784e-10
FILLER_0_84_77, 37.94, 239.36, 1.56314e-10
FILLER_0_85_105, 50.74, 239.36, 2.07597e-10
FILLER_0_84_133, 63.54, 239.36, 2.48079e-10
FILLER_0_85_161, 76.34, 239.36, 2.77761e-10
FILLER_0_84_189, 89.14, 239.36, 2.96643e-10
FILLER_0_85_217, 101.94, 239.36, 3.04725e-10
FILLER_0_84_245, 114.74, 239.36, 3.02007e-10
FILLER_0_85_273, 127.54, 239.36, 2.88489e-10
FILLER_0_84_301, 140.34, 239.36, 2.6417e-10
FILLER_0_85_329, 153.14, 239.36, 2.29051e-10
FILLER_0_84_357, 165.94, 239.36, 1.83132e-10
FILLER_0_84_413, 191.54, 239.36, 1.85918e-10
FILLER_0_85_441, 204.34, 239.36, 2.34623e-10
FILLER_0_84_469, 217.14, 239.36, 2.72528e-10
FILLER_0_85_497, 229.94, 239.36, 2.99633e-10
FILLER_0_84_525, 242.74, 239.36, 3.15937e-10
FILLER_0_85_553, 255.54, 239.36, 3.21441e-10
FILLER_0_84_581, 268.34, 239.36, 3.16146e-10
FILLER_0_85_609, 281.14, 239.36, 3.0005e-10
FILLER_0_84_637, 293.94, 239.36, 2.73153e-10
FILLER_0_85_665, 306.74, 239.36, 2.35457e-10
FILLER_0_84_693, 319.54, 239.36, 1.8696e-10
FILLER_0_84_749, 345.14, 239.36, 1.85972e-10
FILLER_0_85_777, 357.94, 239.36, 2.33481e-10
FILLER_0_84_805, 370.74, 239.36, 2.70189e-10
FILLER_0_85_833, 383.54, 239.36, 2.96097e-10
FILLER_0_84_861, 396.34, 239.36, 3.11205e-10
FILLER_0_85_889, 409.14, 239.36, 3.15513e-10
FILLER_0_84_917, 421.94, 239.36, 3.0902e-10
FILLER_0_85_945, 434.74, 239.36, 2.91727e-10
FILLER_0_84_973, 447.54, 239.36, 2.63635e-10
FILLER_0_85_1001, 460.34, 239.36, 2.24742e-10
FILLER_0_84_1029, 473.14, 239.36, 1.75048e-10
PHY_EDGE_ROW_81_Left_173, 5.52, 233.92, 1.06557e-10
PHY_EDGE_ROW_82_Left_174, 5.52, 233.92, 1.06557e-10
PHY_EDGE_ROW_81_Right_81, 510.6, 233.92, 1.72578e-10
PHY_EDGE_ROW_82_Right_82, 510.6, 233.92, 1.72578e-10
FILLER_0_81_1089, 510.6, 233.92, 1.72578e-10
FILLER_0_82_1085, 510.6, 233.92, 1.72578e-10
FILLER_0_82_77, 37.94, 233.92, 1.35032e-10
FILLER_0_83_105, 50.74, 233.92, 1.85815e-10
FILLER_0_82_133, 63.54, 233.92, 2.25797e-10
FILLER_0_83_161, 76.34, 233.92, 2.5498e-10
FILLER_0_82_189, 89.14, 233.92, 2.73363e-10
FILLER_0_83_217, 101.94, 233.92, 2.80945e-10
FILLER_0_82_245, 114.74, 233.92, 2.77727e-10
FILLER_0_83_273, 127.54, 233.92, 2.63709e-10
FILLER_0_82_301, 140.34, 233.92, 2.38891e-10
FILLER_0_83_329, 153.14, 233.92, 2.03273e-10
FILLER_0_82_357, 165.94, 233.92, 1.56854e-10
FILLER_0_82_413, 191.54, 233.92, 1.59108e-10
FILLER_0_83_441, 204.34, 233.92, 2.07781e-10
FILLER_0_82_469, 217.14, 233.92, 2.45654e-10
FILLER_0_83_497, 229.94, 233.92, 2.72727e-10
FILLER_0_82_525, 242.74, 233.92, 2.88999e-10
FILLER_0_83_553, 255.54, 233.92, 2.94472e-10
FILLER_0_82_581, 268.34, 233.92, 2.89144e-10
FILLER_0_83_609, 281.14, 233.92, 2.73016e-10
FILLER_0_82_637, 293.94, 233.92, 2.46087e-10
FILLER_0_83_665, 306.74, 233.92, 2.08359e-10
FILLER_0_82_693, 319.54, 233.92, 1.5983e-10
FILLER_0_82_749, 345.14, 233.92, 1.58973e-10
FILLER_0_83_777, 357.94, 233.92, 2.06645e-10
FILLER_0_82_805, 370.74, 233.92, 2.43516e-10
FILLER_0_83_833, 383.54, 233.92, 2.69587e-10
FILLER_0_82_861, 396.34, 233.92, 2.84858e-10
FILLER_0_83_889, 409.14, 233.92, 2.89329e-10
FILLER_0_82_917, 421.94, 233.92, 2.83e-10
FILLER_0_83_945, 434.74, 233.92, 2.6587e-10
FILLER_0_82_973, 447.54, 233.92, 2.3794e-10
FILLER_0_83_1001, 460.34, 233.92, 1.9921e-10
FILLER_0_82_1029, 473.14, 233.92, 1.4968e-10
PHY_EDGE_ROW_79_Left_171, 5.52, 228.48, 1.20422e-10
PHY_EDGE_ROW_80_Left_172, 5.52, 228.48, 1.20422e-10
PHY_EDGE_ROW_79_Right_79, 510.6, 228.48, 1.89167e-10
PHY_EDGE_ROW_80_Right_80, 510.6, 228.48, 1.89167e-10
FILLER_0_79_1089, 510.6, 228.48, 1.89167e-10
FILLER_0_80_1085, 510.6, 228.48, 1.89167e-10
FILLER_0_80_77, 37.94, 228.48, 1.49242e-10
FILLER_0_81_105, 50.74, 228.48, 2.0037e-10
FILLER_0_80_133, 63.54, 228.48, 2.40699e-10
FILLER_0_81_161, 76.34, 228.48, 2.70228e-10
FILLER_0_80_189, 89.14, 228.48, 2.88956e-10
FILLER_0_81_217, 101.94, 228.48, 2.96884e-10
FILLER_0_80_245, 114.74, 228.48, 2.94012e-10
FILLER_0_81_273, 127.54, 228.48, 2.8034e-10
FILLER_0_80_301, 140.34, 228.48, 2.55868e-10
FILLER_0_81_329, 153.14, 228.48, 2.20595e-10
FILLER_0_80_357, 165.94, 228.48, 1.74522e-10
FILLER_0_80_413, 191.54, 228.48, 1.77149e-10
FILLER_0_81_441, 204.34, 228.48, 2.25847e-10
FILLER_0_80_469, 217.14, 228.48, 2.63746e-10
FILLER_0_81_497, 229.94, 228.48, 2.90845e-10
FILLER_0_80_525, 242.74, 228.48, 3.07143e-10
FILLER_0_81_553, 255.54, 228.48, 3.12641e-10
FILLER_0_80_581, 268.34, 228.48, 3.07339e-10
FILLER_0_81_609, 281.14, 228.48, 2.91237e-10
FILLER_0_80_637, 293.94, 228.48, 2.64334e-10
FILLER_0_81_665, 306.74, 228.48, 2.26631e-10
FILLER_0_80_693, 319.54, 228.48, 1.78129e-10
FILLER_0_80_749, 345.14, 228.48, 1.77153e-10
FILLER_0_81_777, 357.94, 228.48, 2.2468e-10
FILLER_0_80_805, 370.74, 228.48, 2.61406e-10
FILLER_0_81_833, 383.54, 228.48, 2.87333e-10
FILLER_0_80_861, 396.34, 228.48, 3.02459e-10
FILLER_0_81_889, 409.14, 228.48, 3.06785e-10
FILLER_0_80_917, 421.94, 228.48, 3.00311e-10
FILLER_0_81_945, 434.74, 228.48, 2.83037e-10
FILLER_0_80_973, 447.54, 228.48, 2.54963e-10
FILLER_0_81_1001, 460.34, 228.48, 2.16088e-10
FILLER_0_80_1029, 473.14, 228.48, 1.66413e-10
PHY_EDGE_ROW_77_Left_169, 5.52, 223.04, 1.29673e-10
PHY_EDGE_ROW_78_Left_170, 5.52, 223.04, 1.29673e-10
PHY_EDGE_ROW_77_Right_77, 510.6, 223.04, 2.00229e-10
PHY_EDGE_ROW_78_Right_78, 510.6, 223.04, 2.00229e-10
FILLER_0_77_1089, 510.6, 223.04, 2.00229e-10
FILLER_0_78_1085, 510.6, 223.04, 2.00229e-10
FILLER_0_78_77, 37.94, 223.04, 1.58722e-10
FILLER_0_79_105, 50.74, 223.04, 2.1008e-10
FILLER_0_78_133, 63.54, 223.04, 2.50638e-10
FILLER_0_79_161, 76.34, 223.04, 2.80396e-10
FILLER_0_78_189, 89.14, 223.04, 2.99354e-10
FILLER_0_79_217, 101.94, 223.04, 3.07511e-10
FILLER_0_78_245, 114.74, 223.04, 3.04868e-10
FILLER_0_79_273, 127.54, 223.04, 2.91425e-10
FILLER_0_78_301, 140.34, 223.04, 2.67182e-10
FILLER_0_79_329, 153.14, 223.04, 2.32139e-10
FILLER_0_78_357, 165.94, 223.04, 1.86296e-10
FILLER_0_78_413, 191.54, 223.04, 1.89168e-10
FILLER_0_79_441, 204.34, 223.04, 2.37885e-10
FILLER_0_78_469, 217.14, 223.04, 2.75801e-10
FILLER_0_79_497, 229.94, 223.04, 3.02917e-10
FILLER_0_78_525, 242.74, 223.04, 3.19232e-10
FILLER_0_79_553, 255.54, 223.04, 3.24748e-10
FILLER_0_78_581, 268.34, 223.04, 3.19463e-10
FILLER_0_79_609, 281.14, 223.04, 3.03379e-10
FILLER_0_78_637, 293.94, 223.04, 2.76494e-10
FILLER_0_79_665, 306.74, 223.04, 2.38808e-10
FILLER_0_78_693, 319.54, 223.04, 1.90323e-10
FILLER_0_78_749, 345.14, 223.04, 1.89269e-10
FILLER_0_79_777, 357.94, 223.04, 2.367e-10
FILLER_0_78_805, 370.74, 223.04, 2.73331e-10
FILLER_0_79_833, 383.54, 223.04, 2.99161e-10
FILLER_0_78_861, 396.34, 223.04, 3.14192e-10
FILLER_0_79_889, 409.14, 223.04, 3.18422e-10
FILLER_0_78_917, 421.94, 223.04, 3.11852e-10
FILLER_0_79_945, 434.74, 223.04, 2.94482e-10
FILLER_0_78_973, 447.54, 223.04, 2.66312e-10
FILLER_0_79_1001, 460.34, 223.04, 2.27342e-10
FILLER_0_78_1029, 473.14, 223.04, 1.77571e-10
PHY_EDGE_ROW_75_Left_167, 5.52, 217.6, 1.343e-10
PHY_EDGE_ROW_76_Left_168, 5.52, 217.6, 1.343e-10
PHY_EDGE_ROW_75_Right_75, 510.6, 217.6, 2.05761e-10
PHY_EDGE_ROW_76_Right_76, 510.6, 217.6, 2.05761e-10
FILLER_0_75_1089, 510.6, 217.6, 2.05761e-10
FILLER_0_76_1085, 510.6, 217.6, 2.05761e-10
FILLER_0_76_77, 37.94, 217.6, 1.63464e-10
FILLER_0_77_105, 50.74, 217.6, 2.14936e-10
FILLER_0_76_133, 63.54, 217.6, 2.55609e-10
FILLER_0_77_161, 76.34, 217.6, 2.85481e-10
FILLER_0_76_189, 89.14, 217.6, 3.04553e-10
FILLER_0_77_217, 101.94, 217.6, 3.12824e-10
FILLER_0_76_245, 114.74, 217.6, 3.10296e-10
FILLER_0_77_273, 127.54, 217.6, 2.96967e-10
FILLER_0_76_301, 140.34, 217.6, 2.72839e-10
FILLER_0_77_329, 153.14, 217.6, 2.3791e-10
FILLER_0_76_357, 165.94, 217.6, 1.9218e-10
FILLER_0_76_413, 191.54, 217.6, 1.95176e-10
FILLER_0_77_441, 204.34, 217.6, 2.43901e-10
FILLER_0_76_469, 217.14, 217.6, 2.81826e-10
FILLER_0_77_497, 229.94, 217.6, 3.08951e-10
FILLER_0_76_525, 242.74, 217.6, 3.25275e-10
FILLER_0_77_553, 255.54, 217.6, 3.308e-10
FILLER_0_76_581, 268.34, 217.6, 3.25524e-10
FILLER_0_77_609, 281.14, 217.6, 3.09448e-10
FILLER_0_76_637, 293.94, 217.6, 2.82572e-10
FILLER_0_77_665, 306.74, 217.6, 2.44895e-10
FILLER_0_76_693, 319.54, 217.6, 1.96419e-10
FILLER_0_76_749, 345.14, 217.6, 1.95326e-10
FILLER_0_77_777, 357.94, 217.6, 2.42709e-10
FILLER_0_76_805, 370.74, 217.6, 2.79292e-10
FILLER_0_77_833, 383.54, 217.6, 3.05075e-10
FILLER_0_76_861, 396.34, 217.6, 3.20058e-10
FILLER_0_77_889, 409.14, 217.6, 3.24241e-10
FILLER_0_76_917, 421.94, 217.6, 3.17623e-10
FILLER_0_77_945, 434.74, 217.6, 3.00205e-10
FILLER_0_76_973, 447.54, 217.6, 2.71987e-10
FILLER_0_77_1001, 460.34, 217.6, 2.32969e-10
FILLER_0_76_1029, 473.14, 217.6, 1.83151e-10
PHY_EDGE_ROW_73_Left_165, 5.52, 212.16, 1.343e-10
PHY_EDGE_ROW_74_Left_166, 5.52, 212.16, 1.343e-10
PHY_EDGE_ROW_73_Right_73, 510.6, 212.16, 2.05761e-10
PHY_EDGE_ROW_74_Right_74, 510.6, 212.16, 2.05761e-10
FILLER_0_73_1089, 510.6, 212.16, 2.05761e-10
FILLER_0_74_1085, 510.6, 212.16, 2.05761e-10
FILLER_0_74_77, 37.94, 212.16, 1.63464e-10
FILLER_0_75_105, 50.74, 212.16, 2.14936e-10
FILLER_0_74_133, 63.54, 212.16, 2.55609e-10
FILLER_0_75_161, 76.34, 212.16, 2.85481e-10
FILLER_0_74_189, 89.14, 212.16, 3.04553e-10
FILLER_0_75_217, 101.94, 212.16, 3.12824e-10
FILLER_0_74_245, 114.74, 212.16, 3.10296e-10
FILLER_0_75_273, 127.54, 212.16, 2.96967e-10
FILLER_0_74_301, 140.34, 212.16, 2.72839e-10
FILLER_0_75_329, 153.14, 212.16, 2.3791e-10
FILLER_0_74_357, 165.94, 212.16, 1.9218e-10
FILLER_0_74_413, 191.54, 212.16, 1.95176e-10
FILLER_0_75_441, 204.34, 212.16, 2.43901e-10
FILLER_0_74_469, 217.14, 212.16, 2.81826e-10
FILLER_0_75_497, 229.94, 212.16, 3.08951e-10
FILLER_0_74_525, 242.74, 212.16, 3.25275e-10
FILLER_0_75_553, 255.54, 212.16, 3.308e-10
FILLER_0_74_581, 268.34, 212.16, 3.25524e-10
FILLER_0_75_609, 281.14, 212.16, 3.09448e-10
FILLER_0_74_637, 293.94, 212.16, 2.82572e-10
FILLER_0_75_665, 306.74, 212.16, 2.44895e-10
FILLER_0_74_693, 319.54, 212.16, 1.96419e-10
FILLER_0_74_749, 345.14, 212.16, 1.95326e-10
FILLER_0_75_777, 357.94, 212.16, 2.42709e-10
FILLER_0_74_805, 370.74, 212.16, 2.79292e-10
FILLER_0_75_833, 383.54, 212.16, 3.05075e-10
FILLER_0_74_861, 396.34, 212.16, 3.20058e-10
FILLER_0_75_889, 409.14, 212.16, 3.24241e-10
FILLER_0_74_917, 421.94, 212.16, 3.17623e-10
FILLER_0_75_945, 434.74, 212.16, 3.00205e-10
FILLER_0_74_973, 447.54, 212.16, 2.71987e-10
FILLER_0_75_1001, 460.34, 212.16, 2.32969e-10
FILLER_0_74_1029, 473.14, 212.16, 1.83151e-10
PHY_EDGE_ROW_71_Left_163, 5.52, 206.72, 1.29673e-10
PHY_EDGE_ROW_72_Left_164, 5.52, 206.72, 1.29673e-10
PHY_EDGE_ROW_71_Right_71, 510.6, 206.72, 2.00229e-10
PHY_EDGE_ROW_72_Right_72, 510.6, 206.72, 2.00229e-10
FILLER_0_71_1089, 510.6, 206.72, 2.00229e-10
FILLER_0_72_1085, 510.6, 206.72, 2.00229e-10
FILLER_0_72_77, 37.94, 206.72, 1.58722e-10
FILLER_0_73_105, 50.74, 206.72, 2.1008e-10
FILLER_0_72_133, 63.54, 206.72, 2.50638e-10
FILLER_0_73_161, 76.34, 206.72, 2.80396e-10
FILLER_0_72_189, 89.14, 206.72, 2.99354e-10
FILLER_0_73_217, 101.94, 206.72, 3.07511e-10
FILLER_0_72_245, 114.74, 206.72, 3.04868e-10
FILLER_0_73_273, 127.54, 206.72, 2.91425e-10
FILLER_0_72_301, 140.34, 206.72, 2.67182e-10
FILLER_0_73_329, 153.14, 206.72, 2.32139e-10
FILLER_0_72_357, 165.94, 206.72, 1.86296e-10
FILLER_0_72_413, 191.54, 206.72, 1.89168e-10
FILLER_0_73_441, 204.34, 206.72, 2.37885e-10
FILLER_0_72_469, 217.14, 206.72, 2.75801e-10
FILLER_0_73_497, 229.94, 206.72, 3.02917e-10
FILLER_0_72_525, 242.74, 206.72, 3.19232e-10
FILLER_0_73_553, 255.54, 206.72, 3.24748e-10
FILLER_0_72_581, 268.34, 206.72, 3.19463e-10
FILLER_0_73_609, 281.14, 206.72, 3.03379e-10
FILLER_0_72_637, 293.94, 206.72, 2.76494e-10
FILLER_0_73_665, 306.74, 206.72, 2.38808e-10
FILLER_0_72_693, 319.54, 206.72, 1.90323e-10
FILLER_0_72_749, 345.14, 206.72, 1.89269e-10
FILLER_0_73_777, 357.94, 206.72, 2.367e-10
FILLER_0_72_805, 370.74, 206.72, 2.73331e-10
FILLER_0_73_833, 383.54, 206.72, 2.99161e-10
FILLER_0_72_861, 396.34, 206.72, 3.14192e-10
FILLER_0_73_889, 409.14, 206.72, 3.18422e-10
FILLER_0_72_917, 421.94, 206.72, 3.11852e-10
FILLER_0_73_945, 434.74, 206.72, 2.94482e-10
FILLER_0_72_973, 447.54, 206.72, 2.66312e-10
FILLER_0_73_1001, 460.34, 206.72, 2.27342e-10
FILLER_0_72_1029, 473.14, 206.72, 1.77571e-10
PHY_EDGE_ROW_69_Left_161, 5.52, 201.28, 1.20422e-10
PHY_EDGE_ROW_70_Left_162, 5.52, 201.28, 1.20422e-10
PHY_EDGE_ROW_69_Right_69, 510.6, 201.28, 1.89167e-10
PHY_EDGE_ROW_70_Right_70, 510.6, 201.28, 1.89167e-10
FILLER_0_69_1089, 510.6, 201.28, 1.89167e-10
FILLER_0_70_1085, 510.6, 201.28, 1.89167e-10
FILLER_0_70_77, 37.94, 201.28, 1.49242e-10
FILLER_0_71_105, 50.74, 201.28, 2.0037e-10
FILLER_0_70_133, 63.54, 201.28, 2.40699e-10
FILLER_0_71_161, 76.34, 201.28, 2.70228e-10
FILLER_0_70_189, 89.14, 201.28, 2.88956e-10
FILLER_0_71_217, 101.94, 201.28, 2.96884e-10
FILLER_0_70_245, 114.74, 201.28, 2.94012e-10
FILLER_0_71_273, 127.54, 201.28, 2.8034e-10
FILLER_0_70_301, 140.34, 201.28, 2.55868e-10
FILLER_0_71_329, 153.14, 201.28, 2.20595e-10
FILLER_0_70_357, 165.94, 201.28, 1.74522e-10
FILLER_0_70_413, 191.54, 201.28, 1.77149e-10
FILLER_0_71_441, 204.34, 201.28, 2.25847e-10
FILLER_0_70_469, 217.14, 201.28, 2.63746e-10
FILLER_0_71_497, 229.94, 201.28, 2.90845e-10
FILLER_0_70_525, 242.74, 201.28, 3.07143e-10
FILLER_0_71_553, 255.54, 201.28, 3.12641e-10
FILLER_0_70_581, 268.34, 201.28, 3.07339e-10
FILLER_0_71_609, 281.14, 201.28, 2.91237e-10
FILLER_0_70_637, 293.94, 201.28, 2.64334e-10
FILLER_0_71_665, 306.74, 201.28, 2.26631e-10
FILLER_0_70_693, 319.54, 201.28, 1.78129e-10
FILLER_0_70_749, 345.14, 201.28, 1.77153e-10
FILLER_0_71_777, 357.94, 201.28, 2.2468e-10
FILLER_0_70_805, 370.74, 201.28, 2.61406e-10
FILLER_0_71_833, 383.54, 201.28, 2.87333e-10
FILLER_0_70_861, 396.34, 201.28, 3.02459e-10
FILLER_0_71_889, 409.14, 201.28, 3.06785e-10
FILLER_0_70_917, 421.94, 201.28, 3.00311e-10
FILLER_0_71_945, 434.74, 201.28, 2.83037e-10
FILLER_0_70_973, 447.54, 201.28, 2.54963e-10
FILLER_0_71_1001, 460.34, 201.28, 2.16088e-10
FILLER_0_70_1029, 473.14, 201.28, 1.66413e-10
PHY_EDGE_ROW_67_Left_159, 5.52, 195.84, 1.06557e-10
PHY_EDGE_ROW_68_Left_160, 5.52, 195.84, 1.06557e-10
PHY_EDGE_ROW_67_Right_67, 510.6, 195.84, 1.72578e-10
PHY_EDGE_ROW_68_Right_68, 510.6, 195.84, 1.72578e-10
FILLER_0_67_1089, 510.6, 195.84, 1.72578e-10
FILLER_0_68_1085, 510.6, 195.84, 1.72578e-10
FILLER_0_68_77, 37.94, 195.84, 1.35032e-10
FILLER_0_69_105, 50.74, 195.84, 1.85815e-10
FILLER_0_68_133, 63.54, 195.84, 2.25797e-10
FILLER_0_69_161, 76.34, 195.84, 2.5498e-10
FILLER_0_68_189, 89.14, 195.84, 2.73363e-10
FILLER_0_69_217, 101.94, 195.84, 2.80945e-10
FILLER_0_68_245, 114.74, 195.84, 2.77727e-10
FILLER_0_69_273, 127.54, 195.84, 2.63709e-10
FILLER_0_68_301, 140.34, 195.84, 2.38891e-10
FILLER_0_69_329, 153.14, 195.84, 2.03273e-10
FILLER_0_68_357, 165.94, 195.84, 1.56854e-10
FILLER_0_68_413, 191.54, 195.84, 1.59108e-10
FILLER_0_69_441, 204.34, 195.84, 2.07781e-10
FILLER_0_68_469, 217.14, 195.84, 2.45654e-10
FILLER_0_69_497, 229.94, 195.84, 2.72727e-10
FILLER_0_68_525, 242.74, 195.84, 2.88999e-10
FILLER_0_69_553, 255.54, 195.84, 2.94472e-10
FILLER_0_68_581, 268.34, 195.84, 2.89144e-10
FILLER_0_69_609, 281.14, 195.84, 2.73016e-10
FILLER_0_68_637, 293.94, 195.84, 2.46087e-10
FILLER_0_69_665, 306.74, 195.84, 2.08359e-10
FILLER_0_68_693, 319.54, 195.84, 1.5983e-10
FILLER_0_68_749, 345.14, 195.84, 1.58973e-10
FILLER_0_69_777, 357.94, 195.84, 2.06645e-10
FILLER_0_68_805, 370.74, 195.84, 2.43516e-10
FILLER_0_69_833, 383.54, 195.84, 2.69587e-10
FILLER_0_68_861, 396.34, 195.84, 2.84858e-10
FILLER_0_69_889, 409.14, 195.84, 2.89329e-10
FILLER_0_68_917, 421.94, 195.84, 2.83e-10
FILLER_0_69_945, 434.74, 195.84, 2.6587e-10
FILLER_0_68_973, 447.54, 195.84, 2.3794e-10
FILLER_0_69_1001, 460.34, 195.84, 1.9921e-10
FILLER_0_68_1029, 473.14, 195.84, 1.4968e-10
PHY_EDGE_ROW_65_Left_157, 5.52, 190.4, 1.14892e-10
PHY_EDGE_ROW_66_Left_158, 5.52, 190.4, 1.14892e-10
PHY_EDGE_ROW_65_Right_65, 510.6, 190.4, 1.82567e-10
PHY_EDGE_ROW_66_Right_66, 510.6, 190.4, 1.82567e-10
FILLER_0_65_1089, 510.6, 190.4, 1.82567e-10
FILLER_0_66_1085, 510.6, 190.4, 1.82567e-10
FILLER_0_66_77, 37.94, 190.4, 1.43578e-10
FILLER_0_67_105, 50.74, 190.4, 1.94573e-10
FILLER_0_66_133, 63.54, 190.4, 2.34767e-10
FILLER_0_67_161, 76.34, 190.4, 2.64161e-10
FILLER_0_66_189, 89.14, 190.4, 2.82755e-10
FILLER_0_67_217, 101.94, 190.4, 2.90549e-10
FILLER_0_66_245, 114.74, 190.4, 2.87542e-10
FILLER_0_67_273, 127.54, 190.4, 2.73736e-10
FILLER_0_66_301, 140.34, 190.4, 2.49129e-10
FILLER_0_67_329, 153.14, 190.4, 2.13722e-10
FILLER_0_66_357, 165.94, 190.4, 1.67515e-10
FILLER_0_66_413, 191.54, 190.4, 1.69996e-10
FILLER_0_67_441, 204.34, 190.4, 2.18684e-10
FILLER_0_66_469, 217.14, 190.4, 2.56571e-10
FILLER_0_67_497, 229.94, 190.4, 2.83659e-10
FILLER_0_66_525, 242.74, 190.4, 2.99947e-10
FILLER_0_67_553, 255.54, 190.4, 3.05434e-10
FILLER_0_66_581, 268.34, 190.4, 3.00121e-10
FILLER_0_67_609, 281.14, 190.4, 2.84008e-10
FILLER_0_66_637, 293.94, 190.4, 2.57094e-10
FILLER_0_67_665, 306.74, 190.4, 2.19381e-10
FILLER_0_66_693, 319.54, 190.4, 1.70867e-10
FILLER_0_66_749, 345.14, 190.4, 1.69936e-10
FILLER_0_67_777, 357.94, 190.4, 2.17519e-10
FILLER_0_66_805, 370.74, 190.4, 2.54302e-10
FILLER_0_67_833, 383.54, 190.4, 2.80284e-10
FILLER_0_66_861, 396.34, 190.4, 2.95467e-10
FILLER_0_67_889, 409.14, 190.4, 2.99849e-10
FILLER_0_66_917, 421.94, 190.4, 2.93431e-10
FILLER_0_67_945, 434.74, 190.4, 2.76213e-10
FILLER_0_66_973, 447.54, 190.4, 2.48194e-10
FILLER_0_67_1001, 460.34, 190.4, 2.09376e-10
FILLER_0_66_1029, 473.14, 190.4, 1.59757e-10
PHY_EDGE_ROW_63_Left_155, 5.52, 184.96, 1.1862e-10
PHY_EDGE_ROW_64_Left_156, 5.52, 184.96, 1.1862e-10
PHY_EDGE_ROW_63_Right_63, 510.6, 184.96, 1.87031e-10
PHY_EDGE_ROW_64_Right_64, 510.6, 184.96, 1.87031e-10
FILLER_0_63_1089, 510.6, 184.96, 1.87031e-10
FILLER_0_64_1085, 510.6, 184.96, 1.87031e-10
FILLER_0_64_77, 37.94, 184.96, 1.474e-10
FILLER_0_65_105, 50.74, 184.96, 1.98488e-10
FILLER_0_64_133, 63.54, 184.96, 2.38776e-10
FILLER_0_65_161, 76.34, 184.96, 2.68264e-10
FILLER_0_64_189, 89.14, 184.96, 2.86952e-10
FILLER_0_65_217, 101.94, 184.96, 2.9484e-10
FILLER_0_64_245, 114.74, 184.96, 2.91928e-10
FILLER_0_65_273, 127.54, 184.96, 2.78215e-10
FILLER_0_64_301, 140.34, 184.96, 2.53702e-10
FILLER_0_65_329, 153.14, 184.96, 2.18389e-10
FILLER_0_64_357, 165.94, 184.96, 1.72276e-10
FILLER_0_64_413, 191.54, 184.96, 1.74858e-10
FILLER_0_65_441, 204.34, 184.96, 2.23552e-10
FILLER_0_64_469, 217.14, 184.96, 2.61447e-10
FILLER_0_65_497, 229.94, 184.96, 2.88541e-10
FILLER_0_64_525, 242.74, 184.96, 3.04836e-10
FILLER_0_65_553, 255.54, 184.96, 3.1033e-10
FILLER_0_64_581, 268.34, 184.96, 3.05024e-10
FILLER_0_65_609, 281.14, 184.96, 2.88917e-10
FILLER_0_64_637, 293.94, 184.96, 2.62011e-10
FILLER_0_65_665, 306.74, 184.96, 2.24304e-10
FILLER_0_64_693, 319.54, 184.96, 1.75797e-10
FILLER_0_64_749, 345.14, 184.96, 1.74834e-10
FILLER_0_65_777, 357.94, 184.96, 2.22377e-10
FILLER_0_64_805, 370.74, 184.96, 2.59121e-10
FILLER_0_65_833, 383.54, 184.96, 2.85064e-10
FILLER_0_64_861, 396.34, 184.96, 3.00207e-10
FILLER_0_65_889, 409.14, 184.96, 3.04549e-10
FILLER_0_64_917, 421.94, 184.96, 2.98092e-10
FILLER_0_65_945, 434.74, 184.96, 2.80834e-10
FILLER_0_64_973, 447.54, 184.96, 2.52777e-10
FILLER_0_65_1001, 460.34, 184.96, 2.13919e-10
FILLER_0_64_1029, 473.14, 184.96, 1.6426e-10
PHY_EDGE_ROW_61_Left_153, 5.52, 179.52, 1.21869e-10
PHY_EDGE_ROW_62_Left_154, 5.52, 179.52, 1.21869e-10
PHY_EDGE_ROW_61_Right_61, 510.6, 179.52, 1.90922e-10
PHY_EDGE_ROW_62_Right_62, 510.6, 179.52, 1.90922e-10
FILLER_0_61_1089, 510.6, 179.52, 1.90922e-10
FILLER_0_62_1085, 510.6, 179.52, 1.90922e-10
FILLER_0_62_77, 37.94, 179.52, 1.5073e-10
FILLER_0_63_105, 50.74, 179.52, 2.01901e-10
FILLER_0_62_133, 63.54, 179.52, 2.42271e-10
FILLER_0_63_161, 76.34, 179.52, 2.71841e-10
FILLER_0_62_189, 89.14, 179.52, 2.9061e-10
FILLER_0_63_217, 101.94, 179.52, 2.9858e-10
FILLER_0_62_245, 114.74, 179.52, 2.95749e-10
FILLER_0_63_273, 127.54, 179.52, 2.82118e-10
FILLER_0_62_301, 140.34, 179.52, 2.57687e-10
FILLER_0_63_329, 153.14, 179.52, 2.22456e-10
FILLER_0_62_357, 165.94, 179.52, 1.76425e-10
FILLER_0_62_413, 191.54, 179.52, 1.79094e-10
FILLER_0_63_441, 204.34, 179.52, 2.27795e-10
FILLER_0_62_469, 217.14, 179.52, 2.65695e-10
FILLER_0_63_497, 229.94, 179.52, 2.92795e-10
FILLER_0_62_525, 242.74, 179.52, 3.09096e-10
FILLER_0_63_553, 255.54, 179.52, 3.14596e-10
FILLER_0_62_581, 268.34, 179.52, 3.09295e-10
FILLER_0_63_609, 281.14, 179.52, 2.93195e-10
FILLER_0_62_637, 293.94, 179.52, 2.66294e-10
FILLER_0_63_665, 306.74, 179.52, 2.28594e-10
FILLER_0_62_693, 319.54, 179.52, 1.80093e-10
FILLER_0_62_749, 345.14, 179.52, 1.79101e-10
FILLER_0_63_777, 357.94, 179.52, 2.2661e-10
FILLER_0_62_805, 370.74, 179.52, 2.63319e-10
FILLER_0_63_833, 383.54, 179.52, 2.89228e-10
FILLER_0_62_861, 396.34, 179.52, 3.04337e-10
FILLER_0_63_889, 409.14, 179.52, 3.08646e-10
FILLER_0_62_917, 421.94, 179.52, 3.02154e-10
FILLER_0_63_945, 434.74, 179.52, 2.84862e-10
FILLER_0_62_973, 447.54, 179.52, 2.5677e-10
FILLER_0_63_1001, 460.34, 179.52, 2.17878e-10
FILLER_0_62_1029, 473.14, 179.52, 1.68185e-10
PHY_EDGE_ROW_59_Left_151, 5.52, 174.08, 1.21378e-10
PHY_EDGE_ROW_60_Left_152, 5.52, 174.08, 1.21378e-10
PHY_EDGE_ROW_59_Right_59, 510.6, 174.08, 1.90333e-10
PHY_EDGE_ROW_60_Right_60, 510.6, 174.08, 1.90333e-10
FILLER_0_59_1089, 510.6, 174.08, 1.90333e-10
FILLER_0_60_1085, 510.6, 174.08, 1.90333e-10
FILLER_0_60_77, 37.94, 174.08, 1.50227e-10
FILLER_0_61_105, 50.74, 174.08, 2.01385e-10
FILLER_0_60_133, 63.54, 174.08, 2.41742e-10
FILLER_0_61_161, 76.34, 174.08, 2.713e-10
FILLER_0_60_189, 89.14, 174.08, 2.90057e-10
FILLER_0_61_217, 101.94, 174.08, 2.98014e-10
FILLER_0_60_245, 114.74, 174.08, 2.95171e-10
FILLER_0_61_273, 127.54, 174.08, 2.81528e-10
FILLER_0_60_301, 140.34, 174.08, 2.57084e-10
FILLER_0_61_329, 153.14, 174.08, 2.21841e-10
FILLER_0_60_357, 165.94, 174.08, 1.75797e-10
FILLER_0_60_413, 191.54, 174.08, 1.78453e-10
FILLER_0_61_441, 204.34, 174.08, 2.27153e-10
FILLER_0_60_469, 217.14, 174.08, 2.65052e-10
FILLER_0_61_497, 229.94, 174.08, 2.92152e-10
FILLER_0_60_525, 242.74, 174.08, 3.08451e-10
FILLER_0_61_553, 255.54, 174.08, 3.1395e-10
FILLER_0_60_581, 268.34, 174.08, 3.08649e-10
FILLER_0_61_609, 281.14, 174.08, 2.92548e-10
FILLER_0_60_637, 293.94, 174.08, 2.65646e-10
FILLER_0_61_665, 306.74, 174.08, 2.27945e-10
FILLER_0_60_693, 319.54, 174.08, 1.79443e-10
FILLER_0_60_749, 345.14, 174.08, 1.78455e-10
FILLER_0_61_777, 357.94, 174.08, 2.2597e-10
FILLER_0_60_805, 370.74, 174.08, 2.62684e-10
FILLER_0_61_833, 383.54, 174.08, 2.88598e-10
FILLER_0_60_861, 396.34, 174.08, 3.03712e-10
FILLER_0_61_889, 409.14, 174.08, 3.08026e-10
FILLER_0_60_917, 421.94, 174.08, 3.01539e-10
FILLER_0_61_945, 434.74, 174.08, 2.84253e-10
FILLER_0_60_973, 447.54, 174.08, 2.56166e-10
FILLER_0_61_1001, 460.34, 174.08, 2.17279e-10
FILLER_0_60_1029, 473.14, 174.08, 1.67592e-10
PHY_EDGE_ROW_57_Left_149, 5.52, 168.64, 1.16272e-10
PHY_EDGE_ROW_58_Left_150, 5.52, 168.64, 1.16272e-10
PHY_EDGE_ROW_57_Right_57, 510.6, 168.64, 1.84218e-10
PHY_EDGE_ROW_58_Right_58, 510.6, 168.64, 1.84218e-10
FILLER_0_57_1089, 510.6, 168.64, 1.84218e-10
FILLER_0_58_1085, 510.6, 168.64, 1.84218e-10
FILLER_0_58_77, 37.94, 168.64, 1.44992e-10
FILLER_0_59_105, 50.74, 168.64, 1.96021e-10
FILLER_0_58_133, 63.54, 168.64, 2.3625e-10
FILLER_0_59_161, 76.34, 168.64, 2.65679e-10
FILLER_0_58_189, 89.14, 168.64, 2.84307e-10
FILLER_0_59_217, 101.94, 168.64, 2.92136e-10
FILLER_0_58_245, 114.74, 168.64, 2.89164e-10
FILLER_0_59_273, 127.54, 168.64, 2.75392e-10
FILLER_0_58_301, 140.34, 168.64, 2.5082e-10
FILLER_0_59_329, 153.14, 168.64, 2.15447e-10
FILLER_0_58_357, 165.94, 168.64, 1.69275e-10
FILLER_0_58_413, 191.54, 168.64, 1.71793e-10
FILLER_0_59_441, 204.34, 168.64, 2.20483e-10
FILLER_0_58_469, 217.14, 168.64, 2.58374e-10
FILLER_0_59_497, 229.94, 168.64, 2.85464e-10
FILLER_0_58_525, 242.74, 168.64, 3.01754e-10
FILLER_0_59_553, 255.54, 168.64, 3.07244e-10
FILLER_0_58_581, 268.34, 168.64, 3.01933e-10
FILLER_0_59_609, 281.14, 168.64, 2.85823e-10
FILLER_0_58_637, 293.94, 168.64, 2.58912e-10
FILLER_0_59_665, 306.74, 168.64, 2.21201e-10
FILLER_0_58_693, 319.54, 168.64, 1.7269e-10
FILLER_0_58_749, 345.14, 168.64, 1.71747e-10
FILLER_0_59_777, 357.94, 168.64, 2.19315e-10
FILLER_0_58_805, 370.74, 168.64, 2.56084e-10
FILLER_0_59_833, 383.54, 168.64, 2.82052e-10
FILLER_0_58_861, 396.34, 168.64, 2.9722e-10
FILLER_0_59_889, 409.14, 168.64, 3.01587e-10
FILLER_0_58_917, 421.94, 168.64, 2.95155e-10
FILLER_0_59_945, 434.74, 168.64, 2.77922e-10
FILLER_0_58_973, 447.54, 168.64, 2.49889e-10
FILLER_0_59_1001, 460.34, 168.64, 2.11056e-10
FILLER_0_58_1029, 473.14, 168.64, 1.61423e-10
PHY_EDGE_ROW_55_Left_147, 5.52, 163.2, 1.06557e-10
PHY_EDGE_ROW_56_Left_148, 5.52, 163.2, 1.06557e-10
PHY_EDGE_ROW_55_Right_55, 510.6, 163.2, 1.72578e-10
PHY_EDGE_ROW_56_Right_56, 510.6, 163.2, 1.72578e-10
FILLER_0_55_1089, 510.6, 163.2, 1.72578e-10
FILLER_0_56_1085, 510.6, 163.2, 1.72578e-10
FILLER_0_56_77, 37.94, 163.2, 1.35032e-10
FILLER_0_57_105, 50.74, 163.2, 1.85815e-10
FILLER_0_56_133, 63.54, 163.2, 2.25797e-10
FILLER_0_57_161, 76.34, 163.2, 2.5498e-10
FILLER_0_56_189, 89.14, 163.2, 2.73363e-10
FILLER_0_57_217, 101.94, 163.2, 2.80945e-10
FILLER_0_56_245, 114.74, 163.2, 2.77727e-10
FILLER_0_57_273, 127.54, 163.2, 2.63709e-10
FILLER_0_56_301, 140.34, 163.2, 2.38891e-10
FILLER_0_57_329, 153.14, 163.2, 2.03273e-10
FILLER_0_56_357, 165.94, 163.2, 1.56854e-10
FILLER_0_56_413, 191.54, 163.2, 1.59108e-10
FILLER_0_57_441, 204.34, 163.2, 2.07781e-10
FILLER_0_56_469, 217.14, 163.2, 2.45654e-10
FILLER_0_57_497, 229.94, 163.2, 2.72727e-10
FILLER_0_56_525, 242.74, 163.2, 2.88999e-10
FILLER_0_57_553, 255.54, 163.2, 2.94472e-10
FILLER_0_56_581, 268.34, 163.2, 2.89144e-10
FILLER_0_57_609, 281.14, 163.2, 2.73016e-10
FILLER_0_56_637, 293.94, 163.2, 2.46087e-10
FILLER_0_57_665, 306.74, 163.2, 2.08359e-10
FILLER_0_56_693, 319.54, 163.2, 1.5983e-10
FILLER_0_56_749, 345.14, 163.2, 1.58973e-10
FILLER_0_57_777, 357.94, 163.2, 2.06645e-10
FILLER_0_56_805, 370.74, 163.2, 2.43516e-10
FILLER_0_57_833, 383.54, 163.2, 2.69587e-10
FILLER_0_56_861, 396.34, 163.2, 2.84858e-10
FILLER_0_57_889, 409.14, 163.2, 2.89329e-10
FILLER_0_56_917, 421.94, 163.2, 2.83e-10
FILLER_0_57_945, 434.74, 163.2, 2.6587e-10
FILLER_0_56_973, 447.54, 163.2, 2.3794e-10
FILLER_0_57_1001, 460.34, 163.2, 1.9921e-10
FILLER_0_56_1029, 473.14, 163.2, 1.4968e-10
PHY_EDGE_ROW_53_Left_145, 5.52, 157.76, 6.20185e-09
PHY_EDGE_ROW_54_Left_146, 5.52, 157.76, 6.20185e-09
PHY_EDGE_ROW_53_Right_53, 510.6, 157.76, 6.54032e-09
PHY_EDGE_ROW_54_Right_54, 510.6, 157.76, 6.54032e-09
FILLER_0_53_1089, 510.6, 157.76, 6.54032e-09
FILLER_0_54_1085, 510.6, 157.76, 6.54032e-09
FILLER_0_54_77, 37.94, 157.76, 9.30161e-09
FILLER_0_55_105, 50.74, 157.76, 1.24237e-08
FILLER_0_54_133, 63.54, 157.76, 1.55349e-08
FILLER_0_55_161, 76.34, 157.76, 1.86354e-08
FILLER_0_54_189, 89.14, 157.76, 2.17251e-08
FILLER_0_55_217, 101.94, 157.76, 2.4804e-08
FILLER_0_54_245, 114.74, 157.76, 2.7872e-08
FILLER_0_55_273, 127.54, 157.76, 3.09293e-08
FILLER_0_54_301, 140.34, 157.76, 3.39758e-08
FILLER_0_55_329, 153.14, 157.76, 3.70114e-08
FILLER_0_54_357, 165.94, 157.76, 4.00363e-08
FILLER_0_54_413, 191.54, 157.76, 4.32579e-08
FILLER_0_55_441, 204.34, 157.76, 4.34547e-08
FILLER_0_54_469, 217.14, 157.76, 4.36407e-08
FILLER_0_55_497, 229.94, 157.76, 4.38158e-08
FILLER_0_54_525, 242.74, 157.76, 4.39802e-08
FILLER_0_55_553, 255.54, 157.76, 4.41338e-08
FILLER_0_54_581, 268.34, 157.76, 4.42765e-08
FILLER_0_55_609, 281.14, 157.76, 4.44085e-08
FILLER_0_54_637, 293.94, 157.76, 4.45297e-08
FILLER_0_55_665, 306.74, 157.76, 4.46401e-08
FILLER_0_54_693, 319.54, 157.76, 4.47396e-08
FILLER_0_54_749, 345.14, 157.76, 4.16902e-08
FILLER_0_55_777, 357.94, 157.76, 3.85412e-08
FILLER_0_54_805, 370.74, 157.76, 3.53814e-08
FILLER_0_55_833, 383.54, 157.76, 3.22108e-08
FILLER_0_54_861, 396.34, 157.76, 2.90294e-08
FILLER_0_55_889, 409.14, 157.76, 2.58371e-08
FILLER_0_54_917, 421.94, 157.76, 2.26341e-08
FILLER_0_55_945, 434.74, 157.76, 1.94203e-08
FILLER_0_54_973, 447.54, 157.76, 1.61957e-08
FILLER_0_55_1001, 460.34, 157.76, 1.29603e-08
FILLER_0_54_1029, 473.14, 157.76, 9.7141e-09
PHY_EDGE_ROW_51_Left_143, 5.52, 152.32, 1.21619e-08
PHY_EDGE_ROW_52_Left_144, 5.52, 152.32, 1.21619e-08
PHY_EDGE_ROW_51_Right_51, 510.6, 152.32, 1.27673e-08
PHY_EDGE_ROW_52_Right_52, 510.6, 152.32, 1.27673e-08
FILLER_0_51_1089, 510.6, 152.32, 1.27673e-08
FILLER_0_52_1085, 510.6, 152.32, 1.27673e-08
FILLER_0_52_77, 37.94, 152.32, 1.83541e-08
FILLER_0_53_105, 50.74, 152.32, 2.45686e-08
FILLER_0_52_133, 63.54, 152.32, 3.07723e-08
FILLER_0_53_161, 76.34, 152.32, 3.69652e-08
FILLER_0_52_189, 89.14, 152.32, 4.31473e-08
FILLER_0_53_217, 101.94, 152.32, 4.93186e-08
FILLER_0_52_245, 114.74, 152.32, 5.54791e-08
FILLER_0_53_273, 127.54, 152.32, 6.16288e-08
FILLER_0_52_301, 140.34, 152.32, 6.77677e-08
FILLER_0_53_329, 153.14, 152.32, 7.38958e-08
FILLER_0_52_357, 165.94, 152.32, 8.00132e-08
FILLER_0_52_413, 191.54, 152.32, 8.64767e-08
FILLER_0_53_441, 204.34, 152.32, 8.68229e-08
FILLER_0_52_469, 217.14, 152.32, 8.71584e-08
FILLER_0_53_497, 229.94, 152.32, 8.7483e-08
FILLER_0_52_525, 242.74, 152.32, 8.77969e-08
FILLER_0_53_553, 255.54, 152.32, 8.80999e-08
FILLER_0_52_581, 268.34, 152.32, 8.83922e-08
FILLER_0_53_609, 281.14, 152.32, 8.86736e-08
FILLER_0_52_637, 293.94, 152.32, 8.89443e-08
FILLER_0_53_665, 306.74, 152.32, 8.92041e-08
FILLER_0_52_693, 319.54, 152.32, 8.94532e-08
FILLER_0_52_749, 345.14, 152.32, 8.33335e-08
FILLER_0_53_777, 357.94, 152.32, 7.69649e-08
FILLER_0_52_805, 370.74, 152.32, 7.05854e-08
FILLER_0_53_833, 383.54, 152.32, 6.41951e-08
FILLER_0_52_861, 396.34, 152.32, 5.7794e-08
FILLER_0_53_889, 409.14, 152.32, 5.13822e-08
FILLER_0_52_917, 421.94, 152.32, 4.49595e-08
FILLER_0_53_945, 434.74, 152.32, 3.8526e-08
FILLER_0_52_973, 447.54, 152.32, 3.20817e-08
FILLER_0_53_1001, 460.34, 152.32, 2.56266e-08
FILLER_0_52_1029, 473.14, 152.32, 1.91608e-08
PHY_EDGE_ROW_49_Left_141, 5.52, 146.88, 1.78553e-08
PHY_EDGE_ROW_50_Left_142, 5.52, 146.88, 1.78553e-08
PHY_EDGE_ROW_49_Right_49, 510.6, 146.88, 1.87173e-08
PHY_EDGE_ROW_50_Right_50, 510.6, 146.88, 1.87173e-08
FILLER_0_49_1089, 510.6, 146.88, 1.87173e-08
FILLER_0_50_1085, 510.6, 146.88, 1.87173e-08
FILLER_0_50_77, 37.94, 146.88, 2.71825e-08
FILLER_0_51_105, 50.74, 146.88, 3.6532e-08
FILLER_0_50_133, 63.54, 146.88, 4.58707e-08
FILLER_0_51_161, 76.34, 146.88, 5.51986e-08
FILLER_0_50_189, 89.14, 146.88, 6.45157e-08
FILLER_0_51_217, 101.94, 146.88, 7.3822e-08
FILLER_0_50_245, 114.74, 146.88, 8.31175e-08
FILLER_0_51_273, 127.54, 146.88, 9.24022e-08
FILLER_0_50_301, 140.34, 146.88, 1.01676e-07
FILLER_0_51_329, 153.14, 146.88, 1.10939e-07
FILLER_0_50_357, 165.94, 146.88, 1.20191e-07
FILLER_0_50_413, 191.54, 146.88, 1.29942e-07
FILLER_0_51_441, 204.34, 146.88, 1.30441e-07
FILLER_0_50_469, 217.14, 146.88, 1.30928e-07
FILLER_0_51_497, 229.94, 146.88, 1.31405e-07
FILLER_0_50_525, 242.74, 146.88, 1.31872e-07
FILLER_0_51_553, 255.54, 146.88, 1.32327e-07
FILLER_0_50_581, 268.34, 146.88, 1.32771e-07
FILLER_0_51_609, 281.14, 146.88, 1.33205e-07
FILLER_0_50_637, 293.94, 146.88, 1.33628e-07
FILLER_0_51_665, 306.74, 146.88, 1.3404e-07
FILLER_0_50_693, 319.54, 146.88, 1.34441e-07
FILLER_0_50_749, 345.14, 146.88, 1.25208e-07
FILLER_0_51_777, 357.94, 146.88, 1.15574e-07
FILLER_0_50_805, 370.74, 146.88, 1.05928e-07
FILLER_0_51_833, 383.54, 146.88, 9.62721e-08
FILLER_0_50_861, 396.34, 146.88, 8.66051e-08
FILLER_0_51_889, 409.14, 146.88, 7.69274e-08
FILLER_0_50_917, 421.94, 146.88, 6.72388e-08
FILLER_0_51_945, 434.74, 146.88, 5.75395e-08
FILLER_0_50_973, 447.54, 146.88, 4.78293e-08
FILLER_0_51_1001, 460.34, 146.88, 3.81084e-08
FILLER_0_50_1029, 473.14, 146.88, 2.83766e-08
PHY_EDGE_ROW_47_Left_139, 5.52, 141.44, 2.31488e-08
PHY_EDGE_ROW_48_Left_140, 5.52, 141.44, 2.31488e-08
PHY_EDGE_ROW_47_Right_47, 510.6, 141.44, 2.42524e-08
PHY_EDGE_ROW_48_Right_48, 510.6, 141.44, 2.42524e-08
FILLER_0_47_1089, 510.6, 141.44, 2.42524e-08
FILLER_0_48_1085, 510.6, 141.44, 2.42524e-08
FILLER_0_48_77, 37.94, 141.44, 3.56756e-08
FILLER_0_49_105, 50.74, 141.44, 4.82247e-08
FILLER_0_48_133, 63.54, 141.44, 6.07629e-08
FILLER_0_49_161, 76.34, 141.44, 7.32904e-08
FILLER_0_48_189, 89.14, 141.44, 8.58071e-08
FILLER_0_49_217, 101.94, 141.44, 9.8313e-08
FILLER_0_48_245, 114.74, 141.44, 1.10808e-07
FILLER_0_49_273, 127.54, 141.44, 1.23292e-07
FILLER_0_48_301, 140.34, 141.44, 1.35766e-07
FILLER_0_49_329, 153.14, 141.44, 1.48228e-07
FILLER_0_48_357, 165.94, 141.44, 1.6068e-07
FILLER_0_48_413, 191.54, 141.44, 1.73793e-07
FILLER_0_49_441, 204.34, 141.44, 1.74453e-07
FILLER_0_48_469, 217.14, 141.44, 1.75103e-07
FILLER_0_49_497, 229.94, 141.44, 1.75741e-07
FILLER_0_48_525, 242.74, 141.44, 1.76369e-07
FILLER_0_47_541, 255.54, 141.44, 1.76987e-07
FILLER_0_49_553, 255.54, 141.44, 1.76987e-07
FILLER_0_48_581, 268.34, 141.44, 1.77582e-07
FILLER_0_49_609, 281.14, 141.44, 1.78167e-07
FILLER_0_48_637, 293.94, 141.44, 1.78741e-07
FILLER_0_49_665, 306.74, 141.44, 1.79304e-07
FILLER_0_48_693, 319.54, 141.44, 1.79856e-07
FILLER_0_48_749, 345.14, 141.44, 1.67438e-07
FILLER_0_49_777, 357.94, 141.44, 1.54468e-07
FILLER_0_48_805, 370.74, 141.44, 1.41487e-07
FILLER_0_49_833, 383.54, 141.44, 1.28495e-07
FILLER_0_48_861, 396.34, 141.44, 1.15492e-07
FILLER_0_49_889, 409.14, 141.44, 1.02478e-07
FILLER_0_48_917, 421.94, 141.44, 8.94536e-08
FILLER_0_49_945, 434.74, 141.44, 7.64183e-08
FILLER_0_48_973, 447.54, 141.44, 6.33722e-08
FILLER_0_49_1001, 460.34, 141.44, 5.03153e-08
FILLER_0_48_1029, 473.14, 141.44, 3.72477e-08
PHY_EDGE_ROW_45_Left_137, 5.52, 136, 3.0328e-07
PHY_EDGE_ROW_46_Left_138, 5.52, 136, 3.0328e-07
PHY_EDGE_ROW_45_Right_45, 510.6, 136, 3.1792e-07
PHY_EDGE_ROW_46_Right_46, 510.6, 136, 3.1792e-07
FILLER_0_45_1089, 510.6, 136, 3.1792e-07
FILLER_0_46_1085, 510.6, 136, 3.1792e-07
FILLER_0_46_77, 37.94, 136, 6.71458e-07
FILLER_0_47_105, 50.74, 136, 1.03966e-06
FILLER_0_46_133, 63.54, 136, 1.40785e-06
FILLER_0_47_161, 76.34, 136, 1.77603e-06
FILLER_0_46_189, 89.14, 136, 2.1442e-06
FILLER_0_47_217, 101.94, 136, 2.51235e-06
FILLER_0_46_245, 114.74, 136, 2.8805e-06
FILLER_0_47_273, 127.54, 136, 3.24864e-06
FILLER_0_46_301, 140.34, 136, 3.61676e-06
FILLER_0_47_329, 153.14, 136, 3.98487e-06
FILLER_0_46_357, 165.94, 136, 4.35298e-06
FILLER_0_46_413, 191.54, 136, 1.08372e-05
FILLER_0_47_441, 204.34, 136, 1.69534e-05
FILLER_0_46_469, 217.14, 136, 2.30696e-05
FILLER_0_47_497, 229.94, 136, 2.91857e-05
FILLER_0_46_525, 242.74, 136, 3.53018e-05
_3_, 255.54, 136, 4.14179e-05
_4_, 255.54, 136, 4.14179e-05
_5_, 255.54, 136, 4.14179e-05
_6_, 255.54, 136, 4.14179e-05
_7_, 255.54, 136, 4.14179e-05
FILLER_0_46_533, 255.54, 136, 4.14179e-05
FILLER_0_47_551, 255.54, 136, 4.14179e-05
_8_, 268.34, 136, 3.69996e-05
FILLER_0_46_577, 268.34, 136, 3.69996e-05
FILLER_0_46_585, 268.34, 136, 3.69996e-05
FILLER_0_47_609, 281.14, 136, 3.05893e-05
FILLER_0_46_637, 293.94, 136, 2.4179e-05
FILLER_0_47_665, 306.74, 136, 1.77687e-05
FILLER_0_46_693, 319.54, 136, 1.13584e-05
FILLER_0_46_749, 345.14, 136, 4.56227e-06
FILLER_0_47_777, 357.94, 136, 4.17647e-06
FILLER_0_46_805, 370.74, 136, 3.79065e-06
FILLER_0_47_833, 383.54, 136, 3.40483e-06
FILLER_0_46_861, 396.34, 136, 3.01899e-06
FILLER_0_47_889, 409.14, 136, 2.63314e-06
FILLER_0_46_917, 421.94, 136, 2.24729e-06
FILLER_0_47_945, 434.74, 136, 1.86142e-06
FILLER_0_46_973, 447.54, 136, 1.47554e-06
FILLER_0_47_1001, 460.34, 136, 1.08965e-06
FILLER_0_46_1029, 473.14, 136, 7.03748e-07
PHY_EDGE_ROW_43_Left_135, 5.52, 130.56, 1.3684e-08
PHY_EDGE_ROW_44_Left_136, 5.52, 130.56, 1.3684e-08
PHY_EDGE_ROW_43_Right_43, 510.6, 130.56, 1.37499e-08
PHY_EDGE_ROW_44_Right_44, 510.6, 130.56, 1.37499e-08
FILLER_0_43_1089, 510.6, 130.56, 1.37499e-08
FILLER_0_44_1085, 510.6, 130.56, 1.37499e-08
FILLER_0_44_77, 37.94, 130.56, 3.10861e-08
FILLER_0_45_105, 50.74, 130.56, 4.85105e-08
FILLER_0_44_133, 63.54, 130.56, 6.59241e-08
FILLER_0_45_161, 76.34, 130.56, 8.33269e-08
FILLER_0_44_189, 89.14, 130.56, 1.00719e-07
FILLER_0_45_217, 101.94, 130.56, 1.181e-07
FILLER_0_44_245, 114.74, 130.56, 1.3547e-07
FILLER_0_45_273, 127.54, 130.56, 1.5283e-07
FILLER_0_44_301, 140.34, 130.56, 1.70179e-07
FILLER_0_45_329, 153.14, 130.56, 1.87517e-07
FILLER_0_44_357, 165.94, 130.56, 2.04844e-07
FILLER_0_44_413, 191.54, 130.56, 5.2374e-07
FILLER_0_45_441, 204.34, 130.56, 8.25309e-07
FILLER_0_44_469, 217.14, 130.56, 1.12687e-06
FILLER_0_45_497, 229.94, 130.56, 1.42841e-06
FILLER_0_44_525, 242.74, 130.56, 1.72995e-06
FILLER_0_45_529, 242.74, 130.56, 1.72995e-06
_2_, 255.54, 130.56, 2.03147e-06
FILLER_0_45_556, 255.54, 130.56, 2.03147e-06
FILLER_0_45_607, 281.14, 130.56, 1.4284e-06
FILLER_0_44_637, 293.94, 130.56, 1.12686e-06
FILLER_0_45_665, 306.74, 130.56, 8.25301e-07
FILLER_0_44_693, 319.54, 130.56, 5.23735e-07
FILLER_0_44_749, 345.14, 130.56, 2.04844e-07
FILLER_0_45_777, 357.94, 130.56, 1.87518e-07
FILLER_0_44_805, 370.74, 130.56, 1.70182e-07
FILLER_0_45_833, 383.54, 130.56, 1.52834e-07
FILLER_0_44_861, 396.34, 130.56, 1.35476e-07
FILLER_0_45_889, 409.14, 130.56, 1.18107e-07
FILLER_0_44_917, 421.94, 130.56, 1.00727e-07
FILLER_0_45_945, 434.74, 130.56, 8.33369e-08
FILLER_0_44_973, 447.54, 130.56, 6.59355e-08
FILLER_0_45_1001, 460.34, 130.56, 4.85234e-08
FILLER_0_44_1029, 473.14, 130.56, 3.11004e-08
PHY_EDGE_ROW_41_Left_133, 5.52, 125.12, 1.18097e-10
PHY_EDGE_ROW_42_Left_134, 5.52, 125.12, 1.18097e-10
PHY_EDGE_ROW_41_Right_41, 510.6, 125.12, 1.86396e-10
PHY_EDGE_ROW_42_Right_42, 510.6, 125.12, 1.86396e-10
FILLER_0_41_1089, 510.6, 125.12, 1.86396e-10
FILLER_0_42_1085, 510.6, 125.12, 1.86396e-10
FILLER_0_42_77, 37.94, 125.12, 1.46861e-10
FILLER_0_43_105, 50.74, 125.12, 1.97935e-10
FILLER_0_42_133, 63.54, 125.12, 2.38208e-10
FILLER_0_43_161, 76.34, 125.12, 2.67681e-10
FILLER_0_42_189, 89.14, 125.12, 2.86354e-10
FILLER_0_43_217, 101.94, 125.12, 2.94227e-10
FILLER_0_42_245, 114.74, 125.12, 2.913e-10
FILLER_0_43_273, 127.54, 125.12, 2.77572e-10
FILLER_0_42_301, 140.34, 125.12, 2.53044e-10
FILLER_0_43_329, 153.14, 125.12, 2.17716e-10
FILLER_0_42_357, 165.94, 125.12, 1.71588e-10
FILLER_0_42_413, 191.54, 125.12, 1.74154e-10
FILLER_0_43_441, 204.34, 125.12, 2.22848e-10
FILLER_0_42_469, 217.14, 125.12, 2.60742e-10
FILLER_0_43_497, 229.94, 125.12, 2.87836e-10
FILLER_0_42_525, 242.74, 125.12, 3.04129e-10
FILLER_0_43_553, 255.54, 125.12, 3.09623e-10
FILLER_0_42_581, 268.34, 125.12, 3.04316e-10
FILLER_0_43_609, 281.14, 125.12, 2.88209e-10
FILLER_0_42_637, 293.94, 125.12, 2.61302e-10
FILLER_0_43_665, 306.74, 125.12, 2.23594e-10
FILLER_0_42_693, 319.54, 125.12, 1.75087e-10
FILLER_0_42_749, 345.14, 125.12, 1.74129e-10
FILLER_0_43_777, 357.94, 125.12, 2.21679e-10
FILLER_0_42_805, 370.74, 125.12, 2.58429e-10
FILLER_0_43_833, 383.54, 125.12, 2.84378e-10
FILLER_0_42_861, 396.34, 125.12, 2.99527e-10
FILLER_0_43_889, 409.14, 125.12, 3.03877e-10
FILLER_0_42_917, 421.94, 125.12, 2.97426e-10
FILLER_0_43_945, 434.74, 125.12, 2.80174e-10
FILLER_0_42_973, 447.54, 125.12, 2.52123e-10
FILLER_0_43_1001, 460.34, 125.12, 2.13271e-10
FILLER_0_42_1029, 473.14, 125.12, 1.6362e-10
PHY_EDGE_ROW_39_Left_131, 5.52, 119.68, 1.25026e-10
PHY_EDGE_ROW_40_Left_132, 5.52, 119.68, 1.25026e-10
PHY_EDGE_ROW_39_Right_39, 510.6, 119.68, 1.94689e-10
PHY_EDGE_ROW_40_Right_40, 510.6, 119.68, 1.94689e-10
FILLER_0_39_1089, 510.6, 119.68, 1.94689e-10
FILLER_0_40_1085, 510.6, 119.68, 1.94689e-10
FILLER_0_40_77, 37.94, 119.68, 1.53964e-10
FILLER_0_41_105, 50.74, 119.68, 2.05211e-10
FILLER_0_40_133, 63.54, 119.68, 2.45657e-10
FILLER_0_41_161, 76.34, 119.68, 2.75304e-10
FILLER_0_40_189, 89.14, 119.68, 2.9415e-10
FILLER_0_41_217, 101.94, 119.68, 3.02196e-10
FILLER_0_40_245, 114.74, 119.68, 2.99442e-10
FILLER_0_41_273, 127.54, 119.68, 2.85888e-10
FILLER_0_40_301, 140.34, 119.68, 2.61534e-10
FILLER_0_41_329, 153.14, 119.68, 2.26379e-10
FILLER_0_40_357, 165.94, 119.68, 1.80425e-10
FILLER_0_40_413, 191.54, 119.68, 1.83177e-10
FILLER_0_41_441, 204.34, 119.68, 2.31884e-10
FILLER_0_40_469, 217.14, 119.68, 2.6979e-10
FILLER_0_41_497, 229.94, 119.68, 2.96897e-10
FILLER_0_40_525, 242.74, 119.68, 3.13203e-10
FILLER_0_41_553, 255.54, 119.68, 3.1871e-10
FILLER_0_40_581, 268.34, 119.68, 3.13416e-10
FILLER_0_41_609, 281.14, 119.68, 2.97321e-10
FILLER_0_40_637, 293.94, 119.68, 2.70427e-10
FILLER_0_41_665, 306.74, 119.68, 2.32732e-10
FILLER_0_40_693, 319.54, 119.68, 1.84238e-10
FILLER_0_40_749, 345.14, 119.68, 1.8322e-10
FILLER_0_41_777, 357.94, 119.68, 2.30698e-10
FILLER_0_40_805, 370.74, 119.68, 2.67375e-10
FILLER_0_41_833, 383.54, 119.68, 2.93252e-10
FILLER_0_40_861, 396.34, 119.68, 3.08328e-10
FILLER_0_41_889, 409.14, 119.68, 3.12605e-10
FILLER_0_40_917, 421.94, 119.68, 3.06081e-10
FILLER_0_41_945, 434.74, 119.68, 2.88758e-10
FILLER_0_40_973, 447.54, 119.68, 2.60634e-10
FILLER_0_41_1001, 460.34, 119.68, 2.21709e-10
FILLER_0_40_1029, 473.14, 119.68, 1.71985e-10
PHY_EDGE_ROW_37_Left_129, 5.52, 114.24, 1.27336e-10
PHY_EDGE_ROW_38_Left_130, 5.52, 114.24, 1.27336e-10
PHY_EDGE_ROW_37_Right_37, 510.6, 114.24, 1.97454e-10
PHY_EDGE_ROW_38_Right_38, 510.6, 114.24, 1.97454e-10
FILLER_0_37_1089, 510.6, 114.24, 1.97454e-10
FILLER_0_38_1085, 510.6, 114.24, 1.97454e-10
FILLER_0_38_77, 37.94, 114.24, 1.56332e-10
FILLER_0_39_105, 50.74, 114.24, 2.07636e-10
FILLER_0_38_133, 63.54, 114.24, 2.48141e-10
FILLER_0_39_161, 76.34, 114.24, 2.77845e-10
FILLER_0_38_189, 89.14, 114.24, 2.96749e-10
FILLER_0_39_217, 101.94, 114.24, 3.04853e-10
FILLER_0_38_245, 114.74, 114.24, 3.02157e-10
FILLER_0_39_273, 127.54, 114.24, 2.8866e-10
FILLER_0_38_301, 140.34, 114.24, 2.64364e-10
FILLER_0_39_329, 153.14, 114.24, 2.29267e-10
FILLER_0_38_357, 165.94, 114.24, 1.8337e-10
FILLER_0_38_413, 191.54, 114.24, 1.86184e-10
FILLER_0_39_441, 204.34, 114.24, 2.34895e-10
FILLER_0_38_469, 217.14, 114.24, 2.72806e-10
FILLER_0_39_497, 229.94, 114.24, 2.99917e-10
FILLER_0_38_525, 242.74, 114.24, 3.16228e-10
FILLER_0_39_553, 255.54, 114.24, 3.21738e-10
FILLER_0_38_581, 268.34, 114.24, 3.16448e-10
FILLER_0_39_609, 281.14, 114.24, 3.00358e-10
FILLER_0_38_637, 293.94, 114.24, 2.73468e-10
FILLER_0_39_665, 306.74, 114.24, 2.35778e-10
FILLER_0_38_693, 319.54, 114.24, 1.87288e-10
FILLER_0_38_749, 345.14, 114.24, 1.8625e-10
FILLER_0_39_777, 357.94, 114.24, 2.33703e-10
FILLER_0_38_805, 370.74, 114.24, 2.70356e-10
FILLER_0_39_833, 383.54, 114.24, 2.96209e-10
FILLER_0_38_861, 396.34, 114.24, 3.11262e-10
FILLER_0_39_889, 409.14, 114.24, 3.15514e-10
FILLER_0_38_917, 421.94, 114.24, 3.08967e-10
FILLER_0_39_945, 434.74, 114.24, 2.91619e-10
FILLER_0_38_973, 447.54, 114.24, 2.63471e-10
FILLER_0_39_1001, 460.34, 114.24, 2.24522e-10
FILLER_0_38_1029, 473.14, 114.24, 1.74774e-10
PHY_EDGE_ROW_35_Left_127, 5.52, 108.8, 1.25026e-10
PHY_EDGE_ROW_36_Left_128, 5.52, 108.8, 1.25026e-10
PHY_EDGE_ROW_35_Right_35, 510.6, 108.8, 1.94689e-10
PHY_EDGE_ROW_36_Right_36, 510.6, 108.8, 1.94689e-10
FILLER_0_35_1089, 510.6, 108.8, 1.94689e-10
FILLER_0_36_1085, 510.6, 108.8, 1.94689e-10
FILLER_0_36_77, 37.94, 108.8, 1.53964e-10
FILLER_0_37_105, 50.74, 108.8, 2.05211e-10
FILLER_0_36_133, 63.54, 108.8, 2.45657e-10
FILLER_0_37_161, 76.34, 108.8, 2.75304e-10
FILLER_0_36_189, 89.14, 108.8, 2.9415e-10
FILLER_0_37_217, 101.94, 108.8, 3.02196e-10
FILLER_0_36_245, 114.74, 108.8, 2.99442e-10
FILLER_0_37_273, 127.54, 108.8, 2.85888e-10
FILLER_0_36_301, 140.34, 108.8, 2.61534e-10
FILLER_0_37_329, 153.14, 108.8, 2.26379e-10
FILLER_0_36_357, 165.94, 108.8, 1.80425e-10
FILLER_0_36_413, 191.54, 108.8, 1.83177e-10
FILLER_0_37_441, 204.34, 108.8, 2.31884e-10
FILLER_0_36_469, 217.14, 108.8, 2.6979e-10
FILLER_0_37_497, 229.94, 108.8, 2.96897e-10
FILLER_0_36_525, 242.74, 108.8, 3.13203e-10
FILLER_0_37_553, 255.54, 108.8, 3.1871e-10
FILLER_0_36_581, 268.34, 108.8, 3.13416e-10
FILLER_0_37_609, 281.14, 108.8, 2.97321e-10
FILLER_0_36_637, 293.94, 108.8, 2.70427e-10
FILLER_0_37_665, 306.74, 108.8, 2.32732e-10
FILLER_0_36_693, 319.54, 108.8, 1.84238e-10
FILLER_0_36_749, 345.14, 108.8, 1.8322e-10
FILLER_0_37_777, 357.94, 108.8, 2.30698e-10
FILLER_0_36_805, 370.74, 108.8, 2.67375e-10
FILLER_0_37_833, 383.54, 108.8, 2.93252e-10
FILLER_0_36_861, 396.34, 108.8, 3.08328e-10
FILLER_0_37_889, 409.14, 108.8, 3.12605e-10
FILLER_0_36_917, 421.94, 108.8, 3.06081e-10
FILLER_0_37_945, 434.74, 108.8, 2.88758e-10
FILLER_0_36_973, 447.54, 108.8, 2.60634e-10
FILLER_0_37_1001, 460.34, 108.8, 2.21709e-10
FILLER_0_36_1029, 473.14, 108.8, 1.71985e-10
PHY_EDGE_ROW_33_Left_125, 5.52, 103.36, 1.18097e-10
PHY_EDGE_ROW_34_Left_126, 5.52, 103.36, 1.18097e-10
PHY_EDGE_ROW_33_Right_33, 510.6, 103.36, 1.86396e-10
PHY_EDGE_ROW_34_Right_34, 510.6, 103.36, 1.86396e-10
FILLER_0_33_1089, 510.6, 103.36, 1.86396e-10
FILLER_0_34_1085, 510.6, 103.36, 1.86396e-10
FILLER_0_34_77, 37.94, 103.36, 1.46861e-10
FILLER_0_35_105, 50.74, 103.36, 1.97935e-10
FILLER_0_34_133, 63.54, 103.36, 2.38208e-10
FILLER_0_35_161, 76.34, 103.36, 2.67681e-10
FILLER_0_34_189, 89.14, 103.36, 2.86354e-10
FILLER_0_35_217, 101.94, 103.36, 2.94227e-10
FILLER_0_34_245, 114.74, 103.36, 2.913e-10
FILLER_0_35_273, 127.54, 103.36, 2.77572e-10
FILLER_0_34_301, 140.34, 103.36, 2.53044e-10
FILLER_0_35_329, 153.14, 103.36, 2.17716e-10
FILLER_0_34_357, 165.94, 103.36, 1.71588e-10
FILLER_0_34_413, 191.54, 103.36, 1.74154e-10
FILLER_0_35_441, 204.34, 103.36, 2.22848e-10
FILLER_0_34_469, 217.14, 103.36, 2.60742e-10
FILLER_0_35_497, 229.94, 103.36, 2.87836e-10
FILLER_0_34_525, 242.74, 103.36, 3.04129e-10
FILLER_0_35_553, 255.54, 103.36, 3.09623e-10
FILLER_0_34_581, 268.34, 103.36, 3.04316e-10
FILLER_0_35_609, 281.14, 103.36, 2.88209e-10
FILLER_0_34_637, 293.94, 103.36, 2.61302e-10
FILLER_0_35_665, 306.74, 103.36, 2.23594e-10
FILLER_0_34_693, 319.54, 103.36, 1.75087e-10
FILLER_0_34_749, 345.14, 103.36, 1.74129e-10
FILLER_0_35_777, 357.94, 103.36, 2.21679e-10
FILLER_0_34_805, 370.74, 103.36, 2.58429e-10
FILLER_0_35_833, 383.54, 103.36, 2.84378e-10
FILLER_0_34_861, 396.34, 103.36, 2.99527e-10
FILLER_0_35_889, 409.14, 103.36, 3.03877e-10
FILLER_0_34_917, 421.94, 103.36, 2.97426e-10
FILLER_0_35_945, 434.74, 103.36, 2.80174e-10
FILLER_0_34_973, 447.54, 103.36, 2.52123e-10
FILLER_0_35_1001, 460.34, 103.36, 2.13271e-10
FILLER_0_34_1029, 473.14, 103.36, 1.6362e-10
PHY_EDGE_ROW_31_Left_123, 5.52, 97.92, 1.06557e-10
PHY_EDGE_ROW_32_Left_124, 5.52, 97.92, 1.06557e-10
PHY_EDGE_ROW_31_Right_31, 510.6, 97.92, 1.72578e-10
PHY_EDGE_ROW_32_Right_32, 510.6, 97.92, 1.72578e-10
FILLER_0_31_1089, 510.6, 97.92, 1.72578e-10
FILLER_0_32_1085, 510.6, 97.92, 1.72578e-10
FILLER_0_32_77, 37.94, 97.92, 1.35032e-10
FILLER_0_33_105, 50.74, 97.92, 1.85815e-10
FILLER_0_32_133, 63.54, 97.92, 2.25797e-10
FILLER_0_33_161, 76.34, 97.92, 2.5498e-10
FILLER_0_32_189, 89.14, 97.92, 2.73363e-10
FILLER_0_33_217, 101.94, 97.92, 2.80945e-10
FILLER_0_32_245, 114.74, 97.92, 2.77727e-10
FILLER_0_33_273, 127.54, 97.92, 2.63709e-10
FILLER_0_32_301, 140.34, 97.92, 2.38891e-10
FILLER_0_33_329, 153.14, 97.92, 2.03273e-10
FILLER_0_32_357, 165.94, 97.92, 1.56854e-10
FILLER_0_32_413, 191.54, 97.92, 1.59108e-10
FILLER_0_33_441, 204.34, 97.92, 2.07781e-10
FILLER_0_32_469, 217.14, 97.92, 2.45654e-10
FILLER_0_33_497, 229.94, 97.92, 2.72727e-10
FILLER_0_32_525, 242.74, 97.92, 2.88999e-10
FILLER_0_33_553, 255.54, 97.92, 2.94472e-10
FILLER_0_32_581, 268.34, 97.92, 2.89144e-10
FILLER_0_33_609, 281.14, 97.92, 2.73016e-10
FILLER_0_32_637, 293.94, 97.92, 2.46087e-10
FILLER_0_33_665, 306.74, 97.92, 2.08359e-10
FILLER_0_32_693, 319.54, 97.92, 1.5983e-10
FILLER_0_32_749, 345.14, 97.92, 1.58973e-10
FILLER_0_33_777, 357.94, 97.92, 2.06645e-10
FILLER_0_32_805, 370.74, 97.92, 2.43516e-10
FILLER_0_33_833, 383.54, 97.92, 2.69587e-10
FILLER_0_32_861, 396.34, 97.92, 2.84858e-10
FILLER_0_33_889, 409.14, 97.92, 2.89329e-10
FILLER_0_32_917, 421.94, 97.92, 2.83e-10
FILLER_0_33_945, 434.74, 97.92, 2.6587e-10
FILLER_0_32_973, 447.54, 97.92, 2.3794e-10
FILLER_0_33_1001, 460.34, 97.92, 1.9921e-10
FILLER_0_32_1029, 473.14, 97.92, 1.4968e-10
PHY_EDGE_ROW_29_Left_121, 5.52, 92.48, 1.20422e-10
PHY_EDGE_ROW_30_Left_122, 5.52, 92.48, 1.20422e-10
PHY_EDGE_ROW_29_Right_29, 510.6, 92.48, 1.89167e-10
PHY_EDGE_ROW_30_Right_30, 510.6, 92.48, 1.89167e-10
FILLER_0_29_1089, 510.6, 92.48, 1.89167e-10
FILLER_0_30_1085, 510.6, 92.48, 1.89167e-10
FILLER_0_30_77, 37.94, 92.48, 1.49242e-10
FILLER_0_31_105, 50.74, 92.48, 2.0037e-10
FILLER_0_30_133, 63.54, 92.48, 2.40699e-10
FILLER_0_31_161, 76.34, 92.48, 2.70228e-10
FILLER_0_30_189, 89.14, 92.48, 2.88956e-10
FILLER_0_31_217, 101.94, 92.48, 2.96884e-10
FILLER_0_30_245, 114.74, 92.48, 2.94012e-10
FILLER_0_31_273, 127.54, 92.48, 2.8034e-10
FILLER_0_30_301, 140.34, 92.48, 2.55868e-10
FILLER_0_31_329, 153.14, 92.48, 2.20595e-10
FILLER_0_30_357, 165.94, 92.48, 1.74522e-10
FILLER_0_30_413, 191.54, 92.48, 1.77149e-10
FILLER_0_31_441, 204.34, 92.48, 2.25847e-10
FILLER_0_30_469, 217.14, 92.48, 2.63746e-10
FILLER_0_31_497, 229.94, 92.48, 2.90845e-10
FILLER_0_30_525, 242.74, 92.48, 3.07143e-10
FILLER_0_31_553, 255.54, 92.48, 3.12641e-10
FILLER_0_30_581, 268.34, 92.48, 3.07339e-10
FILLER_0_31_609, 281.14, 92.48, 2.91237e-10
FILLER_0_30_637, 293.94, 92.48, 2.64334e-10
FILLER_0_31_665, 306.74, 92.48, 2.26631e-10
FILLER_0_30_693, 319.54, 92.48, 1.78129e-10
FILLER_0_30_749, 345.14, 92.48, 1.77153e-10
FILLER_0_31_777, 357.94, 92.48, 2.2468e-10
FILLER_0_30_805, 370.74, 92.48, 2.61406e-10
FILLER_0_31_833, 383.54, 92.48, 2.87333e-10
FILLER_0_30_861, 396.34, 92.48, 3.02459e-10
FILLER_0_31_889, 409.14, 92.48, 3.06785e-10
FILLER_0_30_917, 421.94, 92.48, 3.00311e-10
FILLER_0_31_945, 434.74, 92.48, 2.83037e-10
FILLER_0_30_973, 447.54, 92.48, 2.54963e-10
FILLER_0_31_1001, 460.34, 92.48, 2.16088e-10
FILLER_0_30_1029, 473.14, 92.48, 1.66413e-10
PHY_EDGE_ROW_27_Left_119, 5.52, 87.04, 1.29673e-10
PHY_EDGE_ROW_28_Left_120, 5.52, 87.04, 1.29673e-10
PHY_EDGE_ROW_27_Right_27, 510.6, 87.04, 2.00229e-10
PHY_EDGE_ROW_28_Right_28, 510.6, 87.04, 2.00229e-10
FILLER_0_27_1089, 510.6, 87.04, 2.00229e-10
FILLER_0_28_1085, 510.6, 87.04, 2.00229e-10
FILLER_0_28_77, 37.94, 87.04, 1.58722e-10
FILLER_0_29_105, 50.74, 87.04, 2.1008e-10
FILLER_0_28_133, 63.54, 87.04, 2.50638e-10
FILLER_0_29_161, 76.34, 87.04, 2.80396e-10
FILLER_0_28_189, 89.14, 87.04, 2.99354e-10
FILLER_0_29_217, 101.94, 87.04, 3.07511e-10
FILLER_0_28_245, 114.74, 87.04, 3.04868e-10
FILLER_0_29_273, 127.54, 87.04, 2.91425e-10
FILLER_0_28_301, 140.34, 87.04, 2.67182e-10
FILLER_0_29_329, 153.14, 87.04, 2.32139e-10
FILLER_0_28_357, 165.94, 87.04, 1.86296e-10
FILLER_0_28_413, 191.54, 87.04, 1.89168e-10
FILLER_0_29_441, 204.34, 87.04, 2.37885e-10
FILLER_0_28_469, 217.14, 87.04, 2.75801e-10
FILLER_0_29_497, 229.94, 87.04, 3.02917e-10
FILLER_0_28_525, 242.74, 87.04, 3.19232e-10
FILLER_0_29_553, 255.54, 87.04, 3.24748e-10
FILLER_0_28_581, 268.34, 87.04, 3.19463e-10
FILLER_0_29_609, 281.14, 87.04, 3.03379e-10
FILLER_0_28_637, 293.94, 87.04, 2.76494e-10
FILLER_0_29_665, 306.74, 87.04, 2.38808e-10
FILLER_0_28_693, 319.54, 87.04, 1.90323e-10
FILLER_0_28_749, 345.14, 87.04, 1.89269e-10
FILLER_0_29_777, 357.94, 87.04, 2.367e-10
FILLER_0_28_805, 370.74, 87.04, 2.73331e-10
FILLER_0_29_833, 383.54, 87.04, 2.99161e-10
FILLER_0_28_861, 396.34, 87.04, 3.14192e-10
FILLER_0_29_889, 409.14, 87.04, 3.18422e-10
FILLER_0_28_917, 421.94, 87.04, 3.11852e-10
FILLER_0_29_945, 434.74, 87.04, 2.94482e-10
FILLER_0_28_973, 447.54, 87.04, 2.66312e-10
FILLER_0_29_1001, 460.34, 87.04, 2.27342e-10
FILLER_0_28_1029, 473.14, 87.04, 1.77571e-10
PHY_EDGE_ROW_25_Left_117, 5.52, 81.6, 1.343e-10
PHY_EDGE_ROW_26_Left_118, 5.52, 81.6, 1.343e-10
PHY_EDGE_ROW_25_Right_25, 510.6, 81.6, 2.05761e-10
PHY_EDGE_ROW_26_Right_26, 510.6, 81.6, 2.05761e-10
FILLER_0_25_1089, 510.6, 81.6, 2.05761e-10
FILLER_0_26_1085, 510.6, 81.6, 2.05761e-10
FILLER_0_26_77, 37.94, 81.6, 1.63464e-10
FILLER_0_27_105, 50.74, 81.6, 2.14936e-10
FILLER_0_26_133, 63.54, 81.6, 2.55609e-10
FILLER_0_27_161, 76.34, 81.6, 2.85481e-10
FILLER_0_26_189, 89.14, 81.6, 3.04553e-10
FILLER_0_27_217, 101.94, 81.6, 3.12824e-10
FILLER_0_26_245, 114.74, 81.6, 3.10296e-10
FILLER_0_27_273, 127.54, 81.6, 2.96967e-10
FILLER_0_26_301, 140.34, 81.6, 2.72839e-10
FILLER_0_27_329, 153.14, 81.6, 2.3791e-10
FILLER_0_26_357, 165.94, 81.6, 1.9218e-10
FILLER_0_26_413, 191.54, 81.6, 1.95176e-10
FILLER_0_27_441, 204.34, 81.6, 2.43901e-10
FILLER_0_26_469, 217.14, 81.6, 2.81826e-10
FILLER_0_27_497, 229.94, 81.6, 3.08951e-10
FILLER_0_26_525, 242.74, 81.6, 3.25275e-10
FILLER_0_27_553, 255.54, 81.6, 3.308e-10
FILLER_0_26_581, 268.34, 81.6, 3.25524e-10
FILLER_0_27_609, 281.14, 81.6, 3.09448e-10
FILLER_0_26_637, 293.94, 81.6, 2.82572e-10
FILLER_0_27_665, 306.74, 81.6, 2.44895e-10
FILLER_0_26_693, 319.54, 81.6, 1.96419e-10
FILLER_0_26_749, 345.14, 81.6, 1.95326e-10
FILLER_0_27_777, 357.94, 81.6, 2.42709e-10
FILLER_0_26_805, 370.74, 81.6, 2.79292e-10
FILLER_0_27_833, 383.54, 81.6, 3.05075e-10
FILLER_0_26_861, 396.34, 81.6, 3.20058e-10
FILLER_0_27_889, 409.14, 81.6, 3.24241e-10
FILLER_0_26_917, 421.94, 81.6, 3.17623e-10
FILLER_0_27_945, 434.74, 81.6, 3.00205e-10
FILLER_0_26_973, 447.54, 81.6, 2.71987e-10
FILLER_0_27_1001, 460.34, 81.6, 2.32969e-10
FILLER_0_26_1029, 473.14, 81.6, 1.83151e-10
PHY_EDGE_ROW_23_Left_115, 5.52, 76.16, 1.343e-10
PHY_EDGE_ROW_24_Left_116, 5.52, 76.16, 1.343e-10
PHY_EDGE_ROW_23_Right_23, 510.6, 76.16, 2.05761e-10
PHY_EDGE_ROW_24_Right_24, 510.6, 76.16, 2.05761e-10
FILLER_0_23_1089, 510.6, 76.16, 2.05761e-10
FILLER_0_24_1085, 510.6, 76.16, 2.05761e-10
FILLER_0_24_77, 37.94, 76.16, 1.63464e-10
FILLER_0_25_105, 50.74, 76.16, 2.14936e-10
FILLER_0_24_133, 63.54, 76.16, 2.55609e-10
FILLER_0_25_161, 76.34, 76.16, 2.85481e-10
FILLER_0_24_189, 89.14, 76.16, 3.04553e-10
FILLER_0_25_217, 101.94, 76.16, 3.12824e-10
FILLER_0_24_245, 114.74, 76.16, 3.10296e-10
FILLER_0_25_273, 127.54, 76.16, 2.96967e-10
FILLER_0_24_301, 140.34, 76.16, 2.72839e-10
FILLER_0_25_329, 153.14, 76.16, 2.3791e-10
FILLER_0_24_357, 165.94, 76.16, 1.9218e-10
FILLER_0_24_413, 191.54, 76.16, 1.95176e-10
FILLER_0_25_441, 204.34, 76.16, 2.43901e-10
FILLER_0_24_469, 217.14, 76.16, 2.81826e-10
FILLER_0_25_497, 229.94, 76.16, 3.08951e-10
FILLER_0_24_525, 242.74, 76.16, 3.25275e-10
FILLER_0_25_553, 255.54, 76.16, 3.308e-10
FILLER_0_24_581, 268.34, 76.16, 3.25524e-10
FILLER_0_25_609, 281.14, 76.16, 3.09448e-10
FILLER_0_24_637, 293.94, 76.16, 2.82572e-10
FILLER_0_25_665, 306.74, 76.16, 2.44895e-10
FILLER_0_24_693, 319.54, 76.16, 1.96419e-10
FILLER_0_24_749, 345.14, 76.16, 1.95326e-10
FILLER_0_25_777, 357.94, 76.16, 2.42709e-10
FILLER_0_24_805, 370.74, 76.16, 2.79292e-10
FILLER_0_25_833, 383.54, 76.16, 3.05075e-10
FILLER_0_24_861, 396.34, 76.16, 3.20058e-10
FILLER_0_25_889, 409.14, 76.16, 3.24241e-10
FILLER_0_24_917, 421.94, 76.16, 3.17623e-10
FILLER_0_25_945, 434.74, 76.16, 3.00205e-10
FILLER_0_24_973, 447.54, 76.16, 2.71987e-10
FILLER_0_25_1001, 460.34, 76.16, 2.32969e-10
FILLER_0_24_1029, 473.14, 76.16, 1.83151e-10
PHY_EDGE_ROW_21_Left_113, 5.52, 70.72, 1.29673e-10
PHY_EDGE_ROW_22_Left_114, 5.52, 70.72, 1.29673e-10
PHY_EDGE_ROW_21_Right_21, 510.6, 70.72, 2.00229e-10
PHY_EDGE_ROW_22_Right_22, 510.6, 70.72, 2.00229e-10
FILLER_0_21_1089, 510.6, 70.72, 2.00229e-10
FILLER_0_22_1085, 510.6, 70.72, 2.00229e-10
FILLER_0_22_77, 37.94, 70.72, 1.58722e-10
FILLER_0_23_105, 50.74, 70.72, 2.1008e-10
FILLER_0_22_133, 63.54, 70.72, 2.50638e-10
FILLER_0_23_161, 76.34, 70.72, 2.80396e-10
FILLER_0_22_189, 89.14, 70.72, 2.99354e-10
FILLER_0_23_217, 101.94, 70.72, 3.07511e-10
FILLER_0_22_245, 114.74, 70.72, 3.04868e-10
FILLER_0_23_273, 127.54, 70.72, 2.91425e-10
FILLER_0_22_301, 140.34, 70.72, 2.67182e-10
FILLER_0_23_329, 153.14, 70.72, 2.32139e-10
FILLER_0_22_357, 165.94, 70.72, 1.86296e-10
FILLER_0_22_413, 191.54, 70.72, 1.89168e-10
FILLER_0_23_441, 204.34, 70.72, 2.37885e-10
FILLER_0_22_469, 217.14, 70.72, 2.75801e-10
FILLER_0_23_497, 229.94, 70.72, 3.02917e-10
FILLER_0_22_525, 242.74, 70.72, 3.19232e-10
FILLER_0_23_553, 255.54, 70.72, 3.24748e-10
FILLER_0_22_581, 268.34, 70.72, 3.19463e-10
FILLER_0_23_609, 281.14, 70.72, 3.03379e-10
FILLER_0_22_637, 293.94, 70.72, 2.76494e-10
FILLER_0_23_665, 306.74, 70.72, 2.38808e-10
FILLER_0_22_693, 319.54, 70.72, 1.90323e-10
FILLER_0_22_749, 345.14, 70.72, 1.89269e-10
FILLER_0_23_777, 357.94, 70.72, 2.367e-10
FILLER_0_22_805, 370.74, 70.72, 2.73331e-10
FILLER_0_23_833, 383.54, 70.72, 2.99161e-10
FILLER_0_22_861, 396.34, 70.72, 3.14192e-10
FILLER_0_23_889, 409.14, 70.72, 3.18422e-10
FILLER_0_22_917, 421.94, 70.72, 3.11852e-10
FILLER_0_23_945, 434.74, 70.72, 2.94482e-10
FILLER_0_22_973, 447.54, 70.72, 2.66312e-10
FILLER_0_23_1001, 460.34, 70.72, 2.27342e-10
FILLER_0_22_1029, 473.14, 70.72, 1.77571e-10
PHY_EDGE_ROW_19_Left_111, 5.52, 65.28, 1.20422e-10
PHY_EDGE_ROW_20_Left_112, 5.52, 65.28, 1.20422e-10
PHY_EDGE_ROW_19_Right_19, 510.6, 65.28, 1.89167e-10
PHY_EDGE_ROW_20_Right_20, 510.6, 65.28, 1.89167e-10
FILLER_0_19_1089, 510.6, 65.28, 1.89167e-10
FILLER_0_20_1085, 510.6, 65.28, 1.89167e-10
FILLER_0_20_77, 37.94, 65.28, 1.49242e-10
FILLER_0_21_105, 50.74, 65.28, 2.0037e-10
FILLER_0_20_133, 63.54, 65.28, 2.40699e-10
FILLER_0_21_161, 76.34, 65.28, 2.70228e-10
FILLER_0_20_189, 89.14, 65.28, 2.88956e-10
FILLER_0_21_217, 101.94, 65.28, 2.96884e-10
FILLER_0_20_245, 114.74, 65.28, 2.94012e-10
FILLER_0_21_273, 127.54, 65.28, 2.8034e-10
FILLER_0_20_301, 140.34, 65.28, 2.55868e-10
FILLER_0_21_329, 153.14, 65.28, 2.20595e-10
FILLER_0_20_357, 165.94, 65.28, 1.74522e-10
FILLER_0_20_413, 191.54, 65.28, 1.77149e-10
FILLER_0_21_441, 204.34, 65.28, 2.25847e-10
FILLER_0_20_469, 217.14, 65.28, 2.63746e-10
FILLER_0_21_497, 229.94, 65.28, 2.90845e-10
FILLER_0_20_525, 242.74, 65.28, 3.07143e-10
FILLER_0_21_553, 255.54, 65.28, 3.12641e-10
FILLER_0_20_581, 268.34, 65.28, 3.07339e-10
FILLER_0_21_609, 281.14, 65.28, 2.91237e-10
FILLER_0_20_637, 293.94, 65.28, 2.64334e-10
FILLER_0_21_665, 306.74, 65.28, 2.26631e-10
FILLER_0_20_693, 319.54, 65.28, 1.78129e-10
FILLER_0_20_749, 345.14, 65.28, 1.77153e-10
FILLER_0_21_777, 357.94, 65.28, 2.2468e-10
FILLER_0_20_805, 370.74, 65.28, 2.61406e-10
FILLER_0_21_833, 383.54, 65.28, 2.87333e-10
FILLER_0_20_861, 396.34, 65.28, 3.02459e-10
FILLER_0_21_889, 409.14, 65.28, 3.06785e-10
FILLER_0_20_917, 421.94, 65.28, 3.00311e-10
FILLER_0_21_945, 434.74, 65.28, 2.83037e-10
FILLER_0_20_973, 447.54, 65.28, 2.54963e-10
FILLER_0_21_1001, 460.34, 65.28, 2.16088e-10
FILLER_0_20_1029, 473.14, 65.28, 1.66413e-10
PHY_EDGE_ROW_17_Left_109, 5.52, 59.84, 1.06557e-10
PHY_EDGE_ROW_18_Left_110, 5.52, 59.84, 1.06557e-10
PHY_EDGE_ROW_17_Right_17, 510.6, 59.84, 1.72578e-10
PHY_EDGE_ROW_18_Right_18, 510.6, 59.84, 1.72578e-10
FILLER_0_17_1089, 510.6, 59.84, 1.72578e-10
FILLER_0_18_1085, 510.6, 59.84, 1.72578e-10
FILLER_0_18_77, 37.94, 59.84, 1.35032e-10
FILLER_0_19_105, 50.74, 59.84, 1.85815e-10
FILLER_0_18_133, 63.54, 59.84, 2.25797e-10
FILLER_0_19_161, 76.34, 59.84, 2.5498e-10
FILLER_0_18_189, 89.14, 59.84, 2.73363e-10
FILLER_0_19_217, 101.94, 59.84, 2.80945e-10
FILLER_0_18_245, 114.74, 59.84, 2.77727e-10
FILLER_0_19_273, 127.54, 59.84, 2.63709e-10
FILLER_0_18_301, 140.34, 59.84, 2.38891e-10
FILLER_0_19_329, 153.14, 59.84, 2.03273e-10
FILLER_0_18_357, 165.94, 59.84, 1.56854e-10
FILLER_0_18_413, 191.54, 59.84, 1.59108e-10
FILLER_0_19_441, 204.34, 59.84, 2.07781e-10
FILLER_0_18_469, 217.14, 59.84, 2.45654e-10
FILLER_0_19_497, 229.94, 59.84, 2.72727e-10
FILLER_0_18_525, 242.74, 59.84, 2.88999e-10
FILLER_0_19_553, 255.54, 59.84, 2.94472e-10
FILLER_0_18_581, 268.34, 59.84, 2.89144e-10
FILLER_0_19_609, 281.14, 59.84, 2.73016e-10
FILLER_0_18_637, 293.94, 59.84, 2.46087e-10
FILLER_0_19_665, 306.74, 59.84, 2.08359e-10
FILLER_0_18_693, 319.54, 59.84, 1.5983e-10
FILLER_0_18_749, 345.14, 59.84, 1.58973e-10
FILLER_0_19_777, 357.94, 59.84, 2.06645e-10
FILLER_0_18_805, 370.74, 59.84, 2.43516e-10
FILLER_0_19_833, 383.54, 59.84, 2.69587e-10
FILLER_0_18_861, 396.34, 59.84, 2.84858e-10
FILLER_0_19_889, 409.14, 59.84, 2.89329e-10
FILLER_0_18_917, 421.94, 59.84, 2.83e-10
FILLER_0_19_945, 434.74, 59.84, 2.6587e-10
FILLER_0_18_973, 447.54, 59.84, 2.3794e-10
FILLER_0_19_1001, 460.34, 59.84, 1.9921e-10
FILLER_0_18_1029, 473.14, 59.84, 1.4968e-10
PHY_EDGE_ROW_15_Left_107, 5.52, 54.4, 1.17807e-10
PHY_EDGE_ROW_16_Left_108, 5.52, 54.4, 1.17807e-10
PHY_EDGE_ROW_15_Right_15, 510.6, 54.4, 1.86051e-10
PHY_EDGE_ROW_16_Right_16, 510.6, 54.4, 1.86051e-10
FILLER_0_15_1089, 510.6, 54.4, 1.86051e-10
FILLER_0_16_1085, 510.6, 54.4, 1.86051e-10
FILLER_0_16_77, 37.94, 54.4, 1.46565e-10
FILLER_0_17_105, 50.74, 54.4, 1.97631e-10
FILLER_0_16_133, 63.54, 54.4, 2.37897e-10
FILLER_0_17_161, 76.34, 54.4, 2.67363e-10
FILLER_0_16_189, 89.14, 54.4, 2.86029e-10
FILLER_0_17_217, 101.94, 54.4, 2.93895e-10
FILLER_0_16_245, 114.74, 54.4, 2.90961e-10
FILLER_0_17_273, 127.54, 54.4, 2.77226e-10
FILLER_0_16_301, 140.34, 54.4, 2.52691e-10
FILLER_0_17_329, 153.14, 54.4, 2.17356e-10
FILLER_0_16_357, 165.94, 54.4, 1.71221e-10
FILLER_0_16_413, 191.54, 54.4, 1.73779e-10
FILLER_0_17_441, 204.34, 54.4, 2.22473e-10
FILLER_0_16_469, 217.14, 54.4, 2.60366e-10
FILLER_0_17_497, 229.94, 54.4, 2.8746e-10
FILLER_0_16_525, 242.74, 54.4, 3.03752e-10
FILLER_0_17_553, 255.54, 54.4, 3.09245e-10
FILLER_0_16_581, 268.34, 54.4, 3.03938e-10
FILLER_0_17_609, 281.14, 54.4, 2.8783e-10
FILLER_0_16_637, 293.94, 54.4, 2.60923e-10
FILLER_0_17_665, 306.74, 54.4, 2.23215e-10
FILLER_0_16_693, 319.54, 54.4, 1.74706e-10
FILLER_0_16_749, 345.14, 54.4, 1.73751e-10
FILLER_0_17_777, 357.94, 54.4, 2.21304e-10
FILLER_0_16_805, 370.74, 54.4, 2.58057e-10
FILLER_0_17_833, 383.54, 54.4, 2.84009e-10
FILLER_0_16_861, 396.34, 54.4, 2.99161e-10
FILLER_0_17_889, 409.14, 54.4, 3.03513e-10
FILLER_0_16_917, 421.94, 54.4, 2.97065e-10
FILLER_0_17_945, 434.74, 54.4, 2.79817e-10
FILLER_0_16_973, 447.54, 54.4, 2.51769e-10
FILLER_0_17_1001, 460.34, 54.4, 2.1292e-10
FILLER_0_16_1029, 473.14, 54.4, 1.63271e-10
PHY_EDGE_ROW_13_Left_105, 5.52, 48.96, 1.24446e-10
PHY_EDGE_ROW_14_Left_106, 5.52, 48.96, 1.24446e-10
PHY_EDGE_ROW_13_Right_13, 510.6, 48.96, 1.93998e-10
PHY_EDGE_ROW_14_Right_14, 510.6, 48.96, 1.93998e-10
FILLER_0_13_1089, 510.6, 48.96, 1.93998e-10
FILLER_0_14_1085, 510.6, 48.96, 1.93998e-10
FILLER_0_14_77, 37.94, 48.96, 1.5337e-10
FILLER_0_15_105, 50.74, 48.96, 2.04603e-10
FILLER_0_14_133, 63.54, 48.96, 2.45036e-10
FILLER_0_15_161, 76.34, 48.96, 2.74668e-10
FILLER_0_14_189, 89.14, 48.96, 2.93501e-10
FILLER_0_15_217, 101.94, 48.96, 3.01533e-10
FILLER_0_14_245, 114.74, 48.96, 2.98765e-10
FILLER_0_15_273, 127.54, 48.96, 2.85197e-10
FILLER_0_14_301, 140.34, 48.96, 2.60828e-10
FILLER_0_15_329, 153.14, 48.96, 2.2566e-10
FILLER_0_14_357, 165.94, 48.96, 1.79691e-10
FILLER_0_14_413, 191.54, 48.96, 1.82428e-10
FILLER_0_15_441, 204.34, 48.96, 2.31134e-10
FILLER_0_14_469, 217.14, 48.96, 2.69039e-10
FILLER_0_15_497, 229.94, 48.96, 2.96145e-10
FILLER_0_14_525, 242.74, 48.96, 3.1245e-10
FILLER_0_15_553, 255.54, 48.96, 3.17955e-10
FILLER_0_14_581, 268.34, 48.96, 3.1266e-10
FILLER_0_15_609, 281.14, 48.96, 2.96564e-10
FILLER_0_14_637, 293.94, 48.96, 2.69669e-10
FILLER_0_15_665, 306.74, 48.96, 2.31973e-10
FILLER_0_14_693, 319.54, 48.96, 1.83477e-10
FILLER_0_14_749, 345.14, 48.96, 1.82464e-10
FILLER_0_15_777, 357.94, 48.96, 2.29948e-10
FILLER_0_14_805, 370.74, 48.96, 2.66631e-10
FILLER_0_15_833, 383.54, 48.96, 2.92513e-10
FILLER_0_14_861, 396.34, 48.96, 3.07596e-10
FILLER_0_15_889, 409.14, 48.96, 3.11878e-10
FILLER_0_14_917, 421.94, 48.96, 3.05361e-10
FILLER_0_15_945, 434.74, 48.96, 2.88043e-10
FILLER_0_14_973, 447.54, 48.96, 2.59925e-10
FILLER_0_15_1001, 460.34, 48.96, 2.21006e-10
FILLER_0_14_1029, 473.14, 48.96, 1.71288e-10
PHY_EDGE_ROW_11_Left_103, 5.52, 43.52, 1.26467e-10
PHY_EDGE_ROW_12_Left_104, 5.52, 43.52, 1.26467e-10
PHY_EDGE_ROW_11_Right_11, 510.6, 43.52, 1.96417e-10
PHY_EDGE_ROW_12_Right_12, 510.6, 43.52, 1.96417e-10
FILLER_0_11_1089, 510.6, 43.52, 1.96417e-10
FILLER_0_12_1085, 510.6, 43.52, 1.96417e-10
FILLER_0_12_77, 37.94, 43.52, 1.55442e-10
FILLER_0_13_105, 50.74, 43.52, 2.06725e-10
FILLER_0_12_133, 63.54, 43.52, 2.47209e-10
FILLER_0_13_161, 76.34, 43.52, 2.76892e-10
FILLER_0_12_189, 89.14, 43.52, 2.95775e-10
FILLER_0_13_217, 101.94, 43.52, 3.03857e-10
FILLER_0_12_245, 114.74, 43.52, 3.0114e-10
FILLER_0_13_273, 127.54, 43.52, 2.87622e-10
FILLER_0_12_301, 140.34, 43.52, 2.63305e-10
FILLER_0_13_329, 153.14, 43.52, 2.28187e-10
FILLER_0_12_357, 165.94, 43.52, 1.82268e-10
FILLER_0_12_413, 191.54, 43.52, 1.8506e-10
FILLER_0_13_441, 204.34, 43.52, 2.33769e-10
FILLER_0_12_469, 217.14, 43.52, 2.71679e-10
FILLER_0_13_497, 229.94, 43.52, 2.98788e-10
FILLER_0_12_525, 242.74, 43.52, 3.15097e-10
FILLER_0_13_553, 255.54, 43.52, 3.20605e-10
FILLER_0_12_581, 268.34, 43.52, 3.15314e-10
FILLER_0_13_609, 281.14, 43.52, 2.99222e-10
FILLER_0_12_637, 293.94, 43.52, 2.72331e-10
FILLER_0_13_665, 306.74, 43.52, 2.34639e-10
FILLER_0_12_693, 319.54, 43.52, 1.86146e-10
FILLER_0_12_749, 345.14, 43.52, 1.85116e-10
FILLER_0_13_777, 357.94, 43.52, 2.32578e-10
FILLER_0_12_805, 370.74, 43.52, 2.6924e-10
FILLER_0_13_833, 383.54, 43.52, 2.95102e-10
FILLER_0_12_861, 396.34, 43.52, 3.10163e-10
FILLER_0_13_889, 409.14, 43.52, 3.14425e-10
FILLER_0_12_917, 421.94, 43.52, 3.07886e-10
FILLER_0_13_945, 434.74, 43.52, 2.90546e-10
FILLER_0_12_973, 447.54, 43.52, 2.62407e-10
FILLER_0_13_1001, 460.34, 43.52, 2.23468e-10
FILLER_0_12_1029, 473.14, 43.52, 1.73728e-10
PHY_EDGE_ROW_9_Left_101, 5.52, 38.08, 1.23869e-10
PHY_EDGE_ROW_10_Left_102, 5.52, 38.08, 1.23869e-10
PHY_EDGE_ROW_9_Right_9, 510.6, 38.08, 1.93307e-10
PHY_EDGE_ROW_10_Right_10, 510.6, 38.08, 1.93307e-10
FILLER_0_9_1089, 510.6, 38.08, 1.93307e-10
FILLER_0_10_1085, 510.6, 38.08, 1.93307e-10
FILLER_0_10_77, 37.94, 38.08, 1.52778e-10
FILLER_0_11_105, 50.74, 38.08, 2.03997e-10
FILLER_0_10_133, 63.54, 38.08, 2.44415e-10
FILLER_0_11_161, 76.34, 38.08, 2.74033e-10
FILLER_0_10_189, 89.14, 38.08, 2.92851e-10
FILLER_0_11_217, 101.94, 38.08, 3.00869e-10
FILLER_0_10_245, 114.74, 38.08, 2.98087e-10
FILLER_0_11_273, 127.54, 38.08, 2.84504e-10
FILLER_0_10_301, 140.34, 38.08, 2.60121e-10
FILLER_0_11_329, 153.14, 38.08, 2.24938e-10
FILLER_0_10_357, 165.94, 38.08, 1.78955e-10
FILLER_0_10_413, 191.54, 38.08, 1.81677e-10
FILLER_0_11_441, 204.34, 38.08, 2.30382e-10
FILLER_0_10_469, 217.14, 38.08, 2.68286e-10
FILLER_0_11_497, 229.94, 38.08, 2.9539e-10
FILLER_0_10_525, 242.74, 38.08, 3.11695e-10
FILLER_0_11_553, 255.54, 38.08, 3.17198e-10
FILLER_0_10_581, 268.34, 38.08, 3.11902e-10
FILLER_0_11_609, 281.14, 38.08, 2.95806e-10
FILLER_0_10_637, 293.94, 38.08, 2.68909e-10
FILLER_0_11_665, 306.74, 38.08, 2.31212e-10
FILLER_0_10_693, 319.54, 38.08, 1.82715e-10
FILLER_0_10_749, 345.14, 38.08, 1.81708e-10
FILLER_0_11_777, 357.94, 38.08, 2.29197e-10
FILLER_0_10_805, 370.74, 38.08, 2.65886e-10
FILLER_0_11_833, 383.54, 38.08, 2.91775e-10
FILLER_0_10_861, 396.34, 38.08, 3.06863e-10
FILLER_0_11_889, 409.14, 38.08, 3.11152e-10
FILLER_0_10_917, 421.94, 38.08, 3.0464e-10
FILLER_0_11_945, 434.74, 38.08, 2.87328e-10
FILLER_0_10_973, 447.54, 38.08, 2.59216e-10
FILLER_0_11_1001, 460.34, 38.08, 2.20304e-10
FILLER_0_10_1029, 473.14, 38.08, 1.70591e-10
PHY_EDGE_ROW_7_Left_99, 5.52, 32.64, 1.16653e-10
PHY_EDGE_ROW_8_Left_100, 5.52, 32.64, 1.16653e-10
PHY_EDGE_ROW_7_Right_7, 510.6, 32.64, 1.8467e-10
PHY_EDGE_ROW_8_Right_8, 510.6, 32.64, 1.8467e-10
FILLER_0_7_1089, 510.6, 32.64, 1.8467e-10
FILLER_0_8_1085, 510.6, 32.64, 1.8467e-10
FILLER_0_8_77, 37.94, 32.64, 1.45382e-10
FILLER_0_9_105, 50.74, 32.64, 1.9642e-10
FILLER_0_8_133, 63.54, 32.64, 2.36657e-10
FILLER_0_9_161, 76.34, 32.64, 2.66094e-10
FILLER_0_8_189, 89.14, 32.64, 2.84731e-10
FILLER_0_9_217, 101.94, 32.64, 2.92568e-10
FILLER_0_8_245, 114.74, 32.64, 2.89605e-10
FILLER_0_9_273, 127.54, 32.64, 2.75841e-10
FILLER_0_8_301, 140.34, 32.64, 2.51278e-10
FILLER_0_9_329, 153.14, 32.64, 2.15914e-10
FILLER_0_8_357, 165.94, 32.64, 1.6975e-10
FILLER_0_8_413, 191.54, 32.64, 1.72277e-10
FILLER_0_9_441, 204.34, 32.64, 2.20968e-10
FILLER_0_8_469, 217.14, 32.64, 2.5886e-10
FILLER_0_9_497, 229.94, 32.64, 2.85951e-10
FILLER_0_8_525, 242.74, 32.64, 3.02241e-10
FILLER_0_9_553, 255.54, 32.64, 3.07732e-10
FILLER_0_8_581, 268.34, 32.64, 3.02423e-10
FILLER_0_9_609, 281.14, 32.64, 2.86313e-10
FILLER_0_8_637, 293.94, 32.64, 2.59403e-10
FILLER_0_9_665, 306.74, 32.64, 2.21693e-10
FILLER_0_8_693, 319.54, 32.64, 1.73183e-10
FILLER_0_8_749, 345.14, 32.64, 1.72237e-10
FILLER_0_9_777, 357.94, 32.64, 2.19802e-10
FILLER_0_8_805, 370.74, 32.64, 2.56567e-10
FILLER_0_9_833, 383.54, 32.64, 2.82531e-10
FILLER_0_8_861, 396.34, 32.64, 2.97696e-10
FILLER_0_9_889, 409.14, 32.64, 3.0206e-10
FILLER_0_8_917, 421.94, 32.64, 2.95624e-10
FILLER_0_9_945, 434.74, 32.64, 2.78388e-10
FILLER_0_8_973, 447.54, 32.64, 2.50351e-10
FILLER_0_9_1001, 460.34, 32.64, 2.11515e-10
FILLER_0_8_1029, 473.14, 32.64, 1.61878e-10
PHY_EDGE_ROW_5_Left_97, 5.52, 27.2, 1.06557e-10
PHY_EDGE_ROW_6_Left_98, 5.52, 27.2, 1.06557e-10
PHY_EDGE_ROW_5_Right_5, 510.6, 27.2, 1.72578e-10
PHY_EDGE_ROW_6_Right_6, 510.6, 27.2, 1.72578e-10
FILLER_0_5_1089, 510.6, 27.2, 1.72578e-10
FILLER_0_6_1085, 510.6, 27.2, 1.72578e-10
FILLER_0_6_77, 37.94, 27.2, 1.35032e-10
FILLER_0_7_105, 50.74, 27.2, 1.85815e-10
FILLER_0_6_133, 63.54, 27.2, 2.25797e-10
FILLER_0_7_161, 76.34, 27.2, 2.5498e-10
FILLER_0_6_189, 89.14, 27.2, 2.73363e-10
FILLER_0_7_217, 101.94, 27.2, 2.80945e-10
FILLER_0_6_245, 114.74, 27.2, 2.77727e-10
FILLER_0_7_273, 127.54, 27.2, 2.63709e-10
FILLER_0_6_301, 140.34, 27.2, 2.38891e-10
FILLER_0_7_329, 153.14, 27.2, 2.03273e-10
FILLER_0_6_357, 165.94, 27.2, 1.56854e-10
FILLER_0_6_413, 191.54, 27.2, 1.59108e-10
FILLER_0_7_441, 204.34, 27.2, 2.07781e-10
FILLER_0_6_469, 217.14, 27.2, 2.45654e-10
FILLER_0_7_497, 229.94, 27.2, 2.72727e-10
FILLER_0_6_525, 242.74, 27.2, 2.88999e-10
FILLER_0_7_553, 255.54, 27.2, 2.94472e-10
FILLER_0_6_581, 268.34, 27.2, 2.89144e-10
FILLER_0_7_609, 281.14, 27.2, 2.73016e-10
FILLER_0_6_637, 293.94, 27.2, 2.46087e-10
FILLER_0_7_665, 306.74, 27.2, 2.08359e-10
FILLER_0_6_693, 319.54, 27.2, 1.5983e-10
FILLER_0_6_749, 345.14, 27.2, 1.58973e-10
FILLER_0_7_777, 357.94, 27.2, 2.06645e-10
FILLER_0_6_805, 370.74, 27.2, 2.43516e-10
FILLER_0_7_833, 383.54, 27.2, 2.69587e-10
FILLER_0_6_861, 396.34, 27.2, 2.84858e-10
FILLER_0_7_889, 409.14, 27.2, 2.89329e-10
FILLER_0_6_917, 421.94, 27.2, 2.83e-10
FILLER_0_7_945, 434.74, 27.2, 2.6587e-10
FILLER_0_6_973, 447.54, 27.2, 2.3794e-10
FILLER_0_7_1001, 460.34, 27.2, 1.9921e-10
FILLER_0_6_1029, 473.14, 27.2, 1.4968e-10
PHY_EDGE_ROW_3_Left_95, 5.52, 21.76, 7.29817e-08
PHY_EDGE_ROW_4_Left_96, 5.52, 21.76, 7.29817e-08
PHY_EDGE_ROW_3_Right_3, 510.6, 21.76, 8.09558e-08
PHY_EDGE_ROW_4_Right_4, 510.6, 21.76, 8.09558e-08
FILLER_0_3_1089, 510.6, 21.76, 8.09558e-08
FILLER_0_4_1085, 510.6, 21.76, 8.09558e-08
FILLER_0_4_77, 37.94, 21.76, 1.10021e-07
FILLER_0_5_105, 50.74, 21.76, 1.47082e-07
FILLER_0_4_133, 63.54, 21.76, 1.84133e-07
FILLER_0_5_161, 76.34, 21.76, 2.21173e-07
FILLER_0_4_189, 89.14, 21.76, 2.58202e-07
FILLER_0_5_217, 101.94, 21.76, 2.9522e-07
FILLER_0_4_245, 114.74, 21.76, 3.32227e-07
FILLER_0_5_273, 127.54, 21.76, 3.69224e-07
FILLER_0_4_301, 140.34, 21.76, 4.0621e-07
FILLER_0_5_329, 153.14, 21.76, 4.43185e-07
FILLER_0_4_357, 165.94, 21.76, 4.80149e-07
FILLER_0_4_413, 191.54, 21.76, 5.21542e-07
FILLER_0_5_441, 204.34, 21.76, 5.25971e-07
FILLER_0_4_469, 217.14, 21.76, 5.30388e-07
FILLER_0_5_497, 229.94, 21.76, 5.34796e-07
FILLER_0_4_525, 242.74, 21.76, 5.39192e-07
FILLER_0_5_553, 255.54, 21.76, 5.43577e-07
FILLER_0_4_581, 268.34, 21.76, 5.47952e-07
FILLER_0_5_609, 281.14, 21.76, 5.52316e-07
FILLER_0_4_637, 293.94, 21.76, 5.56669e-07
FILLER_0_5_665, 306.74, 21.76, 5.61011e-07
FILLER_0_4_693, 319.54, 21.76, 5.65342e-07
FILLER_0_4_749, 345.14, 21.76, 5.2899e-07
FILLER_0_5_777, 357.94, 21.76, 4.88306e-07
FILLER_0_4_805, 370.74, 21.76, 4.47611e-07
FILLER_0_5_833, 383.54, 21.76, 4.06906e-07
FILLER_0_4_861, 396.34, 21.76, 3.66189e-07
FILLER_0_5_889, 409.14, 21.76, 3.25462e-07
FILLER_0_4_917, 421.94, 21.76, 2.84724e-07
FILLER_0_5_945, 434.74, 21.76, 2.43975e-07
FILLER_0_4_973, 447.54, 21.76, 2.03216e-07
FILLER_0_5_1001, 460.34, 21.76, 1.62446e-07
FILLER_0_4_1029, 473.14, 21.76, 1.21664e-07
PHY_EDGE_ROW_1_Left_93, 5.52, 16.32, 2.9002e-07
PHY_EDGE_ROW_2_Left_94, 5.52, 16.32, 2.9002e-07
PHY_EDGE_ROW_1_Right_1, 510.6, 16.32, 3.38938e-07
PHY_EDGE_ROW_2_Right_2, 510.6, 16.32, 3.38938e-07
FILLER_0_1_1089, 510.6, 16.32, 3.38938e-07
FILLER_0_2_1085, 510.6, 16.32, 3.38938e-07
FILLER_0_2_77, 37.94, 16.32, 5.50815e-07
FILLER_0_3_105, 50.74, 16.32, 8.11633e-07
FILLER_0_2_133, 63.54, 16.32, 1.07244e-06
FILLER_0_3_161, 76.34, 16.32, 1.33324e-06
FILLER_0_2_189, 89.14, 16.32, 1.59402e-06
FILLER_0_3_217, 101.94, 16.32, 1.8548e-06
FILLER_0_2_245, 114.74, 16.32, 2.11556e-06
FILLER_0_3_273, 127.54, 16.32, 2.37631e-06
FILLER_0_2_301, 140.34, 16.32, 2.63706e-06
FILLER_0_3_329, 153.14, 16.32, 2.89779e-06
FILLER_0_2_357, 165.94, 16.32, 3.15851e-06
FILLER_0_2_413, 191.54, 16.32, 6.66475e-06
FILLER_0_3_441, 204.34, 16.32, 9.91028e-06
FILLER_0_2_469, 217.14, 16.32, 1.31558e-05
FILLER_0_3_497, 229.94, 16.32, 1.64013e-05
FILLER_0_2_525, 242.74, 16.32, 1.96468e-05
input3, 255.54, 16.32, 2.28923e-05
FILLER_0_3_553, 255.54, 16.32, 2.28923e-05
output8, 268.34, 16.32, 2.38906e-05
FILLER_0_2_581, 268.34, 16.32, 2.38906e-05
FILLER_0_3_609, 281.14, 16.32, 1.9926e-05
FILLER_0_2_637, 293.94, 16.32, 1.59613e-05
FILLER_0_3_665, 306.74, 16.32, 1.19967e-05
FILLER_0_2_693, 319.54, 16.32, 8.03206e-06
FILLER_0_2_749, 345.14, 16.32, 3.75675e-06
FILLER_0_3_777, 357.94, 16.32, 3.44609e-06
FILLER_0_2_805, 370.74, 16.32, 3.13541e-06
FILLER_0_3_833, 383.54, 16.32, 2.82473e-06
FILLER_0_2_861, 396.34, 16.32, 2.51403e-06
FILLER_0_3_889, 409.14, 16.32, 2.20332e-06
FILLER_0_2_917, 421.94, 16.32, 1.89261e-06
FILLER_0_3_945, 434.74, 16.32, 1.58188e-06
FILLER_0_2_973, 447.54, 16.32, 1.27114e-06
FILLER_0_3_1001, 460.34, 16.32, 9.60388e-07
FILLER_0_2_1029, 473.14, 16.32, 6.49627e-07
PHY_EDGE_ROW_0_Left_92, 5.52, 10.88, 5.99425e-07
PHY_EDGE_ROW_0_Right_0, 510.6, 10.88, 6.51246e-07
FILLER_0_0_1089, 510.6, 10.88, 6.51246e-07
FILLER_0_0_81, 37.94, 10.88, 1.21821e-06
FILLER_0_0_109, 50.74, 10.88, 1.837e-06
FILLER_0_1_105, 50.74, 10.88, 1.837e-06
FILLER_0_0_137, 63.54, 10.88, 2.45577e-06
FILLER_0_0_165, 76.34, 10.88, 3.07453e-06
FILLER_0_1_161, 76.34, 10.88, 3.07453e-06
FILLER_0_0_193, 89.14, 10.88, 3.69326e-06
FILLER_0_0_221, 101.94, 10.88, 4.31199e-06
FILLER_0_1_217, 101.94, 10.88, 4.31199e-06
FILLER_0_0_249, 114.74, 10.88, 4.93069e-06
FILLER_0_0_277, 127.54, 10.88, 5.54938e-06
FILLER_0_1_273, 127.54, 10.88, 5.54938e-06
FILLER_0_0_305, 140.34, 10.88, 6.16805e-06
FILLER_0_0_333, 153.14, 10.88, 6.78671e-06
FILLER_0_1_329, 153.14, 10.88, 6.78671e-06
FILLER_0_0_361, 165.94, 10.88, 7.40535e-06
FILLER_0_0_417, 191.54, 10.88, 1.70066e-05
FILLER_0_0_445, 204.34, 10.88, 2.59891e-05
FILLER_0_1_441, 204.34, 10.88, 2.59891e-05
FILLER_0_0_473, 217.14, 10.88, 3.49717e-05
FILLER_0_0_501, 229.94, 10.88, 4.39542e-05
FILLER_0_1_497, 229.94, 10.88, 4.39542e-05
input2, 242.74, 10.88, 5.29367e-05
FILLER_0_0_517, 242.74, 10.88, 5.29367e-05
FILLER_0_0_525, 242.74, 10.88, 5.29367e-05
FILLER_0_1_529, 242.74, 10.88, 5.29367e-05
input1, 255.54, 10.88, 5.96787e-05
output5, 255.54, 10.88, 5.96787e-05
output6, 255.54, 10.88, 5.96787e-05
ANTENNA_1, 255.54, 10.88, 5.96787e-05
FILLER_0_0_533, 255.54, 10.88, 5.96787e-05
FILLER_0_0_546, 255.54, 10.88, 5.96787e-05
FILLER_0_1_551, 255.54, 10.88, 5.96787e-05
output4, 268.34, 10.88, 5.70638e-05
output7, 268.34, 10.88, 5.70638e-05
ANTENNA_2, 268.34, 10.88, 5.70638e-05
FILLER_0_0_561, 268.34, 10.88, 5.70638e-05
FILLER_0_0_583, 268.34, 10.88, 5.70638e-05
FILLER_0_0_613, 281.14, 10.88, 4.73876e-05
FILLER_0_1_605, 281.14, 10.88, 4.73876e-05
FILLER_0_1_613, 281.14, 10.88, 4.73876e-05
FILLER_0_0_641, 306.74, 10.88, 2.80352e-05
FILLER_0_1_665, 306.74, 10.88, 2.80352e-05
FILLER_0_0_669, 319.54, 10.88, 1.83589e-05
FILLER_0_0_725, 345.14, 10.88, 8.01343e-06
FILLER_0_0_753, 357.94, 10.88, 7.34422e-06
FILLER_0_1_777, 357.94, 10.88, 7.34422e-06
FILLER_0_0_781, 370.74, 10.88, 6.67499e-06
FILLER_0_0_809, 383.54, 10.88, 6.00575e-06
FILLER_0_1_833, 383.54, 10.88, 6.00575e-06
FILLER_0_0_837, 396.34, 10.88, 5.33648e-06
FILLER_0_0_865, 409.14, 10.88, 4.6672e-06
FILLER_0_1_889, 409.14, 10.88, 4.6672e-06
FILLER_0_0_893, 421.94, 10.88, 3.99791e-06
FILLER_0_0_921, 434.74, 10.88, 3.3286e-06
FILLER_0_1_945, 434.74, 10.88, 3.3286e-06
FILLER_0_0_949, 447.54, 10.88, 2.65927e-06
FILLER_0_0_977, 460.34, 10.88, 1.98993e-06
FILLER_0_1_1001, 460.34, 10.88, 1.98993e-06
FILLER_0_0_1005, 473.14, 10.88, 1.32057e-06
FILLER_0_0_1061, 498.27, 10.88, 6.51225e-07

