
===========================================================================
report_checks -unconstrained
===========================================================================
======================= Typical Corner ===================================

Startpoint: address[0] (input port clocked by clk)
Endpoint: _1866_ (rising edge-triggered flip-flop clocked by clk)
Path Group: clk
Path Type: max

Fanout     Cap    Slew   Delay    Time   Description
-----------------------------------------------------------------------------
                  0.15    0.00    0.00   clock clk (rise edge)
                          0.00    0.00   clock network delay (ideal)
                          2.00    2.00 ^ input external delay
     4    0.01    0.05    0.03    2.03 ^ address[0] (in)
                                         address[0] (net)
                  0.05    0.00    2.03 ^ _0962_/A (sky130_fd_sc_hd__buf_1)
    10    0.04    0.51    0.42    2.45 ^ _0962_/X (sky130_fd_sc_hd__buf_1)
                                         _0797_ (net)
                  0.51    0.00    2.45 ^ _0963_/A (sky130_fd_sc_hd__buf_1)
    10    0.06    0.67    0.60    3.06 ^ _0963_/X (sky130_fd_sc_hd__buf_1)
                                         _0798_ (net)
                  0.67    0.00    3.06 ^ _0964_/S0 (sky130_fd_sc_hd__mux4_2)
     2    0.00    0.08    0.61    3.67 v _0964_/X (sky130_fd_sc_hd__mux4_2)
                                         _0799_ (net)
                  0.08    0.00    3.67 v _0965_/A1 (sky130_fd_sc_hd__mux2_2)
     4    0.01    0.06    0.30    3.97 v _0965_/X (sky130_fd_sc_hd__mux2_2)
                                         _0800_ (net)
                  0.06    0.00    3.97 v _0966_/A1 (sky130_fd_sc_hd__mux2_2)
     1    0.00    0.05    0.27    4.24 v _0966_/X (sky130_fd_sc_hd__mux2_2)
                                         _0801_ (net)
                  0.05    0.00    4.24 v _0967_/A (sky130_fd_sc_hd__buf_1)
     1    0.00    0.02    0.09    4.33 v _0967_/X (sky130_fd_sc_hd__buf_1)
                                         _0006_ (net)
                  0.02    0.00    4.33 v _1866_/D (sky130_fd_sc_hd__dfxtp_2)
                                  4.33   data arrival time

                  0.15   10.00   10.00   clock clk (rise edge)
                          0.00   10.00   clock network delay (ideal)
                         -0.25    9.75   clock uncertainty
                          0.00    9.75   clock reconvergence pessimism
                                  9.75 ^ _1866_/CLK (sky130_fd_sc_hd__dfxtp_2)
                         -0.08    9.67   library setup time
                                  9.67   data required time
-----------------------------------------------------------------------------
                                  9.67   data required time
                                 -4.33   data arrival time
-----------------------------------------------------------------------------
                                  5.34   slack (MET)




===========================================================================
report_checks --slack_max -0.01
============================================================================
======================= Typical Corner ===================================

No paths found.


===========================================================================
 report_check_types -max_slew -max_cap -max_fanout -violators
============================================================================
======================= Typical Corner ===================================


max slew violations count Typical: 0
max fanout violations count Typical: 0
max cap violations count Typical: 0

===========================================================================
report_parasitic_annotation -report_unannotated
============================================================================
Found 1367 unannotated drivers.
 address[0]
 address[1]
 clk
 en_n
 wdata[0]
 wdata[10]
 wdata[11]
 wdata[12]
 wdata[13]
 wdata[14]
 wdata[15]
 wdata[16]
 wdata[17]
 wdata[18]
 wdata[19]
 wdata[1]
 wdata[20]
 wdata[21]
 wdata[22]
 wdata[23]
 wdata[24]
 wdata[25]
 wdata[26]
 wdata[27]
 wdata[28]
 wdata[29]
 wdata[2]
 wdata[30]
 wdata[31]
 wdata[32]
 wdata[33]
 wdata[34]
 wdata[35]
 wdata[36]
 wdata[37]
 wdata[38]
 wdata[39]
 wdata[3]
 wdata[40]
 wdata[41]
 wdata[42]
 wdata[43]
 wdata[44]
 wdata[45]
 wdata[46]
 wdata[47]
 wdata[48]
 wdata[49]
 wdata[4]
 wdata[50]
 wdata[51]
 wdata[52]
 wdata[53]
 wdata[54]
 wdata[55]
 wdata[56]
 wdata[57]
 wdata[58]
 wdata[59]
 wdata[5]
 wdata[60]
 wdata[61]
 wdata[62]
 wdata[63]
 wdata[64]
 wdata[65]
 wdata[66]
 wdata[67]
 wdata[68]
 wdata[69]
 wdata[6]
 wdata[70]
 wdata[71]
 wdata[7]
 wdata[8]
 wdata[9]
 wr
 _0930_/X
 _0931_/X
 _0932_/X
 _0933_/X
 _0934_/X
 _0935_/X
 _0936_/Y
 _0937_/X
 _0938_/Y
 _0939_/X
 _0940_/X
 _0941_/X
 _0942_/X
 _0943_/X
 _0944_/X
 _0945_/X
 _0946_/X
 _0947_/X
 _0948_/X
 _0949_/X
 _0950_/X
 _0951_/X
 _0952_/X
 _0953_/X
 _0954_/X
 _0955_/X
 _0956_/X
 _0957_/X
 _0958_/X
 _0959_/X
 _0960_/X
 _0961_/X
 _0962_/X
 _0963_/X
 _0964_/X
 _0965_/X
 _0966_/X
 _0967_/X
 _0968_/X
 _0969_/X
 _0970_/X
 _0971_/X
 _0972_/X
 _0973_/X
 _0974_/X
 _0975_/X
 _0976_/X
 _0977_/X
 _0978_/X
 _0979_/X
 _0980_/X
 _0981_/X
 _0982_/X
 _0983_/X
 _0984_/X
 _0985_/X
 _0986_/X
 _0987_/X
 _0988_/X
 _0989_/X
 _0990_/X
 _0991_/X
 _0992_/X
 _0993_/X
 _0994_/X
 _0995_/X
 _0996_/X
 _0997_/X
 _0998_/X
 _0999_/X
 _1000_/X
 _1001_/X
 _1002_/X
 _1003_/X
 _1004_/X
 _1005_/X
 _1006_/X
 _1007_/X
 _1008_/X
 _1009_/X
 _1010_/X
 _1011_/X
 _1012_/X
 _1013_/X
 _1014_/X
 _1015_/X
 _1016_/X
 _1017_/X
 _1018_/X
 _1019_/X
 _1020_/X
 _1021_/X
 _1022_/X
 _1023_/X
 _1024_/X
 _1025_/X
 _1026_/X
 _1027_/X
 _1028_/X
 _1029_/X
 _1030_/X
 _1031_/X
 _1032_/X
 _1033_/X
 _1034_/X
 _1035_/X
 _1036_/X
 _1037_/X
 _1038_/X
 _1039_/X
 _1040_/X
 _1041_/X
 _1042_/X
 _1043_/X
 _1044_/X
 _1045_/X
 _1046_/X
 _1047_/X
 _1048_/X
 _1049_/X
 _1050_/X
 _1051_/X
 _1052_/X
 _1053_/X
 _1054_/X
 _1055_/X
 _1056_/X
 _1057_/X
 _1058_/X
 _1059_/X
 _1060_/X
 _1061_/X
 _1062_/X
 _1063_/X
 _1064_/X
 _1065_/X
 _1066_/X
 _1067_/X
 _1068_/X
 _1069_/X
 _1070_/X
 _1071_/X
 _1072_/X
 _1073_/X
 _1074_/X
 _1075_/X
 _1076_/X
 _1077_/X
 _1078_/X
 _1079_/X
 _1080_/X
 _1081_/X
 _1082_/X
 _1083_/X
 _1084_/X
 _1085_/X
 _1086_/X
 _1087_/X
 _1088_/X
 _1089_/X
 _1090_/X
 _1091_/X
 _1092_/X
 _1093_/X
 _1094_/X
 _1095_/X
 _1096_/X
 _1097_/X
 _1098_/X
 _1099_/X
 _1100_/X
 _1101_/X
 _1102_/X
 _1103_/X
 _1104_/X
 _1105_/X
 _1106_/X
 _1107_/X
 _1108_/X
 _1109_/X
 _1110_/X
 _1111_/X
 _1112_/X
 _1113_/X
 _1114_/X
 _1115_/X
 _1116_/X
 _1117_/X
 _1118_/X
 _1119_/X
 _1120_/X
 _1121_/X
 _1122_/X
 _1123_/X
 _1124_/X
 _1125_/X
 _1126_/X
 _1127_/X
 _1128_/X
 _1129_/X
 _1130_/X
 _1131_/X
 _1132_/X
 _1133_/X
 _1134_/X
 _1135_/X
 _1136_/X
 _1137_/X
 _1138_/X
 _1139_/X
 _1140_/X
 _1141_/X
 _1142_/X
 _1143_/X
 _1144_/X
 _1145_/X
 _1146_/X
 _1147_/X
 _1148_/X
 _1149_/X
 _1150_/X
 _1151_/X
 _1152_/X
 _1153_/X
 _1154_/X
 _1155_/X
 _1156_/X
 _1157_/X
 _1158_/X
 _1159_/X
 _1160_/X
 _1161_/X
 _1162_/X
 _1163_/X
 _1164_/X
 _1165_/X
 _1166_/X
 _1167_/X
 _1168_/X
 _1169_/X
 _1170_/X
 _1171_/X
 _1172_/X
 _1173_/X
 _1174_/X
 _1175_/X
 _1176_/X
 _1177_/X
 _1178_/X
 _1179_/X
 _1180_/X
 _1181_/X
 _1182_/X
 _1183_/X
 _1184_/X
 _1185_/X
 _1186_/X
 _1187_/X
 _1188_/X
 _1189_/X
 _1190_/X
 _1191_/X
 _1192_/X
 _1193_/X
 _1194_/X
 _1195_/X
 _1196_/X
 _1197_/X
 _1198_/X
 _1199_/X
 _1200_/X
 _1201_/X
 _1202_/X
 _1203_/X
 _1204_/X
 _1205_/X
 _1206_/X
 _1207_/X
 _1208_/X
 _1209_/X
 _1210_/X
 _1211_/X
 _1212_/X
 _1213_/X
 _1214_/X
 _1215_/X
 _1216_/X
 _1217_/X
 _1218_/X
 _1219_/X
 _1220_/X
 _1221_/X
 _1222_/X
 _1223_/X
 _1224_/X
 _1225_/X
 _1226_/X
 _1227_/X
 _1228_/X
 _1229_/X
 _1230_/X
 _1231_/X
 _1232_/X
 _1233_/X
 _1234_/X
 _1235_/X
 _1236_/X
 _1237_/X
 _1238_/X
 _1239_/X
 _1240_/X
 _1241_/X
 _1242_/X
 _1243_/X
 _1244_/X
 _1245_/X
 _1246_/X
 _1247_/X
 _1248_/X
 _1249_/X
 _1250_/X
 _1251_/X
 _1252_/Y
 _1253_/X
 _1254_/X
 _1255_/X
 _1256_/X
 _1257_/X
 _1258_/X
 _1259_/X
 _1260_/X
 _1261_/X
 _1262_/X
 _1263_/X
 _1264_/X
 _1265_/X
 _1266_/X
 _1267_/X
 _1268_/X
 _1269_/X
 _1270_/X
 _1271_/X
 _1272_/X
 _1273_/X
 _1274_/X
 _1275_/X
 _1276_/X
 _1277_/X
 _1278_/X
 _1279_/X
 _1280_/X
 _1281_/X
 _1282_/X
 _1283_/X
 _1284_/X
 _1285_/X
 _1286_/X
 _1287_/X
 _1288_/X
 _1289_/X
 _1290_/X
 _1291_/X
 _1292_/X
 _1293_/X
 _1294_/X
 _1295_/X
 _1296_/X
 _1297_/X
 _1298_/X
 _1299_/X
 _1300_/X
 _1301_/X
 _1302_/X
 _1303_/X
 _1304_/X
 _1305_/X
 _1306_/X
 _1307_/X
 _1308_/X
 _1309_/X
 _1310_/X
 _1311_/X
 _1312_/X
 _1313_/X
 _1314_/X
 _1315_/X
 _1316_/X
 _1317_/X
 _1318_/X
 _1319_/X
 _1320_/X
 _1321_/X
 _1322_/X
 _1323_/X
 _1324_/X
 _1325_/X
 _1326_/X
 _1327_/X
 _1328_/X
 _1329_/X
 _1330_/X
 _1331_/X
 _1332_/X
 _1333_/X
 _1334_/X
 _1335_/X
 _1336_/X
 _1337_/X
 _1338_/X
 _1339_/X
 _1340_/X
 _1341_/X
 _1342_/X
 _1343_/X
 _1344_/X
 _1345_/X
 _1346_/X
 _1347_/X
 _1348_/X
 _1349_/X
 _1350_/X
 _1351_/X
 _1352_/X
 _1353_/X
 _1354_/X
 _1355_/X
 _1356_/X
 _1357_/X
 _1358_/X
 _1359_/X
 _1360_/X
 _1361_/X
 _1362_/X
 _1363_/X
 _1364_/X
 _1365_/X
 _1366_/X
 _1367_/X
 _1368_/X
 _1369_/X
 _1370_/X
 _1371_/X
 _1372_/X
 _1373_/X
 _1374_/X
 _1375_/X
 _1376_/X
 _1377_/X
 _1378_/X
 _1379_/X
 _1380_/X
 _1381_/X
 _1382_/X
 _1383_/X
 _1384_/X
 _1385_/X
 _1386_/X
 _1387_/X
 _1388_/X
 _1389_/X
 _1390_/X
 _1391_/X
 _1392_/X
 _1393_/X
 _1394_/X
 _1395_/X
 _1396_/X
 _1397_/X
 _1398_/X
 _1399_/X
 _1400_/X
 _1401_/X
 _1402_/X
 _1403_/X
 _1404_/X
 _1405_/X
 _1406_/X
 _1407_/X
 _1408_/X
 _1409_/X
 _1410_/X
 _1411_/X
 _1412_/X
 _1413_/X
 _1414_/X
 _1415_/X
 _1416_/X
 _1417_/X
 _1418_/X
 _1419_/X
 _1420_/X
 _1421_/X
 _1422_/X
 _1423_/X
 _1424_/X
 _1425_/X
 _1426_/X
 _1427_/X
 _1428_/X
 _1429_/X
 _1430_/X
 _1431_/X
 _1432_/X
 _1433_/X
 _1434_/X
 _1435_/X
 _1436_/X
 _1437_/X
 _1438_/X
 _1439_/X
 _1440_/X
 _1441_/X
 _1442_/X
 _1443_/X
 _1444_/X
 _1445_/X
 _1446_/X
 _1447_/X
 _1448_/X
 _1449_/X
 _1450_/X
 _1451_/X
 _1452_/X
 _1453_/X
 _1454_/X
 _1455_/X
 _1456_/X
 _1457_/X
 _1458_/X
 _1459_/X
 _1460_/X
 _1461_/X
 _1462_/X
 _1463_/X
 _1464_/X
 _1465_/X
 _1466_/X
 _1467_/X
 _1468_/X
 _1469_/X
 _1470_/X
 _1471_/X
 _1472_/X
 _1473_/X
 _1474_/X
 _1475_/X
 _1476_/X
 _1477_/X
 _1478_/X
 _1479_/X
 _1480_/X
 _1481_/X
 _1482_/X
 _1483_/X
 _1484_/X
 _1485_/X
 _1486_/X
 _1487_/X
 _1488_/X
 _1489_/X
 _1490_/X
 _1491_/X
 _1492_/X
 _1493_/X
 _1494_/X
 _1495_/X
 _1496_/X
 _1497_/X
 _1498_/X
 _1499_/X
 _1500_/X
 _1501_/X
 _1502_/X
 _1503_/X
 _1504_/X
 _1505_/X
 _1506_/X
 _1507_/X
 _1508_/X
 _1509_/X
 _1510_/X
 _1511_/X
 _1512_/X
 _1513_/X
 _1514_/X
 _1515_/X
 _1516_/X
 _1517_/X
 _1518_/X
 _1519_/X
 _1520_/X
 _1521_/X
 _1522_/X
 _1523_/X
 _1524_/X
 _1525_/X
 _1526_/X
 _1527_/X
 _1528_/X
 _1529_/X
 _1530_/X
 _1531_/X
 _1532_/X
 _1533_/X
 _1534_/X
 _1535_/X
 _1536_/X
 _1537_/X
 _1538_/X
 _1539_/X
 _1540_/X
 _1541_/X
 _1542_/X
 _1543_/X
 _1544_/X
 _1545_/X
 _1546_/X
 _1547_/X
 _1548_/X
 _1549_/X
 _1550_/X
 _1551_/X
 _1552_/X
 _1553_/X
 _1554_/X
 _1555_/X
 _1556_/X
 _1557_/X
 _1558_/X
 _1559_/X
 _1560_/X
 _1561_/X
 _1562_/X
 _1563_/X
 _1564_/X
 _1565_/X
 _1566_/X
 _1567_/X
 _1568_/X
 _1569_/X
 _1570_/X
 _1571_/X
 _1572_/X
 _1573_/X
 _1574_/X
 _1575_/X
 _1576_/X
 _1577_/X
 _1578_/X
 _1579_/X
 _1580_/X
 _1581_/X
 _1582_/X
 _1583_/X
 _1584_/X
 _1585_/X
 _1586_/X
 _1587_/X
 _1588_/X
 _1589_/X
 _1590_/X
 _1591_/X
 _1592_/X
 _1593_/X
 _1594_/X
 _1595_/X
 _1596_/X
 _1597_/X
 _1598_/X
 _1599_/X
 _1600_/X
 _1601_/X
 _1602_/X
 _1603_/X
 _1604_/X
 _1605_/X
 _1606_/X
 _1607_/X
 _1608_/X
 _1609_/X
 _1610_/X
 _1611_/X
 _1612_/X
 _1613_/X
 _1614_/X
 _1615_/X
 _1616_/X
 _1617_/X
 _1618_/X
 _1619_/X
 _1620_/X
 _1621_/X
 _1622_/X
 _1623_/X
 _1624_/X
 _1625_/X
 _1626_/X
 _1627_/X
 _1628_/X
 _1629_/X
 _1630_/X
 _1631_/X
 _1632_/X
 _1633_/X
 _1634_/X
 _1635_/X
 _1636_/X
 _1637_/X
 _1638_/X
 _1639_/X
 _1640_/X
 _1641_/X
 _1642_/X
 _1643_/X
 _1644_/X
 _1645_/X
 _1646_/X
 _1647_/X
 _1648_/X
 _1649_/X
 _1650_/X
 _1651_/X
 _1652_/X
 _1653_/X
 _1654_/X
 _1655_/X
 _1656_/X
 _1657_/X
 _1658_/X
 _1659_/X
 _1660_/X
 _1661_/X
 _1662_/X
 _1663_/X
 _1664_/X
 _1665_/X
 _1666_/X
 _1667_/X
 _1668_/X
 _1669_/X
 _1670_/X
 _1671_/X
 _1672_/X
 _1673_/X
 _1674_/X
 _1675_/X
 _1676_/X
 _1677_/X
 _1678_/X
 _1679_/X
 _1680_/X
 _1681_/X
 _1682_/X
 _1683_/X
 _1684_/X
 _1685_/X
 _1686_/X
 _1687_/X
 _1688_/X
 _1689_/X
 _1690_/X
 _1691_/X
 _1692_/X
 _1693_/X
 _1694_/X
 _1695_/X
 _1696_/X
 _1697_/X
 _1698_/X
 _1699_/X
 _1700_/X
 _1701_/X
 _1702_/X
 _1703_/X
 _1704_/X
 _1705_/X
 _1706_/X
 _1707_/X
 _1708_/Y
 _1709_/X
 _1710_/X
 _1711_/X
 _1712_/X
 _1713_/X
 _1714_/X
 _1715_/X
 _1716_/X
 _1717_/X
 _1718_/X
 _1719_/X
 _1720_/X
 _1721_/X
 _1722_/X
 _1723_/X
 _1724_/X
 _1725_/X
 _1726_/X
 _1727_/X
 _1728_/X
 _1729_/X
 _1730_/X
 _1731_/X
 _1732_/X
 _1733_/X
 _1734_/X
 _1735_/X
 _1736_/X
 _1737_/X
 _1738_/X
 _1739_/X
 _1740_/X
 _1741_/X
 _1742_/X
 _1743_/X
 _1744_/X
 _1745_/X
 _1746_/X
 _1747_/X
 _1748_/X
 _1749_/X
 _1750_/X
 _1751_/X
 _1752_/X
 _1753_/X
 _1754_/X
 _1755_/X
 _1756_/X
 _1757_/X
 _1758_/X
 _1759_/X
 _1760_/X
 _1761_/X
 _1762_/X
 _1763_/X
 _1764_/X
 _1765_/X
 _1766_/X
 _1767_/X
 _1768_/X
 _1769_/X
 _1770_/X
 _1771_/X
 _1772_/X
 _1773_/X
 _1774_/X
 _1775_/X
 _1776_/X
 _1777_/X
 _1778_/X
 _1779_/X
 _1780_/X
 _1781_/X
 _1782_/X
 _1783_/X
 _1784_/X
 _1785_/X
 _1786_/X
 _1787_/X
 _1788_/X
 _1789_/X
 _1790_/X
 _1791_/X
 _1792_/X
 _1793_/X
 _1794_/X
 _1795_/X
 _1796_/X
 _1797_/X
 _1798_/X
 _1799_/X
 _1800_/X
 _1801_/X
 _1802_/X
 _1803_/X
 _1804_/X
 _1805_/X
 _1806_/X
 _1807_/X
 _1808_/X
 _1809_/X
 _1810_/X
 _1811_/X
 _1812_/X
 _1813_/X
 _1814_/X
 _1815_/X
 _1816_/X
 _1817_/X
 _1818_/X
 _1819_/X
 _1820_/X
 _1821_/X
 _1822_/X
 _1823_/X
 _1824_/X
 _1825_/X
 _1826_/X
 _1827_/X
 _1828_/X
 _1829_/X
 _1830_/X
 _1831_/X
 _1832_/X
 _1833_/X
 _1834_/X
 _1835_/X
 _1836_/X
 _1837_/X
 _1838_/X
 _1839_/X
 _1840_/X
 _1841_/X
 _1842_/X
 _1843_/X
 _1844_/X
 _1845_/X
 _1846_/X
 _1847_/X
 _1848_/X
 _1849_/X
 _1850_/X
 _1851_/X
 _1852_/X
 _1853_/X
 _1854_/X
 _1855_/X
 _1856_/X
 _1857_/X
 _1858_/X
 _1859_/X
 _1860_/Q
 _1861_/Q
 _1862_/Q
 _1863_/Q
 _1864_/Q
 _1865_/Q
 _1866_/Q
 _1867_/Q
 _1868_/Q
 _1869_/Q
 _1870_/Q
 _1871_/Q
 _1872_/Q
 _1873_/Q
 _1874_/Q
 _1875_/Q
 _1876_/Q
 _1877_/Q
 _1878_/Q
 _1879_/Q
 _1880_/Q
 _1881_/Q
 _1882_/Q
 _1883_/Q
 _1884_/Q
 _1885_/Q
 _1886_/Q
 _1887_/Q
 _1888_/Q
 _1889_/Q
 _1890_/Q
 _1891_/Q
 _1892_/Q
 _1893_/Q
 _1894_/Q
 _1895_/Q
 _1896_/Q
 _1897_/Q
 _1898_/Q
 _1899_/Q
 _1900_/Q
 _1901_/Q
 _1902_/Q
 _1903_/Q
 _1904_/Q
 _1905_/Q
 _1906_/Q
 _1907_/Q
 _1908_/Q
 _1909_/Q
 _1910_/Q
 _1911_/Q
 _1912_/Q
 _1913_/Q
 _1914_/Q
 _1915_/Q
 _1916_/Q
 _1917_/Q
 _1918_/Q
 _1919_/Q
 _1920_/Q
 _1921_/Q
 _1922_/Q
 _1923_/Q
 _1924_/Q
 _1925_/Q
 _1926_/Q
 _1927_/Q
 _1928_/Q
 _1929_/Q
 _1930_/Q
 _1931_/Q
 _1932_/Q
 _1933_/Q
 _1934_/Q
 _1935_/Q
 _1936_/Q
 _1937_/Q
 _1938_/Q
 _1939_/Q
 _1940_/Q
 _1941_/Q
 _1942_/Q
 _1943_/Q
 _1944_/Q
 _1945_/Q
 _1946_/Q
 _1947_/Q
 _1948_/Q
 _1949_/Q
 _1950_/Q
 _1951_/Q
 _1952_/Q
 _1953_/Q
 _1954_/Q
 _1955_/Q
 _1956_/Q
 _1957_/Q
 _1958_/Q
 _1959_/Q
 _1960_/Q
 _1961_/Q
 _1962_/Q
 _1963_/Q
 _1964_/Q
 _1965_/Q
 _1966_/Q
 _1967_/Q
 _1968_/Q
 _1969_/Q
 _1970_/Q
 _1971_/Q
 _1972_/Q
 _1973_/Q
 _1974_/Q
 _1975_/Q
 _1976_/Q
 _1977_/Q
 _1978_/Q
 _1979_/Q
 _1980_/Q
 _1981_/Q
 _1982_/Q
 _1983_/Q
 _1984_/Q
 _1985_/Q
 _1986_/Q
 _1987_/Q
 _1988_/Q
 _1989_/Q
 _1990_/Q
 _1991_/Q
 _1992_/Q
 _1993_/Q
 _1994_/Q
 _1995_/Q
 _1996_/Q
 _1997_/Q
 _1998_/Q
 _1999_/Q
 _2000_/Q
 _2001_/Q
 _2002_/Q
 _2003_/Q
 _2004_/Q
 _2005_/Q
 _2006_/Q
 _2007_/Q
 _2008_/Q
 _2009_/Q
 _2010_/Q
 _2011_/Q
 _2012_/Q
 _2013_/Q
 _2014_/Q
 _2015_/Q
 _2016_/Q
 _2017_/Q
 _2018_/Q
 _2019_/Q
 _2020_/Q
 _2021_/Q
 _2022_/Q
 _2023_/Q
 _2024_/Q
 _2025_/Q
 _2026_/Q
 _2027_/Q
 _2028_/Q
 _2029_/Q
 _2030_/Q
 _2031_/Q
 _2032_/Q
 _2033_/Q
 _2034_/Q
 _2035_/Q
 _2036_/Q
 _2037_/Q
 _2038_/Q
 _2039_/Q
 _2040_/Q
 _2041_/Q
 _2042_/Q
 _2043_/Q
 _2044_/Q
 _2045_/Q
 _2046_/Q
 _2047_/Q
 _2048_/Q
 _2049_/Q
 _2050_/Q
 _2051_/Q
 _2052_/Q
 _2053_/Q
 _2054_/Q
 _2055_/Q
 _2056_/Q
 _2057_/Q
 _2058_/Q
 _2059_/Q
 _2060_/Q
 _2061_/Q
 _2062_/Q
 _2063_/Q
 _2064_/Q
 _2065_/Q
 _2066_/Q
 _2067_/Q
 _2068_/Q
 _2069_/Q
 _2070_/Q
 _2071_/Q
 _2072_/Q
 _2073_/Q
 _2074_/Q
 _2075_/Q
 _2076_/Q
 _2077_/Q
 _2078_/Q
 _2079_/Q
 _2080_/Q
 _2081_/Q
 _2082_/Q
 _2083_/Q
 _2084_/Q
 _2085_/Q
 _2086_/Q
 _2087_/Q
 _2088_/Q
 _2089_/Q
 _2090_/Q
 _2091_/Q
 _2092_/Q
 _2093_/Q
 _2094_/Q
 _2095_/Q
 _2096_/Q
 _2097_/Q
 _2098_/Q
 _2099_/Q
 _2100_/Q
 _2101_/Q
 _2102_/Q
 _2103_/Q
 _2104_/Q
 _2105_/Q
 _2106_/Q
 _2107_/Q
 _2108_/Q
 _2109_/Q
 _2110_/Q
 _2111_/Q
 _2112_/Q
 _2113_/Q
 _2114_/Q
 _2115_/Q
 _2116_/Q
 _2117_/Q
 _2118_/Q
 _2119_/Q
 _2120_/Q
 _2121_/Q
 _2122_/Q
 _2123_/Q
 _2124_/Q
 _2125_/Q
 _2126_/Q
 _2127_/Q
 _2128_/Q
 _2129_/Q
 _2130_/Q
 _2131_/Q
 _2132_/Q
 _2133_/Q
 _2134_/Q
 _2135_/Q
 _2136_/Q
 _2137_/Q
 _2138_/Q
 _2139_/Q
 _2140_/Q
 _2141_/Q
 _2142_/Q
 _2143_/Q
 _2144_/Q
 _2145_/Q
 _2146_/Q
 _2147_/Q
 _2148_/Q
 _2149_/Q
 _2150_/Q
 _2151_/Q
 _2152_/Q
 _2153_/Q
 _2154_/Q
 _2155_/Q
 _2156_/Q
 _2157_/Q
 _2158_/Q
 _2159_/Q
 _2160_/Q
 _2161_/Q
 _2162_/Q
 _2163_/Q
 _2164_/Q
 _2165_/Q
 _2166_/Q
 _2167_/Q
 _2168_/Q
 _2169_/Q
 _2170_/Q
 _2171_/Q
 _2172_/Q
 _2173_/Q
 _2174_/Q
 _2175_/Q
 _2176_/Q
 _2177_/Q
 _2178_/Q
 _2179_/Q
 _2180_/Q
 _2181_/Q
 _2182_/Q
 _2183_/Q
 _2184_/Q
 _2185_/Q
 _2186_/Q
 _2187_/Q
 _2188_/Q
 _2189_/Q
 _2190_/Q
 _2191_/Q
 _2192_/Q
 _2193_/Q
 _2194_/Q
 _2195_/Q
 _2196_/Q
 _2197_/Q
 _2198_/Q
 _2199_/Q
 _2200_/Q
 _2201_/Q
 _2202_/Q
 _2203_/Q
 _2204_/Q
 _2205_/Q
 _2206_/Q
 _2207_/Q
 _2208_/Q
 _2209_/Q
 _2210_/Q
 _2211_/Q
 _2212_/Q
 _2213_/Q
 _2214_/Q
 _2215_/Q
 _2216_/Q
 _2217_/Q
 _2218_/Q
 _2219_/Q
Found 0 partially unannotated drivers.

===========================================================================
max slew violation count 0
max fanout violation count 0
max cap violation count 0
============================================================================

===========================================================================
check_setup -verbose -unconstrained_endpoints -multiple_clock -no_clock -no_input_delay -loops -generated_clocks
===========================================================================
