OpenROAD 75f2f325b7a42e56a92404f33af8e96530d9b202 
This program is licensed under the BSD-3 license. See the LICENSE file for details.
Components of this program may be licensed under more restrictive licenses which must be honored.
[INFO ODB-0222] Reading LEF file: /openlane/designs/dff_full_adder/runs/first_run/tmp/merged.nom.lef
[INFO ODB-0223]     Created 13 technology layers
[INFO ODB-0224]     Created 25 technology vias
[INFO ODB-0225]     Created 441 library cells
[INFO ODB-0226] Finished LEF file:  /openlane/designs/dff_full_adder/runs/first_run/tmp/merged.nom.lef
[INFO ODB-0127] Reading DEF file: /openlane/designs/dff_full_adder/runs/first_run/results/routing/dff_full_adder.def
[INFO ODB-0128] Design: dff_full_adder
[INFO ODB-0130]     Created 10 pins.
[INFO ODB-0131]     Created 12846 components and 47756 component-terminals.
[INFO ODB-0132]     Created 2 special nets and 47718 connections.
[INFO ODB-0133]     Created 18 nets and 38 connections.
[INFO ODB-0134] Finished DEF file: /openlane/designs/dff_full_adder/runs/first_run/results/routing/dff_full_adder.def
define_corners Typical
read_liberty -corner Typical /home/mmuddassir/.volare/sky130A/libs.ref/sky130_fd_sc_hd/lib/sky130_fd_sc_hd__tt_025C_1v80.lib
Using 1e-12 for capacitance...
Using 1e+03 for resistance...
Using 1e-09 for time...
Using 1e+00 for voltage...
Using 1e-03 for current...
Using 1e-09 for power...
Using 1e-06 for distance...
Using RCX ruleset '/home/mmuddassir/.volare/sky130A/libs.tech/openlane/rules.openrcx.sky130A.nom.calibre'...
[INFO RCX-0431] Defined process_corner X with ext_model_index 0
[INFO RCX-0029] Defined extraction corner X
[INFO RCX-0008] extracting parasitics of dff_full_adder ...
[INFO RCX-0435] Reading extraction model file /home/mmuddassir/.volare/sky130A/libs.tech/openlane/rules.openrcx.sky130A.nom.calibre ...
[INFO RCX-0436] RC segment generation dff_full_adder (max_merge_res 50.0) ...
[INFO RCX-0040] Final 50 rc segments
[INFO RCX-0439] Coupling Cap extraction dff_full_adder ...
[INFO RCX-0440] Coupling threshhold is 0.1000 fF, coupling capacitance less than 0.1000 fF will be grounded.
[INFO RCX-0043] 914 wires to be extracted
[INFO RCX-0442] 94% completion -- 867 wires have been extracted
[INFO RCX-0442] 100% completion -- 914 wires have been extracted
[INFO RCX-0045] Extract 18 nets, 68 rsegs, 68 caps, 57 ccs
[INFO RCX-0015] Finished extracting dff_full_adder.
Writing result to /openlane/designs/dff_full_adder/runs/first_run/results/routing/mca/process_corner_nom/dff_full_adder.spef...
Setting global connections for newly added cells…
[WARNING] Did not save OpenROAD database!
Writing extracted parasitics to '/openlane/designs/dff_full_adder/runs/first_run/results/routing/mca/process_corner_nom/dff_full_adder.spef'…
[INFO RCX-0016] Writing SPEF ...
[INFO RCX-0443] 18 nets finished
[INFO RCX-0017] Finished writing SPEF ...
