Netgen 1.5.255 compiled on Wed Jul 12 10:06:14 UTC 2023
Warning: netgen command 'format' use fully-qualified name '::netgen::format'
Warning: netgen command 'global' use fully-qualified name '::netgen::global'
Generating JSON file result
Reading netlist file /openlane/designs/dff_full_adder/runs/first_run/results/signoff/dff_full_adder.spice
Reading netlist file /openlane/designs/dff_full_adder/runs/first_run/tmp/signoff/36-dff_full_adder.pnl.v
Warning:  A case-insensitive file has been read and so the	verilog file must be treated case-insensitive to match.
Creating placeholder cell definition for module sky130_fd_sc_hd__diode_2.
Creating placeholder cell definition for module sky130_fd_sc_hd__decap_3.
Creating placeholder cell definition for module sky130_ef_sc_hd__decap_12.
Creating placeholder cell definition for module sky130_fd_sc_hd__fill_2.
Creating placeholder cell definition for module sky130_fd_sc_hd__fill_1.
Creating placeholder cell definition for module sky130_fd_sc_hd__decap_8.
Creating placeholder cell definition for module sky130_fd_sc_hd__decap_4.
Creating placeholder cell definition for module sky130_fd_sc_hd__decap_6.
Creating placeholder cell definition for module sky130_fd_sc_hd__tapvpwrvgnd_1.
Creating placeholder cell definition for module sky130_fd_sc_hd__and2_1.
Creating placeholder cell definition for module sky130_fd_sc_hd__buf_1.
Creating placeholder cell definition for module sky130_fd_sc_hd__a21o_1.
Creating placeholder cell definition for module sky130_fd_sc_hd__xor2_4.
Creating placeholder cell definition for module sky130_fd_sc_hd__xor2_2.
Creating placeholder cell definition for module sky130_fd_sc_hd__dlymetal6s2s_1.
Creating placeholder cell definition for module sky130_fd_sc_hd__buf_2.
Creating placeholder cell definition for module sky130_fd_sc_hd__clkbuf_2.
Creating placeholder cell definition for module sky130_fd_sc_hd__clkbuf_4.

Reading setup file /home/mmuddassir/.volare/sky130A/libs.tech/netgen/sky130A_setup.tcl

Comparison output logged to file /openlane/designs/dff_full_adder/runs/first_run/logs/signoff/39-dff_full_adder.lef.lvs.log
Logging to file "/openlane/designs/dff_full_adder/runs/first_run/logs/signoff/39-dff_full_adder.lef.lvs.log" enabled

Contents of circuit 1:  Circuit: 'sky130_ef_sc_hd__decap_12'
Circuit sky130_ef_sc_hd__decap_12 contains 0 device instances.
Circuit contains 0 nets, and 4 disconnected pins.
Contents of circuit 2:  Circuit: 'sky130_ef_sc_hd__decap_12'
Circuit sky130_ef_sc_hd__decap_12 contains 0 device instances.
Circuit contains 0 nets.

Circuit sky130_ef_sc_hd__decap_12 contains no devices.

Contents of circuit 1:  Circuit: 'sky130_fd_sc_hd__tapvpwrvgnd_1'
Circuit sky130_fd_sc_hd__tapvpwrvgnd_1 contains 0 device instances.
Circuit contains 0 nets, and 2 disconnected pins.
Contents of circuit 2:  Circuit: 'sky130_fd_sc_hd__tapvpwrvgnd_1'
Circuit sky130_fd_sc_hd__tapvpwrvgnd_1 contains 0 device instances.
Circuit contains 0 nets.

Circuit sky130_fd_sc_hd__tapvpwrvgnd_1 contains no devices.

Contents of circuit 1:  Circuit: 'sky130_fd_sc_hd__decap_6'
Circuit sky130_fd_sc_hd__decap_6 contains 0 device instances.
Circuit contains 0 nets, and 4 disconnected pins.
Contents of circuit 2:  Circuit: 'sky130_fd_sc_hd__decap_6'
Circuit sky130_fd_sc_hd__decap_6 contains 0 device instances.
Circuit contains 0 nets.

Circuit sky130_fd_sc_hd__decap_6 contains no devices.

Contents of circuit 1:  Circuit: 'sky130_fd_sc_hd__fill_1'
Circuit sky130_fd_sc_hd__fill_1 contains 0 device instances.
Circuit contains 0 nets, and 4 disconnected pins.
Contents of circuit 2:  Circuit: 'sky130_fd_sc_hd__fill_1'
Circuit sky130_fd_sc_hd__fill_1 contains 0 device instances.
Circuit contains 0 nets.

Circuit sky130_fd_sc_hd__fill_1 contains no devices.

Contents of circuit 1:  Circuit: 'sky130_fd_sc_hd__decap_4'
Circuit sky130_fd_sc_hd__decap_4 contains 0 device instances.
Circuit contains 0 nets, and 4 disconnected pins.
Contents of circuit 2:  Circuit: 'sky130_fd_sc_hd__decap_4'
Circuit sky130_fd_sc_hd__decap_4 contains 0 device instances.
Circuit contains 0 nets.

Circuit sky130_fd_sc_hd__decap_4 contains no devices.

Contents of circuit 1:  Circuit: 'sky130_fd_sc_hd__fill_2'
Circuit sky130_fd_sc_hd__fill_2 contains 0 device instances.
Circuit contains 0 nets, and 4 disconnected pins.
Contents of circuit 2:  Circuit: 'sky130_fd_sc_hd__fill_2'
Circuit sky130_fd_sc_hd__fill_2 contains 0 device instances.
Circuit contains 0 nets.

Circuit sky130_fd_sc_hd__fill_2 contains no devices.

Contents of circuit 1:  Circuit: 'sky130_fd_sc_hd__decap_3'
Circuit sky130_fd_sc_hd__decap_3 contains 0 device instances.
Circuit contains 0 nets, and 4 disconnected pins.
Contents of circuit 2:  Circuit: 'sky130_fd_sc_hd__decap_3'
Circuit sky130_fd_sc_hd__decap_3 contains 0 device instances.
Circuit contains 0 nets.

Circuit sky130_fd_sc_hd__decap_3 contains no devices.

Contents of circuit 1:  Circuit: 'sky130_fd_sc_hd__clkbuf_4'
Circuit sky130_fd_sc_hd__clkbuf_4 contains 0 device instances.
Circuit contains 0 nets, and 6 disconnected pins.
Contents of circuit 2:  Circuit: 'sky130_fd_sc_hd__clkbuf_4'
Circuit sky130_fd_sc_hd__clkbuf_4 contains 0 device instances.
Circuit contains 0 nets.

Circuit sky130_fd_sc_hd__clkbuf_4 contains no devices.

Contents of circuit 1:  Circuit: 'sky130_fd_sc_hd__decap_8'
Circuit sky130_fd_sc_hd__decap_8 contains 0 device instances.
Circuit contains 0 nets, and 4 disconnected pins.
Contents of circuit 2:  Circuit: 'sky130_fd_sc_hd__decap_8'
Circuit sky130_fd_sc_hd__decap_8 contains 0 device instances.
Circuit contains 0 nets.

Circuit sky130_fd_sc_hd__decap_8 contains no devices.

Contents of circuit 1:  Circuit: 'sky130_fd_sc_hd__buf_2'
Circuit sky130_fd_sc_hd__buf_2 contains 0 device instances.
Circuit contains 0 nets, and 6 disconnected pins.
Contents of circuit 2:  Circuit: 'sky130_fd_sc_hd__buf_2'
Circuit sky130_fd_sc_hd__buf_2 contains 0 device instances.
Circuit contains 0 nets.

Circuit sky130_fd_sc_hd__buf_2 contains no devices.

Contents of circuit 1:  Circuit: 'sky130_fd_sc_hd__dlymetal6s2s_1'
Circuit sky130_fd_sc_hd__dlymetal6s2s_1 contains 0 device instances.
Circuit contains 0 nets, and 6 disconnected pins.
Contents of circuit 2:  Circuit: 'sky130_fd_sc_hd__dlymetal6s2s_1'
Circuit sky130_fd_sc_hd__dlymetal6s2s_1 contains 0 device instances.
Circuit contains 0 nets.

Circuit sky130_fd_sc_hd__dlymetal6s2s_1 contains no devices.

Contents of circuit 1:  Circuit: 'sky130_fd_sc_hd__clkbuf_2'
Circuit sky130_fd_sc_hd__clkbuf_2 contains 0 device instances.
Circuit contains 0 nets, and 6 disconnected pins.
Contents of circuit 2:  Circuit: 'sky130_fd_sc_hd__clkbuf_2'
Circuit sky130_fd_sc_hd__clkbuf_2 contains 0 device instances.
Circuit contains 0 nets.

Circuit sky130_fd_sc_hd__clkbuf_2 contains no devices.

Contents of circuit 1:  Circuit: 'sky130_fd_sc_hd__and2_1'
Circuit sky130_fd_sc_hd__and2_1 contains 0 device instances.
Circuit contains 0 nets, and 7 disconnected pins.
Contents of circuit 2:  Circuit: 'sky130_fd_sc_hd__and2_1'
Circuit sky130_fd_sc_hd__and2_1 contains 0 device instances.
Circuit contains 0 nets.

Circuit sky130_fd_sc_hd__and2_1 contains no devices.

Contents of circuit 1:  Circuit: 'sky130_fd_sc_hd__xor2_2'
Circuit sky130_fd_sc_hd__xor2_2 contains 0 device instances.
Circuit contains 0 nets, and 7 disconnected pins.
Contents of circuit 2:  Circuit: 'sky130_fd_sc_hd__xor2_2'
Circuit sky130_fd_sc_hd__xor2_2 contains 0 device instances.
Circuit contains 0 nets.

Circuit sky130_fd_sc_hd__xor2_2 contains no devices.

Contents of circuit 1:  Circuit: 'sky130_fd_sc_hd__xor2_4'
Circuit sky130_fd_sc_hd__xor2_4 contains 0 device instances.
Circuit contains 0 nets, and 7 disconnected pins.
Contents of circuit 2:  Circuit: 'sky130_fd_sc_hd__xor2_4'
Circuit sky130_fd_sc_hd__xor2_4 contains 0 device instances.
Circuit contains 0 nets.

Circuit sky130_fd_sc_hd__xor2_4 contains no devices.

Contents of circuit 1:  Circuit: 'sky130_fd_sc_hd__a21o_1'
Circuit sky130_fd_sc_hd__a21o_1 contains 0 device instances.
Circuit contains 0 nets, and 8 disconnected pins.
Contents of circuit 2:  Circuit: 'sky130_fd_sc_hd__a21o_1'
Circuit sky130_fd_sc_hd__a21o_1 contains 0 device instances.
Circuit contains 0 nets.

Circuit sky130_fd_sc_hd__a21o_1 contains no devices.

Contents of circuit 1:  Circuit: 'sky130_fd_sc_hd__buf_1'
Circuit sky130_fd_sc_hd__buf_1 contains 0 device instances.
Circuit contains 0 nets, and 6 disconnected pins.
Contents of circuit 2:  Circuit: 'sky130_fd_sc_hd__buf_1'
Circuit sky130_fd_sc_hd__buf_1 contains 0 device instances.
Circuit contains 0 nets.

Circuit sky130_fd_sc_hd__buf_1 contains no devices.

Contents of circuit 1:  Circuit: 'sky130_fd_sc_hd__diode_2'
Circuit sky130_fd_sc_hd__diode_2 contains 0 device instances.
Circuit contains 0 nets, and 5 disconnected pins.
Contents of circuit 2:  Circuit: 'sky130_fd_sc_hd__diode_2'
Circuit sky130_fd_sc_hd__diode_2 contains 0 device instances.
Circuit contains 0 nets.

Circuit sky130_fd_sc_hd__diode_2 contains no devices.

Contents of circuit 1:  Circuit: 'dff_full_adder'
Circuit dff_full_adder contains 12846 device instances.
  Class: sky130_fd_sc_hd__a21o_1 instances:   1
  Class: sky130_fd_sc_hd__buf_1 instances:   1
  Class: sky130_fd_sc_hd__buf_2 instances:   2
  Class: sky130_fd_sc_hd__xor2_2 instances:   1
  Class: sky130_fd_sc_hd__xor2_4 instances:   1
  Class: sky130_ef_sc_hd__decap_12 instances: 7162
  Class: sky130_fd_sc_hd__clkbuf_2 instances:   1
  Class: sky130_fd_sc_hd__clkbuf_4 instances:   5
  Class: sky130_fd_sc_hd__decap_3 instances: 262
  Class: sky130_fd_sc_hd__decap_4 instances:  49
  Class: sky130_fd_sc_hd__decap_6 instances: 1705
  Class: sky130_fd_sc_hd__decap_8 instances:   7
  Class: sky130_fd_sc_hd__and2_1 instances:   2
  Class: sky130_fd_sc_hd__diode_2 instances:   2
  Class: sky130_fd_sc_hd__dlymetal6s2s_1 instances:   1
  Class: sky130_fd_sc_hd__tapvpwrvgnd_1 instances: 1833
  Class: sky130_fd_sc_hd__fill_1 instances: 1761
  Class: sky130_fd_sc_hd__fill_2 instances:  50
Circuit contains 20 nets.
Contents of circuit 2:  Circuit: 'dff_full_adder'
Circuit dff_full_adder contains 12846 device instances.
  Class: sky130_fd_sc_hd__a21o_1 instances:   1
  Class: sky130_fd_sc_hd__buf_1 instances:   1
  Class: sky130_fd_sc_hd__buf_2 instances:   2
  Class: sky130_fd_sc_hd__xor2_2 instances:   1
  Class: sky130_fd_sc_hd__xor2_4 instances:   1
  Class: sky130_ef_sc_hd__decap_12 instances: 7162
  Class: sky130_fd_sc_hd__clkbuf_2 instances:   1
  Class: sky130_fd_sc_hd__clkbuf_4 instances:   5
  Class: sky130_fd_sc_hd__decap_3 instances: 262
  Class: sky130_fd_sc_hd__decap_4 instances:  49
  Class: sky130_fd_sc_hd__decap_6 instances: 1705
  Class: sky130_fd_sc_hd__decap_8 instances:   7
  Class: sky130_fd_sc_hd__and2_1 instances:   2
  Class: sky130_fd_sc_hd__diode_2 instances:   2
  Class: sky130_fd_sc_hd__dlymetal6s2s_1 instances:   1
  Class: sky130_fd_sc_hd__tapvpwrvgnd_1 instances: 1833
  Class: sky130_fd_sc_hd__fill_1 instances: 1761
  Class: sky130_fd_sc_hd__fill_2 instances:  50
Circuit contains 20 nets.

Circuit was modified by parallel/series device merging.
New circuit summary:

Contents of circuit 1:  Circuit: 'dff_full_adder'
Circuit dff_full_adder contains 25 device instances.
  Class: sky130_fd_sc_hd__a21o_1 instances:   1
  Class: sky130_fd_sc_hd__buf_1 instances:   1
  Class: sky130_fd_sc_hd__buf_2 instances:   2
  Class: sky130_fd_sc_hd__xor2_2 instances:   1
  Class: sky130_fd_sc_hd__xor2_4 instances:   1
  Class: sky130_ef_sc_hd__decap_12 instances:   1
  Class: sky130_fd_sc_hd__clkbuf_2 instances:   1
  Class: sky130_fd_sc_hd__clkbuf_4 instances:   5
  Class: sky130_fd_sc_hd__decap_3 instances:   1
  Class: sky130_fd_sc_hd__decap_4 instances:   1
  Class: sky130_fd_sc_hd__decap_6 instances:   1
  Class: sky130_fd_sc_hd__decap_8 instances:   1
  Class: sky130_fd_sc_hd__and2_1 instances:   2
  Class: sky130_fd_sc_hd__diode_2 instances:   2
  Class: sky130_fd_sc_hd__dlymetal6s2s_1 instances:   1
  Class: sky130_fd_sc_hd__tapvpwrvgnd_1 instances:   1
  Class: sky130_fd_sc_hd__fill_1 instances:   1
  Class: sky130_fd_sc_hd__fill_2 instances:   1
Circuit contains 20 nets.
Contents of circuit 2:  Circuit: 'dff_full_adder'
Circuit dff_full_adder contains 25 device instances.
  Class: sky130_fd_sc_hd__a21o_1 instances:   1
  Class: sky130_fd_sc_hd__buf_1 instances:   1
  Class: sky130_fd_sc_hd__buf_2 instances:   2
  Class: sky130_fd_sc_hd__xor2_2 instances:   1
  Class: sky130_fd_sc_hd__xor2_4 instances:   1
  Class: sky130_ef_sc_hd__decap_12 instances:   1
  Class: sky130_fd_sc_hd__clkbuf_2 instances:   1
  Class: sky130_fd_sc_hd__clkbuf_4 instances:   5
  Class: sky130_fd_sc_hd__decap_3 instances:   1
  Class: sky130_fd_sc_hd__decap_4 instances:   1
  Class: sky130_fd_sc_hd__decap_6 instances:   1
  Class: sky130_fd_sc_hd__decap_8 instances:   1
  Class: sky130_fd_sc_hd__and2_1 instances:   2
  Class: sky130_fd_sc_hd__diode_2 instances:   2
  Class: sky130_fd_sc_hd__dlymetal6s2s_1 instances:   1
  Class: sky130_fd_sc_hd__tapvpwrvgnd_1 instances:   1
  Class: sky130_fd_sc_hd__fill_1 instances:   1
  Class: sky130_fd_sc_hd__fill_2 instances:   1
Circuit contains 20 nets.

Circuit 1 contains 25 devices, Circuit 2 contains 25 devices.
Circuit 1 contains 20 nets,    Circuit 2 contains 20 nets.


Final result: 
Circuits match uniquely.
.
Logging to file "/openlane/designs/dff_full_adder/runs/first_run/logs/signoff/39-dff_full_adder.lef.lvs.log" disabled
LVS Done.
