
===========================================================================
 report_power
============================================================================
======================= Fastest Corner ===================================

Group                  Internal  Switching    Leakage      Total
                          Power      Power      Power      Power (Watts)
----------------------------------------------------------------
Sequential             4.03e-03   2.84e-04   1.04e-08   4.31e-03  47.4%
Combinational          1.81e-03   1.06e-03   2.76e-08   2.87e-03  31.5%
Clock                  8.12e-04   1.10e-03   7.09e-09   1.92e-03  21.1%
Macro                  0.00e+00   0.00e+00   0.00e+00   0.00e+00   0.0%
Pad                    0.00e+00   0.00e+00   0.00e+00   0.00e+00   0.0%
----------------------------------------------------------------
Total                  6.65e-03   2.45e-03   4.52e-08   9.09e-03 100.0%
                          73.1%      26.9%       0.0%

======================= Slowest Corner ===================================

Group                  Internal  Switching    Leakage      Total
                          Power      Power      Power      Power (Watts)
----------------------------------------------------------------
Sequential             2.69e-03   1.79e-04   1.04e-05   2.88e-03  46.9%
Combinational          1.26e-03   6.86e-04   1.87e-05   1.96e-03  32.0%
Clock                  5.92e-04   7.02e-04   8.53e-07   1.30e-03  21.1%
Macro                  0.00e+00   0.00e+00   0.00e+00   0.00e+00   0.0%
Pad                    0.00e+00   0.00e+00   0.00e+00   0.00e+00   0.0%
----------------------------------------------------------------
Total                  4.54e-03   1.57e-03   2.99e-05   6.14e-03 100.0%
                          74.0%      25.5%       0.5%

======================= Typical Corner ===================================

Group                  Internal  Switching    Leakage      Total
                          Power      Power      Power      Power (Watts)
----------------------------------------------------------------
Sequential             3.45e-03   2.34e-04   6.00e-09   3.68e-03  47.3%
Combinational          1.59e-03   8.83e-04   1.28e-08   2.47e-03  31.7%
Clock                  7.16e-04   9.26e-04   5.08e-09   1.64e-03  21.1%
Macro                  0.00e+00   0.00e+00   0.00e+00   0.00e+00   0.0%
Pad                    0.00e+00   0.00e+00   0.00e+00   0.00e+00   0.0%
----------------------------------------------------------------
Total                  5.75e-03   2.04e-03   2.39e-08   7.79e-03 100.0%
                          73.8%      26.2%       0.0%

