#! /usr/bin/vvp
:ivl_version "11.0 (stable)";
:ivl_delay_selection "TYPICAL";
:vpi_time_precision - 12;
:vpi_module "/usr/lib/x86_64-linux-gnu/ivl/system.vpi";
:vpi_module "/usr/lib/x86_64-linux-gnu/ivl/vhdl_sys.vpi";
:vpi_module "/usr/lib/x86_64-linux-gnu/ivl/vhdl_textio.vpi";
:vpi_module "/usr/lib/x86_64-linux-gnu/ivl/v2005_math.vpi";
:vpi_module "/usr/lib/x86_64-linux-gnu/ivl/va_math.vpi";
S_0x558fb42cca20 .scope module, "dff_ram_4x72_tb" "dff_ram_4x72_tb" 2 3;
 .timescale -9 -12;
v0x558fb42e2a80_0 .var "address", 1 0;
v0x558fb42e2b60_0 .var "clk", 0 0;
v0x558fb42e2c30_0 .var "en_n", 0 0;
v0x558fb42e2d30_0 .net "rdata", 71 0, v0x558fb42e26f0_0;  1 drivers
v0x558fb42e2e00_0 .var "wdata", 71 0;
v0x558fb42e2ef0_0 .var "wr", 0 0;
S_0x558fb42ccbb0 .scope module, "dut" "dff_ram_4x72" 2 13, 3 1 0, S_0x558fb42cca20;
 .timescale 0 0;
    .port_info 0 /INPUT 1 "clk";
    .port_info 1 /INPUT 2 "address";
    .port_info 2 /INPUT 1 "en_n";
    .port_info 3 /INPUT 1 "wr";
    .port_info 4 /INPUT 72 "wdata";
    .port_info 5 /OUTPUT 72 "rdata";
v0x558fb42b98b0_0 .net "address", 1 0, v0x558fb42e2a80_0;  1 drivers
v0x558fb42e24d0_0 .net "clk", 0 0, v0x558fb42e2b60_0;  1 drivers
v0x558fb42e2590 .array "data", 0 3, 71 0;
v0x558fb42e2630_0 .net "en_n", 0 0, v0x558fb42e2c30_0;  1 drivers
v0x558fb42e26f0_0 .var "rdata", 71 0;
v0x558fb42e2820_0 .net "wdata", 71 0, v0x558fb42e2e00_0;  1 drivers
v0x558fb42e2900_0 .net "wr", 0 0, v0x558fb42e2ef0_0;  1 drivers
E_0x558fb42c9c40 .event posedge, v0x558fb42e24d0_0;
    .scope S_0x558fb42ccbb0;
T_0 ;
    %wait E_0x558fb42c9c40;
    %load/vec4 v0x558fb42e2630_0;
    %nor/r;
    %flag_set/vec4 8;
    %jmp/0xz  T_0.0, 8;
    %load/vec4 v0x558fb42e2900_0;
    %nor/r;
    %flag_set/vec4 8;
    %jmp/0xz  T_0.2, 8;
    %load/vec4 v0x558fb42e2820_0;
    %load/vec4 v0x558fb42b98b0_0;
    %pad/u 4;
    %ix/vec4 3;
    %ix/load 4, 0, 0; Constant delay
    %assign/vec4/a/d v0x558fb42e2590, 0, 4;
    %jmp T_0.3;
T_0.2 ;
    %load/vec4 v0x558fb42b98b0_0;
    %pad/u 4;
    %ix/vec4 4;
    %load/vec4a v0x558fb42e2590, 4;
    %assign/vec4 v0x558fb42e26f0_0, 0;
T_0.3 ;
    %jmp T_0.1;
T_0.0 ;
    %load/vec4 v0x558fb42b98b0_0;
    %pad/u 4;
    %ix/vec4 4;
    %load/vec4a v0x558fb42e2590, 4;
    %load/vec4 v0x558fb42b98b0_0;
    %pad/u 4;
    %ix/vec4 3;
    %ix/load 4, 0, 0; Constant delay
    %assign/vec4/a/d v0x558fb42e2590, 0, 4;
    %load/vec4 v0x558fb42e26f0_0;
    %assign/vec4 v0x558fb42e26f0_0, 0;
T_0.1 ;
    %jmp T_0;
    .thread T_0;
    .scope S_0x558fb42cca20;
T_1 ;
    %delay 5000, 0;
    %load/vec4 v0x558fb42e2b60_0;
    %inv;
    %store/vec4 v0x558fb42e2b60_0, 0, 1;
    %jmp T_1;
    .thread T_1;
    .scope S_0x558fb42cca20;
T_2 ;
    %pushi/vec4 0, 0, 1;
    %store/vec4 v0x558fb42e2b60_0, 0, 1;
    %pushi/vec4 0, 0, 2;
    %store/vec4 v0x558fb42e2a80_0, 0, 2;
    %pushi/vec4 0, 0, 1;
    %store/vec4 v0x558fb42e2c30_0, 0, 1;
    %pushi/vec4 0, 0, 1;
    %store/vec4 v0x558fb42e2ef0_0, 0, 1;
    %pushi/vec4 3422552064, 0, 40;
    %concati/vec4 0, 0, 32;
    %store/vec4 v0x558fb42e2e00_0, 0, 72;
    %delay 10000, 0;
    %pushi/vec4 0, 0, 1;
    %store/vec4 v0x558fb42e2c30_0, 0, 1;
    %delay 10000, 0;
    %pushi/vec4 0, 0, 1;
    %store/vec4 v0x558fb42e2ef0_0, 0, 1;
    %delay 10000, 0;
    %pushi/vec4 2863311530, 0, 40;
    %concati/vec4 2863311530, 0, 32;
    %store/vec4 v0x558fb42e2e00_0, 0, 72;
    %delay 10000, 0;
    %pushi/vec4 1, 0, 1;
    %store/vec4 v0x558fb42e2ef0_0, 0, 1;
    %delay 10000, 0;
    %pushi/vec4 1, 0, 1;
    %store/vec4 v0x558fb42e2c30_0, 0, 1;
    %delay 10000, 0;
    %pushi/vec4 0, 0, 1;
    %store/vec4 v0x558fb42e2c30_0, 0, 1;
    %delay 10000, 0;
    %pushi/vec4 1, 0, 1;
    %store/vec4 v0x558fb42e2ef0_0, 0, 1;
    %delay 10000, 0;
    %pushi/vec4 1, 0, 1;
    %store/vec4 v0x558fb42e2c30_0, 0, 1;
    %delay 10000, 0;
    %vpi_call 2 51 "$stop" {0 0 0};
    %end;
    .thread T_2;
    .scope S_0x558fb42cca20;
T_3 ;
    %vpi_call 2 54 "$dumpfile", "dff_ram_4x72.vcd" {0 0 0};
    %vpi_call 2 55 "$dumpvars", 32'sb00000000000000000000000000000000, S_0x558fb42cca20 {0 0 0};
    %end;
    .thread T_3;
# The file index is used to find the file name in the following table.
:file_names 4;
    "N/A";
    "<interactive>";
    "dff_ram_4x72_tb.v";
    "dff_ram_4x72.v";
