
===========================================================================
report_checks -path_delay min (Hold)
============================================================================
======================= Fastest Corner ===================================

Startpoint: b (input port clocked by __VIRTUAL_CLK__)
Endpoint: c (output port clocked by __VIRTUAL_CLK__)
Path Group: __VIRTUAL_CLK__
Path Type: min
Corner: Fastest

Fanout     Cap    Slew   Delay    Time   Description
-----------------------------------------------------------------------------
                  0.00    0.00    0.00   clock __VIRTUAL_CLK__ (rise edge)
                          0.00    0.00   clock network delay (ideal)
                          2.00    2.00 ^ input external delay
     1    0.00    0.01    0.01    2.01 ^ b (in)
                                         b (net)
                  0.01    0.00    2.01 ^ input2/A (sky130_fd_sc_hd__buf_2)
     2    0.03    0.13    0.12    2.13 ^ input2/X (sky130_fd_sc_hd__buf_2)
                                         net2 (net)
                  0.13    0.01    2.13 ^ _5_/A (sky130_fd_sc_hd__xor2_4)
     4    0.03    0.05    0.08    2.22 v _5_/X (sky130_fd_sc_hd__xor2_4)
                                         net4 (net)
                  0.05    0.00    2.22 v output4/A (sky130_fd_sc_hd__clkbuf_4)
     1    0.03    0.06    0.12    2.34 v output4/X (sky130_fd_sc_hd__clkbuf_4)
                                         c (net)
                  0.06    0.00    2.35 v c (out)
                                  2.35   data arrival time

                  0.00    0.00    0.00   clock __VIRTUAL_CLK__ (rise edge)
                          0.00    0.00   clock network delay (ideal)
                          0.25    0.25   clock uncertainty
                          0.00    0.25   clock reconvergence pessimism
                         -2.00   -1.75   output external delay
                                 -1.75   data required time
-----------------------------------------------------------------------------
                                 -1.75   data required time
                                 -2.35   data arrival time
-----------------------------------------------------------------------------
                                  4.10   slack (MET)


Startpoint: cin (input port clocked by __VIRTUAL_CLK__)
Endpoint: sum (output port clocked by __VIRTUAL_CLK__)
Path Group: __VIRTUAL_CLK__
Path Type: min
Corner: Fastest

Fanout     Cap    Slew   Delay    Time   Description
-----------------------------------------------------------------------------
                  0.00    0.00    0.00   clock __VIRTUAL_CLK__ (rise edge)
                          0.00    0.00   clock network delay (ideal)
                          2.00    2.00 ^ input external delay
     1    0.00    0.02    0.01    2.01 ^ cin (in)
                                         cin (net)
                  0.02    0.00    2.01 ^ input3/A (sky130_fd_sc_hd__clkbuf_2)
     3    0.04    0.15    0.13    2.14 ^ input3/X (sky130_fd_sc_hd__clkbuf_2)
                                         net3 (net)
                  0.15    0.01    2.15 ^ _6_/A (sky130_fd_sc_hd__xor2_2)
     1    0.02    0.04    0.08    2.22 v _6_/X (sky130_fd_sc_hd__xor2_2)
                                         net8 (net)
                  0.04    0.00    2.23 v output8/A (sky130_fd_sc_hd__clkbuf_4)
     1    0.03    0.06    0.12    2.35 v output8/X (sky130_fd_sc_hd__clkbuf_4)
                                         sum (net)
                  0.06    0.00    2.35 v sum (out)
                                  2.35   data arrival time

                  0.00    0.00    0.00   clock __VIRTUAL_CLK__ (rise edge)
                          0.00    0.00   clock network delay (ideal)
                          0.25    0.25   clock uncertainty
                          0.00    0.25   clock reconvergence pessimism
                         -2.00   -1.75   output external delay
                                 -1.75   data required time
-----------------------------------------------------------------------------
                                 -1.75   data required time
                                 -2.35   data arrival time
-----------------------------------------------------------------------------
                                  4.10   slack (MET)


Startpoint: cin (input port clocked by __VIRTUAL_CLK__)
Endpoint: cout (output port clocked by __VIRTUAL_CLK__)
Path Group: __VIRTUAL_CLK__
Path Type: min
Corner: Fastest

Fanout     Cap    Slew   Delay    Time   Description
-----------------------------------------------------------------------------
                  0.00    0.00    0.00   clock __VIRTUAL_CLK__ (rise edge)
                          0.00    0.00   clock network delay (ideal)
                          2.00    2.00 v input external delay
     1    0.00    0.01    0.00    2.00 v cin (in)
                                         cin (net)
                  0.01    0.00    2.00 v input3/A (sky130_fd_sc_hd__clkbuf_2)
     3    0.03    0.09    0.11    2.11 v input3/X (sky130_fd_sc_hd__clkbuf_2)
                                         net3 (net)
                  0.09    0.01    2.12 v _4_/A1 (sky130_fd_sc_hd__a21o_1)
     2    0.02    0.06    0.15    2.27 v _4_/X (sky130_fd_sc_hd__a21o_1)
                                         net5 (net)
                  0.06    0.00    2.27 v output5/A (sky130_fd_sc_hd__clkbuf_4)
     1    0.03    0.06    0.13    2.40 v output5/X (sky130_fd_sc_hd__clkbuf_4)
                                         cout (net)
                  0.06    0.00    2.40 v cout (out)
                                  2.40   data arrival time

                  0.00    0.00    0.00   clock __VIRTUAL_CLK__ (rise edge)
                          0.00    0.00   clock network delay (ideal)
                          0.25    0.25   clock uncertainty
                          0.00    0.25   clock reconvergence pessimism
                         -2.00   -1.75   output external delay
                                 -1.75   data required time
-----------------------------------------------------------------------------
                                 -1.75   data required time
                                 -2.40   data arrival time
-----------------------------------------------------------------------------
                                  4.15   slack (MET)


Startpoint: b (input port clocked by __VIRTUAL_CLK__)
Endpoint: d (output port clocked by __VIRTUAL_CLK__)
Path Group: __VIRTUAL_CLK__
Path Type: min
Corner: Fastest

Fanout     Cap    Slew   Delay    Time   Description
-----------------------------------------------------------------------------
                  0.00    0.00    0.00   clock __VIRTUAL_CLK__ (rise edge)
                          0.00    0.00   clock network delay (ideal)
                          2.00    2.00 v input external delay
     1    0.00    0.00    0.00    2.00 v b (in)
                                         b (net)
                  0.00    0.00    2.00 v input2/A (sky130_fd_sc_hd__buf_2)
     2    0.03    0.06    0.10    2.10 v input2/X (sky130_fd_sc_hd__buf_2)
                                         net2 (net)
                  0.06    0.00    2.10 v _7_/A (sky130_fd_sc_hd__and2_1)
     1    0.00    0.02    0.09    2.20 v _7_/X (sky130_fd_sc_hd__and2_1)
                                         _0_ (net)
                  0.02    0.00    2.20 v _8_/A (sky130_fd_sc_hd__dlymetal6s2s_1)
     2    0.02    0.07    0.12    2.31 v _8_/X (sky130_fd_sc_hd__dlymetal6s2s_1)
                                         net6 (net)
                  0.07    0.00    2.32 v output6/A (sky130_fd_sc_hd__clkbuf_4)
     1    0.03    0.06    0.13    2.45 v output6/X (sky130_fd_sc_hd__clkbuf_4)
                                         d (net)
                  0.06    0.00    2.45 v d (out)
                                  2.45   data arrival time

                  0.00    0.00    0.00   clock __VIRTUAL_CLK__ (rise edge)
                          0.00    0.00   clock network delay (ideal)
                          0.25    0.25   clock uncertainty
                          0.00    0.25   clock reconvergence pessimism
                         -2.00   -1.75   output external delay
                                 -1.75   data required time
-----------------------------------------------------------------------------
                                 -1.75   data required time
                                 -2.45   data arrival time
-----------------------------------------------------------------------------
                                  4.20   slack (MET)


Startpoint: cin (input port clocked by __VIRTUAL_CLK__)
Endpoint: e (output port clocked by __VIRTUAL_CLK__)
Path Group: __VIRTUAL_CLK__
Path Type: min
Corner: Fastest

Fanout     Cap    Slew   Delay    Time   Description
-----------------------------------------------------------------------------
                  0.00    0.00    0.00   clock __VIRTUAL_CLK__ (rise edge)
                          0.00    0.00   clock network delay (ideal)
                          2.00    2.00 v input external delay
     1    0.00    0.01    0.00    2.00 v cin (in)
                                         cin (net)
                  0.01    0.00    2.00 v input3/A (sky130_fd_sc_hd__clkbuf_2)
     3    0.03    0.09    0.11    2.11 v input3/X (sky130_fd_sc_hd__clkbuf_2)
                                         net3 (net)
                  0.09    0.00    2.12 v _2_/A (sky130_fd_sc_hd__and2_1)
     1    0.00    0.03    0.10    2.22 v _2_/X (sky130_fd_sc_hd__and2_1)
                                         _1_ (net)
                  0.03    0.00    2.22 v _3_/A (sky130_fd_sc_hd__buf_1)
     2    0.02    0.08    0.10    2.32 v _3_/X (sky130_fd_sc_hd__buf_1)
                                         net7 (net)
                  0.08    0.00    2.32 v output7/A (sky130_fd_sc_hd__clkbuf_4)
     1    0.03    0.06    0.14    2.46 v output7/X (sky130_fd_sc_hd__clkbuf_4)
                                         e (net)
                  0.06    0.00    2.46 v e (out)
                                  2.46   data arrival time

                  0.00    0.00    0.00   clock __VIRTUAL_CLK__ (rise edge)
                          0.00    0.00   clock network delay (ideal)
                          0.25    0.25   clock uncertainty
                          0.00    0.25   clock reconvergence pessimism
                         -2.00   -1.75   output external delay
                                 -1.75   data required time
-----------------------------------------------------------------------------
                                 -1.75   data required time
                                 -2.46   data arrival time
-----------------------------------------------------------------------------
                                  4.21   slack (MET)



worst slack corner Fastest: 4.0954
======================= Slowest Corner ===================================

Startpoint: b (input port clocked by __VIRTUAL_CLK__)
Endpoint: c (output port clocked by __VIRTUAL_CLK__)
Path Group: __VIRTUAL_CLK__
Path Type: min
Corner: Slowest

Fanout     Cap    Slew   Delay    Time   Description
-----------------------------------------------------------------------------
                  0.00    0.00    0.00   clock __VIRTUAL_CLK__ (rise edge)
                          0.00    0.00   clock network delay (ideal)
                          2.00    2.00 ^ input external delay
     1    0.00    0.03    0.01    2.01 ^ b (in)
                                         b (net)
                  0.03    0.00    2.01 ^ input2/A (sky130_fd_sc_hd__buf_2)
     2    0.03    0.27    0.30    2.32 ^ input2/X (sky130_fd_sc_hd__buf_2)
                                         net2 (net)
                  0.27    0.01    2.32 ^ _5_/A (sky130_fd_sc_hd__xor2_4)
     4    0.03    0.12    0.27    2.60 v _5_/X (sky130_fd_sc_hd__xor2_4)
                                         net4 (net)
                  0.12    0.00    2.60 v output4/A (sky130_fd_sc_hd__clkbuf_4)
     1    0.03    0.14    0.33    2.93 v output4/X (sky130_fd_sc_hd__clkbuf_4)
                                         c (net)
                  0.14    0.00    2.93 v c (out)
                                  2.93   data arrival time

                  0.00    0.00    0.00   clock __VIRTUAL_CLK__ (rise edge)
                          0.00    0.00   clock network delay (ideal)
                          0.25    0.25   clock uncertainty
                          0.00    0.25   clock reconvergence pessimism
                         -2.00   -1.75   output external delay
                                 -1.75   data required time
-----------------------------------------------------------------------------
                                 -1.75   data required time
                                 -2.93   data arrival time
-----------------------------------------------------------------------------
                                  4.68   slack (MET)


Startpoint: cin (input port clocked by __VIRTUAL_CLK__)
Endpoint: sum (output port clocked by __VIRTUAL_CLK__)
Path Group: __VIRTUAL_CLK__
Path Type: min
Corner: Slowest

Fanout     Cap    Slew   Delay    Time   Description
-----------------------------------------------------------------------------
                  0.00    0.00    0.00   clock __VIRTUAL_CLK__ (rise edge)
                          0.00    0.00   clock network delay (ideal)
                          2.00    2.00 ^ input external delay
     1    0.00    0.04    0.02    2.02 ^ cin (in)
                                         cin (net)
                  0.04    0.00    2.02 ^ input3/A (sky130_fd_sc_hd__clkbuf_2)
     3    0.04    0.30    0.32    2.34 ^ input3/X (sky130_fd_sc_hd__clkbuf_2)
                                         net3 (net)
                  0.30    0.01    2.35 ^ _6_/A (sky130_fd_sc_hd__xor2_2)
     1    0.02    0.11    0.27    2.62 v _6_/X (sky130_fd_sc_hd__xor2_2)
                                         net8 (net)
                  0.11    0.00    2.62 v output8/A (sky130_fd_sc_hd__clkbuf_4)
     1    0.03    0.14    0.33    2.95 v output8/X (sky130_fd_sc_hd__clkbuf_4)
                                         sum (net)
                  0.14    0.00    2.95 v sum (out)
                                  2.95   data arrival time

                  0.00    0.00    0.00   clock __VIRTUAL_CLK__ (rise edge)
                          0.00    0.00   clock network delay (ideal)
                          0.25    0.25   clock uncertainty
                          0.00    0.25   clock reconvergence pessimism
                         -2.00   -1.75   output external delay
                                 -1.75   data required time
-----------------------------------------------------------------------------
                                 -1.75   data required time
                                 -2.95   data arrival time
-----------------------------------------------------------------------------
                                  4.70   slack (MET)


Startpoint: cin (input port clocked by __VIRTUAL_CLK__)
Endpoint: cout (output port clocked by __VIRTUAL_CLK__)
Path Group: __VIRTUAL_CLK__
Path Type: min
Corner: Slowest

Fanout     Cap    Slew   Delay    Time   Description
-----------------------------------------------------------------------------
                  0.00    0.00    0.00   clock __VIRTUAL_CLK__ (rise edge)
                          0.00    0.00   clock network delay (ideal)
                          2.00    2.00 v input external delay
     1    0.00    0.02    0.01    2.01 v cin (in)
                                         cin (net)
                  0.02    0.00    2.01 v input3/A (sky130_fd_sc_hd__clkbuf_2)
     3    0.03    0.24    0.30    2.31 v input3/X (sky130_fd_sc_hd__clkbuf_2)
                                         net3 (net)
                  0.24    0.01    2.31 v _4_/A1 (sky130_fd_sc_hd__a21o_1)
     2    0.02    0.18    0.45    2.76 v _4_/X (sky130_fd_sc_hd__a21o_1)
                                         net5 (net)
                  0.18    0.00    2.76 v output5/A (sky130_fd_sc_hd__clkbuf_4)
     1    0.03    0.14    0.36    3.12 v output5/X (sky130_fd_sc_hd__clkbuf_4)
                                         cout (net)
                  0.14    0.00    3.12 v cout (out)
                                  3.12   data arrival time

                  0.00    0.00    0.00   clock __VIRTUAL_CLK__ (rise edge)
                          0.00    0.00   clock network delay (ideal)
                          0.25    0.25   clock uncertainty
                          0.00    0.25   clock reconvergence pessimism
                         -2.00   -1.75   output external delay
                                 -1.75   data required time
-----------------------------------------------------------------------------
                                 -1.75   data required time
                                 -3.12   data arrival time
-----------------------------------------------------------------------------
                                  4.87   slack (MET)


Startpoint: cin (input port clocked by __VIRTUAL_CLK__)
Endpoint: e (output port clocked by __VIRTUAL_CLK__)
Path Group: __VIRTUAL_CLK__
Path Type: min
Corner: Slowest

Fanout     Cap    Slew   Delay    Time   Description
-----------------------------------------------------------------------------
                  0.00    0.00    0.00   clock __VIRTUAL_CLK__ (rise edge)
                          0.00    0.00   clock network delay (ideal)
                          2.00    2.00 v input external delay
     1    0.00    0.02    0.01    2.01 v cin (in)
                                         cin (net)
                  0.02    0.00    2.01 v input3/A (sky130_fd_sc_hd__clkbuf_2)
     3    0.03    0.24    0.30    2.31 v input3/X (sky130_fd_sc_hd__clkbuf_2)
                                         net3 (net)
                  0.24    0.00    2.31 v _2_/A (sky130_fd_sc_hd__and2_1)
     1    0.00    0.07    0.34    2.65 v _2_/X (sky130_fd_sc_hd__and2_1)
                                         _1_ (net)
                  0.07    0.00    2.66 v _3_/A (sky130_fd_sc_hd__buf_1)
     2    0.02    0.23    0.28    2.94 v _3_/X (sky130_fd_sc_hd__buf_1)
                                         net7 (net)
                  0.23    0.00    2.94 v output7/A (sky130_fd_sc_hd__clkbuf_4)
     1    0.03    0.14    0.38    3.32 v output7/X (sky130_fd_sc_hd__clkbuf_4)
                                         e (net)
                  0.14    0.00    3.32 v e (out)
                                  3.32   data arrival time

                  0.00    0.00    0.00   clock __VIRTUAL_CLK__ (rise edge)
                          0.00    0.00   clock network delay (ideal)
                          0.25    0.25   clock uncertainty
                          0.00    0.25   clock reconvergence pessimism
                         -2.00   -1.75   output external delay
                                 -1.75   data required time
-----------------------------------------------------------------------------
                                 -1.75   data required time
                                 -3.32   data arrival time
-----------------------------------------------------------------------------
                                  5.07   slack (MET)


Startpoint: b (input port clocked by __VIRTUAL_CLK__)
Endpoint: d (output port clocked by __VIRTUAL_CLK__)
Path Group: __VIRTUAL_CLK__
Path Type: min
Corner: Slowest

Fanout     Cap    Slew   Delay    Time   Description
-----------------------------------------------------------------------------
                  0.00    0.00    0.00   clock __VIRTUAL_CLK__ (rise edge)
                          0.00    0.00   clock network delay (ideal)
                          2.00    2.00 v input external delay
     1    0.00    0.02    0.01    2.01 v b (in)
                                         b (net)
                  0.02    0.00    2.01 v input2/A (sky130_fd_sc_hd__buf_2)
     2    0.03    0.16    0.30    2.30 v input2/X (sky130_fd_sc_hd__buf_2)
                                         net2 (net)
                  0.16    0.00    2.31 v _7_/A (sky130_fd_sc_hd__and2_1)
     1    0.00    0.07    0.30    2.61 v _7_/X (sky130_fd_sc_hd__and2_1)
                                         _0_ (net)
                  0.07    0.00    2.61 v _8_/A (sky130_fd_sc_hd__dlymetal6s2s_1)
     2    0.02    0.21    0.38    2.99 v _8_/X (sky130_fd_sc_hd__dlymetal6s2s_1)
                                         net6 (net)
                  0.21    0.00    2.99 v output6/A (sky130_fd_sc_hd__clkbuf_4)
     1    0.03    0.14    0.37    3.36 v output6/X (sky130_fd_sc_hd__clkbuf_4)
                                         d (net)
                  0.14    0.00    3.36 v d (out)
                                  3.36   data arrival time

                  0.00    0.00    0.00   clock __VIRTUAL_CLK__ (rise edge)
                          0.00    0.00   clock network delay (ideal)
                          0.25    0.25   clock uncertainty
                          0.00    0.25   clock reconvergence pessimism
                         -2.00   -1.75   output external delay
                                 -1.75   data required time
-----------------------------------------------------------------------------
                                 -1.75   data required time
                                 -3.36   data arrival time
-----------------------------------------------------------------------------
                                  5.11   slack (MET)



worst slack corner Slowest: 4.6791
======================= Typical Corner ===================================

Startpoint: b (input port clocked by __VIRTUAL_CLK__)
Endpoint: c (output port clocked by __VIRTUAL_CLK__)
Path Group: __VIRTUAL_CLK__
Path Type: min
Corner: Typical

Fanout     Cap    Slew   Delay    Time   Description
-----------------------------------------------------------------------------
                  0.00    0.00    0.00   clock __VIRTUAL_CLK__ (rise edge)
                          0.00    0.00   clock network delay (ideal)
                          2.00    2.00 ^ input external delay
     1    0.00    0.02    0.01    2.01 ^ b (in)
                                         b (net)
                  0.02    0.00    2.01 ^ input2/A (sky130_fd_sc_hd__buf_2)
     2    0.03    0.17    0.17    2.18 ^ input2/X (sky130_fd_sc_hd__buf_2)
                                         net2 (net)
                  0.17    0.01    2.19 ^ _5_/A (sky130_fd_sc_hd__xor2_4)
     4    0.03    0.07    0.13    2.32 v _5_/X (sky130_fd_sc_hd__xor2_4)
                                         net4 (net)
                  0.07    0.00    2.33 v output4/A (sky130_fd_sc_hd__clkbuf_4)
     1    0.03    0.08    0.18    2.51 v output4/X (sky130_fd_sc_hd__clkbuf_4)
                                         c (net)
                  0.08    0.00    2.51 v c (out)
                                  2.51   data arrival time

                  0.00    0.00    0.00   clock __VIRTUAL_CLK__ (rise edge)
                          0.00    0.00   clock network delay (ideal)
                          0.25    0.25   clock uncertainty
                          0.00    0.25   clock reconvergence pessimism
                         -2.00   -1.75   output external delay
                                 -1.75   data required time
-----------------------------------------------------------------------------
                                 -1.75   data required time
                                 -2.51   data arrival time
-----------------------------------------------------------------------------
                                  4.26   slack (MET)


Startpoint: cin (input port clocked by __VIRTUAL_CLK__)
Endpoint: sum (output port clocked by __VIRTUAL_CLK__)
Path Group: __VIRTUAL_CLK__
Path Type: min
Corner: Typical

Fanout     Cap    Slew   Delay    Time   Description
-----------------------------------------------------------------------------
                  0.00    0.00    0.00   clock __VIRTUAL_CLK__ (rise edge)
                          0.00    0.00   clock network delay (ideal)
                          2.00    2.00 ^ input external delay
     1    0.00    0.02    0.01    2.01 ^ cin (in)
                                         cin (net)
                  0.02    0.00    2.01 ^ input3/A (sky130_fd_sc_hd__clkbuf_2)
     3    0.04    0.19    0.19    2.20 ^ input3/X (sky130_fd_sc_hd__clkbuf_2)
                                         net3 (net)
                  0.19    0.01    2.21 ^ _6_/A (sky130_fd_sc_hd__xor2_2)
     1    0.02    0.06    0.13    2.34 v _6_/X (sky130_fd_sc_hd__xor2_2)
                                         net8 (net)
                  0.06    0.00    2.34 v output8/A (sky130_fd_sc_hd__clkbuf_4)
     1    0.03    0.08    0.18    2.52 v output8/X (sky130_fd_sc_hd__clkbuf_4)
                                         sum (net)
                  0.08    0.00    2.52 v sum (out)
                                  2.52   data arrival time

                  0.00    0.00    0.00   clock __VIRTUAL_CLK__ (rise edge)
                          0.00    0.00   clock network delay (ideal)
                          0.25    0.25   clock uncertainty
                          0.00    0.25   clock reconvergence pessimism
                         -2.00   -1.75   output external delay
                                 -1.75   data required time
-----------------------------------------------------------------------------
                                 -1.75   data required time
                                 -2.52   data arrival time
-----------------------------------------------------------------------------
                                  4.27   slack (MET)


Startpoint: cin (input port clocked by __VIRTUAL_CLK__)
Endpoint: cout (output port clocked by __VIRTUAL_CLK__)
Path Group: __VIRTUAL_CLK__
Path Type: min
Corner: Typical

Fanout     Cap    Slew   Delay    Time   Description
-----------------------------------------------------------------------------
                  0.00    0.00    0.00   clock __VIRTUAL_CLK__ (rise edge)
                          0.00    0.00   clock network delay (ideal)
                          2.00    2.00 v input external delay
     1    0.00    0.01    0.01    2.01 v cin (in)
                                         cin (net)
                  0.01    0.00    2.01 v input3/A (sky130_fd_sc_hd__clkbuf_2)
     3    0.03    0.13    0.16    2.17 v input3/X (sky130_fd_sc_hd__clkbuf_2)
                                         net3 (net)
                  0.13    0.01    2.17 v _4_/A1 (sky130_fd_sc_hd__a21o_1)
     2    0.02    0.10    0.24    2.41 v _4_/X (sky130_fd_sc_hd__a21o_1)
                                         net5 (net)
                  0.10    0.00    2.41 v output5/A (sky130_fd_sc_hd__clkbuf_4)
     1    0.03    0.08    0.19    2.60 v output5/X (sky130_fd_sc_hd__clkbuf_4)
                                         cout (net)
                  0.08    0.00    2.61 v cout (out)
                                  2.61   data arrival time

                  0.00    0.00    0.00   clock __VIRTUAL_CLK__ (rise edge)
                          0.00    0.00   clock network delay (ideal)
                          0.25    0.25   clock uncertainty
                          0.00    0.25   clock reconvergence pessimism
                         -2.00   -1.75   output external delay
                                 -1.75   data required time
-----------------------------------------------------------------------------
                                 -1.75   data required time
                                 -2.61   data arrival time
-----------------------------------------------------------------------------
                                  4.36   slack (MET)


Startpoint: b (input port clocked by __VIRTUAL_CLK__)
Endpoint: d (output port clocked by __VIRTUAL_CLK__)
Path Group: __VIRTUAL_CLK__
Path Type: min
Corner: Typical

Fanout     Cap    Slew   Delay    Time   Description
-----------------------------------------------------------------------------
                  0.00    0.00    0.00   clock __VIRTUAL_CLK__ (rise edge)
                          0.00    0.00   clock network delay (ideal)
                          2.00    2.00 v input external delay
     1    0.00    0.01    0.00    2.00 v b (in)
                                         b (net)
                  0.01    0.00    2.00 v input2/A (sky130_fd_sc_hd__buf_2)
     2    0.03    0.09    0.15    2.15 v input2/X (sky130_fd_sc_hd__buf_2)
                                         net2 (net)
                  0.09    0.00    2.16 v _7_/A (sky130_fd_sc_hd__and2_1)
     1    0.00    0.03    0.14    2.30 v _7_/X (sky130_fd_sc_hd__and2_1)
                                         _0_ (net)
                  0.03    0.00    2.30 v _8_/A (sky130_fd_sc_hd__dlymetal6s2s_1)
     2    0.02    0.11    0.18    2.48 v _8_/X (sky130_fd_sc_hd__dlymetal6s2s_1)
                                         net6 (net)
                  0.11    0.00    2.49 v output6/A (sky130_fd_sc_hd__clkbuf_4)
     1    0.03    0.08    0.20    2.69 v output6/X (sky130_fd_sc_hd__clkbuf_4)
                                         d (net)
                  0.08    0.00    2.69 v d (out)
                                  2.69   data arrival time

                  0.00    0.00    0.00   clock __VIRTUAL_CLK__ (rise edge)
                          0.00    0.00   clock network delay (ideal)
                          0.25    0.25   clock uncertainty
                          0.00    0.25   clock reconvergence pessimism
                         -2.00   -1.75   output external delay
                                 -1.75   data required time
-----------------------------------------------------------------------------
                                 -1.75   data required time
                                 -2.69   data arrival time
-----------------------------------------------------------------------------
                                  4.44   slack (MET)


Startpoint: cin (input port clocked by __VIRTUAL_CLK__)
Endpoint: e (output port clocked by __VIRTUAL_CLK__)
Path Group: __VIRTUAL_CLK__
Path Type: min
Corner: Typical

Fanout     Cap    Slew   Delay    Time   Description
-----------------------------------------------------------------------------
                  0.00    0.00    0.00   clock __VIRTUAL_CLK__ (rise edge)
                          0.00    0.00   clock network delay (ideal)
                          2.00    2.00 v input external delay
     1    0.00    0.01    0.01    2.01 v cin (in)
                                         cin (net)
                  0.01    0.00    2.01 v input3/A (sky130_fd_sc_hd__clkbuf_2)
     3    0.03    0.13    0.16    2.17 v input3/X (sky130_fd_sc_hd__clkbuf_2)
                                         net3 (net)
                  0.13    0.00    2.17 v _2_/A (sky130_fd_sc_hd__and2_1)
     1    0.00    0.04    0.17    2.34 v _2_/X (sky130_fd_sc_hd__and2_1)
                                         _1_ (net)
                  0.04    0.00    2.34 v _3_/A (sky130_fd_sc_hd__buf_1)
     2    0.02    0.12    0.15    2.48 v _3_/X (sky130_fd_sc_hd__buf_1)
                                         net7 (net)
                  0.12    0.00    2.49 v output7/A (sky130_fd_sc_hd__clkbuf_4)
     1    0.03    0.08    0.20    2.69 v output7/X (sky130_fd_sc_hd__clkbuf_4)
                                         e (net)
                  0.08    0.00    2.69 v e (out)
                                  2.69   data arrival time

                  0.00    0.00    0.00   clock __VIRTUAL_CLK__ (rise edge)
                          0.00    0.00   clock network delay (ideal)
                          0.25    0.25   clock uncertainty
                          0.00    0.25   clock reconvergence pessimism
                         -2.00   -1.75   output external delay
                                 -1.75   data required time
-----------------------------------------------------------------------------
                                 -1.75   data required time
                                 -2.69   data arrival time
-----------------------------------------------------------------------------
                                  4.44   slack (MET)



worst slack corner Typical: 4.2591
