#! /usr/bin/vvp
:ivl_version "11.0 (stable)";
:ivl_delay_selection "TYPICAL";
:vpi_time_precision - 9;
:vpi_module "/usr/lib/x86_64-linux-gnu/ivl/system.vpi";
:vpi_module "/usr/lib/x86_64-linux-gnu/ivl/vhdl_sys.vpi";
:vpi_module "/usr/lib/x86_64-linux-gnu/ivl/vhdl_textio.vpi";
:vpi_module "/usr/lib/x86_64-linux-gnu/ivl/v2005_math.vpi";
:vpi_module "/usr/lib/x86_64-linux-gnu/ivl/va_math.vpi";
S_0x556f4140c2b0 .scope module, "dff_ram_8x72_tb" "dff_ram_8x72_tb" 2 2;
 .timescale -9 -9;
v0x556f4142e8d0_0 .var "address", 2 0;
v0x556f4142e9b0_0 .var "clk", 0 0;
v0x556f4142ea50_0 .net "rdata", 71 0, v0x556f4142e440_0;  1 drivers
v0x556f4142eb20_0 .var "wdata", 71 0;
v0x556f4142ebc0_0 .var "wr", 0 0;
S_0x556f4140c440 .scope module, "dut" "dff_ram_8x72" 2 11, 3 1 0, S_0x556f4140c2b0;
 .timescale 0 0;
    .port_info 0 /INPUT 1 "clk";
    .port_info 1 /INPUT 1 "wr";
    .port_info 2 /INPUT 3 "address";
    .port_info 3 /INPUT 72 "wdata";
    .port_info 4 /OUTPUT 72 "rdata";
v0x556f4142de10_0 .net *"_ivl_11", 1 0, L_0x556f4142f140;  1 drivers
v0x556f4142df10_0 .net *"_ivl_3", 0 0, L_0x556f4142edf0;  1 drivers
v0x556f4142dff0_0 .net *"_ivl_7", 1 0, L_0x556f4142efd0;  1 drivers
v0x556f4142e0e0_0 .net "address", 2 0, v0x556f4142e8d0_0;  1 drivers
v0x556f4142e1c0_0 .net "clk", 0 0, v0x556f4142e9b0_0;  1 drivers
v0x556f4142e300_0 .net "en_1", 0 0, L_0x556f4142ecb0;  1 drivers
v0x556f4142e3a0_0 .net "en_2", 0 0, L_0x556f4142ee90;  1 drivers
v0x556f4142e440_0 .var "rdata", 71 0;
v0x556f4142e4e0_0 .net "rdata_inst1", 71 0, v0x556f4142d210_0;  1 drivers
v0x556f4142e5d0_0 .net "rdata_inst2", 71 0, v0x556f4142db20_0;  1 drivers
v0x556f4142e6a0_0 .net "wdata", 71 0, v0x556f4142eb20_0;  1 drivers
v0x556f4142e740_0 .net "wr", 0 0, v0x556f4142ebc0_0;  1 drivers
E_0x556f414093f0 .event edge, v0x556f4142e0e0_0, v0x556f4142d210_0, v0x556f4142db20_0;
L_0x556f4142ecb0 .part v0x556f4142e8d0_0, 2, 1;
L_0x556f4142edf0 .part v0x556f4142e8d0_0, 2, 1;
L_0x556f4142ee90 .reduce/nor L_0x556f4142edf0;
L_0x556f4142efd0 .part v0x556f4142e8d0_0, 0, 2;
L_0x556f4142f0a0 .concat [ 2 0 0 0], L_0x556f4142efd0;
L_0x556f4142f140 .part v0x556f4142e8d0_0, 0, 2;
L_0x556f4142f220 .concat [ 2 0 0 0], L_0x556f4142f140;
S_0x556f414083b0 .scope module, "instance_1" "dff_ram_4x72" 3 22, 4 1 0, S_0x556f4140c440;
 .timescale 0 0;
    .port_info 0 /INPUT 1 "clk";
    .port_info 1 /INPUT 2 "address";
    .port_info 2 /INPUT 1 "en";
    .port_info 3 /INPUT 1 "wr";
    .port_info 4 /INPUT 72 "wdata";
    .port_info 5 /OUTPUT 72 "rdata";
v0x556f414085b0_0 .net "address", 1 0, L_0x556f4142f0a0;  1 drivers
v0x556f4142cff0_0 .net "clk", 0 0, v0x556f4142e9b0_0;  alias, 1 drivers
v0x556f4142d0b0 .array "data", 0 3, 71 0;
v0x556f4142d150_0 .net "en", 0 0, L_0x556f4142ecb0;  alias, 1 drivers
v0x556f4142d210_0 .var "rdata", 71 0;
v0x556f4142d340_0 .net "wdata", 71 0, v0x556f4142eb20_0;  alias, 1 drivers
v0x556f4142d420_0 .net "wr", 0 0, v0x556f4142ebc0_0;  alias, 1 drivers
E_0x556f413ef9b0 .event posedge, v0x556f4142cff0_0;
S_0x556f4142d5a0 .scope module, "instance_2" "dff_ram_4x72" 3 32, 4 1 0, S_0x556f4140c440;
 .timescale 0 0;
    .port_info 0 /INPUT 1 "clk";
    .port_info 1 /INPUT 2 "address";
    .port_info 2 /INPUT 1 "en";
    .port_info 3 /INPUT 1 "wr";
    .port_info 4 /INPUT 72 "wdata";
    .port_info 5 /OUTPUT 72 "rdata";
v0x556f4142d840_0 .net "address", 1 0, L_0x556f4142f220;  1 drivers
v0x556f4142d920_0 .net "clk", 0 0, v0x556f4142e9b0_0;  alias, 1 drivers
v0x556f4142d9e0 .array "data", 0 3, 71 0;
v0x556f4142da80_0 .net "en", 0 0, L_0x556f4142ee90;  alias, 1 drivers
v0x556f4142db20_0 .var "rdata", 71 0;
v0x556f4142dc30_0 .net "wdata", 71 0, v0x556f4142eb20_0;  alias, 1 drivers
v0x556f4142dcf0_0 .net "wr", 0 0, v0x556f4142ebc0_0;  alias, 1 drivers
    .scope S_0x556f414083b0;
T_0 ;
    %wait E_0x556f413ef9b0;
    %load/vec4 v0x556f4142d150_0;
    %nor/r;
    %flag_set/vec4 8;
    %jmp/0xz  T_0.0, 8;
    %load/vec4 v0x556f4142d420_0;
    %nor/r;
    %flag_set/vec4 8;
    %jmp/0xz  T_0.2, 8;
    %load/vec4 v0x556f4142d340_0;
    %load/vec4 v0x556f414085b0_0;
    %pad/u 4;
    %ix/vec4 3;
    %ix/load 4, 0, 0; Constant delay
    %assign/vec4/a/d v0x556f4142d0b0, 0, 4;
    %jmp T_0.3;
T_0.2 ;
    %load/vec4 v0x556f414085b0_0;
    %pad/u 4;
    %ix/vec4 4;
    %load/vec4a v0x556f4142d0b0, 4;
    %assign/vec4 v0x556f4142d210_0, 0;
T_0.3 ;
    %jmp T_0.1;
T_0.0 ;
    %load/vec4 v0x556f414085b0_0;
    %pad/u 4;
    %ix/vec4 4;
    %load/vec4a v0x556f4142d0b0, 4;
    %load/vec4 v0x556f414085b0_0;
    %pad/u 4;
    %ix/vec4 3;
    %ix/load 4, 0, 0; Constant delay
    %assign/vec4/a/d v0x556f4142d0b0, 0, 4;
    %load/vec4 v0x556f4142d210_0;
    %assign/vec4 v0x556f4142d210_0, 0;
T_0.1 ;
    %jmp T_0;
    .thread T_0;
    .scope S_0x556f4142d5a0;
T_1 ;
    %wait E_0x556f413ef9b0;
    %load/vec4 v0x556f4142da80_0;
    %nor/r;
    %flag_set/vec4 8;
    %jmp/0xz  T_1.0, 8;
    %load/vec4 v0x556f4142dcf0_0;
    %nor/r;
    %flag_set/vec4 8;
    %jmp/0xz  T_1.2, 8;
    %load/vec4 v0x556f4142dc30_0;
    %load/vec4 v0x556f4142d840_0;
    %pad/u 4;
    %ix/vec4 3;
    %ix/load 4, 0, 0; Constant delay
    %assign/vec4/a/d v0x556f4142d9e0, 0, 4;
    %jmp T_1.3;
T_1.2 ;
    %load/vec4 v0x556f4142d840_0;
    %pad/u 4;
    %ix/vec4 4;
    %load/vec4a v0x556f4142d9e0, 4;
    %assign/vec4 v0x556f4142db20_0, 0;
T_1.3 ;
    %jmp T_1.1;
T_1.0 ;
    %load/vec4 v0x556f4142d840_0;
    %pad/u 4;
    %ix/vec4 4;
    %load/vec4a v0x556f4142d9e0, 4;
    %load/vec4 v0x556f4142d840_0;
    %pad/u 4;
    %ix/vec4 3;
    %ix/load 4, 0, 0; Constant delay
    %assign/vec4/a/d v0x556f4142d9e0, 0, 4;
    %load/vec4 v0x556f4142db20_0;
    %assign/vec4 v0x556f4142db20_0, 0;
T_1.1 ;
    %jmp T_1;
    .thread T_1;
    .scope S_0x556f4140c440;
T_2 ;
    %wait E_0x556f414093f0;
    %load/vec4 v0x556f4142e0e0_0;
    %parti/s 1, 2, 3;
    %pad/u 32;
    %cmpi/e 0, 0, 32;
    %jmp/0xz  T_2.0, 4;
    %load/vec4 v0x556f4142e4e0_0;
    %store/vec4 v0x556f4142e440_0, 0, 72;
    %jmp T_2.1;
T_2.0 ;
    %load/vec4 v0x556f4142e5d0_0;
    %store/vec4 v0x556f4142e440_0, 0, 72;
T_2.1 ;
    %jmp T_2;
    .thread T_2, $push;
    .scope S_0x556f4140c2b0;
T_3 ;
    %pushi/vec4 0, 0, 1;
    %store/vec4 v0x556f4142e9b0_0, 0, 1;
    %pushi/vec4 0, 0, 1;
    %store/vec4 v0x556f4142ebc0_0, 0, 1;
    %delay 10, 0;
    %pushi/vec4 0, 0, 3;
    %store/vec4 v0x556f4142e8d0_0, 0, 3;
    %pushi/vec4 0, 0, 1;
    %store/vec4 v0x556f4142ebc0_0, 0, 1;
    %pushi/vec4 19, 0, 72;
    %store/vec4 v0x556f4142eb20_0, 0, 72;
    %delay 10, 0;
    %pushi/vec4 1, 0, 3;
    %store/vec4 v0x556f4142e8d0_0, 0, 3;
    %pushi/vec4 0, 0, 1;
    %store/vec4 v0x556f4142ebc0_0, 0, 1;
    %pushi/vec4 27, 0, 72;
    %store/vec4 v0x556f4142eb20_0, 0, 72;
    %delay 10, 0;
    %pushi/vec4 2, 0, 3;
    %store/vec4 v0x556f4142e8d0_0, 0, 3;
    %pushi/vec4 0, 0, 1;
    %store/vec4 v0x556f4142ebc0_0, 0, 1;
    %pushi/vec4 13, 0, 72;
    %store/vec4 v0x556f4142eb20_0, 0, 72;
    %delay 10, 0;
    %pushi/vec4 3, 0, 3;
    %store/vec4 v0x556f4142e8d0_0, 0, 3;
    %pushi/vec4 0, 0, 1;
    %store/vec4 v0x556f4142ebc0_0, 0, 1;
    %pushi/vec4 40, 0, 72;
    %store/vec4 v0x556f4142eb20_0, 0, 72;
    %delay 10, 0;
    %pushi/vec4 4, 0, 3;
    %store/vec4 v0x556f4142e8d0_0, 0, 3;
    %pushi/vec4 0, 0, 1;
    %store/vec4 v0x556f4142ebc0_0, 0, 1;
    %pushi/vec4 25, 0, 72;
    %store/vec4 v0x556f4142eb20_0, 0, 72;
    %delay 10, 0;
    %pushi/vec4 5, 0, 3;
    %store/vec4 v0x556f4142e8d0_0, 0, 3;
    %pushi/vec4 0, 0, 1;
    %store/vec4 v0x556f4142ebc0_0, 0, 1;
    %pushi/vec4 22, 0, 72;
    %store/vec4 v0x556f4142eb20_0, 0, 72;
    %delay 10, 0;
    %pushi/vec4 6, 0, 3;
    %store/vec4 v0x556f4142e8d0_0, 0, 3;
    %pushi/vec4 0, 0, 1;
    %store/vec4 v0x556f4142ebc0_0, 0, 1;
    %pushi/vec4 17, 0, 72;
    %store/vec4 v0x556f4142eb20_0, 0, 72;
    %delay 10, 0;
    %pushi/vec4 7, 0, 3;
    %store/vec4 v0x556f4142e8d0_0, 0, 3;
    %pushi/vec4 0, 0, 1;
    %store/vec4 v0x556f4142ebc0_0, 0, 1;
    %pushi/vec4 20, 0, 72;
    %store/vec4 v0x556f4142eb20_0, 0, 72;
    %delay 10, 0;
    %pushi/vec4 0, 0, 3;
    %store/vec4 v0x556f4142e8d0_0, 0, 3;
    %pushi/vec4 1, 0, 1;
    %store/vec4 v0x556f4142ebc0_0, 0, 1;
    %delay 10, 0;
    %pushi/vec4 1, 0, 3;
    %store/vec4 v0x556f4142e8d0_0, 0, 3;
    %pushi/vec4 1, 0, 1;
    %store/vec4 v0x556f4142ebc0_0, 0, 1;
    %delay 10, 0;
    %pushi/vec4 2, 0, 3;
    %store/vec4 v0x556f4142e8d0_0, 0, 3;
    %pushi/vec4 1, 0, 1;
    %store/vec4 v0x556f4142ebc0_0, 0, 1;
    %delay 10, 0;
    %pushi/vec4 3, 0, 3;
    %store/vec4 v0x556f4142e8d0_0, 0, 3;
    %pushi/vec4 1, 0, 1;
    %store/vec4 v0x556f4142ebc0_0, 0, 1;
    %delay 10, 0;
    %pushi/vec4 4, 0, 3;
    %store/vec4 v0x556f4142e8d0_0, 0, 3;
    %pushi/vec4 1, 0, 1;
    %store/vec4 v0x556f4142ebc0_0, 0, 1;
    %delay 10, 0;
    %pushi/vec4 5, 0, 3;
    %store/vec4 v0x556f4142e8d0_0, 0, 3;
    %pushi/vec4 1, 0, 1;
    %store/vec4 v0x556f4142ebc0_0, 0, 1;
    %delay 10, 0;
    %pushi/vec4 6, 0, 3;
    %store/vec4 v0x556f4142e8d0_0, 0, 3;
    %pushi/vec4 1, 0, 1;
    %store/vec4 v0x556f4142ebc0_0, 0, 1;
    %delay 10, 0;
    %pushi/vec4 7, 0, 3;
    %store/vec4 v0x556f4142e8d0_0, 0, 3;
    %pushi/vec4 1, 0, 1;
    %store/vec4 v0x556f4142ebc0_0, 0, 1;
    %delay 20, 0;
    %vpi_call 2 99 "$finish" {0 0 0};
    %end;
    .thread T_3;
    .scope S_0x556f4140c2b0;
T_4 ;
    %vpi_call 2 103 "$dumpfile", "dff_ram_8x72.vcd" {0 0 0};
    %vpi_call 2 104 "$dumpvars", 32'sb00000000000000000000000000000000, S_0x556f4140c2b0 {0 0 0};
    %end;
    .thread T_4;
    .scope S_0x556f4140c2b0;
T_5 ;
    %delay 5, 0;
    %load/vec4 v0x556f4142e9b0_0;
    %inv;
    %store/vec4 v0x556f4142e9b0_0, 0, 1;
    %jmp T_5;
    .thread T_5;
# The file index is used to find the file name in the following table.
:file_names 5;
    "N/A";
    "<interactive>";
    "dff_ram_8x72_tb.v";
    "dff_ram_8x72.v";
    "dff_ram_4x72.v";
