
===========================================================================
report_checks -path_delay max (Setup)
============================================================================
======================= Typical Corner ===================================

Startpoint: a (input port clocked by __VIRTUAL_CLK__)
Endpoint: e (output port clocked by __VIRTUAL_CLK__)
Path Group: __VIRTUAL_CLK__
Path Type: max

Fanout     Cap    Slew   Delay    Time   Description
-----------------------------------------------------------------------------
                  0.00    0.00    0.00   clock __VIRTUAL_CLK__ (rise edge)
                          0.00    0.00   clock network delay (ideal)
                          2.00    2.00 ^ input external delay
     2    0.01    0.05    0.04    2.04 ^ a (in)
                                         a (net)
                  0.05    0.00    2.04 ^ _5_/B (sky130_fd_sc_hd__xor2_2)
     4    0.05    0.57    0.48    2.52 ^ _5_/X (sky130_fd_sc_hd__xor2_2)
                                         c (net)
                  0.57    0.00    2.52 ^ _2_/B (sky130_fd_sc_hd__and2_2)
     1    0.00    0.04    0.24    2.76 ^ _2_/X (sky130_fd_sc_hd__and2_2)
                                         _1_ (net)
                  0.04    0.00    2.76 ^ _3_/A (sky130_fd_sc_hd__buf_1)
     1    0.03    0.40    0.34    3.10 ^ _3_/X (sky130_fd_sc_hd__buf_1)
                                         e (net)
                  0.40    0.00    3.10 ^ e (out)
                                  3.10   data arrival time

                  0.00   10.00   10.00   clock __VIRTUAL_CLK__ (rise edge)
                          0.00   10.00   clock network delay (ideal)
                         -0.25    9.75   clock uncertainty
                          0.00    9.75   clock reconvergence pessimism
                         -2.00    7.75   output external delay
                                  7.75   data required time
-----------------------------------------------------------------------------
                                  7.75   data required time
                                 -3.10   data arrival time
-----------------------------------------------------------------------------
                                  4.65   slack (MET)


Startpoint: a (input port clocked by __VIRTUAL_CLK__)
Endpoint: sum (output port clocked by __VIRTUAL_CLK__)
Path Group: __VIRTUAL_CLK__
Path Type: max

Fanout     Cap    Slew   Delay    Time   Description
-----------------------------------------------------------------------------
                  0.00    0.00    0.00   clock __VIRTUAL_CLK__ (rise edge)
                          0.00    0.00   clock network delay (ideal)
                          2.00    2.00 ^ input external delay
     2    0.01    0.05    0.04    2.04 ^ a (in)
                                         a (net)
                  0.05    0.00    2.04 ^ _5_/B (sky130_fd_sc_hd__xor2_2)
     4    0.05    0.57    0.48    2.52 ^ _5_/X (sky130_fd_sc_hd__xor2_2)
                                         c (net)
                  0.57    0.00    2.52 ^ _6_/B (sky130_fd_sc_hd__xor2_2)
     1    0.03    0.43    0.43    2.94 ^ _6_/X (sky130_fd_sc_hd__xor2_2)
                                         sum (net)
                  0.43    0.00    2.94 ^ sum (out)
                                  2.94   data arrival time

                  0.00   10.00   10.00   clock __VIRTUAL_CLK__ (rise edge)
                          0.00   10.00   clock network delay (ideal)
                         -0.25    9.75   clock uncertainty
                          0.00    9.75   clock reconvergence pessimism
                         -2.00    7.75   output external delay
                                  7.75   data required time
-----------------------------------------------------------------------------
                                  7.75   data required time
                                 -2.94   data arrival time
-----------------------------------------------------------------------------
                                  4.81   slack (MET)


Startpoint: a (input port clocked by __VIRTUAL_CLK__)
Endpoint: cout (output port clocked by __VIRTUAL_CLK__)
Path Group: __VIRTUAL_CLK__
Path Type: max

Fanout     Cap    Slew   Delay    Time   Description
-----------------------------------------------------------------------------
                  0.00    0.00    0.00   clock __VIRTUAL_CLK__ (rise edge)
                          0.00    0.00   clock network delay (ideal)
                          2.00    2.00 ^ input external delay
     2    0.01    0.05    0.04    2.04 ^ a (in)
                                         a (net)
                  0.05    0.00    2.04 ^ _5_/B (sky130_fd_sc_hd__xor2_2)
     4    0.05    0.57    0.48    2.52 ^ _5_/X (sky130_fd_sc_hd__xor2_2)
                                         c (net)
                  0.57    0.00    2.52 ^ _4_/A2 (sky130_fd_sc_hd__a21o_2)
     1    0.03    0.18    0.34    2.86 ^ _4_/X (sky130_fd_sc_hd__a21o_2)
                                         cout (net)
                  0.18    0.00    2.86 ^ cout (out)
                                  2.86   data arrival time

                  0.00   10.00   10.00   clock __VIRTUAL_CLK__ (rise edge)
                          0.00   10.00   clock network delay (ideal)
                         -0.25    9.75   clock uncertainty
                          0.00    9.75   clock reconvergence pessimism
                         -2.00    7.75   output external delay
                                  7.75   data required time
-----------------------------------------------------------------------------
                                  7.75   data required time
                                 -2.86   data arrival time
-----------------------------------------------------------------------------
                                  4.89   slack (MET)


Startpoint: a (input port clocked by __VIRTUAL_CLK__)
Endpoint: d (output port clocked by __VIRTUAL_CLK__)
Path Group: __VIRTUAL_CLK__
Path Type: max

Fanout     Cap    Slew   Delay    Time   Description
-----------------------------------------------------------------------------
                  0.00    0.00    0.00   clock __VIRTUAL_CLK__ (rise edge)
                          0.00    0.00   clock network delay (ideal)
                          2.00    2.00 ^ input external delay
     2    0.01    0.05    0.04    2.04 ^ a (in)
                                         a (net)
                  0.05    0.00    2.04 ^ _7_/B (sky130_fd_sc_hd__and2_2)
     1    0.00    0.03    0.13    2.17 ^ _7_/X (sky130_fd_sc_hd__and2_2)
                                         _0_ (net)
                  0.03    0.00    2.17 ^ _8_/A (sky130_fd_sc_hd__buf_1)
     2    0.04    0.43    0.36    2.53 ^ _8_/X (sky130_fd_sc_hd__buf_1)
                                         d (net)
                  0.43    0.00    2.53 ^ d (out)
                                  2.53   data arrival time

                  0.00   10.00   10.00   clock __VIRTUAL_CLK__ (rise edge)
                          0.00   10.00   clock network delay (ideal)
                         -0.25    9.75   clock uncertainty
                          0.00    9.75   clock reconvergence pessimism
                         -2.00    7.75   output external delay
                                  7.75   data required time
-----------------------------------------------------------------------------
                                  7.75   data required time
                                 -2.53   data arrival time
-----------------------------------------------------------------------------
                                  5.22   slack (MET)


Startpoint: a (input port clocked by __VIRTUAL_CLK__)
Endpoint: c (output port clocked by __VIRTUAL_CLK__)
Path Group: __VIRTUAL_CLK__
Path Type: max

Fanout     Cap    Slew   Delay    Time   Description
-----------------------------------------------------------------------------
                  0.00    0.00    0.00   clock __VIRTUAL_CLK__ (rise edge)
                          0.00    0.00   clock network delay (ideal)
                          2.00    2.00 ^ input external delay
     2    0.01    0.05    0.04    2.04 ^ a (in)
                                         a (net)
                  0.05    0.00    2.04 ^ _5_/B (sky130_fd_sc_hd__xor2_2)
     4    0.05    0.57    0.48    2.52 ^ _5_/X (sky130_fd_sc_hd__xor2_2)
                                         c (net)
                  0.57    0.00    2.52 ^ c (out)
                                  2.52   data arrival time

                  0.00   10.00   10.00   clock __VIRTUAL_CLK__ (rise edge)
                          0.00   10.00   clock network delay (ideal)
                         -0.25    9.75   clock uncertainty
                          0.00    9.75   clock reconvergence pessimism
                         -2.00    7.75   output external delay
                                  7.75   data required time
-----------------------------------------------------------------------------
                                  7.75   data required time
                                 -2.52   data arrival time
-----------------------------------------------------------------------------
                                  5.23   slack (MET)



worst slack corner Typical: 4.6512
