
===========================================================================
report_checks -unconstrained
===========================================================================
======================= Typical Corner ===================================

Startpoint: address[2] (input port clocked by clk)
Endpoint: rdata[67] (output port clocked by clk)
Path Group: clk
Path Type: max

Fanout     Cap    Slew   Delay    Time   Description
-----------------------------------------------------------------------------
                  0.15    0.00    0.00   clock clk (rise edge)
                          0.00    0.00   clock network delay (ideal)
                          2.00    2.00 ^ input external delay
     1    0.00    0.02    0.01    2.01 ^ address[2] (in)
                                         address[2] (net)
                  0.02    0.00    2.01 ^ input3/A (sky130_fd_sc_hd__buf_1)
     2    0.02    0.18    0.18    2.19 ^ input3/X (sky130_fd_sc_hd__buf_1)
                                         net3 (net)
                  0.18    0.00    2.19 ^ _1944_/A (sky130_fd_sc_hd__buf_4)
    10    0.05    0.14    0.24    2.43 ^ _1944_/X (sky130_fd_sc_hd__buf_4)
                                         _0720_ (net)
                  0.14    0.00    2.43 ^ _1945_/A (sky130_fd_sc_hd__buf_4)
    10    0.06    0.17    0.25    2.68 ^ _1945_/X (sky130_fd_sc_hd__buf_4)
                                         _0721_ (net)
                  0.17    0.00    2.68 ^ _2072_/A (sky130_fd_sc_hd__clkbuf_4)
    10    0.04    0.14    0.26    2.94 ^ _2072_/X (sky130_fd_sc_hd__clkbuf_4)
                                         _0788_ (net)
                  0.14    0.00    2.94 ^ _2087_/S (sky130_fd_sc_hd__mux2_1)
     1    0.00    0.06    0.35    3.29 v _2087_/X (sky130_fd_sc_hd__mux2_1)
                                         _0796_ (net)
                  0.06    0.00    3.29 v _2088_/A (sky130_fd_sc_hd__buf_1)
     1    0.01    0.06    0.13    3.42 v _2088_/X (sky130_fd_sc_hd__buf_1)
                                         net140 (net)
                  0.06    0.00    3.42 v output140/A (sky130_fd_sc_hd__buf_2)
     1    0.03    0.09    0.20    3.61 v output140/X (sky130_fd_sc_hd__buf_2)
                                         rdata[67] (net)
                  0.09    0.00    3.61 v rdata[67] (out)
                                  3.61   data arrival time

                  0.15   10.00   10.00   clock clk (rise edge)
                          0.00   10.00   clock network delay (ideal)
                         -0.25    9.75   clock uncertainty
                          0.00    9.75   clock reconvergence pessimism
                         -2.00    7.75   output external delay
                                  7.75   data required time
-----------------------------------------------------------------------------
                                  7.75   data required time
                                 -3.61   data arrival time
-----------------------------------------------------------------------------
                                  4.14   slack (MET)




===========================================================================
report_checks --slack_max -0.01
============================================================================
======================= Typical Corner ===================================

No paths found.


===========================================================================
 report_check_types -max_slew -max_cap -max_fanout -violators
============================================================================
======================= Typical Corner ===================================


max slew violations count Typical: 0
max fanout violations count Typical: 0
max cap violations count Typical: 0

===========================================================================
report_parasitic_annotation -report_unannotated
============================================================================
Found 2963 unannotated drivers.
 address[0]
 address[1]
 address[2]
 clk
 wdata[0]
 wdata[10]
 wdata[11]
 wdata[12]
 wdata[13]
 wdata[14]
 wdata[15]
 wdata[16]
 wdata[17]
 wdata[18]
 wdata[19]
 wdata[1]
 wdata[20]
 wdata[21]
 wdata[22]
 wdata[23]
 wdata[24]
 wdata[25]
 wdata[26]
 wdata[27]
 wdata[28]
 wdata[29]
 wdata[2]
 wdata[30]
 wdata[31]
 wdata[32]
 wdata[33]
 wdata[34]
 wdata[35]
 wdata[36]
 wdata[37]
 wdata[38]
 wdata[39]
 wdata[3]
 wdata[40]
 wdata[41]
 wdata[42]
 wdata[43]
 wdata[44]
 wdata[45]
 wdata[46]
 wdata[47]
 wdata[48]
 wdata[49]
 wdata[4]
 wdata[50]
 wdata[51]
 wdata[52]
 wdata[53]
 wdata[54]
 wdata[55]
 wdata[56]
 wdata[57]
 wdata[58]
 wdata[59]
 wdata[5]
 wdata[60]
 wdata[61]
 wdata[62]
 wdata[63]
 wdata[64]
 wdata[65]
 wdata[66]
 wdata[67]
 wdata[68]
 wdata[69]
 wdata[6]
 wdata[70]
 wdata[71]
 wdata[7]
 wdata[8]
 wdata[9]
 wr
 _1944_/X
 _1945_/X
 _1946_/X
 _1947_/X
 _1948_/X
 _1949_/X
 _1950_/X
 _1951_/X
 _1952_/X
 _1953_/X
 _1954_/X
 _1955_/X
 _1956_/X
 _1957_/X
 _1958_/X
 _1959_/X
 _1960_/X
 _1961_/X
 _1962_/X
 _1963_/X
 _1964_/X
 _1965_/X
 _1966_/X
 _1967_/X
 _1968_/X
 _1969_/X
 _1970_/X
 _1971_/X
 _1972_/X
 _1973_/X
 _1974_/X
 _1975_/X
 _1976_/X
 _1977_/X
 _1978_/X
 _1979_/X
 _1980_/X
 _1981_/X
 _1982_/X
 _1983_/X
 _1984_/X
 _1985_/X
 _1986_/X
 _1987_/X
 _1988_/X
 _1989_/X
 _1990_/X
 _1991_/X
 _1992_/X
 _1993_/X
 _1994_/X
 _1995_/X
 _1996_/X
 _1997_/X
 _1998_/X
 _1999_/X
 _2000_/X
 _2001_/X
 _2002_/X
 _2003_/X
 _2004_/X
 _2005_/X
 _2006_/X
 _2007_/X
 _2008_/X
 _2009_/X
 _2010_/X
 _2011_/X
 _2012_/X
 _2013_/X
 _2014_/X
 _2015_/X
 _2016_/X
 _2017_/X
 _2018_/X
 _2019_/X
 _2020_/X
 _2021_/X
 _2022_/X
 _2023_/X
 _2024_/X
 _2025_/X
 _2026_/X
 _2027_/X
 _2028_/X
 _2029_/X
 _2030_/X
 _2031_/X
 _2032_/X
 _2033_/X
 _2034_/X
 _2035_/X
 _2036_/X
 _2037_/X
 _2038_/X
 _2039_/X
 _2040_/X
 _2041_/X
 _2042_/X
 _2043_/X
 _2044_/X
 _2045_/X
 _2046_/X
 _2047_/X
 _2048_/X
 _2049_/X
 _2050_/X
 _2051_/X
 _2052_/X
 _2053_/X
 _2054_/X
 _2055_/X
 _2056_/X
 _2057_/X
 _2058_/X
 _2059_/X
 _2060_/X
 _2061_/X
 _2062_/X
 _2063_/X
 _2064_/X
 _2065_/X
 _2066_/X
 _2067_/X
 _2068_/X
 _2069_/X
 _2070_/X
 _2071_/X
 _2072_/X
 _2073_/X
 _2074_/X
 _2075_/X
 _2076_/X
 _2077_/X
 _2078_/X
 _2079_/X
 _2080_/X
 _2081_/X
 _2082_/X
 _2083_/X
 _2084_/X
 _2085_/X
 _2086_/X
 _2087_/X
 _2088_/X
 _2089_/X
 _2090_/X
 _2091_/X
 _2092_/X
 _2093_/X
 _2094_/X
 _2095_/X
 _2096_/X
 _2097_/X
 _2098_/X
 _2099_/X
 _2100_/X
 _2101_/X
 _2102_/X
 _2103_/X
 _2104_/X
 _2105_/X
 _2106_/Y
 _2107_/X
 _2108_/X
 _2109_/X
 _2110_/X
 _2111_/X
 _2112_/X
 _2113_/X
 _2114_/X
 _2115_/X
 _2116_/X
 _2117_/X
 _2118_/X
 _2119_/X
 _2120_/X
 _2121_/X
 _2122_/X
 _2123_/X
 _2124_/X
 _2125_/X
 _2126_/X
 _2127_/X
 _2128_/X
 _2129_/X
 _2130_/X
 _2131_/X
 _2132_/X
 _2133_/X
 _2134_/X
 _2135_/X
 _2136_/X
 _2137_/X
 _2138_/X
 _2139_/X
 _2140_/X
 _2141_/X
 _2142_/X
 _2143_/X
 _2144_/X
 _2145_/X
 _2146_/X
 _2147_/X
 _2148_/X
 _2149_/X
 _2150_/X
 _2151_/X
 _2152_/X
 _2153_/X
 _2154_/X
 _2155_/X
 _2156_/X
 _2157_/X
 _2158_/X
 _2159_/X
 _2160_/X
 _2161_/X
 _2162_/X
 _2163_/X
 _2164_/X
 _2165_/X
 _2166_/X
 _2167_/X
 _2168_/X
 _2169_/X
 _2170_/X
 _2171_/X
 _2172_/X
 _2173_/X
 _2174_/X
 _2175_/X
 _2176_/X
 _2177_/X
 _2178_/X
 _2179_/X
 _2180_/X
 _2181_/X
 _2182_/X
 _2183_/X
 _2184_/X
 _2185_/X
 _2186_/X
 _2187_/X
 _2188_/X
 _2189_/X
 _2190_/X
 _2191_/X
 _2192_/X
 _2193_/X
 _2194_/X
 _2195_/X
 _2196_/X
 _2197_/X
 _2198_/X
 _2199_/X
 _2200_/X
 _2201_/X
 _2202_/X
 _2203_/X
 _2204_/X
 _2205_/X
 _2206_/X
 _2207_/X
 _2208_/X
 _2209_/X
 _2210_/X
 _2211_/X
 _2212_/X
 _2213_/X
 _2214_/X
 _2215_/X
 _2216_/X
 _2217_/X
 _2218_/X
 _2219_/X
 _2220_/X
 _2221_/X
 _2222_/X
 _2223_/X
 _2224_/X
 _2225_/X
 _2226_/X
 _2227_/X
 _2228_/X
 _2229_/X
 _2230_/X
 _2231_/X
 _2232_/X
 _2233_/X
 _2234_/X
 _2235_/X
 _2236_/X
 _2237_/X
 _2238_/X
 _2239_/X
 _2240_/X
 _2241_/X
 _2242_/X
 _2243_/X
 _2244_/X
 _2245_/X
 _2246_/X
 _2247_/X
 _2248_/X
 _2249_/X
 _2250_/X
 _2251_/X
 _2252_/X
 _2253_/X
 _2254_/X
 _2255_/X
 _2256_/X
 _2257_/X
 _2258_/X
 _2259_/X
 _2260_/X
 _2261_/X
 _2262_/X
 _2263_/X
 _2264_/X
 _2265_/X
 _2266_/X
 _2267_/X
 _2268_/X
 _2269_/X
 _2270_/X
 _2271_/X
 _2272_/X
 _2273_/X
 _2274_/X
 _2275_/X
 _2276_/X
 _2277_/X
 _2278_/X
 _2279_/X
 _2280_/X
 _2281_/X
 _2282_/X
 _2283_/X
 _2284_/X
 _2285_/X
 _2286_/X
 _2287_/X
 _2288_/X
 _2289_/X
 _2290_/X
 _2291_/X
 _2292_/X
 _2293_/X
 _2294_/X
 _2295_/X
 _2296_/X
 _2297_/X
 _2298_/X
 _2299_/X
 _2300_/X
 _2301_/X
 _2302_/X
 _2303_/X
 _2304_/X
 _2305_/X
 _2306_/X
 _2307_/X
 _2308_/X
 _2309_/X
 _2310_/X
 _2311_/X
 _2312_/X
 _2313_/X
 _2314_/X
 _2315_/X
 _2316_/X
 _2317_/X
 _2318_/X
 _2319_/X
 _2320_/X
 _2321_/X
 _2322_/X
 _2323_/X
 _2324_/X
 _2325_/X
 _2326_/X
 _2327_/X
 _2328_/X
 _2329_/X
 _2330_/X
 _2331_/X
 _2332_/X
 _2333_/X
 _2334_/X
 _2335_/X
 _2336_/X
 _2337_/X
 _2338_/X
 _2339_/X
 _2340_/X
 _2341_/X
 _2342_/X
 _2343_/X
 _2344_/X
 _2345_/X
 _2346_/X
 _2347_/X
 _2348_/X
 _2349_/X
 _2350_/X
 _2351_/X
 _2352_/X
 _2353_/X
 _2354_/X
 _2355_/X
 _2356_/X
 _2357_/X
 _2358_/X
 _2359_/X
 _2360_/X
 _2361_/X
 _2362_/X
 _2363_/X
 _2364_/X
 _2365_/X
 _2366_/X
 _2367_/X
 _2368_/X
 _2369_/X
 _2370_/X
 _2371_/X
 _2372_/X
 _2373_/X
 _2374_/X
 _2375_/X
 _2376_/X
 _2377_/X
 _2378_/X
 _2379_/X
 _2380_/X
 _2381_/X
 _2382_/X
 _2383_/X
 _2384_/X
 _2385_/X
 _2386_/X
 _2387_/X
 _2388_/X
 _2389_/X
 _2390_/X
 _2391_/X
 _2392_/X
 _2393_/X
 _2394_/X
 _2395_/X
 _2396_/X
 _2397_/X
 _2398_/X
 _2399_/X
 _2400_/X
 _2401_/X
 _2402_/X
 _2403_/X
 _2404_/X
 _2405_/X
 _2406_/X
 _2407_/X
 _2408_/X
 _2409_/X
 _2410_/X
 _2411_/X
 _2412_/X
 _2413_/X
 _2414_/X
 _2415_/X
 _2416_/X
 _2417_/X
 _2418_/X
 _2419_/X
 _2420_/X
 _2421_/X
 _2422_/X
 _2423_/X
 _2424_/X
 _2425_/X
 _2426_/Y
 _2427_/Y
 _2428_/X
 _2429_/X
 _2430_/X
 _2431_/X
 _2432_/X
 _2433_/X
 _2434_/X
 _2435_/X
 _2436_/X
 _2437_/X
 _2438_/X
 _2439_/X
 _2440_/X
 _2441_/X
 _2442_/X
 _2443_/X
 _2444_/X
 _2445_/X
 _2446_/X
 _2447_/X
 _2448_/X
 _2449_/X
 _2450_/X
 _2451_/X
 _2452_/X
 _2453_/X
 _2454_/X
 _2455_/X
 _2456_/X
 _2457_/X
 _2458_/X
 _2459_/X
 _2460_/X
 _2461_/X
 _2462_/X
 _2463_/X
 _2464_/X
 _2465_/X
 _2466_/X
 _2467_/X
 _2468_/X
 _2469_/X
 _2470_/X
 _2471_/X
 _2472_/X
 _2473_/X
 _2474_/X
 _2475_/X
 _2476_/X
 _2477_/X
 _2478_/X
 _2479_/X
 _2480_/X
 _2481_/X
 _2482_/X
 _2483_/X
 _2484_/X
 _2485_/X
 _2486_/X
 _2487_/X
 _2488_/X
 _2489_/X
 _2490_/X
 _2491_/X
 _2492_/X
 _2493_/X
 _2494_/X
 _2495_/X
 _2496_/X
 _2497_/X
 _2498_/X
 _2499_/X
 _2500_/X
 _2501_/X
 _2502_/X
 _2503_/X
 _2504_/X
 _2505_/X
 _2506_/X
 _2507_/X
 _2508_/X
 _2509_/X
 _2510_/X
 _2511_/X
 _2512_/X
 _2513_/X
 _2514_/X
 _2515_/X
 _2516_/X
 _2517_/X
 _2518_/X
 _2519_/X
 _2520_/X
 _2521_/X
 _2522_/X
 _2523_/X
 _2524_/X
 _2525_/X
 _2526_/X
 _2527_/X
 _2528_/X
 _2529_/X
 _2530_/X
 _2531_/X
 _2532_/X
 _2533_/X
 _2534_/X
 _2535_/X
 _2536_/X
 _2537_/X
 _2538_/X
 _2539_/X
 _2540_/X
 _2541_/X
 _2542_/X
 _2543_/X
 _2544_/X
 _2545_/X
 _2546_/X
 _2547_/X
 _2548_/X
 _2549_/X
 _2550_/X
 _2551_/X
 _2552_/X
 _2553_/X
 _2554_/X
 _2555_/X
 _2556_/X
 _2557_/X
 _2558_/X
 _2559_/X
 _2560_/X
 _2561_/X
 _2562_/X
 _2563_/X
 _2564_/X
 _2565_/X
 _2566_/X
 _2567_/X
 _2568_/X
 _2569_/X
 _2570_/X
 _2571_/X
 _2572_/X
 _2573_/X
 _2574_/X
 _2575_/X
 _2576_/X
 _2577_/X
 _2578_/X
 _2579_/X
 _2580_/X
 _2581_/X
 _2582_/X
 _2583_/X
 _2584_/X
 _2585_/X
 _2586_/X
 _2587_/X
 _2588_/X
 _2589_/X
 _2590_/X
 _2591_/X
 _2592_/X
 _2593_/X
 _2594_/X
 _2595_/X
 _2596_/X
 _2597_/X
 _2598_/X
 _2599_/X
 _2600_/X
 _2601_/X
 _2602_/X
 _2603_/X
 _2604_/X
 _2605_/X
 _2606_/X
 _2607_/X
 _2608_/X
 _2609_/X
 _2610_/X
 _2611_/X
 _2612_/X
 _2613_/X
 _2614_/X
 _2615_/X
 _2616_/X
 _2617_/X
 _2618_/X
 _2619_/X
 _2620_/X
 _2621_/X
 _2622_/X
 _2623_/X
 _2624_/X
 _2625_/X
 _2626_/X
 _2627_/X
 _2628_/X
 _2629_/X
 _2630_/X
 _2631_/X
 _2632_/X
 _2633_/X
 _2634_/X
 _2635_/X
 _2636_/X
 _2637_/X
 _2638_/X
 _2639_/X
 _2640_/X
 _2641_/X
 _2642_/X
 _2643_/X
 _2644_/X
 _2645_/X
 _2646_/X
 _2647_/X
 _2648_/X
 _2649_/X
 _2650_/X
 _2651_/X
 _2652_/X
 _2653_/X
 _2654_/X
 _2655_/X
 _2656_/X
 _2657_/X
 _2658_/X
 _2659_/X
 _2660_/X
 _2661_/X
 _2662_/X
 _2663_/X
 _2664_/X
 _2665_/X
 _2666_/X
 _2667_/X
 _2668_/X
 _2669_/X
 _2670_/X
 _2671_/X
 _2672_/X
 _2673_/X
 _2674_/X
 _2675_/X
 _2676_/X
 _2677_/X
 _2678_/X
 _2679_/X
 _2680_/X
 _2681_/X
 _2682_/X
 _2683_/X
 _2684_/X
 _2685_/X
 _2686_/X
 _2687_/X
 _2688_/X
 _2689_/X
 _2690_/X
 _2691_/X
 _2692_/X
 _2693_/X
 _2694_/X
 _2695_/X
 _2696_/X
 _2697_/X
 _2698_/X
 _2699_/X
 _2700_/X
 _2701_/X
 _2702_/X
 _2703_/X
 _2704_/X
 _2705_/X
 _2706_/X
 _2707_/X
 _2708_/X
 _2709_/X
 _2710_/X
 _2711_/X
 _2712_/X
 _2713_/X
 _2714_/X
 _2715_/X
 _2716_/X
 _2717_/X
 _2718_/X
 _2719_/X
 _2720_/X
 _2721_/X
 _2722_/X
 _2723_/X
 _2724_/X
 _2725_/X
 _2726_/X
 _2727_/X
 _2728_/X
 _2729_/X
 _2730_/X
 _2731_/X
 _2732_/X
 _2733_/X
 _2734_/X
 _2735_/X
 _2736_/X
 _2737_/X
 _2738_/X
 _2739_/X
 _2740_/X
 _2741_/X
 _2742_/X
 _2743_/X
 _2744_/X
 _2745_/X
 _2746_/X
 _2747_/X
 _2748_/X
 _2749_/X
 _2750_/X
 _2751_/X
 _2752_/X
 _2753_/X
 _2754_/X
 _2755_/X
 _2756_/X
 _2757_/X
 _2758_/X
 _2759_/X
 _2760_/X
 _2761_/X
 _2762_/X
 _2763_/X
 _2764_/X
 _2765_/X
 _2766_/X
 _2767_/X
 _2768_/X
 _2769_/X
 _2770_/X
 _2771_/X
 _2772_/X
 _2773_/X
 _2774_/X
 _2775_/X
 _2776_/X
 _2777_/X
 _2778_/X
 _2779_/X
 _2780_/X
 _2781_/X
 _2782_/X
 _2783_/X
 _2784_/X
 _2785_/X
 _2786_/X
 _2787_/X
 _2788_/X
 _2789_/X
 _2790_/X
 _2791_/X
 _2792_/X
 _2793_/X
 _2794_/X
 _2795_/X
 _2796_/X
 _2797_/X
 _2798_/X
 _2799_/X
 _2800_/X
 _2801_/X
 _2802_/X
 _2803_/X
 _2804_/X
 _2805_/X
 _2806_/X
 _2807_/X
 _2808_/X
 _2809_/X
 _2810_/X
 _2811_/X
 _2812_/X
 _2813_/X
 _2814_/X
 _2815_/X
 _2816_/X
 _2817_/X
 _2818_/X
 _2819_/X
 _2820_/X
 _2821_/X
 _2822_/X
 _2823_/X
 _2824_/X
 _2825_/X
 _2826_/X
 _2827_/X
 _2828_/X
 _2829_/X
 _2830_/X
 _2831_/X
 _2832_/X
 _2833_/X
 _2834_/X
 _2835_/X
 _2836_/X
 _2837_/X
 _2838_/X
 _2839_/X
 _2840_/X
 _2841_/X
 _2842_/X
 _2843_/X
 _2844_/X
 _2845_/X
 _2846_/X
 _2847_/X
 _2848_/X
 _2849_/X
 _2850_/X
 _2851_/X
 _2852_/X
 _2853_/X
 _2854_/X
 _2855_/X
 _2856_/X
 _2857_/X
 _2858_/X
 _2859_/X
 _2860_/X
 _2861_/X
 _2862_/X
 _2863_/X
 _2864_/X
 _2865_/X
 _2866_/X
 _2867_/X
 _2868_/X
 _2869_/X
 _2870_/X
 _2871_/X
 _2872_/X
 _2873_/X
 _2874_/X
 _2875_/X
 _2876_/X
 _2877_/X
 _2878_/X
 _2879_/X
 _2880_/X
 _2881_/X
 _2882_/X
 _2883_/X
 _2884_/X
 _2885_/X
 _2886_/X
 _2887_/X
 _2888_/X
 _2889_/X
 _2890_/X
 _2891_/X
 _2892_/X
 _2893_/X
 _2894_/X
 _2895_/X
 _2896_/X
 _2897_/X
 _2898_/X
 _2899_/X
 _2900_/X
 _2901_/X
 _2902_/X
 _2903_/X
 _2904_/X
 _2905_/X
 _2906_/X
 _2907_/X
 _2908_/X
 _2909_/X
 _2910_/X
 _2911_/X
 _2912_/X
 _2913_/X
 _2914_/X
 _2915_/X
 _2916_/X
 _2917_/X
 _2918_/X
 _2919_/X
 _2920_/X
 _2921_/X
 _2922_/X
 _2923_/X
 _2924_/X
 _2925_/X
 _2926_/X
 _2927_/X
 _2928_/X
 _2929_/X
 _2930_/X
 _2931_/X
 _2932_/X
 _2933_/X
 _2934_/X
 _2935_/X
 _2936_/X
 _2937_/X
 _2938_/X
 _2939_/X
 _2940_/X
 _2941_/X
 _2942_/X
 _2943_/X
 _2944_/X
 _2945_/X
 _2946_/X
 _2947_/X
 _2948_/X
 _2949_/X
 _2950_/X
 _2951_/X
 _2952_/X
 _2953_/X
 _2954_/X
 _2955_/X
 _2956_/X
 _2957_/X
 _2958_/X
 _2959_/X
 _2960_/X
 _2961_/X
 _2962_/X
 _2963_/X
 _2964_/X
 _2965_/X
 _2966_/X
 _2967_/X
 _2968_/X
 _2969_/X
 _2970_/X
 _2971_/X
 _2972_/X
 _2973_/X
 _2974_/X
 _2975_/X
 _2976_/X
 _2977_/X
 _2978_/X
 _2979_/X
 _2980_/X
 _2981_/X
 _2982_/X
 _2983_/X
 _2984_/X
 _2985_/X
 _2986_/X
 _2987_/X
 _2988_/X
 _2989_/X
 _2990_/X
 _2991_/X
 _2992_/X
 _2993_/X
 _2994_/X
 _2995_/X
 _2996_/X
 _2997_/X
 _2998_/X
 _2999_/X
 _3000_/X
 _3001_/X
 _3002_/X
 _3003_/X
 _3004_/X
 _3005_/X
 _3006_/X
 _3007_/X
 _3008_/X
 _3009_/X
 _3010_/X
 _3011_/X
 _3012_/X
 _3013_/X
 _3014_/X
 _3015_/X
 _3016_/X
 _3017_/X
 _3018_/X
 _3019_/X
 _3020_/X
 _3021_/X
 _3022_/X
 _3023_/X
 _3024_/X
 _3025_/X
 _3026_/X
 _3027_/X
 _3028_/X
 _3029_/X
 _3030_/X
 _3031_/X
 _3032_/X
 _3033_/X
 _3034_/X
 _3035_/X
 _3036_/X
 _3037_/X
 _3038_/X
 _3039_/X
 _3040_/X
 _3041_/X
 _3042_/X
 _3043_/X
 _3044_/X
 _3045_/X
 _3046_/X
 _3047_/X
 _3048_/X
 _3049_/X
 _3050_/X
 _3051_/X
 _3052_/X
 _3053_/X
 _3054_/X
 _3055_/X
 _3056_/X
 _3057_/X
 _3058_/X
 _3059_/X
 _3060_/X
 _3061_/X
 _3062_/X
 _3063_/X
 _3064_/X
 _3065_/X
 _3066_/X
 _3067_/X
 _3068_/X
 _3069_/X
 _3070_/X
 _3071_/X
 _3072_/X
 _3073_/X
 _3074_/X
 _3075_/X
 _3076_/X
 _3077_/X
 _3078_/X
 _3079_/X
 _3080_/X
 _3081_/X
 _3082_/X
 _3083_/X
 _3084_/X
 _3085_/X
 _3086_/X
 _3087_/X
 _3088_/X
 _3089_/X
 _3090_/X
 _3091_/X
 _3092_/X
 _3093_/X
 _3094_/X
 _3095_/X
 _3096_/X
 _3097_/X
 _3098_/X
 _3099_/X
 _3100_/X
 _3101_/X
 _3102_/X
 _3103_/X
 _3104_/X
 _3105_/X
 _3106_/X
 _3107_/X
 _3108_/X
 _3109_/X
 _3110_/X
 _3111_/X
 _3112_/X
 _3113_/X
 _3114_/X
 _3115_/X
 _3116_/X
 _3117_/X
 _3118_/X
 _3119_/X
 _3120_/X
 _3121_/X
 _3122_/X
 _3123_/X
 _3124_/X
 _3125_/X
 _3126_/X
 _3127_/X
 _3128_/X
 _3129_/X
 _3130_/X
 _3131_/X
 _3132_/X
 _3133_/X
 _3134_/X
 _3135_/X
 _3136_/X
 _3137_/X
 _3138_/X
 _3139_/X
 _3140_/X
 _3141_/X
 _3142_/X
 _3143_/X
 _3144_/X
 _3145_/X
 _3146_/X
 _3147_/X
 _3148_/X
 _3149_/X
 _3150_/X
 _3151_/X
 _3152_/X
 _3153_/X
 _3154_/X
 _3155_/X
 _3156_/X
 _3157_/X
 _3158_/X
 _3159_/X
 _3160_/X
 _3161_/X
 _3162_/X
 _3163_/X
 _3164_/X
 _3165_/X
 _3166_/X
 _3167_/X
 _3168_/X
 _3169_/X
 _3170_/X
 _3171_/X
 _3172_/X
 _3173_/X
 _3174_/X
 _3175_/X
 _3176_/X
 _3177_/X
 _3178_/X
 _3179_/X
 _3180_/X
 _3181_/X
 _3182_/X
 _3183_/X
 _3184_/X
 _3185_/X
 _3186_/X
 _3187_/X
 _3188_/X
 _3189_/X
 _3190_/X
 _3191_/X
 _3192_/X
 _3193_/X
 _3194_/X
 _3195_/X
 _3196_/X
 _3197_/X
 _3198_/X
 _3199_/X
 _3200_/X
 _3201_/X
 _3202_/X
 _3203_/X
 _3204_/X
 _3205_/X
 _3206_/X
 _3207_/X
 _3208_/X
 _3209_/X
 _3210_/X
 _3211_/X
 _3212_/X
 _3213_/X
 _3214_/X
 _3215_/X
 _3216_/X
 _3217_/X
 _3218_/X
 _3219_/X
 _3220_/X
 _3221_/X
 _3222_/X
 _3223_/X
 _3224_/X
 _3225_/X
 _3226_/X
 _3227_/X
 _3228_/X
 _3229_/X
 _3230_/X
 _3231_/X
 _3232_/X
 _3233_/X
 _3234_/X
 _3235_/X
 _3236_/X
 _3237_/X
 _3238_/X
 _3239_/X
 _3240_/X
 _3241_/X
 _3242_/X
 _3243_/X
 _3244_/X
 _3245_/X
 _3246_/X
 _3247_/X
 _3248_/X
 _3249_/X
 _3250_/X
 _3251_/X
 _3252_/X
 _3253_/X
 _3254_/X
 _3255_/X
 _3256_/X
 _3257_/X
 _3258_/X
 _3259_/X
 _3260_/X
 _3261_/X
 _3262_/X
 _3263_/X
 _3264_/X
 _3265_/X
 _3266_/X
 _3267_/X
 _3268_/X
 _3269_/X
 _3270_/X
 _3271_/X
 _3272_/X
 _3273_/X
 _3274_/X
 _3275_/X
 _3276_/X
 _3277_/X
 _3278_/X
 _3279_/X
 _3280_/X
 _3281_/X
 _3282_/X
 _3283_/X
 _3284_/X
 _3285_/X
 _3286_/X
 _3287_/X
 _3288_/X
 _3289_/X
 _3290_/X
 _3291_/X
 _3292_/X
 _3293_/X
 _3294_/X
 _3295_/X
 _3296_/X
 _3297_/X
 _3298_/X
 _3299_/X
 _3300_/X
 _3301_/X
 _3302_/X
 _3303_/X
 _3304_/X
 _3305_/X
 _3306_/X
 _3307_/X
 _3308_/X
 _3309_/X
 _3310_/X
 _3311_/X
 _3312_/X
 _3313_/X
 _3314_/X
 _3315_/X
 _3316_/X
 _3317_/X
 _3318_/X
 _3319_/X
 _3320_/X
 _3321_/X
 _3322_/X
 _3323_/X
 _3324_/X
 _3325_/X
 _3326_/X
 _3327_/X
 _3328_/X
 _3329_/X
 _3330_/X
 _3331_/X
 _3332_/X
 _3333_/X
 _3334_/X
 _3335_/X
 _3336_/X
 _3337_/X
 _3338_/X
 _3339_/X
 _3340_/X
 _3341_/X
 _3342_/X
 _3343_/X
 _3344_/X
 _3345_/X
 _3346_/X
 _3347_/X
 _3348_/X
 _3349_/X
 _3350_/X
 _3351_/X
 _3352_/Y
 _3353_/X
 _3354_/X
 _3355_/X
 _3356_/X
 _3357_/X
 _3358_/X
 _3359_/X
 _3360_/X
 _3361_/X
 _3362_/X
 _3363_/X
 _3364_/X
 _3365_/X
 _3366_/X
 _3367_/X
 _3368_/X
 _3369_/X
 _3370_/X
 _3371_/X
 _3372_/X
 _3373_/X
 _3374_/X
 _3375_/X
 _3376_/X
 _3377_/X
 _3378_/X
 _3379_/X
 _3380_/X
 _3381_/X
 _3382_/X
 _3383_/X
 _3384_/X
 _3385_/X
 _3386_/X
 _3387_/X
 _3388_/X
 _3389_/X
 _3390_/X
 _3391_/X
 _3392_/X
 _3393_/X
 _3394_/X
 _3395_/X
 _3396_/X
 _3397_/X
 _3398_/X
 _3399_/X
 _3400_/X
 _3401_/X
 _3402_/X
 _3403_/X
 _3404_/X
 _3405_/X
 _3406_/X
 _3407_/X
 _3408_/X
 _3409_/X
 _3410_/X
 _3411_/X
 _3412_/X
 _3413_/X
 _3414_/X
 _3415_/X
 _3416_/X
 _3417_/X
 _3418_/X
 _3419_/X
 _3420_/X
 _3421_/X
 _3422_/X
 _3423_/X
 _3424_/X
 _3425_/X
 _3426_/X
 _3427_/X
 _3428_/X
 _3429_/X
 _3430_/X
 _3431_/X
 _3432_/X
 _3433_/X
 _3434_/X
 _3435_/X
 _3436_/X
 _3437_/X
 _3438_/X
 _3439_/X
 _3440_/X
 _3441_/X
 _3442_/X
 _3443_/X
 _3444_/X
 _3445_/X
 _3446_/X
 _3447_/X
 _3448_/X
 _3449_/X
 _3450_/X
 _3451_/X
 _3452_/X
 _3453_/X
 _3454_/X
 _3455_/X
 _3456_/X
 _3457_/X
 _3458_/X
 _3459_/X
 _3460_/X
 _3461_/X
 _3462_/X
 _3463_/X
 _3464_/X
 _3465_/X
 _3466_/X
 _3467_/X
 _3468_/X
 _3469_/X
 _3470_/X
 _3471_/X
 _3472_/X
 _3473_/X
 _3474_/X
 _3475_/X
 _3476_/X
 _3477_/X
 _3478_/X
 _3479_/X
 _3480_/X
 _3481_/X
 _3482_/X
 _3483_/X
 _3484_/X
 _3485_/X
 _3486_/X
 _3487_/X
 _3488_/X
 _3489_/X
 _3490_/X
 _3491_/X
 _3492_/X
 _3493_/X
 _3494_/X
 _3495_/X
 _3496_/X
 _3497_/X
 _3498_/X
 _3499_/X
 _3500_/X
 _3501_/X
 _3502_/X
 _3503_/X
 _3504_/X
 _3505_/X
 _3506_/X
 _3507_/X
 _3508_/X
 _3509_/X
 _3510_/X
 _3511_/X
 _3512_/X
 _3513_/X
 _3514_/X
 _3515_/X
 _3516_/X
 _3517_/X
 _3518_/X
 _3519_/X
 _3520_/X
 _3521_/X
 _3522_/X
 _3523_/X
 _3524_/X
 _3525_/X
 _3526_/X
 _3527_/X
 _3528_/X
 _3529_/X
 _3530_/X
 _3531_/X
 _3532_/X
 _3533_/X
 _3534_/X
 _3535_/X
 _3536_/X
 _3537_/X
 _3538_/X
 _3539_/X
 _3540_/X
 _3541_/X
 _3542_/X
 _3543_/X
 _3544_/X
 _3545_/X
 _3546_/X
 _3547_/X
 _3548_/X
 _3549_/X
 _3550_/X
 _3551_/X
 _3552_/X
 _3553_/X
 _3554_/X
 _3555_/X
 _3556_/X
 _3557_/X
 _3558_/X
 _3559_/X
 _3560_/X
 _3561_/X
 _3562_/X
 _3563_/X
 _3564_/X
 _3565_/X
 _3566_/X
 _3567_/X
 _3568_/X
 _3569_/X
 _3570_/X
 _3571_/X
 _3572_/X
 _3573_/X
 _3574_/X
 _3575_/X
 _3576_/X
 _3577_/X
 _3578_/X
 _3579_/X
 _3580_/X
 _3581_/X
 _3582_/X
 _3583_/X
 _3584_/X
 _3585_/X
 _3586_/X
 _3587_/X
 _3588_/X
 _3589_/X
 _3590_/X
 _3591_/X
 _3592_/X
 _3593_/X
 _3594_/X
 _3595_/X
 _3596_/X
 _3597_/X
 _3598_/X
 _3599_/X
 _3600_/X
 _3601_/X
 _3602_/X
 _3603_/X
 _3604_/X
 _3605_/X
 _3606_/X
 _3607_/X
 _3608_/X
 _3609_/X
 _3610_/X
 _3611_/X
 _3612_/X
 _3613_/X
 _3614_/X
 _3615_/X
 _3616_/X
 _3617_/X
 _3618_/X
 _3619_/X
 _3620_/X
 _3621_/X
 _3622_/X
 _3623_/X
 _3624_/X
 _3625_/X
 _3626_/X
 _3627_/X
 _3628_/X
 _3629_/X
 _3630_/X
 _3631_/X
 _3632_/X
 _3633_/X
 _3634_/X
 _3635_/X
 _3636_/X
 _3637_/X
 _3638_/X
 _3639_/X
 _3640_/X
 _3641_/X
 _3642_/X
 _3643_/X
 _3644_/X
 _3645_/X
 _3646_/X
 _3647_/X
 _3648_/X
 _3649_/X
 _3650_/X
 _3651_/X
 _3652_/X
 _3653_/X
 _3654_/X
 _3655_/Y
 _3656_/X
 _3657_/X
 _3658_/X
 _3659_/X
 _3660_/X
 _3661_/X
 _3662_/X
 _3663_/X
 _3664_/X
 _3665_/X
 _3666_/X
 _3667_/X
 _3668_/X
 _3669_/X
 _3670_/X
 _3671_/X
 _3672_/X
 _3673_/X
 _3674_/X
 _3675_/X
 _3676_/X
 _3677_/X
 _3678_/X
 _3679_/X
 _3680_/X
 _3681_/X
 _3682_/X
 _3683_/X
 _3684_/X
 _3685_/X
 _3686_/X
 _3687_/X
 _3688_/X
 _3689_/X
 _3690_/X
 _3691_/X
 _3692_/X
 _3693_/X
 _3694_/X
 _3695_/X
 _3696_/X
 _3697_/X
 _3698_/X
 _3699_/X
 _3700_/X
 _3701_/X
 _3702_/X
 _3703_/X
 _3704_/X
 _3705_/X
 _3706_/X
 _3707_/X
 _3708_/X
 _3709_/X
 _3710_/X
 _3711_/X
 _3712_/X
 _3713_/X
 _3714_/X
 _3715_/X
 _3716_/X
 _3717_/X
 _3718_/X
 _3719_/X
 _3720_/X
 _3721_/X
 _3722_/X
 _3723_/X
 _3724_/X
 _3725_/X
 _3726_/X
 _3727_/X
 _3728_/X
 _3729_/X
 _3730_/X
 _3731_/X
 _3732_/X
 _3733_/X
 _3734_/X
 _3735_/X
 _3736_/X
 _3737_/X
 _3738_/X
 _3739_/X
 _3740_/X
 _3741_/X
 _3742_/X
 _3743_/X
 _3744_/X
 _3745_/X
 _3746_/X
 _3747_/X
 _3748_/X
 _3749_/X
 _3750_/X
 _3751_/X
 _3752_/X
 _3753_/X
 _3754_/X
 _3755_/X
 _3756_/X
 _3757_/X
 _3758_/X
 _3759_/X
 _3760_/X
 _3761_/X
 _3762_/X
 _3763_/X
 _3764_/X
 _3765_/X
 _3766_/X
 _3767_/X
 _3768_/X
 _3769_/X
 _3770_/X
 _3771_/X
 _3772_/X
 _3773_/X
 _3774_/X
 _3775_/X
 _3776_/X
 _3777_/X
 _3778_/X
 _3779_/X
 _3780_/X
 _3781_/X
 _3782_/X
 _3783_/X
 _3784_/X
 _3785_/X
 _3786_/X
 _3787_/X
 _3788_/X
 _3789_/X
 _3790_/X
 _3791_/X
 _3792_/X
 _3793_/X
 _3794_/X
 _3795_/X
 _3796_/X
 _3797_/X
 _3798_/X
 _3799_/X
 _3800_/X
 _3801_/X
 _3802_/X
 _3803_/X
 _3804_/X
 _3805_/X
 _3806_/X
 _3807_/X
 _3808_/X
 _3809_/X
 _3810_/X
 _3811_/X
 _3812_/X
 _3813_/X
 _3814_/X
 _3815_/X
 _3816_/X
 _3817_/X
 _3818_/X
 _3819_/X
 _3820_/X
 _3821_/X
 _3822_/X
 _3823_/X
 _3824_/X
 _3825_/X
 _3826_/X
 _3827_/X
 _3828_/X
 _3829_/X
 _3830_/X
 _3831_/X
 _3832_/X
 _3833_/X
 _3834_/X
 _3835_/X
 _3836_/X
 _3837_/X
 _3838_/X
 _3839_/X
 _3840_/X
 _3841_/X
 _3842_/X
 _3843_/X
 _3844_/X
 _3845_/X
 _3846_/X
 _3847_/X
 _3848_/X
 _3849_/X
 _3850_/X
 _3851_/X
 _3852_/X
 _3853_/X
 _3854_/X
 _3855_/X
 _3856_/X
 _3857_/X
 _3858_/X
 _3859_/X
 _3860_/X
 _3861_/X
 _3862_/X
 _3863_/X
 _3864_/X
 _3865_/X
 _3866_/X
 _3867_/X
 _3868_/X
 _3869_/X
 _3870_/X
 _3871_/X
 _3872_/X
 _3873_/X
 _3874_/X
 _3875_/X
 _3876_/X
 _3877_/X
 _3878_/X
 _3879_/X
 _3880_/X
 _3881_/X
 _3882_/X
 _3883_/X
 _3884_/X
 _3885_/X
 _3886_/X
 _3887_/X
 _3888_/X
 _3889_/X
 _3890_/X
 _3891_/X
 _3892_/X
 _3893_/X
 _3894_/X
 _3895_/X
 _3896_/X
 _3897_/X
 _3898_/X
 _3899_/X
 _3900_/X
 _3901_/X
 _3902_/X
 _3903_/X
 _3904_/X
 _3905_/X
 _3906_/X
 _3907_/X
 _3908_/X
 _3909_/X
 _3910_/X
 _3911_/X
 _3912_/X
 _3913_/X
 _3914_/X
 _3915_/X
 _3916_/X
 _3917_/X
 _3918_/X
 _3919_/X
 _3920_/X
 _3921_/X
 _3922_/X
 _3923_/X
 _3924_/X
 _3925_/X
 _3926_/X
 _3927_/X
 _3928_/X
 _3929_/X
 _3930_/X
 _3931_/X
 _3932_/X
 _3933_/X
 _3934_/X
 _3935_/X
 _3936_/X
 _3937_/X
 _3938_/X
 _3939_/X
 _3940_/X
 _3941_/X
 _3942_/X
 _3943_/X
 _3944_/X
 _3945_/X
 _3946_/X
 _3947_/X
 _3948_/X
 _3949_/X
 _3950_/X
 _3951_/X
 _3952_/X
 _3953_/X
 _3954_/X
 _3955_/X
 _3956_/X
 _3957_/X
 _3958_/X
 _3959_/X
 _3960_/Q
 _3961_/Q
 _3962_/Q
 _3963_/Q
 _3964_/Q
 _3965_/Q
 _3966_/Q
 _3967_/Q
 _3968_/Q
 _3969_/Q
 _3970_/Q
 _3971_/Q
 _3972_/Q
 _3973_/Q
 _3974_/Q
 _3975_/Q
 _3976_/Q
 _3977_/Q
 _3978_/Q
 _3979_/Q
 _3980_/Q
 _3981_/Q
 _3982_/Q
 _3983_/Q
 _3984_/Q
 _3985_/Q
 _3986_/Q
 _3987_/Q
 _3988_/Q
 _3989_/Q
 _3990_/Q
 _3991_/Q
 _3992_/Q
 _3993_/Q
 _3994_/Q
 _3995_/Q
 _3996_/Q
 _3997_/Q
 _3998_/Q
 _3999_/Q
 _4000_/Q
 _4001_/Q
 _4002_/Q
 _4003_/Q
 _4004_/Q
 _4005_/Q
 _4006_/Q
 _4007_/Q
 _4008_/Q
 _4009_/Q
 _4010_/Q
 _4011_/Q
 _4012_/Q
 _4013_/Q
 _4014_/Q
 _4015_/Q
 _4016_/Q
 _4017_/Q
 _4018_/Q
 _4019_/Q
 _4020_/Q
 _4021_/Q
 _4022_/Q
 _4023_/Q
 _4024_/Q
 _4025_/Q
 _4026_/Q
 _4027_/Q
 _4028_/Q
 _4029_/Q
 _4030_/Q
 _4031_/Q
 _4032_/Q
 _4033_/Q
 _4034_/Q
 _4035_/Q
 _4036_/Q
 _4037_/Q
 _4038_/Q
 _4039_/Q
 _4040_/Q
 _4041_/Q
 _4042_/Q
 _4043_/Q
 _4044_/Q
 _4045_/Q
 _4046_/Q
 _4047_/Q
 _4048_/Q
 _4049_/Q
 _4050_/Q
 _4051_/Q
 _4052_/Q
 _4053_/Q
 _4054_/Q
 _4055_/Q
 _4056_/Q
 _4057_/Q
 _4058_/Q
 _4059_/Q
 _4060_/Q
 _4061_/Q
 _4062_/Q
 _4063_/Q
 _4064_/Q
 _4065_/Q
 _4066_/Q
 _4067_/Q
 _4068_/Q
 _4069_/Q
 _4070_/Q
 _4071_/Q
 _4072_/Q
 _4073_/Q
 _4074_/Q
 _4075_/Q
 _4076_/Q
 _4077_/Q
 _4078_/Q
 _4079_/Q
 _4080_/Q
 _4081_/Q
 _4082_/Q
 _4083_/Q
 _4084_/Q
 _4085_/Q
 _4086_/Q
 _4087_/Q
 _4088_/Q
 _4089_/Q
 _4090_/Q
 _4091_/Q
 _4092_/Q
 _4093_/Q
 _4094_/Q
 _4095_/Q
 _4096_/Q
 _4097_/Q
 _4098_/Q
 _4099_/Q
 _4100_/Q
 _4101_/Q
 _4102_/Q
 _4103_/Q
 _4104_/Q
 _4105_/Q
 _4106_/Q
 _4107_/Q
 _4108_/Q
 _4109_/Q
 _4110_/Q
 _4111_/Q
 _4112_/Q
 _4113_/Q
 _4114_/Q
 _4115_/Q
 _4116_/Q
 _4117_/Q
 _4118_/Q
 _4119_/Q
 _4120_/Q
 _4121_/Q
 _4122_/Q
 _4123_/Q
 _4124_/Q
 _4125_/Q
 _4126_/Q
 _4127_/Q
 _4128_/Q
 _4129_/Q
 _4130_/Q
 _4131_/Q
 _4132_/Q
 _4133_/Q
 _4134_/Q
 _4135_/Q
 _4136_/Q
 _4137_/Q
 _4138_/Q
 _4139_/Q
 _4140_/Q
 _4141_/Q
 _4142_/Q
 _4143_/Q
 _4144_/Q
 _4145_/Q
 _4146_/Q
 _4147_/Q
 _4148_/Q
 _4149_/Q
 _4150_/Q
 _4151_/Q
 _4152_/Q
 _4153_/Q
 _4154_/Q
 _4155_/Q
 _4156_/Q
 _4157_/Q
 _4158_/Q
 _4159_/Q
 _4160_/Q
 _4161_/Q
 _4162_/Q
 _4163_/Q
 _4164_/Q
 _4165_/Q
 _4166_/Q
 _4167_/Q
 _4168_/Q
 _4169_/Q
 _4170_/Q
 _4171_/Q
 _4172_/Q
 _4173_/Q
 _4174_/Q
 _4175_/Q
 _4176_/Q
 _4177_/Q
 _4178_/Q
 _4179_/Q
 _4180_/Q
 _4181_/Q
 _4182_/Q
 _4183_/Q
 _4184_/Q
 _4185_/Q
 _4186_/Q
 _4187_/Q
 _4188_/Q
 _4189_/Q
 _4190_/Q
 _4191_/Q
 _4192_/Q
 _4193_/Q
 _4194_/Q
 _4195_/Q
 _4196_/Q
 _4197_/Q
 _4198_/Q
 _4199_/Q
 _4200_/Q
 _4201_/Q
 _4202_/Q
 _4203_/Q
 _4204_/Q
 _4205_/Q
 _4206_/Q
 _4207_/Q
 _4208_/Q
 _4209_/Q
 _4210_/Q
 _4211_/Q
 _4212_/Q
 _4213_/Q
 _4214_/Q
 _4215_/Q
 _4216_/Q
 _4217_/Q
 _4218_/Q
 _4219_/Q
 _4220_/Q
 _4221_/Q
 _4222_/Q
 _4223_/Q
 _4224_/Q
 _4225_/Q
 _4226_/Q
 _4227_/Q
 _4228_/Q
 _4229_/Q
 _4230_/Q
 _4231_/Q
 _4232_/Q
 _4233_/Q
 _4234_/Q
 _4235_/Q
 _4236_/Q
 _4237_/Q
 _4238_/Q
 _4239_/Q
 _4240_/Q
 _4241_/Q
 _4242_/Q
 _4243_/Q
 _4244_/Q
 _4245_/Q
 _4246_/Q
 _4247_/Q
 _4248_/Q
 _4249_/Q
 _4250_/Q
 _4251_/Q
 _4252_/Q
 _4253_/Q
 _4254_/Q
 _4255_/Q
 _4256_/Q
 _4257_/Q
 _4258_/Q
 _4259_/Q
 _4260_/Q
 _4261_/Q
 _4262_/Q
 _4263_/Q
 _4264_/Q
 _4265_/Q
 _4266_/Q
 _4267_/Q
 _4268_/Q
 _4269_/Q
 _4270_/Q
 _4271_/Q
 _4272_/Q
 _4273_/Q
 _4274_/Q
 _4275_/Q
 _4276_/Q
 _4277_/Q
 _4278_/Q
 _4279_/Q
 _4280_/Q
 _4281_/Q
 _4282_/Q
 _4283_/Q
 _4284_/Q
 _4285_/Q
 _4286_/Q
 _4287_/Q
 _4288_/Q
 _4289_/Q
 _4290_/Q
 _4291_/Q
 _4292_/Q
 _4293_/Q
 _4294_/Q
 _4295_/Q
 _4296_/Q
 _4297_/Q
 _4298_/Q
 _4299_/Q
 _4300_/Q
 _4301_/Q
 _4302_/Q
 _4303_/Q
 _4304_/Q
 _4305_/Q
 _4306_/Q
 _4307_/Q
 _4308_/Q
 _4309_/Q
 _4310_/Q
 _4311_/Q
 _4312_/Q
 _4313_/Q
 _4314_/Q
 _4315_/Q
 _4316_/Q
 _4317_/Q
 _4318_/Q
 _4319_/Q
 _4320_/Q
 _4321_/Q
 _4322_/Q
 _4323_/Q
 _4324_/Q
 _4325_/Q
 _4326_/Q
 _4327_/Q
 _4328_/Q
 _4329_/Q
 _4330_/Q
 _4331_/Q
 _4332_/Q
 _4333_/Q
 _4334_/Q
 _4335_/Q
 _4336_/Q
 _4337_/Q
 _4338_/Q
 _4339_/Q
 _4340_/Q
 _4341_/Q
 _4342_/Q
 _4343_/Q
 _4344_/Q
 _4345_/Q
 _4346_/Q
 _4347_/Q
 _4348_/Q
 _4349_/Q
 _4350_/Q
 _4351_/Q
 _4352_/Q
 _4353_/Q
 _4354_/Q
 _4355_/Q
 _4356_/Q
 _4357_/Q
 _4358_/Q
 _4359_/Q
 _4360_/Q
 _4361_/Q
 _4362_/Q
 _4363_/Q
 _4364_/Q
 _4365_/Q
 _4366_/Q
 _4367_/Q
 _4368_/Q
 _4369_/Q
 _4370_/Q
 _4371_/Q
 _4372_/Q
 _4373_/Q
 _4374_/Q
 _4375_/Q
 _4376_/Q
 _4377_/Q
 _4378_/Q
 _4379_/Q
 _4380_/Q
 _4381_/Q
 _4382_/Q
 _4383_/Q
 _4384_/Q
 _4385_/Q
 _4386_/Q
 _4387_/Q
 _4388_/Q
 _4389_/Q
 _4390_/Q
 _4391_/Q
 _4392_/Q
 _4393_/Q
 _4394_/Q
 _4395_/Q
 _4396_/Q
 _4397_/Q
 _4398_/Q
 _4399_/Q
 _4400_/Q
 _4401_/Q
 _4402_/Q
 _4403_/Q
 _4404_/Q
 _4405_/Q
 _4406_/Q
 _4407_/Q
 _4408_/Q
 _4409_/Q
 _4410_/Q
 _4411_/Q
 _4412_/Q
 _4413_/Q
 _4414_/Q
 _4415_/Q
 _4416_/Q
 _4417_/Q
 _4418_/Q
 _4419_/Q
 _4420_/Q
 _4421_/Q
 _4422_/Q
 _4423_/Q
 _4424_/Q
 _4425_/Q
 _4426_/Q
 _4427_/Q
 _4428_/Q
 _4429_/Q
 _4430_/Q
 _4431_/Q
 _4432_/Q
 _4433_/Q
 _4434_/Q
 _4435_/Q
 _4436_/Q
 _4437_/Q
 _4438_/Q
 _4439_/Q
 _4440_/Q
 _4441_/Q
 _4442_/Q
 _4443_/Q
 _4444_/Q
 _4445_/Q
 _4446_/Q
 _4447_/Q
 _4448_/Q
 _4449_/Q
 _4450_/Q
 _4451_/Q
 _4452_/Q
 _4453_/Q
 _4454_/Q
 _4455_/Q
 _4456_/Q
 _4457_/Q
 _4458_/Q
 _4459_/Q
 _4460_/Q
 _4461_/Q
 _4462_/Q
 _4463_/Q
 _4464_/Q
 _4465_/Q
 _4466_/Q
 _4467_/Q
 _4468_/Q
 _4469_/Q
 _4470_/Q
 _4471_/Q
 _4472_/Q
 _4473_/Q
 _4474_/Q
 _4475_/Q
 _4476_/Q
 _4477_/Q
 _4478_/Q
 _4479_/Q
 _4480_/Q
 _4481_/Q
 _4482_/Q
 _4483_/Q
 _4484_/Q
 _4485_/Q
 _4486_/Q
 _4487_/Q
 _4488_/Q
 _4489_/Q
 _4490_/Q
 _4491_/Q
 _4492_/Q
 _4493_/Q
 _4494_/Q
 _4495_/Q
 _4496_/Q
 _4497_/Q
 _4498_/Q
 _4499_/Q
 _4500_/Q
 _4501_/Q
 _4502_/Q
 _4503_/Q
 _4504_/Q
 _4505_/Q
 _4506_/Q
 _4507_/Q
 _4508_/Q
 _4509_/Q
 _4510_/Q
 _4511_/Q
 _4512_/Q
 _4513_/Q
 _4514_/Q
 _4515_/Q
 _4516_/Q
 _4517_/Q
 _4518_/Q
 _4519_/Q
 _4520_/Q
 _4521_/Q
 _4522_/Q
 _4523_/Q
 _4524_/Q
 _4525_/Q
 _4526_/Q
 _4527_/Q
 _4528_/Q
 _4529_/Q
 _4530_/Q
 _4531_/Q
 _4532_/Q
 _4533_/Q
 _4534_/Q
 _4535_/Q
 _4536_/Q
 _4537_/Q
 _4538_/Q
 _4539_/Q
 _4540_/Q
 _4541_/Q
 _4542_/Q
 _4543_/Q
 _4544_/Q
 _4545_/Q
 _4546_/Q
 _4547_/Q
 _4548_/Q
 _4549_/Q
 _4550_/Q
 _4551_/Q
 _4552_/Q
 _4553_/Q
 _4554_/Q
 _4555_/Q
 _4556_/Q
 _4557_/Q
 _4558_/Q
 _4559_/Q
 _4560_/Q
 _4561_/Q
 _4562_/Q
 _4563_/Q
 _4564_/Q
 _4565_/Q
 _4566_/Q
 _4567_/Q
 _4568_/Q
 _4569_/Q
 _4570_/Q
 _4571_/Q
 _4572_/Q
 _4573_/Q
 _4574_/Q
 _4575_/Q
 _4576_/Q
 _4577_/Q
 _4578_/Q
 _4579_/Q
 _4580_/Q
 _4581_/Q
 _4582_/Q
 _4583_/Q
 _4584_/Q
 _4585_/Q
 _4586_/Q
 _4587_/Q
 _4588_/Q
 _4589_/Q
 _4590_/Q
 _4591_/Q
 _4592_/Q
 _4593_/Q
 _4594_/Q
 _4595_/Q
 _4596_/Q
 _4597_/Q
 _4598_/Q
 _4599_/Q
 _4600_/Q
 _4601_/Q
 _4602_/Q
 _4603_/Q
 _4604_/Q
 _4605_/Q
 _4606_/Q
 _4607_/Q
 _4608_/Q
 _4609_/Q
 _4610_/Q
 _4611_/Q
 _4612_/Q
 _4613_/Q
 _4614_/Q
 _4615_/Q
 _4616_/Q
 _4617_/Q
 _4618_/Q
 _4619_/Q
 _4620_/Q
 _4621_/Q
 _4622_/Q
 _4623_/Q
 _4624_/Q
 _4625_/Q
 _4626_/Q
 _4627_/Q
 _4628_/Q
 _4629_/Q
 _4630_/Q
 _4631_/Q
 _4632_/Q
 _4633_/Q
 _4634_/Q
 _4635_/Q
 _4636_/Q
 _4637_/Q
 _4638_/Q
 _4639_/Q
 _4640_/Q
 _4641_/Q
 _4642_/Q
 _4643_/Q
 _4644_/Q
 _4645_/Q
 _4646_/Q
 _4647_/Q
 _4648_/Q
 _4649_/Q
 _4650_/Q
 _4651_/Q
 _4652_/Q
 _4653_/Q
 _4654_/Q
 _4655_/Q
 _4656_/Q
 _4657_/Q
 _4658_/Q
 _4659_/Q
 _4660_/Q
 _4661_/Q
 _4662_/Q
 _4663_/Q
 _4664_/Q
 _4665_/Q
 _4666_/Q
 _4667_/Q
 _4668_/Q
 _4669_/Q
 _4670_/Q
 _4671_/Q
 _4672_/Q
 _4673_/Q
 _4674_/Q
 _4675_/Q
 _4676_/Q
 _4677_/Q
 _4678_/Q
 _4679_/Q
 input1/X
 input10/X
 input11/X
 input12/X
 input13/X
 input14/X
 input15/X
 input16/X
 input17/X
 input18/X
 input19/X
 input2/X
 input20/X
 input21/X
 input22/X
 input23/X
 input24/X
 input25/X
 input26/X
 input27/X
 input28/X
 input29/X
 input3/X
 input30/X
 input31/X
 input32/X
 input33/X
 input34/X
 input35/X
 input36/X
 input37/X
 input38/X
 input39/X
 input4/X
 input40/X
 input41/X
 input42/X
 input43/X
 input44/X
 input45/X
 input46/X
 input47/X
 input48/X
 input49/X
 input5/X
 input50/X
 input51/X
 input52/X
 input53/X
 input54/X
 input55/X
 input56/X
 input57/X
 input58/X
 input59/X
 input6/X
 input60/X
 input61/X
 input62/X
 input63/X
 input64/X
 input65/X
 input66/X
 input67/X
 input68/X
 input69/X
 input7/X
 input70/X
 input71/X
 input72/X
 input73/X
 input74/X
 input75/X
 input76/X
 input8/X
 input9/X
 max_cap149/X
 output100/X
 output101/X
 output102/X
 output103/X
 output104/X
 output105/X
 output106/X
 output107/X
 output108/X
 output109/X
 output110/X
 output111/X
 output112/X
 output113/X
 output114/X
 output115/X
 output116/X
 output117/X
 output118/X
 output119/X
 output120/X
 output121/X
 output122/X
 output123/X
 output124/X
 output125/X
 output126/X
 output127/X
 output128/X
 output129/X
 output130/X
 output131/X
 output132/X
 output133/X
 output134/X
 output135/X
 output136/X
 output137/X
 output138/X
 output139/X
 output140/X
 output141/X
 output142/X
 output143/X
 output144/X
 output145/X
 output146/X
 output147/X
 output148/X
 output77/X
 output78/X
 output79/X
 output80/X
 output81/X
 output82/X
 output83/X
 output84/X
 output85/X
 output86/X
 output87/X
 output88/X
 output89/X
 output90/X
 output91/X
 output92/X
 output93/X
 output94/X
 output95/X
 output96/X
 output97/X
 output98/X
 output99/X
 wire150/X
Found 0 partially unannotated drivers.

===========================================================================
max slew violation count 0
max fanout violation count 0
max cap violation count 0
============================================================================

===========================================================================
check_setup -verbose -unconstrained_endpoints -multiple_clock -no_clock -no_input_delay -loops -generated_clocks
===========================================================================
