Instance name, X location, Y location, Voltage
FILLER_0_90_1029, 482.64, 258.4, 1.8
FILLER_0_91_1033, 482.64, 258.4, 1.8
FILLER_0_88_1029, 482.64, 252.96, 1.8
FILLER_0_86_1029, 482.64, 247.52, 1.8
FILLER_0_84_1029, 482.64, 242.08, 1.8
FILLER_0_82_1029, 482.64, 236.64, 1.8
FILLER_0_80_1029, 482.64, 231.2, 1.8
FILLER_0_78_1029, 482.64, 225.76, 1.8
FILLER_0_76_1029, 482.64, 220.32, 1.8
FILLER_0_74_1029, 482.64, 214.88, 1.8
FILLER_0_72_1029, 482.64, 209.44, 1.8
FILLER_0_70_1029, 482.64, 204, 1.8
FILLER_0_68_1029, 482.64, 198.56, 1.8
FILLER_0_66_1029, 482.64, 193.12, 1.8
FILLER_0_64_1029, 482.64, 187.68, 1.8
FILLER_0_62_1029, 482.64, 182.24, 1.8
FILLER_0_60_1029, 482.64, 176.8, 1.8
FILLER_0_58_1029, 482.64, 171.36, 1.8
FILLER_0_56_1029, 482.64, 165.92, 1.8
FILLER_0_54_1029, 482.64, 160.48, 1.8
FILLER_0_52_1029, 482.64, 155.04, 1.8
FILLER_0_50_1029, 482.64, 149.6, 1.8
FILLER_0_48_1029, 482.64, 144.16, 1.8
FILLER_0_46_1029, 482.64, 138.72, 1.8
FILLER_0_44_1029, 482.64, 133.28, 1.8
FILLER_0_42_1029, 482.64, 127.84, 1.8
FILLER_0_40_1029, 482.64, 122.4, 1.8
FILLER_0_38_1029, 482.64, 116.96, 1.8
FILLER_0_36_1029, 482.64, 111.52, 1.8
FILLER_0_34_1029, 482.64, 106.08, 1.8
FILLER_0_32_1029, 482.64, 100.64, 1.8
FILLER_0_30_1029, 482.64, 95.2, 1.8
FILLER_0_28_1029, 482.64, 89.76, 1.8
FILLER_0_26_1029, 482.64, 84.32, 1.8
FILLER_0_24_1029, 482.64, 78.88, 1.8
FILLER_0_22_1029, 482.64, 73.44, 1.8
FILLER_0_20_1029, 482.64, 68, 1.8
FILLER_0_18_1029, 482.64, 62.56, 1.8
FILLER_0_16_1029, 482.64, 57.12, 1.8
FILLER_0_14_1029, 482.64, 51.68, 1.8
FILLER_0_12_1029, 482.64, 46.24, 1.8
FILLER_0_10_1029, 482.64, 40.8, 1.8
FILLER_0_8_1029, 482.64, 35.36, 1.8
FILLER_0_6_1029, 482.64, 29.92, 1.8
FILLER_0_4_1029, 482.64, 24.48, 1.8
FILLER_0_2_1029, 482.64, 19.04, 1.8
FILLER_0_0_1033, 482.64, 13.6, 1.8
FILLER_0_90_693, 329.04, 258.4, 1.8
FILLER_0_91_697, 329.04, 258.4, 1.8
FILLER_0_88_693, 329.04, 252.96, 1.8
FILLER_0_86_693, 329.04, 247.52, 1.8
FILLER_0_84_693, 329.04, 242.08, 1.8
FILLER_0_82_693, 329.04, 236.64, 1.8
FILLER_0_80_693, 329.04, 231.2, 1.8
FILLER_0_78_693, 329.04, 225.76, 1.8
FILLER_0_76_693, 329.04, 220.32, 1.8
FILLER_0_74_693, 329.04, 214.88, 1.8
FILLER_0_72_693, 329.04, 209.44, 1.8
FILLER_0_70_693, 329.04, 204, 1.8
FILLER_0_68_693, 329.04, 198.56, 1.8
FILLER_0_66_693, 329.04, 193.12, 1.8
FILLER_0_64_693, 329.04, 187.68, 1.8
FILLER_0_62_693, 329.04, 182.24, 1.8
FILLER_0_60_693, 329.04, 176.8, 1.8
FILLER_0_58_693, 329.04, 171.36, 1.8
FILLER_0_56_693, 329.04, 165.92, 1.8
FILLER_0_54_693, 329.04, 160.48, 1.8
FILLER_0_52_693, 329.04, 155.04, 1.8
FILLER_0_50_693, 329.04, 149.6, 1.8
FILLER_0_48_693, 329.04, 144.16, 1.8
FILLER_0_46_693, 329.04, 138.72, 1.8
FILLER_0_44_693, 329.04, 133.28, 1.8
FILLER_0_42_693, 329.04, 127.84, 1.8
FILLER_0_40_693, 329.04, 122.4, 1.8
FILLER_0_38_693, 329.04, 116.96, 1.8
FILLER_0_36_693, 329.04, 111.52, 1.8
FILLER_0_34_693, 329.04, 106.08, 1.8
FILLER_0_32_693, 329.04, 100.64, 1.8
FILLER_0_30_693, 329.04, 95.2, 1.8
FILLER_0_28_693, 329.04, 89.76, 1.8
FILLER_0_26_693, 329.04, 84.32, 1.8
FILLER_0_24_693, 329.04, 78.88, 1.8
FILLER_0_22_693, 329.04, 73.44, 1.8
FILLER_0_20_693, 329.04, 68, 1.8
FILLER_0_18_693, 329.04, 62.56, 1.8
FILLER_0_16_693, 329.04, 57.12, 1.8
FILLER_0_14_693, 329.04, 51.68, 1.8
FILLER_0_12_693, 329.04, 46.24, 1.8
FILLER_0_10_693, 329.04, 40.8, 1.8
FILLER_0_8_693, 329.04, 35.36, 1.8
FILLER_0_6_693, 329.04, 29.92, 1.8
FILLER_0_4_693, 329.04, 24.48, 1.8
FILLER_0_2_693, 329.04, 19.04, 1.8
FILLER_0_0_697, 329.04, 13.6, 1.79999
FILLER_0_90_357, 175.44, 258.4, 1.8
FILLER_0_91_361, 175.44, 258.4, 1.8
FILLER_0_88_357, 175.44, 252.96, 1.8
FILLER_0_86_357, 175.44, 247.52, 1.8
FILLER_0_84_357, 175.44, 242.08, 1.8
FILLER_0_82_357, 175.44, 236.64, 1.8
FILLER_0_80_357, 175.44, 231.2, 1.8
FILLER_0_78_357, 175.44, 225.76, 1.8
FILLER_0_76_357, 175.44, 220.32, 1.8
FILLER_0_74_357, 175.44, 214.88, 1.8
FILLER_0_72_357, 175.44, 209.44, 1.8
FILLER_0_70_357, 175.44, 204, 1.8
FILLER_0_68_357, 175.44, 198.56, 1.8
FILLER_0_66_357, 175.44, 193.12, 1.8
FILLER_0_64_357, 175.44, 187.68, 1.8
FILLER_0_62_357, 175.44, 182.24, 1.8
FILLER_0_60_357, 175.44, 176.8, 1.8
FILLER_0_58_357, 175.44, 171.36, 1.8
FILLER_0_56_357, 175.44, 165.92, 1.8
FILLER_0_54_357, 175.44, 160.48, 1.8
FILLER_0_52_357, 175.44, 155.04, 1.8
FILLER_0_50_357, 175.44, 149.6, 1.8
FILLER_0_48_357, 175.44, 144.16, 1.8
FILLER_0_46_357, 175.44, 138.72, 1.8
FILLER_0_44_357, 175.44, 133.28, 1.8
FILLER_0_42_357, 175.44, 127.84, 1.8
FILLER_0_40_357, 175.44, 122.4, 1.8
FILLER_0_38_357, 175.44, 116.96, 1.8
FILLER_0_36_357, 175.44, 111.52, 1.8
FILLER_0_34_357, 175.44, 106.08, 1.8
FILLER_0_32_357, 175.44, 100.64, 1.8
FILLER_0_30_357, 175.44, 95.2, 1.8
FILLER_0_28_357, 175.44, 89.76, 1.8
FILLER_0_26_357, 175.44, 84.32, 1.8
FILLER_0_24_357, 175.44, 78.88, 1.8
FILLER_0_22_357, 175.44, 73.44, 1.8
FILLER_0_20_357, 175.44, 68, 1.8
FILLER_0_18_357, 175.44, 62.56, 1.8
FILLER_0_16_357, 175.44, 57.12, 1.8
FILLER_0_14_357, 175.44, 51.68, 1.8
FILLER_0_12_357, 175.44, 46.24, 1.8
FILLER_0_10_357, 175.44, 40.8, 1.8
FILLER_0_8_357, 175.44, 35.36, 1.8
FILLER_0_6_357, 175.44, 29.92, 1.8
FILLER_0_4_357, 175.44, 24.48, 1.8
FILLER_0_2_357, 175.44, 19.04, 1.8
FILLER_0_0_361, 175.44, 13.6, 1.79999
PHY_EDGE_ROW_90_Left_182, 5.52, 258.4, 1.8
PHY_EDGE_ROW_91_Left_183, 5.52, 258.4, 1.8
PHY_EDGE_ROW_90_Right_90, 510.6, 258.4, 1.8
PHY_EDGE_ROW_91_Right_91, 510.6, 258.4, 1.8
FILLER_0_91_1089, 510.6, 258.4, 1.8
FILLER_0_91_53, 34.64, 258.4, 1.8
FILLER_0_91_81, 47.44, 258.4, 1.8
FILLER_0_91_109, 60.24, 258.4, 1.8
FILLER_0_90_133, 73.04, 258.4, 1.8
FILLER_0_91_137, 73.04, 258.4, 1.8
FILLER_0_91_165, 85.84, 258.4, 1.8
FILLER_0_90_189, 98.64, 258.4, 1.8
FILLER_0_91_193, 98.64, 258.4, 1.8
FILLER_0_91_221, 111.44, 258.4, 1.8
FILLER_0_90_245, 124.24, 258.4, 1.8
FILLER_0_91_249, 124.24, 258.4, 1.8
FILLER_0_91_277, 137.04, 258.4, 1.8
FILLER_0_90_301, 149.84, 258.4, 1.8
FILLER_0_91_305, 149.84, 258.4, 1.8
FILLER_0_91_333, 162.64, 258.4, 1.8
FILLER_0_91_389, 188.24, 258.4, 1.8
FILLER_0_90_413, 201.04, 258.4, 1.8
FILLER_0_91_417, 201.04, 258.4, 1.8
FILLER_0_91_445, 213.84, 258.4, 1.8
FILLER_0_90_469, 226.64, 258.4, 1.8
FILLER_0_91_473, 226.64, 258.4, 1.8
FILLER_0_91_501, 239.44, 258.4, 1.8
FILLER_0_90_525, 252.24, 258.4, 1.8
FILLER_0_91_529, 252.24, 258.4, 1.8
FILLER_0_91_557, 265.04, 258.4, 1.8
FILLER_0_90_581, 277.84, 258.4, 1.8
FILLER_0_91_585, 277.84, 258.4, 1.8
FILLER_0_91_613, 290.64, 258.4, 1.8
FILLER_0_90_637, 303.44, 258.4, 1.8
FILLER_0_91_641, 303.44, 258.4, 1.8
FILLER_0_91_669, 316.24, 258.4, 1.8
FILLER_0_91_725, 341.84, 258.4, 1.8
FILLER_0_90_749, 354.64, 258.4, 1.8
FILLER_0_91_753, 354.64, 258.4, 1.8
FILLER_0_91_781, 367.44, 258.4, 1.8
FILLER_0_90_805, 380.24, 258.4, 1.8
FILLER_0_91_809, 380.24, 258.4, 1.8
FILLER_0_91_837, 393.04, 258.4, 1.8
FILLER_0_90_861, 405.84, 258.4, 1.8
FILLER_0_91_865, 405.84, 258.4, 1.8
FILLER_0_91_893, 418.64, 258.4, 1.8
FILLER_0_90_917, 431.44, 258.4, 1.8
FILLER_0_91_921, 431.44, 258.4, 1.8
FILLER_0_91_949, 444.24, 258.4, 1.8
FILLER_0_90_973, 457.04, 258.4, 1.8
FILLER_0_91_977, 457.04, 258.4, 1.8
FILLER_0_91_1005, 469.84, 258.4, 1.8
FILLER_0_91_1061, 491.96, 258.4, 1.8
PHY_EDGE_ROW_88_Left_180, 5.52, 252.96, 1.8
PHY_EDGE_ROW_89_Left_181, 5.52, 252.96, 1.8
PHY_EDGE_ROW_88_Right_88, 510.6, 252.96, 1.8
PHY_EDGE_ROW_89_Right_89, 510.6, 252.96, 1.8
FILLER_0_89_1089, 510.6, 252.96, 1.8
FILLER_0_89_51, 34.64, 252.96, 1.8
FILLER_0_90_77, 34.64, 252.96, 1.8
FILLER_0_89_105, 47.44, 252.96, 1.8
FILLER_0_88_133, 73.04, 252.96, 1.8
FILLER_0_89_161, 85.84, 252.96, 1.8
FILLER_0_88_189, 98.64, 252.96, 1.8
FILLER_0_89_217, 111.44, 252.96, 1.8
FILLER_0_88_245, 124.24, 252.96, 1.8
FILLER_0_89_273, 137.04, 252.96, 1.8
FILLER_0_88_301, 149.84, 252.96, 1.8
FILLER_0_89_329, 162.64, 252.96, 1.8
FILLER_0_89_385, 188.24, 252.96, 1.8
FILLER_0_88_413, 201.04, 252.96, 1.8
FILLER_0_89_441, 213.84, 252.96, 1.8
FILLER_0_88_469, 226.64, 252.96, 1.8
FILLER_0_89_497, 239.44, 252.96, 1.8
FILLER_0_88_525, 252.24, 252.96, 1.8
FILLER_0_89_553, 265.04, 252.96, 1.8
FILLER_0_88_581, 277.84, 252.96, 1.8
FILLER_0_89_609, 290.64, 252.96, 1.8
FILLER_0_88_637, 303.44, 252.96, 1.8
FILLER_0_89_665, 316.24, 252.96, 1.8
FILLER_0_89_721, 341.84, 252.96, 1.8
FILLER_0_88_749, 354.64, 252.96, 1.8
FILLER_0_89_777, 367.44, 252.96, 1.8
FILLER_0_88_805, 380.24, 252.96, 1.8
FILLER_0_89_833, 393.04, 252.96, 1.8
FILLER_0_88_861, 405.84, 252.96, 1.8
FILLER_0_89_889, 418.64, 252.96, 1.8
FILLER_0_88_917, 431.44, 252.96, 1.8
FILLER_0_89_945, 444.24, 252.96, 1.8
FILLER_0_88_973, 457.04, 252.96, 1.8
FILLER_0_89_1001, 469.84, 252.96, 1.8
FILLER_0_89_1057, 491.96, 252.96, 1.8
FILLER_0_90_1085, 501.28, 252.96, 1.8
PHY_EDGE_ROW_86_Left_178, 5.52, 247.52, 1.8
PHY_EDGE_ROW_87_Left_179, 5.52, 247.52, 1.8
PHY_EDGE_ROW_86_Right_86, 510.6, 247.52, 1.8
PHY_EDGE_ROW_87_Right_87, 510.6, 247.52, 1.8
FILLER_0_87_1089, 510.6, 247.52, 1.8
FILLER_0_87_51, 34.64, 247.52, 1.8
FILLER_0_88_77, 34.64, 247.52, 1.8
FILLER_0_87_105, 47.44, 247.52, 1.8
FILLER_0_86_133, 73.04, 247.52, 1.8
FILLER_0_87_161, 85.84, 247.52, 1.8
FILLER_0_86_189, 98.64, 247.52, 1.8
FILLER_0_87_217, 111.44, 247.52, 1.8
FILLER_0_86_245, 124.24, 247.52, 1.8
FILLER_0_87_273, 137.04, 247.52, 1.8
FILLER_0_86_301, 149.84, 247.52, 1.8
FILLER_0_87_329, 162.64, 247.52, 1.8
FILLER_0_87_385, 188.24, 247.52, 1.8
FILLER_0_86_413, 201.04, 247.52, 1.8
FILLER_0_87_441, 213.84, 247.52, 1.8
FILLER_0_86_469, 226.64, 247.52, 1.8
FILLER_0_87_497, 239.44, 247.52, 1.8
FILLER_0_86_525, 252.24, 247.52, 1.8
FILLER_0_87_553, 265.04, 247.52, 1.8
FILLER_0_86_581, 277.84, 247.52, 1.8
FILLER_0_87_609, 290.64, 247.52, 1.8
FILLER_0_86_637, 303.44, 247.52, 1.8
FILLER_0_87_665, 316.24, 247.52, 1.8
FILLER_0_87_721, 341.84, 247.52, 1.8
FILLER_0_86_749, 354.64, 247.52, 1.8
FILLER_0_87_777, 367.44, 247.52, 1.8
FILLER_0_86_805, 380.24, 247.52, 1.8
FILLER_0_87_833, 393.04, 247.52, 1.8
FILLER_0_86_861, 405.84, 247.52, 1.8
FILLER_0_87_889, 418.64, 247.52, 1.8
FILLER_0_86_917, 431.44, 247.52, 1.8
FILLER_0_87_945, 444.24, 247.52, 1.8
FILLER_0_86_973, 457.04, 247.52, 1.8
FILLER_0_87_1001, 469.84, 247.52, 1.8
FILLER_0_87_1057, 491.96, 247.52, 1.8
FILLER_0_88_1085, 501.28, 247.52, 1.8
PHY_EDGE_ROW_84_Left_176, 5.52, 242.08, 1.8
PHY_EDGE_ROW_85_Left_177, 5.52, 242.08, 1.8
PHY_EDGE_ROW_84_Right_84, 510.6, 242.08, 1.8
PHY_EDGE_ROW_85_Right_85, 510.6, 242.08, 1.8
FILLER_0_85_1089, 510.6, 242.08, 1.8
FILLER_0_85_51, 34.64, 242.08, 1.8
FILLER_0_86_77, 34.64, 242.08, 1.8
FILLER_0_85_105, 47.44, 242.08, 1.8
FILLER_0_84_133, 73.04, 242.08, 1.8
FILLER_0_85_161, 85.84, 242.08, 1.8
FILLER_0_84_189, 98.64, 242.08, 1.8
FILLER_0_85_217, 111.44, 242.08, 1.8
FILLER_0_84_245, 124.24, 242.08, 1.8
FILLER_0_85_273, 137.04, 242.08, 1.8
FILLER_0_84_301, 149.84, 242.08, 1.8
FILLER_0_85_329, 162.64, 242.08, 1.8
FILLER_0_85_385, 188.24, 242.08, 1.8
FILLER_0_84_413, 201.04, 242.08, 1.8
FILLER_0_85_441, 213.84, 242.08, 1.8
FILLER_0_84_469, 226.64, 242.08, 1.8
FILLER_0_85_497, 239.44, 242.08, 1.8
FILLER_0_84_525, 252.24, 242.08, 1.8
FILLER_0_85_553, 265.04, 242.08, 1.8
FILLER_0_84_581, 277.84, 242.08, 1.8
FILLER_0_85_609, 290.64, 242.08, 1.8
FILLER_0_84_637, 303.44, 242.08, 1.8
FILLER_0_85_665, 316.24, 242.08, 1.8
FILLER_0_85_721, 341.84, 242.08, 1.8
FILLER_0_84_749, 354.64, 242.08, 1.8
FILLER_0_85_777, 367.44, 242.08, 1.8
FILLER_0_84_805, 380.24, 242.08, 1.8
FILLER_0_85_833, 393.04, 242.08, 1.8
FILLER_0_84_861, 405.84, 242.08, 1.8
FILLER_0_85_889, 418.64, 242.08, 1.8
FILLER_0_84_917, 431.44, 242.08, 1.8
FILLER_0_85_945, 444.24, 242.08, 1.8
FILLER_0_84_973, 457.04, 242.08, 1.8
FILLER_0_85_1001, 469.84, 242.08, 1.8
FILLER_0_85_1057, 491.96, 242.08, 1.8
FILLER_0_86_1085, 501.28, 242.08, 1.8
PHY_EDGE_ROW_82_Left_174, 5.52, 236.64, 1.8
PHY_EDGE_ROW_83_Left_175, 5.52, 236.64, 1.8
PHY_EDGE_ROW_82_Right_82, 510.6, 236.64, 1.8
PHY_EDGE_ROW_83_Right_83, 510.6, 236.64, 1.8
FILLER_0_83_1089, 510.6, 236.64, 1.8
FILLER_0_83_51, 34.64, 236.64, 1.8
FILLER_0_84_77, 34.64, 236.64, 1.8
FILLER_0_83_105, 47.44, 236.64, 1.8
FILLER_0_82_133, 73.04, 236.64, 1.8
FILLER_0_83_161, 85.84, 236.64, 1.8
FILLER_0_82_189, 98.64, 236.64, 1.8
FILLER_0_83_217, 111.44, 236.64, 1.8
FILLER_0_82_245, 124.24, 236.64, 1.8
FILLER_0_83_273, 137.04, 236.64, 1.8
FILLER_0_82_301, 149.84, 236.64, 1.8
FILLER_0_83_329, 162.64, 236.64, 1.8
FILLER_0_83_385, 188.24, 236.64, 1.8
FILLER_0_82_413, 201.04, 236.64, 1.8
FILLER_0_83_441, 213.84, 236.64, 1.8
FILLER_0_82_469, 226.64, 236.64, 1.8
FILLER_0_83_497, 239.44, 236.64, 1.8
FILLER_0_82_525, 252.24, 236.64, 1.8
FILLER_0_83_553, 265.04, 236.64, 1.8
FILLER_0_82_581, 277.84, 236.64, 1.8
FILLER_0_83_609, 290.64, 236.64, 1.8
FILLER_0_82_637, 303.44, 236.64, 1.8
FILLER_0_83_665, 316.24, 236.64, 1.8
FILLER_0_83_721, 341.84, 236.64, 1.8
FILLER_0_82_749, 354.64, 236.64, 1.8
FILLER_0_83_777, 367.44, 236.64, 1.8
FILLER_0_82_805, 380.24, 236.64, 1.8
FILLER_0_83_833, 393.04, 236.64, 1.8
FILLER_0_82_861, 405.84, 236.64, 1.8
FILLER_0_83_889, 418.64, 236.64, 1.8
FILLER_0_82_917, 431.44, 236.64, 1.8
FILLER_0_83_945, 444.24, 236.64, 1.8
FILLER_0_82_973, 457.04, 236.64, 1.8
FILLER_0_83_1001, 469.84, 236.64, 1.8
FILLER_0_83_1057, 491.96, 236.64, 1.8
FILLER_0_84_1085, 501.28, 236.64, 1.8
PHY_EDGE_ROW_80_Left_172, 5.52, 231.2, 1.8
PHY_EDGE_ROW_81_Left_173, 5.52, 231.2, 1.8
PHY_EDGE_ROW_80_Right_80, 510.6, 231.2, 1.8
PHY_EDGE_ROW_81_Right_81, 510.6, 231.2, 1.8
FILLER_0_81_1089, 510.6, 231.2, 1.8
FILLER_0_81_51, 34.64, 231.2, 1.8
FILLER_0_82_77, 34.64, 231.2, 1.8
FILLER_0_81_105, 47.44, 231.2, 1.8
FILLER_0_80_133, 73.04, 231.2, 1.8
FILLER_0_81_161, 85.84, 231.2, 1.8
FILLER_0_80_189, 98.64, 231.2, 1.8
FILLER_0_81_217, 111.44, 231.2, 1.8
FILLER_0_80_245, 124.24, 231.2, 1.8
FILLER_0_81_273, 137.04, 231.2, 1.8
FILLER_0_80_301, 149.84, 231.2, 1.8
FILLER_0_81_329, 162.64, 231.2, 1.8
FILLER_0_81_385, 188.24, 231.2, 1.8
FILLER_0_80_413, 201.04, 231.2, 1.8
FILLER_0_81_441, 213.84, 231.2, 1.8
FILLER_0_80_469, 226.64, 231.2, 1.8
FILLER_0_81_497, 239.44, 231.2, 1.8
FILLER_0_80_525, 252.24, 231.2, 1.8
FILLER_0_81_553, 265.04, 231.2, 1.8
FILLER_0_80_581, 277.84, 231.2, 1.8
FILLER_0_81_609, 290.64, 231.2, 1.8
FILLER_0_80_637, 303.44, 231.2, 1.8
FILLER_0_81_665, 316.24, 231.2, 1.8
FILLER_0_81_721, 341.84, 231.2, 1.8
FILLER_0_80_749, 354.64, 231.2, 1.8
FILLER_0_81_777, 367.44, 231.2, 1.8
FILLER_0_80_805, 380.24, 231.2, 1.8
FILLER_0_81_833, 393.04, 231.2, 1.8
FILLER_0_80_861, 405.84, 231.2, 1.8
FILLER_0_81_889, 418.64, 231.2, 1.8
FILLER_0_80_917, 431.44, 231.2, 1.8
FILLER_0_81_945, 444.24, 231.2, 1.8
FILLER_0_80_973, 457.04, 231.2, 1.8
FILLER_0_81_1001, 469.84, 231.2, 1.8
FILLER_0_81_1057, 491.96, 231.2, 1.8
FILLER_0_82_1085, 501.28, 231.2, 1.8
PHY_EDGE_ROW_78_Left_170, 5.52, 225.76, 1.8
PHY_EDGE_ROW_79_Left_171, 5.52, 225.76, 1.8
PHY_EDGE_ROW_78_Right_78, 510.6, 225.76, 1.8
PHY_EDGE_ROW_79_Right_79, 510.6, 225.76, 1.8
FILLER_0_79_1089, 510.6, 225.76, 1.8
FILLER_0_79_51, 34.64, 225.76, 1.8
FILLER_0_80_77, 34.64, 225.76, 1.8
FILLER_0_79_105, 47.44, 225.76, 1.8
FILLER_0_78_133, 73.04, 225.76, 1.8
FILLER_0_79_161, 85.84, 225.76, 1.8
FILLER_0_78_189, 98.64, 225.76, 1.8
FILLER_0_79_217, 111.44, 225.76, 1.8
FILLER_0_78_245, 124.24, 225.76, 1.8
FILLER_0_79_273, 137.04, 225.76, 1.8
FILLER_0_78_301, 149.84, 225.76, 1.8
FILLER_0_79_329, 162.64, 225.76, 1.8
FILLER_0_79_385, 188.24, 225.76, 1.8
FILLER_0_78_413, 201.04, 225.76, 1.8
FILLER_0_79_441, 213.84, 225.76, 1.8
FILLER_0_78_469, 226.64, 225.76, 1.8
FILLER_0_79_497, 239.44, 225.76, 1.8
FILLER_0_78_525, 252.24, 225.76, 1.8
FILLER_0_79_553, 265.04, 225.76, 1.8
FILLER_0_78_581, 277.84, 225.76, 1.8
FILLER_0_79_609, 290.64, 225.76, 1.8
FILLER_0_78_637, 303.44, 225.76, 1.8
FILLER_0_79_665, 316.24, 225.76, 1.8
FILLER_0_79_721, 341.84, 225.76, 1.8
FILLER_0_78_749, 354.64, 225.76, 1.8
FILLER_0_79_777, 367.44, 225.76, 1.8
FILLER_0_78_805, 380.24, 225.76, 1.8
FILLER_0_79_833, 393.04, 225.76, 1.8
FILLER_0_78_861, 405.84, 225.76, 1.8
FILLER_0_79_889, 418.64, 225.76, 1.8
FILLER_0_78_917, 431.44, 225.76, 1.8
FILLER_0_79_945, 444.24, 225.76, 1.8
FILLER_0_78_973, 457.04, 225.76, 1.8
FILLER_0_79_1001, 469.84, 225.76, 1.8
FILLER_0_79_1057, 491.96, 225.76, 1.8
FILLER_0_80_1085, 501.28, 225.76, 1.8
PHY_EDGE_ROW_76_Left_168, 5.52, 220.32, 1.8
PHY_EDGE_ROW_77_Left_169, 5.52, 220.32, 1.8
PHY_EDGE_ROW_76_Right_76, 510.6, 220.32, 1.8
PHY_EDGE_ROW_77_Right_77, 510.6, 220.32, 1.8
FILLER_0_77_1089, 510.6, 220.32, 1.8
FILLER_0_77_51, 34.64, 220.32, 1.8
FILLER_0_78_77, 34.64, 220.32, 1.8
FILLER_0_77_105, 47.44, 220.32, 1.8
FILLER_0_76_133, 73.04, 220.32, 1.8
FILLER_0_77_161, 85.84, 220.32, 1.8
FILLER_0_76_189, 98.64, 220.32, 1.8
FILLER_0_77_217, 111.44, 220.32, 1.8
FILLER_0_76_245, 124.24, 220.32, 1.8
FILLER_0_77_273, 137.04, 220.32, 1.8
FILLER_0_76_301, 149.84, 220.32, 1.8
FILLER_0_77_329, 162.64, 220.32, 1.8
FILLER_0_77_385, 188.24, 220.32, 1.8
FILLER_0_76_413, 201.04, 220.32, 1.8
FILLER_0_77_441, 213.84, 220.32, 1.8
FILLER_0_76_469, 226.64, 220.32, 1.8
FILLER_0_77_497, 239.44, 220.32, 1.8
FILLER_0_76_525, 252.24, 220.32, 1.8
FILLER_0_77_553, 265.04, 220.32, 1.8
FILLER_0_76_581, 277.84, 220.32, 1.8
FILLER_0_77_609, 290.64, 220.32, 1.8
FILLER_0_76_637, 303.44, 220.32, 1.8
FILLER_0_77_665, 316.24, 220.32, 1.8
FILLER_0_77_721, 341.84, 220.32, 1.8
FILLER_0_76_749, 354.64, 220.32, 1.8
FILLER_0_77_777, 367.44, 220.32, 1.8
FILLER_0_76_805, 380.24, 220.32, 1.8
FILLER_0_77_833, 393.04, 220.32, 1.8
FILLER_0_76_861, 405.84, 220.32, 1.8
FILLER_0_77_889, 418.64, 220.32, 1.8
FILLER_0_76_917, 431.44, 220.32, 1.8
FILLER_0_77_945, 444.24, 220.32, 1.8
FILLER_0_76_973, 457.04, 220.32, 1.8
FILLER_0_77_1001, 469.84, 220.32, 1.8
FILLER_0_77_1057, 491.96, 220.32, 1.8
FILLER_0_78_1085, 501.28, 220.32, 1.8
PHY_EDGE_ROW_74_Left_166, 5.52, 214.88, 1.8
PHY_EDGE_ROW_75_Left_167, 5.52, 214.88, 1.8
PHY_EDGE_ROW_74_Right_74, 510.6, 214.88, 1.8
PHY_EDGE_ROW_75_Right_75, 510.6, 214.88, 1.8
FILLER_0_75_1089, 510.6, 214.88, 1.8
FILLER_0_75_51, 34.64, 214.88, 1.8
FILLER_0_76_77, 34.64, 214.88, 1.8
FILLER_0_75_105, 47.44, 214.88, 1.8
FILLER_0_74_133, 73.04, 214.88, 1.8
FILLER_0_75_161, 85.84, 214.88, 1.8
FILLER_0_74_189, 98.64, 214.88, 1.8
FILLER_0_75_217, 111.44, 214.88, 1.8
FILLER_0_74_245, 124.24, 214.88, 1.8
FILLER_0_75_273, 137.04, 214.88, 1.8
FILLER_0_74_301, 149.84, 214.88, 1.8
FILLER_0_75_329, 162.64, 214.88, 1.8
FILLER_0_75_385, 188.24, 214.88, 1.8
FILLER_0_74_413, 201.04, 214.88, 1.8
FILLER_0_75_441, 213.84, 214.88, 1.8
FILLER_0_74_469, 226.64, 214.88, 1.8
FILLER_0_75_497, 239.44, 214.88, 1.8
FILLER_0_74_525, 252.24, 214.88, 1.8
FILLER_0_75_553, 265.04, 214.88, 1.8
FILLER_0_74_581, 277.84, 214.88, 1.8
FILLER_0_75_609, 290.64, 214.88, 1.8
FILLER_0_74_637, 303.44, 214.88, 1.8
FILLER_0_75_665, 316.24, 214.88, 1.8
FILLER_0_75_721, 341.84, 214.88, 1.8
FILLER_0_74_749, 354.64, 214.88, 1.8
FILLER_0_75_777, 367.44, 214.88, 1.8
FILLER_0_74_805, 380.24, 214.88, 1.8
FILLER_0_75_833, 393.04, 214.88, 1.8
FILLER_0_74_861, 405.84, 214.88, 1.8
FILLER_0_75_889, 418.64, 214.88, 1.8
FILLER_0_74_917, 431.44, 214.88, 1.8
FILLER_0_75_945, 444.24, 214.88, 1.8
FILLER_0_74_973, 457.04, 214.88, 1.8
FILLER_0_75_1001, 469.84, 214.88, 1.8
FILLER_0_75_1057, 491.96, 214.88, 1.8
FILLER_0_76_1085, 501.28, 214.88, 1.8
PHY_EDGE_ROW_72_Left_164, 5.52, 209.44, 1.8
PHY_EDGE_ROW_73_Left_165, 5.52, 209.44, 1.8
PHY_EDGE_ROW_72_Right_72, 510.6, 209.44, 1.8
PHY_EDGE_ROW_73_Right_73, 510.6, 209.44, 1.8
FILLER_0_73_1089, 510.6, 209.44, 1.8
FILLER_0_73_51, 34.64, 209.44, 1.8
FILLER_0_74_77, 34.64, 209.44, 1.8
FILLER_0_73_105, 47.44, 209.44, 1.8
FILLER_0_72_133, 73.04, 209.44, 1.8
FILLER_0_73_161, 85.84, 209.44, 1.8
FILLER_0_72_189, 98.64, 209.44, 1.8
FILLER_0_73_217, 111.44, 209.44, 1.8
FILLER_0_72_245, 124.24, 209.44, 1.8
FILLER_0_73_273, 137.04, 209.44, 1.8
FILLER_0_72_301, 149.84, 209.44, 1.8
FILLER_0_73_329, 162.64, 209.44, 1.8
FILLER_0_73_385, 188.24, 209.44, 1.8
FILLER_0_72_413, 201.04, 209.44, 1.8
FILLER_0_73_441, 213.84, 209.44, 1.8
FILLER_0_72_469, 226.64, 209.44, 1.8
FILLER_0_73_497, 239.44, 209.44, 1.8
FILLER_0_72_525, 252.24, 209.44, 1.8
FILLER_0_73_553, 265.04, 209.44, 1.8
FILLER_0_72_581, 277.84, 209.44, 1.8
FILLER_0_73_609, 290.64, 209.44, 1.8
FILLER_0_72_637, 303.44, 209.44, 1.8
FILLER_0_73_665, 316.24, 209.44, 1.8
FILLER_0_73_721, 341.84, 209.44, 1.8
FILLER_0_72_749, 354.64, 209.44, 1.8
FILLER_0_73_777, 367.44, 209.44, 1.8
FILLER_0_72_805, 380.24, 209.44, 1.8
FILLER_0_73_833, 393.04, 209.44, 1.8
FILLER_0_72_861, 405.84, 209.44, 1.8
FILLER_0_73_889, 418.64, 209.44, 1.8
FILLER_0_72_917, 431.44, 209.44, 1.8
FILLER_0_73_945, 444.24, 209.44, 1.8
FILLER_0_72_973, 457.04, 209.44, 1.8
FILLER_0_73_1001, 469.84, 209.44, 1.8
FILLER_0_73_1057, 491.96, 209.44, 1.8
FILLER_0_74_1085, 501.28, 209.44, 1.8
PHY_EDGE_ROW_70_Left_162, 5.52, 204, 1.8
PHY_EDGE_ROW_71_Left_163, 5.52, 204, 1.8
PHY_EDGE_ROW_70_Right_70, 510.6, 204, 1.8
PHY_EDGE_ROW_71_Right_71, 510.6, 204, 1.8
FILLER_0_71_1089, 510.6, 204, 1.8
FILLER_0_71_51, 34.64, 204, 1.8
FILLER_0_72_77, 34.64, 204, 1.8
FILLER_0_71_105, 47.44, 204, 1.8
FILLER_0_70_133, 73.04, 204, 1.8
FILLER_0_71_161, 85.84, 204, 1.8
FILLER_0_70_189, 98.64, 204, 1.8
FILLER_0_71_217, 111.44, 204, 1.8
FILLER_0_70_245, 124.24, 204, 1.8
FILLER_0_71_273, 137.04, 204, 1.8
FILLER_0_70_301, 149.84, 204, 1.8
FILLER_0_71_329, 162.64, 204, 1.8
FILLER_0_71_385, 188.24, 204, 1.8
FILLER_0_70_413, 201.04, 204, 1.8
FILLER_0_71_441, 213.84, 204, 1.8
FILLER_0_70_469, 226.64, 204, 1.8
FILLER_0_71_497, 239.44, 204, 1.8
FILLER_0_70_525, 252.24, 204, 1.8
FILLER_0_71_553, 265.04, 204, 1.8
FILLER_0_70_581, 277.84, 204, 1.8
FILLER_0_71_609, 290.64, 204, 1.8
FILLER_0_70_637, 303.44, 204, 1.8
FILLER_0_71_665, 316.24, 204, 1.8
FILLER_0_71_721, 341.84, 204, 1.8
FILLER_0_70_749, 354.64, 204, 1.8
FILLER_0_71_777, 367.44, 204, 1.8
FILLER_0_70_805, 380.24, 204, 1.8
FILLER_0_71_833, 393.04, 204, 1.8
FILLER_0_70_861, 405.84, 204, 1.8
FILLER_0_71_889, 418.64, 204, 1.8
FILLER_0_70_917, 431.44, 204, 1.8
FILLER_0_71_945, 444.24, 204, 1.8
FILLER_0_70_973, 457.04, 204, 1.8
FILLER_0_71_1001, 469.84, 204, 1.8
FILLER_0_71_1057, 491.96, 204, 1.8
FILLER_0_72_1085, 501.28, 204, 1.8
PHY_EDGE_ROW_68_Left_160, 5.52, 198.56, 1.8
PHY_EDGE_ROW_69_Left_161, 5.52, 198.56, 1.8
PHY_EDGE_ROW_68_Right_68, 510.6, 198.56, 1.8
PHY_EDGE_ROW_69_Right_69, 510.6, 198.56, 1.8
FILLER_0_69_1089, 510.6, 198.56, 1.8
FILLER_0_69_51, 34.64, 198.56, 1.8
FILLER_0_70_77, 34.64, 198.56, 1.8
FILLER_0_69_105, 47.44, 198.56, 1.8
FILLER_0_68_133, 73.04, 198.56, 1.8
FILLER_0_69_161, 85.84, 198.56, 1.8
FILLER_0_68_189, 98.64, 198.56, 1.8
FILLER_0_69_217, 111.44, 198.56, 1.8
FILLER_0_68_245, 124.24, 198.56, 1.8
FILLER_0_69_273, 137.04, 198.56, 1.8
FILLER_0_68_301, 149.84, 198.56, 1.8
FILLER_0_69_329, 162.64, 198.56, 1.8
FILLER_0_69_385, 188.24, 198.56, 1.8
FILLER_0_68_413, 201.04, 198.56, 1.8
FILLER_0_69_441, 213.84, 198.56, 1.8
FILLER_0_68_469, 226.64, 198.56, 1.8
FILLER_0_69_497, 239.44, 198.56, 1.8
FILLER_0_68_525, 252.24, 198.56, 1.8
FILLER_0_69_553, 265.04, 198.56, 1.8
FILLER_0_68_581, 277.84, 198.56, 1.8
FILLER_0_69_609, 290.64, 198.56, 1.8
FILLER_0_68_637, 303.44, 198.56, 1.8
FILLER_0_69_665, 316.24, 198.56, 1.8
FILLER_0_69_721, 341.84, 198.56, 1.8
FILLER_0_68_749, 354.64, 198.56, 1.8
FILLER_0_69_777, 367.44, 198.56, 1.8
FILLER_0_68_805, 380.24, 198.56, 1.8
FILLER_0_69_833, 393.04, 198.56, 1.8
FILLER_0_68_861, 405.84, 198.56, 1.8
FILLER_0_69_889, 418.64, 198.56, 1.8
FILLER_0_68_917, 431.44, 198.56, 1.8
FILLER_0_69_945, 444.24, 198.56, 1.8
FILLER_0_68_973, 457.04, 198.56, 1.8
FILLER_0_69_1001, 469.84, 198.56, 1.8
FILLER_0_69_1057, 491.96, 198.56, 1.8
FILLER_0_70_1085, 501.28, 198.56, 1.8
PHY_EDGE_ROW_66_Left_158, 5.52, 193.12, 1.8
PHY_EDGE_ROW_67_Left_159, 5.52, 193.12, 1.8
PHY_EDGE_ROW_66_Right_66, 510.6, 193.12, 1.8
PHY_EDGE_ROW_67_Right_67, 510.6, 193.12, 1.8
FILLER_0_67_1089, 510.6, 193.12, 1.8
FILLER_0_67_51, 34.64, 193.12, 1.8
FILLER_0_68_77, 34.64, 193.12, 1.8
FILLER_0_67_105, 47.44, 193.12, 1.8
FILLER_0_66_133, 73.04, 193.12, 1.8
FILLER_0_67_161, 85.84, 193.12, 1.8
FILLER_0_66_189, 98.64, 193.12, 1.8
FILLER_0_67_217, 111.44, 193.12, 1.8
FILLER_0_66_245, 124.24, 193.12, 1.8
FILLER_0_67_273, 137.04, 193.12, 1.8
FILLER_0_66_301, 149.84, 193.12, 1.8
FILLER_0_67_329, 162.64, 193.12, 1.8
FILLER_0_67_385, 188.24, 193.12, 1.8
FILLER_0_66_413, 201.04, 193.12, 1.8
FILLER_0_67_441, 213.84, 193.12, 1.8
FILLER_0_66_469, 226.64, 193.12, 1.8
FILLER_0_67_497, 239.44, 193.12, 1.8
FILLER_0_66_525, 252.24, 193.12, 1.8
FILLER_0_67_553, 265.04, 193.12, 1.8
FILLER_0_66_581, 277.84, 193.12, 1.8
FILLER_0_67_609, 290.64, 193.12, 1.8
FILLER_0_66_637, 303.44, 193.12, 1.8
FILLER_0_67_665, 316.24, 193.12, 1.8
FILLER_0_67_721, 341.84, 193.12, 1.8
FILLER_0_66_749, 354.64, 193.12, 1.8
FILLER_0_67_777, 367.44, 193.12, 1.8
FILLER_0_66_805, 380.24, 193.12, 1.8
FILLER_0_67_833, 393.04, 193.12, 1.8
FILLER_0_66_861, 405.84, 193.12, 1.8
FILLER_0_67_889, 418.64, 193.12, 1.8
FILLER_0_66_917, 431.44, 193.12, 1.8
FILLER_0_67_945, 444.24, 193.12, 1.8
FILLER_0_66_973, 457.04, 193.12, 1.8
FILLER_0_67_1001, 469.84, 193.12, 1.8
FILLER_0_67_1057, 491.96, 193.12, 1.8
FILLER_0_68_1085, 501.28, 193.12, 1.8
PHY_EDGE_ROW_64_Left_156, 5.52, 187.68, 1.8
PHY_EDGE_ROW_65_Left_157, 5.52, 187.68, 1.8
PHY_EDGE_ROW_64_Right_64, 510.6, 187.68, 1.8
PHY_EDGE_ROW_65_Right_65, 510.6, 187.68, 1.8
FILLER_0_65_1089, 510.6, 187.68, 1.8
FILLER_0_65_51, 34.64, 187.68, 1.8
FILLER_0_66_77, 34.64, 187.68, 1.8
FILLER_0_65_105, 47.44, 187.68, 1.8
FILLER_0_64_133, 73.04, 187.68, 1.8
FILLER_0_65_161, 85.84, 187.68, 1.8
FILLER_0_64_189, 98.64, 187.68, 1.8
FILLER_0_65_217, 111.44, 187.68, 1.8
FILLER_0_64_245, 124.24, 187.68, 1.8
FILLER_0_65_273, 137.04, 187.68, 1.8
FILLER_0_64_301, 149.84, 187.68, 1.8
FILLER_0_65_329, 162.64, 187.68, 1.8
FILLER_0_65_385, 188.24, 187.68, 1.8
FILLER_0_64_413, 201.04, 187.68, 1.8
FILLER_0_65_441, 213.84, 187.68, 1.8
FILLER_0_64_469, 226.64, 187.68, 1.8
FILLER_0_65_497, 239.44, 187.68, 1.8
FILLER_0_64_525, 252.24, 187.68, 1.8
FILLER_0_65_553, 265.04, 187.68, 1.8
FILLER_0_64_581, 277.84, 187.68, 1.8
FILLER_0_65_609, 290.64, 187.68, 1.8
FILLER_0_64_637, 303.44, 187.68, 1.8
FILLER_0_65_665, 316.24, 187.68, 1.8
FILLER_0_65_721, 341.84, 187.68, 1.8
FILLER_0_64_749, 354.64, 187.68, 1.8
FILLER_0_65_777, 367.44, 187.68, 1.8
FILLER_0_64_805, 380.24, 187.68, 1.8
FILLER_0_65_833, 393.04, 187.68, 1.8
FILLER_0_64_861, 405.84, 187.68, 1.8
FILLER_0_65_889, 418.64, 187.68, 1.8
FILLER_0_64_917, 431.44, 187.68, 1.8
FILLER_0_65_945, 444.24, 187.68, 1.8
FILLER_0_64_973, 457.04, 187.68, 1.8
FILLER_0_65_1001, 469.84, 187.68, 1.8
FILLER_0_65_1057, 491.96, 187.68, 1.8
FILLER_0_66_1085, 501.28, 187.68, 1.8
PHY_EDGE_ROW_62_Left_154, 5.52, 182.24, 1.8
PHY_EDGE_ROW_63_Left_155, 5.52, 182.24, 1.8
PHY_EDGE_ROW_62_Right_62, 510.6, 182.24, 1.8
PHY_EDGE_ROW_63_Right_63, 510.6, 182.24, 1.8
FILLER_0_63_1089, 510.6, 182.24, 1.8
FILLER_0_63_51, 34.64, 182.24, 1.8
FILLER_0_64_77, 34.64, 182.24, 1.8
FILLER_0_63_105, 47.44, 182.24, 1.8
FILLER_0_62_133, 73.04, 182.24, 1.8
FILLER_0_63_161, 85.84, 182.24, 1.8
FILLER_0_62_189, 98.64, 182.24, 1.8
FILLER_0_63_217, 111.44, 182.24, 1.8
FILLER_0_62_245, 124.24, 182.24, 1.8
FILLER_0_63_273, 137.04, 182.24, 1.8
FILLER_0_62_301, 149.84, 182.24, 1.8
FILLER_0_63_329, 162.64, 182.24, 1.8
FILLER_0_63_385, 188.24, 182.24, 1.8
FILLER_0_62_413, 201.04, 182.24, 1.8
FILLER_0_63_441, 213.84, 182.24, 1.8
FILLER_0_62_469, 226.64, 182.24, 1.8
FILLER_0_63_497, 239.44, 182.24, 1.8
FILLER_0_62_525, 252.24, 182.24, 1.8
FILLER_0_63_553, 265.04, 182.24, 1.8
FILLER_0_62_581, 277.84, 182.24, 1.8
FILLER_0_63_609, 290.64, 182.24, 1.8
FILLER_0_62_637, 303.44, 182.24, 1.8
FILLER_0_63_665, 316.24, 182.24, 1.8
FILLER_0_63_721, 341.84, 182.24, 1.8
FILLER_0_62_749, 354.64, 182.24, 1.8
FILLER_0_63_777, 367.44, 182.24, 1.8
FILLER_0_62_805, 380.24, 182.24, 1.8
FILLER_0_63_833, 393.04, 182.24, 1.8
FILLER_0_62_861, 405.84, 182.24, 1.8
FILLER_0_63_889, 418.64, 182.24, 1.8
FILLER_0_62_917, 431.44, 182.24, 1.8
FILLER_0_63_945, 444.24, 182.24, 1.8
FILLER_0_62_973, 457.04, 182.24, 1.8
FILLER_0_63_1001, 469.84, 182.24, 1.8
FILLER_0_63_1057, 491.96, 182.24, 1.8
FILLER_0_64_1085, 501.28, 182.24, 1.8
PHY_EDGE_ROW_60_Left_152, 5.52, 176.8, 1.8
PHY_EDGE_ROW_61_Left_153, 5.52, 176.8, 1.8
PHY_EDGE_ROW_60_Right_60, 510.6, 176.8, 1.8
PHY_EDGE_ROW_61_Right_61, 510.6, 176.8, 1.8
FILLER_0_61_1089, 510.6, 176.8, 1.8
FILLER_0_61_51, 34.64, 176.8, 1.8
FILLER_0_62_77, 34.64, 176.8, 1.8
FILLER_0_61_105, 47.44, 176.8, 1.8
FILLER_0_60_133, 73.04, 176.8, 1.8
FILLER_0_61_161, 85.84, 176.8, 1.8
FILLER_0_60_189, 98.64, 176.8, 1.8
FILLER_0_61_217, 111.44, 176.8, 1.8
FILLER_0_60_245, 124.24, 176.8, 1.8
FILLER_0_61_273, 137.04, 176.8, 1.8
FILLER_0_60_301, 149.84, 176.8, 1.8
FILLER_0_61_329, 162.64, 176.8, 1.8
FILLER_0_61_385, 188.24, 176.8, 1.8
FILLER_0_60_413, 201.04, 176.8, 1.8
FILLER_0_61_441, 213.84, 176.8, 1.8
FILLER_0_60_469, 226.64, 176.8, 1.8
FILLER_0_61_497, 239.44, 176.8, 1.8
FILLER_0_60_525, 252.24, 176.8, 1.8
FILLER_0_61_553, 265.04, 176.8, 1.8
FILLER_0_60_581, 277.84, 176.8, 1.8
FILLER_0_61_609, 290.64, 176.8, 1.8
FILLER_0_60_637, 303.44, 176.8, 1.8
FILLER_0_61_665, 316.24, 176.8, 1.8
FILLER_0_61_721, 341.84, 176.8, 1.8
FILLER_0_60_749, 354.64, 176.8, 1.8
FILLER_0_61_777, 367.44, 176.8, 1.8
FILLER_0_60_805, 380.24, 176.8, 1.8
FILLER_0_61_833, 393.04, 176.8, 1.8
FILLER_0_60_861, 405.84, 176.8, 1.8
FILLER_0_61_889, 418.64, 176.8, 1.8
FILLER_0_60_917, 431.44, 176.8, 1.8
FILLER_0_61_945, 444.24, 176.8, 1.8
FILLER_0_60_973, 457.04, 176.8, 1.8
FILLER_0_61_1001, 469.84, 176.8, 1.8
FILLER_0_61_1057, 491.96, 176.8, 1.8
FILLER_0_62_1085, 501.28, 176.8, 1.8
PHY_EDGE_ROW_58_Left_150, 5.52, 171.36, 1.8
PHY_EDGE_ROW_59_Left_151, 5.52, 171.36, 1.8
PHY_EDGE_ROW_58_Right_58, 510.6, 171.36, 1.8
PHY_EDGE_ROW_59_Right_59, 510.6, 171.36, 1.8
FILLER_0_59_1089, 510.6, 171.36, 1.8
FILLER_0_59_51, 34.64, 171.36, 1.8
FILLER_0_60_77, 34.64, 171.36, 1.8
FILLER_0_59_105, 47.44, 171.36, 1.8
FILLER_0_58_133, 73.04, 171.36, 1.8
FILLER_0_59_161, 85.84, 171.36, 1.8
FILLER_0_58_189, 98.64, 171.36, 1.8
FILLER_0_59_217, 111.44, 171.36, 1.8
FILLER_0_58_245, 124.24, 171.36, 1.8
FILLER_0_59_273, 137.04, 171.36, 1.8
FILLER_0_58_301, 149.84, 171.36, 1.8
FILLER_0_59_329, 162.64, 171.36, 1.8
FILLER_0_59_385, 188.24, 171.36, 1.8
FILLER_0_58_413, 201.04, 171.36, 1.8
FILLER_0_59_441, 213.84, 171.36, 1.8
FILLER_0_58_469, 226.64, 171.36, 1.8
FILLER_0_59_497, 239.44, 171.36, 1.8
FILLER_0_58_525, 252.24, 171.36, 1.8
FILLER_0_59_553, 265.04, 171.36, 1.8
FILLER_0_58_581, 277.84, 171.36, 1.8
FILLER_0_59_609, 290.64, 171.36, 1.8
FILLER_0_58_637, 303.44, 171.36, 1.8
FILLER_0_59_665, 316.24, 171.36, 1.8
FILLER_0_59_721, 341.84, 171.36, 1.8
FILLER_0_58_749, 354.64, 171.36, 1.8
FILLER_0_59_777, 367.44, 171.36, 1.8
FILLER_0_58_805, 380.24, 171.36, 1.8
FILLER_0_59_833, 393.04, 171.36, 1.8
FILLER_0_58_861, 405.84, 171.36, 1.8
FILLER_0_59_889, 418.64, 171.36, 1.8
FILLER_0_58_917, 431.44, 171.36, 1.8
FILLER_0_59_945, 444.24, 171.36, 1.8
FILLER_0_58_973, 457.04, 171.36, 1.8
FILLER_0_59_1001, 469.84, 171.36, 1.8
FILLER_0_59_1057, 491.96, 171.36, 1.8
FILLER_0_60_1085, 501.28, 171.36, 1.8
PHY_EDGE_ROW_56_Left_148, 5.52, 165.92, 1.8
PHY_EDGE_ROW_57_Left_149, 5.52, 165.92, 1.8
PHY_EDGE_ROW_56_Right_56, 510.6, 165.92, 1.8
PHY_EDGE_ROW_57_Right_57, 510.6, 165.92, 1.8
FILLER_0_57_1089, 510.6, 165.92, 1.8
FILLER_0_57_51, 34.64, 165.92, 1.8
FILLER_0_58_77, 34.64, 165.92, 1.8
FILLER_0_57_105, 47.44, 165.92, 1.8
FILLER_0_56_133, 73.04, 165.92, 1.8
FILLER_0_57_161, 85.84, 165.92, 1.8
FILLER_0_56_189, 98.64, 165.92, 1.8
FILLER_0_57_217, 111.44, 165.92, 1.8
FILLER_0_56_245, 124.24, 165.92, 1.8
FILLER_0_57_273, 137.04, 165.92, 1.8
FILLER_0_56_301, 149.84, 165.92, 1.8
FILLER_0_57_329, 162.64, 165.92, 1.8
FILLER_0_57_385, 188.24, 165.92, 1.8
FILLER_0_56_413, 201.04, 165.92, 1.8
FILLER_0_57_441, 213.84, 165.92, 1.8
FILLER_0_56_469, 226.64, 165.92, 1.8
FILLER_0_57_497, 239.44, 165.92, 1.8
FILLER_0_56_525, 252.24, 165.92, 1.8
FILLER_0_57_553, 265.04, 165.92, 1.8
FILLER_0_56_581, 277.84, 165.92, 1.8
FILLER_0_57_609, 290.64, 165.92, 1.8
FILLER_0_56_637, 303.44, 165.92, 1.8
FILLER_0_57_665, 316.24, 165.92, 1.8
FILLER_0_57_721, 341.84, 165.92, 1.8
FILLER_0_56_749, 354.64, 165.92, 1.8
FILLER_0_57_777, 367.44, 165.92, 1.8
FILLER_0_56_805, 380.24, 165.92, 1.8
FILLER_0_57_833, 393.04, 165.92, 1.8
FILLER_0_56_861, 405.84, 165.92, 1.8
FILLER_0_57_889, 418.64, 165.92, 1.8
FILLER_0_56_917, 431.44, 165.92, 1.8
FILLER_0_57_945, 444.24, 165.92, 1.8
FILLER_0_56_973, 457.04, 165.92, 1.8
FILLER_0_57_1001, 469.84, 165.92, 1.8
FILLER_0_57_1057, 491.96, 165.92, 1.8
FILLER_0_58_1085, 501.28, 165.92, 1.8
PHY_EDGE_ROW_54_Left_146, 5.52, 160.48, 1.8
PHY_EDGE_ROW_55_Left_147, 5.52, 160.48, 1.8
PHY_EDGE_ROW_54_Right_54, 510.6, 160.48, 1.8
PHY_EDGE_ROW_55_Right_55, 510.6, 160.48, 1.8
FILLER_0_55_1089, 510.6, 160.48, 1.8
FILLER_0_55_51, 34.64, 160.48, 1.8
FILLER_0_56_77, 34.64, 160.48, 1.8
FILLER_0_55_105, 47.44, 160.48, 1.8
FILLER_0_54_133, 73.04, 160.48, 1.8
FILLER_0_55_161, 85.84, 160.48, 1.8
FILLER_0_54_189, 98.64, 160.48, 1.8
FILLER_0_55_217, 111.44, 160.48, 1.8
FILLER_0_54_245, 124.24, 160.48, 1.8
FILLER_0_55_273, 137.04, 160.48, 1.8
FILLER_0_54_301, 149.84, 160.48, 1.8
FILLER_0_55_329, 162.64, 160.48, 1.8
FILLER_0_55_385, 188.24, 160.48, 1.8
FILLER_0_54_413, 201.04, 160.48, 1.8
FILLER_0_55_441, 213.84, 160.48, 1.8
FILLER_0_54_469, 226.64, 160.48, 1.8
FILLER_0_55_497, 239.44, 160.48, 1.8
FILLER_0_54_525, 252.24, 160.48, 1.8
FILLER_0_55_553, 265.04, 160.48, 1.8
FILLER_0_54_581, 277.84, 160.48, 1.8
FILLER_0_55_609, 290.64, 160.48, 1.8
FILLER_0_54_637, 303.44, 160.48, 1.8
FILLER_0_55_665, 316.24, 160.48, 1.8
FILLER_0_55_721, 341.84, 160.48, 1.8
FILLER_0_54_749, 354.64, 160.48, 1.8
FILLER_0_55_777, 367.44, 160.48, 1.8
FILLER_0_54_805, 380.24, 160.48, 1.8
FILLER_0_55_833, 393.04, 160.48, 1.8
FILLER_0_54_861, 405.84, 160.48, 1.8
FILLER_0_55_889, 418.64, 160.48, 1.8
FILLER_0_54_917, 431.44, 160.48, 1.8
FILLER_0_55_945, 444.24, 160.48, 1.8
FILLER_0_54_973, 457.04, 160.48, 1.8
FILLER_0_55_1001, 469.84, 160.48, 1.8
FILLER_0_55_1057, 491.96, 160.48, 1.8
FILLER_0_56_1085, 501.28, 160.48, 1.8
PHY_EDGE_ROW_52_Left_144, 5.52, 155.04, 1.8
PHY_EDGE_ROW_53_Left_145, 5.52, 155.04, 1.8
PHY_EDGE_ROW_52_Right_52, 510.6, 155.04, 1.8
PHY_EDGE_ROW_53_Right_53, 510.6, 155.04, 1.8
FILLER_0_53_1089, 510.6, 155.04, 1.8
FILLER_0_53_51, 34.64, 155.04, 1.8
FILLER_0_54_77, 34.64, 155.04, 1.8
FILLER_0_53_105, 47.44, 155.04, 1.8
FILLER_0_52_133, 73.04, 155.04, 1.8
FILLER_0_53_161, 85.84, 155.04, 1.8
FILLER_0_52_189, 98.64, 155.04, 1.8
FILLER_0_53_217, 111.44, 155.04, 1.8
FILLER_0_52_245, 124.24, 155.04, 1.8
FILLER_0_53_273, 137.04, 155.04, 1.8
FILLER_0_52_301, 149.84, 155.04, 1.8
FILLER_0_53_329, 162.64, 155.04, 1.8
FILLER_0_53_385, 188.24, 155.04, 1.8
FILLER_0_52_413, 201.04, 155.04, 1.8
FILLER_0_53_441, 213.84, 155.04, 1.8
FILLER_0_52_469, 226.64, 155.04, 1.8
FILLER_0_53_497, 239.44, 155.04, 1.8
FILLER_0_52_525, 252.24, 155.04, 1.8
FILLER_0_53_553, 265.04, 155.04, 1.8
FILLER_0_52_581, 277.84, 155.04, 1.8
FILLER_0_53_609, 290.64, 155.04, 1.8
FILLER_0_52_637, 303.44, 155.04, 1.8
FILLER_0_53_665, 316.24, 155.04, 1.8
FILLER_0_53_721, 341.84, 155.04, 1.8
FILLER_0_52_749, 354.64, 155.04, 1.8
FILLER_0_53_777, 367.44, 155.04, 1.8
FILLER_0_52_805, 380.24, 155.04, 1.8
FILLER_0_53_833, 393.04, 155.04, 1.8
FILLER_0_52_861, 405.84, 155.04, 1.8
FILLER_0_53_889, 418.64, 155.04, 1.8
FILLER_0_52_917, 431.44, 155.04, 1.8
FILLER_0_53_945, 444.24, 155.04, 1.8
FILLER_0_52_973, 457.04, 155.04, 1.8
FILLER_0_53_1001, 469.84, 155.04, 1.8
FILLER_0_53_1057, 491.96, 155.04, 1.8
FILLER_0_54_1085, 501.28, 155.04, 1.8
PHY_EDGE_ROW_50_Left_142, 5.52, 149.6, 1.8
PHY_EDGE_ROW_51_Left_143, 5.52, 149.6, 1.8
PHY_EDGE_ROW_50_Right_50, 510.6, 149.6, 1.8
PHY_EDGE_ROW_51_Right_51, 510.6, 149.6, 1.8
FILLER_0_51_1089, 510.6, 149.6, 1.8
FILLER_0_51_51, 34.64, 149.6, 1.8
FILLER_0_52_77, 34.64, 149.6, 1.8
FILLER_0_51_105, 47.44, 149.6, 1.8
FILLER_0_50_133, 73.04, 149.6, 1.8
FILLER_0_51_161, 85.84, 149.6, 1.8
FILLER_0_50_189, 98.64, 149.6, 1.8
FILLER_0_51_217, 111.44, 149.6, 1.8
FILLER_0_50_245, 124.24, 149.6, 1.8
FILLER_0_51_273, 137.04, 149.6, 1.8
FILLER_0_50_301, 149.84, 149.6, 1.8
FILLER_0_51_329, 162.64, 149.6, 1.8
FILLER_0_51_385, 188.24, 149.6, 1.8
FILLER_0_50_413, 201.04, 149.6, 1.8
FILLER_0_51_441, 213.84, 149.6, 1.8
FILLER_0_50_469, 226.64, 149.6, 1.8
FILLER_0_51_497, 239.44, 149.6, 1.8
FILLER_0_50_525, 252.24, 149.6, 1.8
FILLER_0_51_553, 265.04, 149.6, 1.8
FILLER_0_50_581, 277.84, 149.6, 1.8
FILLER_0_51_609, 290.64, 149.6, 1.8
FILLER_0_50_637, 303.44, 149.6, 1.8
FILLER_0_51_665, 316.24, 149.6, 1.8
FILLER_0_51_721, 341.84, 149.6, 1.8
FILLER_0_50_749, 354.64, 149.6, 1.8
FILLER_0_51_777, 367.44, 149.6, 1.8
FILLER_0_50_805, 380.24, 149.6, 1.8
FILLER_0_51_833, 393.04, 149.6, 1.8
FILLER_0_50_861, 405.84, 149.6, 1.8
FILLER_0_51_889, 418.64, 149.6, 1.8
FILLER_0_50_917, 431.44, 149.6, 1.8
FILLER_0_51_945, 444.24, 149.6, 1.8
FILLER_0_50_973, 457.04, 149.6, 1.8
FILLER_0_51_1001, 469.84, 149.6, 1.8
FILLER_0_51_1057, 491.96, 149.6, 1.8
FILLER_0_52_1085, 501.28, 149.6, 1.8
PHY_EDGE_ROW_48_Left_140, 5.52, 144.16, 1.8
PHY_EDGE_ROW_49_Left_141, 5.52, 144.16, 1.8
PHY_EDGE_ROW_48_Right_48, 510.6, 144.16, 1.8
PHY_EDGE_ROW_49_Right_49, 510.6, 144.16, 1.8
FILLER_0_49_1089, 510.6, 144.16, 1.8
FILLER_0_49_51, 34.64, 144.16, 1.8
FILLER_0_50_77, 34.64, 144.16, 1.8
FILLER_0_49_105, 47.44, 144.16, 1.8
FILLER_0_48_133, 73.04, 144.16, 1.8
FILLER_0_49_161, 85.84, 144.16, 1.8
FILLER_0_48_189, 98.64, 144.16, 1.8
FILLER_0_49_217, 111.44, 144.16, 1.8
FILLER_0_48_245, 124.24, 144.16, 1.8
FILLER_0_49_273, 137.04, 144.16, 1.8
FILLER_0_48_301, 149.84, 144.16, 1.8
FILLER_0_49_329, 162.64, 144.16, 1.8
FILLER_0_49_385, 188.24, 144.16, 1.8
FILLER_0_48_413, 201.04, 144.16, 1.8
FILLER_0_49_441, 213.84, 144.16, 1.8
FILLER_0_48_469, 226.64, 144.16, 1.8
FILLER_0_49_497, 239.44, 144.16, 1.8
FILLER_0_48_525, 252.24, 144.16, 1.8
FILLER_0_49_553, 265.04, 144.16, 1.8
FILLER_0_48_581, 277.84, 144.16, 1.8
FILLER_0_49_609, 290.64, 144.16, 1.8
FILLER_0_48_637, 303.44, 144.16, 1.8
FILLER_0_49_665, 316.24, 144.16, 1.8
FILLER_0_49_721, 341.84, 144.16, 1.8
FILLER_0_48_749, 354.64, 144.16, 1.8
FILLER_0_49_777, 367.44, 144.16, 1.8
FILLER_0_48_805, 380.24, 144.16, 1.8
FILLER_0_49_833, 393.04, 144.16, 1.8
FILLER_0_48_861, 405.84, 144.16, 1.8
FILLER_0_49_889, 418.64, 144.16, 1.8
FILLER_0_48_917, 431.44, 144.16, 1.8
FILLER_0_49_945, 444.24, 144.16, 1.8
FILLER_0_48_973, 457.04, 144.16, 1.8
FILLER_0_49_1001, 469.84, 144.16, 1.8
FILLER_0_49_1057, 491.96, 144.16, 1.8
FILLER_0_50_1085, 501.28, 144.16, 1.8
PHY_EDGE_ROW_46_Left_138, 5.52, 138.72, 1.8
PHY_EDGE_ROW_47_Left_139, 5.52, 138.72, 1.8
PHY_EDGE_ROW_46_Right_46, 510.6, 138.72, 1.8
PHY_EDGE_ROW_47_Right_47, 510.6, 138.72, 1.8
FILLER_0_47_1089, 510.6, 138.72, 1.8
FILLER_0_47_51, 34.64, 138.72, 1.8
FILLER_0_48_77, 34.64, 138.72, 1.8
FILLER_0_47_105, 47.44, 138.72, 1.8
FILLER_0_46_133, 73.04, 138.72, 1.8
FILLER_0_47_161, 85.84, 138.72, 1.8
FILLER_0_46_189, 98.64, 138.72, 1.8
FILLER_0_47_217, 111.44, 138.72, 1.8
FILLER_0_46_245, 124.24, 138.72, 1.8
FILLER_0_47_273, 137.04, 138.72, 1.8
FILLER_0_46_301, 149.84, 138.72, 1.8
FILLER_0_47_329, 162.64, 138.72, 1.8
FILLER_0_47_385, 188.24, 138.72, 1.8
FILLER_0_46_413, 201.04, 138.72, 1.8
FILLER_0_47_441, 213.84, 138.72, 1.8
FILLER_0_46_469, 226.64, 138.72, 1.79999
FILLER_0_47_497, 239.44, 138.72, 1.79999
_4_, 252.24, 138.72, 1.79999
FILLER_0_46_525, 252.24, 138.72, 1.79999
FILLER_0_46_533, 252.24, 138.72, 1.79999
FILLER_0_47_541, 252.24, 138.72, 1.79999
FILLER_0_47_551, 265.04, 138.72, 1.79999
FILLER_0_46_585, 277.84, 138.72, 1.79999
FILLER_0_47_609, 290.64, 138.72, 1.8
FILLER_0_46_637, 303.44, 138.72, 1.8
FILLER_0_47_665, 316.24, 138.72, 1.8
FILLER_0_47_721, 341.84, 138.72, 1.8
FILLER_0_46_749, 354.64, 138.72, 1.8
FILLER_0_47_777, 367.44, 138.72, 1.8
FILLER_0_46_805, 380.24, 138.72, 1.8
FILLER_0_47_833, 393.04, 138.72, 1.8
FILLER_0_46_861, 405.84, 138.72, 1.8
FILLER_0_47_889, 418.64, 138.72, 1.8
FILLER_0_46_917, 431.44, 138.72, 1.8
FILLER_0_47_945, 444.24, 138.72, 1.8
FILLER_0_46_973, 457.04, 138.72, 1.8
FILLER_0_47_1001, 469.84, 138.72, 1.8
FILLER_0_47_1057, 491.96, 138.72, 1.8
FILLER_0_48_1085, 501.28, 138.72, 1.8
PHY_EDGE_ROW_44_Left_136, 5.52, 133.28, 1.8
PHY_EDGE_ROW_45_Left_137, 5.52, 133.28, 1.8
PHY_EDGE_ROW_44_Right_44, 510.6, 133.28, 1.8
PHY_EDGE_ROW_45_Right_45, 510.6, 133.28, 1.8
FILLER_0_45_1089, 510.6, 133.28, 1.8
FILLER_0_45_51, 34.64, 133.28, 1.8
FILLER_0_46_77, 34.64, 133.28, 1.8
FILLER_0_45_105, 47.44, 133.28, 1.8
FILLER_0_44_133, 73.04, 133.28, 1.8
FILLER_0_45_161, 85.84, 133.28, 1.8
FILLER_0_44_189, 98.64, 133.28, 1.8
FILLER_0_45_217, 111.44, 133.28, 1.8
FILLER_0_44_245, 124.24, 133.28, 1.8
FILLER_0_45_273, 137.04, 133.28, 1.8
FILLER_0_44_301, 149.84, 133.28, 1.8
FILLER_0_45_329, 162.64, 133.28, 1.8
FILLER_0_45_385, 188.24, 133.28, 1.79999
FILLER_0_44_413, 201.04, 133.28, 1.79999
FILLER_0_45_441, 213.84, 133.28, 1.79998
FILLER_0_44_469, 226.64, 133.28, 1.79998
FILLER_0_45_497, 239.44, 133.28, 1.79997
_3_, 252.24, 133.28, 1.79997
_5_, 252.24, 133.28, 1.79997
_6_, 252.24, 133.28, 1.79997
_7_, 252.24, 133.28, 1.79997
FILLER_0_44_525, 252.24, 133.28, 1.79997
FILLER_0_45_529, 252.24, 133.28, 1.79997
_8_, 265.04, 133.28, 1.79997
FILLER_0_45_556, 265.04, 133.28, 1.79997
FILLER_0_46_577, 265.04, 133.28, 1.79997
FILLER_0_45_607, 290.64, 133.28, 1.79998
FILLER_0_44_637, 303.44, 133.28, 1.79999
FILLER_0_45_665, 316.24, 133.28, 1.79999
FILLER_0_45_721, 341.84, 133.28, 1.8
FILLER_0_44_749, 354.64, 133.28, 1.8
FILLER_0_45_777, 367.44, 133.28, 1.8
FILLER_0_44_805, 380.24, 133.28, 1.8
FILLER_0_45_833, 393.04, 133.28, 1.8
FILLER_0_44_861, 405.84, 133.28, 1.8
FILLER_0_45_889, 418.64, 133.28, 1.8
FILLER_0_44_917, 431.44, 133.28, 1.8
FILLER_0_45_945, 444.24, 133.28, 1.8
FILLER_0_44_973, 457.04, 133.28, 1.8
FILLER_0_45_1001, 469.84, 133.28, 1.8
FILLER_0_45_1057, 491.96, 133.28, 1.8
FILLER_0_46_1085, 501.28, 133.28, 1.8
PHY_EDGE_ROW_42_Left_134, 5.52, 127.84, 1.8
PHY_EDGE_ROW_43_Left_135, 5.52, 127.84, 1.8
PHY_EDGE_ROW_42_Right_42, 510.6, 127.84, 1.8
PHY_EDGE_ROW_43_Right_43, 510.6, 127.84, 1.8
FILLER_0_43_1089, 510.6, 127.84, 1.8
FILLER_0_43_51, 34.64, 127.84, 1.8
FILLER_0_44_77, 34.64, 127.84, 1.8
FILLER_0_43_105, 47.44, 127.84, 1.8
FILLER_0_42_133, 73.04, 127.84, 1.8
FILLER_0_43_161, 85.84, 127.84, 1.8
FILLER_0_42_189, 98.64, 127.84, 1.8
FILLER_0_43_217, 111.44, 127.84, 1.8
FILLER_0_42_245, 124.24, 127.84, 1.8
FILLER_0_43_273, 137.04, 127.84, 1.8
FILLER_0_42_301, 149.84, 127.84, 1.8
FILLER_0_43_329, 162.64, 127.84, 1.8
FILLER_0_43_385, 188.24, 127.84, 1.8
FILLER_0_42_413, 201.04, 127.84, 1.8
FILLER_0_43_441, 213.84, 127.84, 1.8
FILLER_0_42_469, 226.64, 127.84, 1.8
FILLER_0_43_497, 239.44, 127.84, 1.8
_2_, 252.24, 127.84, 1.8
FILLER_0_42_525, 252.24, 127.84, 1.8
FILLER_0_43_553, 265.04, 127.84, 1.8
FILLER_0_42_581, 277.84, 127.84, 1.8
FILLER_0_43_609, 290.64, 127.84, 1.8
FILLER_0_42_637, 303.44, 127.84, 1.8
FILLER_0_43_665, 316.24, 127.84, 1.8
FILLER_0_43_721, 341.84, 127.84, 1.8
FILLER_0_42_749, 354.64, 127.84, 1.8
FILLER_0_43_777, 367.44, 127.84, 1.8
FILLER_0_42_805, 380.24, 127.84, 1.8
FILLER_0_43_833, 393.04, 127.84, 1.8
FILLER_0_42_861, 405.84, 127.84, 1.8
FILLER_0_43_889, 418.64, 127.84, 1.8
FILLER_0_42_917, 431.44, 127.84, 1.8
FILLER_0_43_945, 444.24, 127.84, 1.8
FILLER_0_42_973, 457.04, 127.84, 1.8
FILLER_0_43_1001, 469.84, 127.84, 1.8
FILLER_0_43_1057, 491.96, 127.84, 1.8
FILLER_0_44_1085, 501.28, 127.84, 1.8
PHY_EDGE_ROW_40_Left_132, 5.52, 122.4, 1.8
PHY_EDGE_ROW_41_Left_133, 5.52, 122.4, 1.8
PHY_EDGE_ROW_40_Right_40, 510.6, 122.4, 1.8
PHY_EDGE_ROW_41_Right_41, 510.6, 122.4, 1.8
FILLER_0_41_1089, 510.6, 122.4, 1.8
FILLER_0_41_51, 34.64, 122.4, 1.8
FILLER_0_42_77, 34.64, 122.4, 1.8
FILLER_0_41_105, 47.44, 122.4, 1.8
FILLER_0_40_133, 73.04, 122.4, 1.8
FILLER_0_41_161, 85.84, 122.4, 1.8
FILLER_0_40_189, 98.64, 122.4, 1.8
FILLER_0_41_217, 111.44, 122.4, 1.8
FILLER_0_40_245, 124.24, 122.4, 1.8
FILLER_0_41_273, 137.04, 122.4, 1.8
FILLER_0_40_301, 149.84, 122.4, 1.8
FILLER_0_41_329, 162.64, 122.4, 1.8
FILLER_0_41_385, 188.24, 122.4, 1.8
FILLER_0_40_413, 201.04, 122.4, 1.8
FILLER_0_41_441, 213.84, 122.4, 1.8
FILLER_0_40_469, 226.64, 122.4, 1.8
FILLER_0_41_497, 239.44, 122.4, 1.8
FILLER_0_40_525, 252.24, 122.4, 1.8
FILLER_0_41_553, 265.04, 122.4, 1.8
FILLER_0_40_581, 277.84, 122.4, 1.8
FILLER_0_41_609, 290.64, 122.4, 1.8
FILLER_0_40_637, 303.44, 122.4, 1.8
FILLER_0_41_665, 316.24, 122.4, 1.8
FILLER_0_41_721, 341.84, 122.4, 1.8
FILLER_0_40_749, 354.64, 122.4, 1.8
FILLER_0_41_777, 367.44, 122.4, 1.8
FILLER_0_40_805, 380.24, 122.4, 1.8
FILLER_0_41_833, 393.04, 122.4, 1.8
FILLER_0_40_861, 405.84, 122.4, 1.8
FILLER_0_41_889, 418.64, 122.4, 1.8
FILLER_0_40_917, 431.44, 122.4, 1.8
FILLER_0_41_945, 444.24, 122.4, 1.8
FILLER_0_40_973, 457.04, 122.4, 1.8
FILLER_0_41_1001, 469.84, 122.4, 1.8
FILLER_0_41_1057, 491.96, 122.4, 1.8
FILLER_0_42_1085, 501.28, 122.4, 1.8
PHY_EDGE_ROW_38_Left_130, 5.52, 116.96, 1.8
PHY_EDGE_ROW_39_Left_131, 5.52, 116.96, 1.8
PHY_EDGE_ROW_38_Right_38, 510.6, 116.96, 1.8
PHY_EDGE_ROW_39_Right_39, 510.6, 116.96, 1.8
FILLER_0_39_1089, 510.6, 116.96, 1.8
FILLER_0_39_51, 34.64, 116.96, 1.8
FILLER_0_40_77, 34.64, 116.96, 1.8
FILLER_0_39_105, 47.44, 116.96, 1.8
FILLER_0_38_133, 73.04, 116.96, 1.8
FILLER_0_39_161, 85.84, 116.96, 1.8
FILLER_0_38_189, 98.64, 116.96, 1.8
FILLER_0_39_217, 111.44, 116.96, 1.8
FILLER_0_38_245, 124.24, 116.96, 1.8
FILLER_0_39_273, 137.04, 116.96, 1.8
FILLER_0_38_301, 149.84, 116.96, 1.8
FILLER_0_39_329, 162.64, 116.96, 1.8
FILLER_0_39_385, 188.24, 116.96, 1.8
FILLER_0_38_413, 201.04, 116.96, 1.8
FILLER_0_39_441, 213.84, 116.96, 1.8
FILLER_0_38_469, 226.64, 116.96, 1.8
FILLER_0_39_497, 239.44, 116.96, 1.8
FILLER_0_38_525, 252.24, 116.96, 1.8
FILLER_0_39_553, 265.04, 116.96, 1.8
FILLER_0_38_581, 277.84, 116.96, 1.8
FILLER_0_39_609, 290.64, 116.96, 1.8
FILLER_0_38_637, 303.44, 116.96, 1.8
FILLER_0_39_665, 316.24, 116.96, 1.8
FILLER_0_39_721, 341.84, 116.96, 1.8
FILLER_0_38_749, 354.64, 116.96, 1.8
FILLER_0_39_777, 367.44, 116.96, 1.8
FILLER_0_38_805, 380.24, 116.96, 1.8
FILLER_0_39_833, 393.04, 116.96, 1.8
FILLER_0_38_861, 405.84, 116.96, 1.8
FILLER_0_39_889, 418.64, 116.96, 1.8
FILLER_0_38_917, 431.44, 116.96, 1.8
FILLER_0_39_945, 444.24, 116.96, 1.8
FILLER_0_38_973, 457.04, 116.96, 1.8
FILLER_0_39_1001, 469.84, 116.96, 1.8
FILLER_0_39_1057, 491.96, 116.96, 1.8
FILLER_0_40_1085, 501.28, 116.96, 1.8
PHY_EDGE_ROW_36_Left_128, 5.52, 111.52, 1.8
PHY_EDGE_ROW_37_Left_129, 5.52, 111.52, 1.8
PHY_EDGE_ROW_36_Right_36, 510.6, 111.52, 1.8
PHY_EDGE_ROW_37_Right_37, 510.6, 111.52, 1.8
FILLER_0_37_1089, 510.6, 111.52, 1.8
FILLER_0_37_51, 34.64, 111.52, 1.8
FILLER_0_38_77, 34.64, 111.52, 1.8
FILLER_0_37_105, 47.44, 111.52, 1.8
FILLER_0_36_133, 73.04, 111.52, 1.8
FILLER_0_37_161, 85.84, 111.52, 1.8
FILLER_0_36_189, 98.64, 111.52, 1.8
FILLER_0_37_217, 111.44, 111.52, 1.8
FILLER_0_36_245, 124.24, 111.52, 1.8
FILLER_0_37_273, 137.04, 111.52, 1.8
FILLER_0_36_301, 149.84, 111.52, 1.8
FILLER_0_37_329, 162.64, 111.52, 1.8
FILLER_0_37_385, 188.24, 111.52, 1.8
FILLER_0_36_413, 201.04, 111.52, 1.8
FILLER_0_37_441, 213.84, 111.52, 1.8
FILLER_0_36_469, 226.64, 111.52, 1.8
FILLER_0_37_497, 239.44, 111.52, 1.8
FILLER_0_36_525, 252.24, 111.52, 1.8
FILLER_0_37_553, 265.04, 111.52, 1.8
FILLER_0_36_581, 277.84, 111.52, 1.8
FILLER_0_37_609, 290.64, 111.52, 1.8
FILLER_0_36_637, 303.44, 111.52, 1.8
FILLER_0_37_665, 316.24, 111.52, 1.8
FILLER_0_37_721, 341.84, 111.52, 1.8
FILLER_0_36_749, 354.64, 111.52, 1.8
FILLER_0_37_777, 367.44, 111.52, 1.8
FILLER_0_36_805, 380.24, 111.52, 1.8
FILLER_0_37_833, 393.04, 111.52, 1.8
FILLER_0_36_861, 405.84, 111.52, 1.8
FILLER_0_37_889, 418.64, 111.52, 1.8
FILLER_0_36_917, 431.44, 111.52, 1.8
FILLER_0_37_945, 444.24, 111.52, 1.8
FILLER_0_36_973, 457.04, 111.52, 1.8
FILLER_0_37_1001, 469.84, 111.52, 1.8
FILLER_0_37_1057, 491.96, 111.52, 1.8
FILLER_0_38_1085, 501.28, 111.52, 1.8
PHY_EDGE_ROW_34_Left_126, 5.52, 106.08, 1.8
PHY_EDGE_ROW_35_Left_127, 5.52, 106.08, 1.8
PHY_EDGE_ROW_34_Right_34, 510.6, 106.08, 1.8
PHY_EDGE_ROW_35_Right_35, 510.6, 106.08, 1.8
FILLER_0_35_1089, 510.6, 106.08, 1.8
FILLER_0_35_51, 34.64, 106.08, 1.8
FILLER_0_36_77, 34.64, 106.08, 1.8
FILLER_0_35_105, 47.44, 106.08, 1.8
FILLER_0_34_133, 73.04, 106.08, 1.8
FILLER_0_35_161, 85.84, 106.08, 1.8
FILLER_0_34_189, 98.64, 106.08, 1.8
FILLER_0_35_217, 111.44, 106.08, 1.8
FILLER_0_34_245, 124.24, 106.08, 1.8
FILLER_0_35_273, 137.04, 106.08, 1.8
FILLER_0_34_301, 149.84, 106.08, 1.8
FILLER_0_35_329, 162.64, 106.08, 1.8
FILLER_0_35_385, 188.24, 106.08, 1.8
FILLER_0_34_413, 201.04, 106.08, 1.8
FILLER_0_35_441, 213.84, 106.08, 1.8
FILLER_0_34_469, 226.64, 106.08, 1.8
FILLER_0_35_497, 239.44, 106.08, 1.8
FILLER_0_34_525, 252.24, 106.08, 1.8
FILLER_0_35_553, 265.04, 106.08, 1.8
FILLER_0_34_581, 277.84, 106.08, 1.8
FILLER_0_35_609, 290.64, 106.08, 1.8
FILLER_0_34_637, 303.44, 106.08, 1.8
FILLER_0_35_665, 316.24, 106.08, 1.8
FILLER_0_35_721, 341.84, 106.08, 1.8
FILLER_0_34_749, 354.64, 106.08, 1.8
FILLER_0_35_777, 367.44, 106.08, 1.8
FILLER_0_34_805, 380.24, 106.08, 1.8
FILLER_0_35_833, 393.04, 106.08, 1.8
FILLER_0_34_861, 405.84, 106.08, 1.8
FILLER_0_35_889, 418.64, 106.08, 1.8
FILLER_0_34_917, 431.44, 106.08, 1.8
FILLER_0_35_945, 444.24, 106.08, 1.8
FILLER_0_34_973, 457.04, 106.08, 1.8
FILLER_0_35_1001, 469.84, 106.08, 1.8
FILLER_0_35_1057, 491.96, 106.08, 1.8
FILLER_0_36_1085, 501.28, 106.08, 1.8
PHY_EDGE_ROW_32_Left_124, 5.52, 100.64, 1.8
PHY_EDGE_ROW_33_Left_125, 5.52, 100.64, 1.8
PHY_EDGE_ROW_32_Right_32, 510.6, 100.64, 1.8
PHY_EDGE_ROW_33_Right_33, 510.6, 100.64, 1.8
FILLER_0_33_1089, 510.6, 100.64, 1.8
FILLER_0_33_51, 34.64, 100.64, 1.8
FILLER_0_34_77, 34.64, 100.64, 1.8
FILLER_0_33_105, 47.44, 100.64, 1.8
FILLER_0_32_133, 73.04, 100.64, 1.8
FILLER_0_33_161, 85.84, 100.64, 1.8
FILLER_0_32_189, 98.64, 100.64, 1.8
FILLER_0_33_217, 111.44, 100.64, 1.8
FILLER_0_32_245, 124.24, 100.64, 1.8
FILLER_0_33_273, 137.04, 100.64, 1.8
FILLER_0_32_301, 149.84, 100.64, 1.8
FILLER_0_33_329, 162.64, 100.64, 1.8
FILLER_0_33_385, 188.24, 100.64, 1.8
FILLER_0_32_413, 201.04, 100.64, 1.8
FILLER_0_33_441, 213.84, 100.64, 1.8
FILLER_0_32_469, 226.64, 100.64, 1.8
FILLER_0_33_497, 239.44, 100.64, 1.8
FILLER_0_32_525, 252.24, 100.64, 1.8
FILLER_0_33_553, 265.04, 100.64, 1.8
FILLER_0_32_581, 277.84, 100.64, 1.8
FILLER_0_33_609, 290.64, 100.64, 1.8
FILLER_0_32_637, 303.44, 100.64, 1.8
FILLER_0_33_665, 316.24, 100.64, 1.8
FILLER_0_33_721, 341.84, 100.64, 1.8
FILLER_0_32_749, 354.64, 100.64, 1.8
FILLER_0_33_777, 367.44, 100.64, 1.8
FILLER_0_32_805, 380.24, 100.64, 1.8
FILLER_0_33_833, 393.04, 100.64, 1.8
FILLER_0_32_861, 405.84, 100.64, 1.8
FILLER_0_33_889, 418.64, 100.64, 1.8
FILLER_0_32_917, 431.44, 100.64, 1.8
FILLER_0_33_945, 444.24, 100.64, 1.8
FILLER_0_32_973, 457.04, 100.64, 1.8
FILLER_0_33_1001, 469.84, 100.64, 1.8
FILLER_0_33_1057, 491.96, 100.64, 1.8
FILLER_0_34_1085, 501.28, 100.64, 1.8
PHY_EDGE_ROW_30_Left_122, 5.52, 95.2, 1.8
PHY_EDGE_ROW_31_Left_123, 5.52, 95.2, 1.8
PHY_EDGE_ROW_30_Right_30, 510.6, 95.2, 1.8
PHY_EDGE_ROW_31_Right_31, 510.6, 95.2, 1.8
FILLER_0_31_1089, 510.6, 95.2, 1.8
FILLER_0_31_51, 34.64, 95.2, 1.8
FILLER_0_32_77, 34.64, 95.2, 1.8
FILLER_0_31_105, 47.44, 95.2, 1.8
FILLER_0_30_133, 73.04, 95.2, 1.8
FILLER_0_31_161, 85.84, 95.2, 1.8
FILLER_0_30_189, 98.64, 95.2, 1.8
FILLER_0_31_217, 111.44, 95.2, 1.8
FILLER_0_30_245, 124.24, 95.2, 1.8
FILLER_0_31_273, 137.04, 95.2, 1.8
FILLER_0_30_301, 149.84, 95.2, 1.8
FILLER_0_31_329, 162.64, 95.2, 1.8
FILLER_0_31_385, 188.24, 95.2, 1.8
FILLER_0_30_413, 201.04, 95.2, 1.8
FILLER_0_31_441, 213.84, 95.2, 1.8
FILLER_0_30_469, 226.64, 95.2, 1.8
FILLER_0_31_497, 239.44, 95.2, 1.8
FILLER_0_30_525, 252.24, 95.2, 1.8
FILLER_0_31_553, 265.04, 95.2, 1.8
FILLER_0_30_581, 277.84, 95.2, 1.8
FILLER_0_31_609, 290.64, 95.2, 1.8
FILLER_0_30_637, 303.44, 95.2, 1.8
FILLER_0_31_665, 316.24, 95.2, 1.8
FILLER_0_31_721, 341.84, 95.2, 1.8
FILLER_0_30_749, 354.64, 95.2, 1.8
FILLER_0_31_777, 367.44, 95.2, 1.8
FILLER_0_30_805, 380.24, 95.2, 1.8
FILLER_0_31_833, 393.04, 95.2, 1.8
FILLER_0_30_861, 405.84, 95.2, 1.8
FILLER_0_31_889, 418.64, 95.2, 1.8
FILLER_0_30_917, 431.44, 95.2, 1.8
FILLER_0_31_945, 444.24, 95.2, 1.8
FILLER_0_30_973, 457.04, 95.2, 1.8
FILLER_0_31_1001, 469.84, 95.2, 1.8
FILLER_0_31_1057, 491.96, 95.2, 1.8
FILLER_0_32_1085, 501.28, 95.2, 1.8
PHY_EDGE_ROW_28_Left_120, 5.52, 89.76, 1.8
PHY_EDGE_ROW_29_Left_121, 5.52, 89.76, 1.8
PHY_EDGE_ROW_28_Right_28, 510.6, 89.76, 1.8
PHY_EDGE_ROW_29_Right_29, 510.6, 89.76, 1.8
FILLER_0_29_1089, 510.6, 89.76, 1.8
FILLER_0_29_51, 34.64, 89.76, 1.8
FILLER_0_30_77, 34.64, 89.76, 1.8
FILLER_0_29_105, 47.44, 89.76, 1.8
FILLER_0_28_133, 73.04, 89.76, 1.8
FILLER_0_29_161, 85.84, 89.76, 1.8
FILLER_0_28_189, 98.64, 89.76, 1.8
FILLER_0_29_217, 111.44, 89.76, 1.8
FILLER_0_28_245, 124.24, 89.76, 1.8
FILLER_0_29_273, 137.04, 89.76, 1.8
FILLER_0_28_301, 149.84, 89.76, 1.8
FILLER_0_29_329, 162.64, 89.76, 1.8
FILLER_0_29_385, 188.24, 89.76, 1.8
FILLER_0_28_413, 201.04, 89.76, 1.8
FILLER_0_29_441, 213.84, 89.76, 1.8
FILLER_0_28_469, 226.64, 89.76, 1.8
FILLER_0_29_497, 239.44, 89.76, 1.8
FILLER_0_28_525, 252.24, 89.76, 1.8
FILLER_0_29_553, 265.04, 89.76, 1.8
FILLER_0_28_581, 277.84, 89.76, 1.8
FILLER_0_29_609, 290.64, 89.76, 1.8
FILLER_0_28_637, 303.44, 89.76, 1.8
FILLER_0_29_665, 316.24, 89.76, 1.8
FILLER_0_29_721, 341.84, 89.76, 1.8
FILLER_0_28_749, 354.64, 89.76, 1.8
FILLER_0_29_777, 367.44, 89.76, 1.8
FILLER_0_28_805, 380.24, 89.76, 1.8
FILLER_0_29_833, 393.04, 89.76, 1.8
FILLER_0_28_861, 405.84, 89.76, 1.8
FILLER_0_29_889, 418.64, 89.76, 1.8
FILLER_0_28_917, 431.44, 89.76, 1.8
FILLER_0_29_945, 444.24, 89.76, 1.8
FILLER_0_28_973, 457.04, 89.76, 1.8
FILLER_0_29_1001, 469.84, 89.76, 1.8
FILLER_0_29_1057, 491.96, 89.76, 1.8
FILLER_0_30_1085, 501.28, 89.76, 1.8
PHY_EDGE_ROW_26_Left_118, 5.52, 84.32, 1.8
PHY_EDGE_ROW_27_Left_119, 5.52, 84.32, 1.8
PHY_EDGE_ROW_26_Right_26, 510.6, 84.32, 1.8
PHY_EDGE_ROW_27_Right_27, 510.6, 84.32, 1.8
FILLER_0_27_1089, 510.6, 84.32, 1.8
FILLER_0_27_51, 34.64, 84.32, 1.8
FILLER_0_28_77, 34.64, 84.32, 1.8
FILLER_0_27_105, 47.44, 84.32, 1.8
FILLER_0_26_133, 73.04, 84.32, 1.8
FILLER_0_27_161, 85.84, 84.32, 1.8
FILLER_0_26_189, 98.64, 84.32, 1.8
FILLER_0_27_217, 111.44, 84.32, 1.8
FILLER_0_26_245, 124.24, 84.32, 1.8
FILLER_0_27_273, 137.04, 84.32, 1.8
FILLER_0_26_301, 149.84, 84.32, 1.8
FILLER_0_27_329, 162.64, 84.32, 1.8
FILLER_0_27_385, 188.24, 84.32, 1.8
FILLER_0_26_413, 201.04, 84.32, 1.8
FILLER_0_27_441, 213.84, 84.32, 1.8
FILLER_0_26_469, 226.64, 84.32, 1.8
FILLER_0_27_497, 239.44, 84.32, 1.8
FILLER_0_26_525, 252.24, 84.32, 1.8
FILLER_0_27_553, 265.04, 84.32, 1.8
FILLER_0_26_581, 277.84, 84.32, 1.8
FILLER_0_27_609, 290.64, 84.32, 1.8
FILLER_0_26_637, 303.44, 84.32, 1.8
FILLER_0_27_665, 316.24, 84.32, 1.8
FILLER_0_27_721, 341.84, 84.32, 1.8
FILLER_0_26_749, 354.64, 84.32, 1.8
FILLER_0_27_777, 367.44, 84.32, 1.8
FILLER_0_26_805, 380.24, 84.32, 1.8
FILLER_0_27_833, 393.04, 84.32, 1.8
FILLER_0_26_861, 405.84, 84.32, 1.8
FILLER_0_27_889, 418.64, 84.32, 1.8
FILLER_0_26_917, 431.44, 84.32, 1.8
FILLER_0_27_945, 444.24, 84.32, 1.8
FILLER_0_26_973, 457.04, 84.32, 1.8
FILLER_0_27_1001, 469.84, 84.32, 1.8
FILLER_0_27_1057, 491.96, 84.32, 1.8
FILLER_0_28_1085, 501.28, 84.32, 1.8
PHY_EDGE_ROW_24_Left_116, 5.52, 78.88, 1.8
PHY_EDGE_ROW_25_Left_117, 5.52, 78.88, 1.8
PHY_EDGE_ROW_24_Right_24, 510.6, 78.88, 1.8
PHY_EDGE_ROW_25_Right_25, 510.6, 78.88, 1.8
FILLER_0_25_1089, 510.6, 78.88, 1.8
FILLER_0_25_51, 34.64, 78.88, 1.8
FILLER_0_26_77, 34.64, 78.88, 1.8
FILLER_0_25_105, 47.44, 78.88, 1.8
FILLER_0_24_133, 73.04, 78.88, 1.8
FILLER_0_25_161, 85.84, 78.88, 1.8
FILLER_0_24_189, 98.64, 78.88, 1.8
FILLER_0_25_217, 111.44, 78.88, 1.8
FILLER_0_24_245, 124.24, 78.88, 1.8
FILLER_0_25_273, 137.04, 78.88, 1.8
FILLER_0_24_301, 149.84, 78.88, 1.8
FILLER_0_25_329, 162.64, 78.88, 1.8
FILLER_0_25_385, 188.24, 78.88, 1.8
FILLER_0_24_413, 201.04, 78.88, 1.8
FILLER_0_25_441, 213.84, 78.88, 1.8
FILLER_0_24_469, 226.64, 78.88, 1.8
FILLER_0_25_497, 239.44, 78.88, 1.8
FILLER_0_24_525, 252.24, 78.88, 1.8
FILLER_0_25_553, 265.04, 78.88, 1.8
FILLER_0_24_581, 277.84, 78.88, 1.8
FILLER_0_25_609, 290.64, 78.88, 1.8
FILLER_0_24_637, 303.44, 78.88, 1.8
FILLER_0_25_665, 316.24, 78.88, 1.8
FILLER_0_25_721, 341.84, 78.88, 1.8
FILLER_0_24_749, 354.64, 78.88, 1.8
FILLER_0_25_777, 367.44, 78.88, 1.8
FILLER_0_24_805, 380.24, 78.88, 1.8
FILLER_0_25_833, 393.04, 78.88, 1.8
FILLER_0_24_861, 405.84, 78.88, 1.8
FILLER_0_25_889, 418.64, 78.88, 1.8
FILLER_0_24_917, 431.44, 78.88, 1.8
FILLER_0_25_945, 444.24, 78.88, 1.8
FILLER_0_24_973, 457.04, 78.88, 1.8
FILLER_0_25_1001, 469.84, 78.88, 1.8
FILLER_0_25_1057, 491.96, 78.88, 1.8
FILLER_0_26_1085, 501.28, 78.88, 1.8
PHY_EDGE_ROW_22_Left_114, 5.52, 73.44, 1.8
PHY_EDGE_ROW_23_Left_115, 5.52, 73.44, 1.8
PHY_EDGE_ROW_22_Right_22, 510.6, 73.44, 1.8
PHY_EDGE_ROW_23_Right_23, 510.6, 73.44, 1.8
FILLER_0_23_1089, 510.6, 73.44, 1.8
FILLER_0_23_51, 34.64, 73.44, 1.8
FILLER_0_24_77, 34.64, 73.44, 1.8
FILLER_0_23_105, 47.44, 73.44, 1.8
FILLER_0_22_133, 73.04, 73.44, 1.8
FILLER_0_23_161, 85.84, 73.44, 1.8
FILLER_0_22_189, 98.64, 73.44, 1.8
FILLER_0_23_217, 111.44, 73.44, 1.8
FILLER_0_22_245, 124.24, 73.44, 1.8
FILLER_0_23_273, 137.04, 73.44, 1.8
FILLER_0_22_301, 149.84, 73.44, 1.8
FILLER_0_23_329, 162.64, 73.44, 1.8
FILLER_0_23_385, 188.24, 73.44, 1.8
FILLER_0_22_413, 201.04, 73.44, 1.8
FILLER_0_23_441, 213.84, 73.44, 1.8
FILLER_0_22_469, 226.64, 73.44, 1.8
FILLER_0_23_497, 239.44, 73.44, 1.8
FILLER_0_22_525, 252.24, 73.44, 1.8
FILLER_0_23_553, 265.04, 73.44, 1.8
FILLER_0_22_581, 277.84, 73.44, 1.8
FILLER_0_23_609, 290.64, 73.44, 1.8
FILLER_0_22_637, 303.44, 73.44, 1.8
FILLER_0_23_665, 316.24, 73.44, 1.8
FILLER_0_23_721, 341.84, 73.44, 1.8
FILLER_0_22_749, 354.64, 73.44, 1.8
FILLER_0_23_777, 367.44, 73.44, 1.8
FILLER_0_22_805, 380.24, 73.44, 1.8
FILLER_0_23_833, 393.04, 73.44, 1.8
FILLER_0_22_861, 405.84, 73.44, 1.8
FILLER_0_23_889, 418.64, 73.44, 1.8
FILLER_0_22_917, 431.44, 73.44, 1.8
FILLER_0_23_945, 444.24, 73.44, 1.8
FILLER_0_22_973, 457.04, 73.44, 1.8
FILLER_0_23_1001, 469.84, 73.44, 1.8
FILLER_0_23_1057, 491.96, 73.44, 1.8
FILLER_0_24_1085, 501.28, 73.44, 1.8
PHY_EDGE_ROW_20_Left_112, 5.52, 68, 1.8
PHY_EDGE_ROW_21_Left_113, 5.52, 68, 1.8
PHY_EDGE_ROW_20_Right_20, 510.6, 68, 1.8
PHY_EDGE_ROW_21_Right_21, 510.6, 68, 1.8
FILLER_0_21_1089, 510.6, 68, 1.8
FILLER_0_21_51, 34.64, 68, 1.8
FILLER_0_22_77, 34.64, 68, 1.8
FILLER_0_21_105, 47.44, 68, 1.8
FILLER_0_20_133, 73.04, 68, 1.8
FILLER_0_21_161, 85.84, 68, 1.8
FILLER_0_20_189, 98.64, 68, 1.8
FILLER_0_21_217, 111.44, 68, 1.8
FILLER_0_20_245, 124.24, 68, 1.8
FILLER_0_21_273, 137.04, 68, 1.8
FILLER_0_20_301, 149.84, 68, 1.8
FILLER_0_21_329, 162.64, 68, 1.8
FILLER_0_21_385, 188.24, 68, 1.8
FILLER_0_20_413, 201.04, 68, 1.8
FILLER_0_21_441, 213.84, 68, 1.8
FILLER_0_20_469, 226.64, 68, 1.8
FILLER_0_21_497, 239.44, 68, 1.8
FILLER_0_20_525, 252.24, 68, 1.8
FILLER_0_21_553, 265.04, 68, 1.8
FILLER_0_20_581, 277.84, 68, 1.8
FILLER_0_21_609, 290.64, 68, 1.8
FILLER_0_20_637, 303.44, 68, 1.8
FILLER_0_21_665, 316.24, 68, 1.8
FILLER_0_21_721, 341.84, 68, 1.8
FILLER_0_20_749, 354.64, 68, 1.8
FILLER_0_21_777, 367.44, 68, 1.8
FILLER_0_20_805, 380.24, 68, 1.8
FILLER_0_21_833, 393.04, 68, 1.8
FILLER_0_20_861, 405.84, 68, 1.8
FILLER_0_21_889, 418.64, 68, 1.8
FILLER_0_20_917, 431.44, 68, 1.8
FILLER_0_21_945, 444.24, 68, 1.8
FILLER_0_20_973, 457.04, 68, 1.8
FILLER_0_21_1001, 469.84, 68, 1.8
FILLER_0_21_1057, 491.96, 68, 1.8
FILLER_0_22_1085, 501.28, 68, 1.8
PHY_EDGE_ROW_18_Left_110, 5.52, 62.56, 1.8
PHY_EDGE_ROW_19_Left_111, 5.52, 62.56, 1.8
PHY_EDGE_ROW_18_Right_18, 510.6, 62.56, 1.8
PHY_EDGE_ROW_19_Right_19, 510.6, 62.56, 1.8
FILLER_0_19_1089, 510.6, 62.56, 1.8
FILLER_0_19_51, 34.64, 62.56, 1.8
FILLER_0_20_77, 34.64, 62.56, 1.8
FILLER_0_19_105, 47.44, 62.56, 1.8
FILLER_0_18_133, 73.04, 62.56, 1.8
FILLER_0_19_161, 85.84, 62.56, 1.8
FILLER_0_18_189, 98.64, 62.56, 1.8
FILLER_0_19_217, 111.44, 62.56, 1.8
FILLER_0_18_245, 124.24, 62.56, 1.8
FILLER_0_19_273, 137.04, 62.56, 1.8
FILLER_0_18_301, 149.84, 62.56, 1.8
FILLER_0_19_329, 162.64, 62.56, 1.8
FILLER_0_19_385, 188.24, 62.56, 1.8
FILLER_0_18_413, 201.04, 62.56, 1.8
FILLER_0_19_441, 213.84, 62.56, 1.8
FILLER_0_18_469, 226.64, 62.56, 1.8
FILLER_0_19_497, 239.44, 62.56, 1.8
FILLER_0_18_525, 252.24, 62.56, 1.8
FILLER_0_19_553, 265.04, 62.56, 1.8
FILLER_0_18_581, 277.84, 62.56, 1.8
FILLER_0_19_609, 290.64, 62.56, 1.8
FILLER_0_18_637, 303.44, 62.56, 1.8
FILLER_0_19_665, 316.24, 62.56, 1.8
FILLER_0_19_721, 341.84, 62.56, 1.8
FILLER_0_18_749, 354.64, 62.56, 1.8
FILLER_0_19_777, 367.44, 62.56, 1.8
FILLER_0_18_805, 380.24, 62.56, 1.8
FILLER_0_19_833, 393.04, 62.56, 1.8
FILLER_0_18_861, 405.84, 62.56, 1.8
FILLER_0_19_889, 418.64, 62.56, 1.8
FILLER_0_18_917, 431.44, 62.56, 1.8
FILLER_0_19_945, 444.24, 62.56, 1.8
FILLER_0_18_973, 457.04, 62.56, 1.8
FILLER_0_19_1001, 469.84, 62.56, 1.8
FILLER_0_19_1057, 491.96, 62.56, 1.8
FILLER_0_20_1085, 501.28, 62.56, 1.8
PHY_EDGE_ROW_16_Left_108, 5.52, 57.12, 1.8
PHY_EDGE_ROW_17_Left_109, 5.52, 57.12, 1.8
PHY_EDGE_ROW_16_Right_16, 510.6, 57.12, 1.8
PHY_EDGE_ROW_17_Right_17, 510.6, 57.12, 1.8
FILLER_0_17_1089, 510.6, 57.12, 1.8
FILLER_0_17_51, 34.64, 57.12, 1.8
FILLER_0_18_77, 34.64, 57.12, 1.8
FILLER_0_17_105, 47.44, 57.12, 1.8
FILLER_0_16_133, 73.04, 57.12, 1.8
FILLER_0_17_161, 85.84, 57.12, 1.8
FILLER_0_16_189, 98.64, 57.12, 1.8
FILLER_0_17_217, 111.44, 57.12, 1.8
FILLER_0_16_245, 124.24, 57.12, 1.8
FILLER_0_17_273, 137.04, 57.12, 1.8
FILLER_0_16_301, 149.84, 57.12, 1.8
FILLER_0_17_329, 162.64, 57.12, 1.8
FILLER_0_17_385, 188.24, 57.12, 1.8
FILLER_0_16_413, 201.04, 57.12, 1.8
FILLER_0_17_441, 213.84, 57.12, 1.8
FILLER_0_16_469, 226.64, 57.12, 1.8
FILLER_0_17_497, 239.44, 57.12, 1.8
FILLER_0_16_525, 252.24, 57.12, 1.8
FILLER_0_17_553, 265.04, 57.12, 1.8
FILLER_0_16_581, 277.84, 57.12, 1.8
FILLER_0_17_609, 290.64, 57.12, 1.8
FILLER_0_16_637, 303.44, 57.12, 1.8
FILLER_0_17_665, 316.24, 57.12, 1.8
FILLER_0_17_721, 341.84, 57.12, 1.8
FILLER_0_16_749, 354.64, 57.12, 1.8
FILLER_0_17_777, 367.44, 57.12, 1.8
FILLER_0_16_805, 380.24, 57.12, 1.8
FILLER_0_17_833, 393.04, 57.12, 1.8
FILLER_0_16_861, 405.84, 57.12, 1.8
FILLER_0_17_889, 418.64, 57.12, 1.8
FILLER_0_16_917, 431.44, 57.12, 1.8
FILLER_0_17_945, 444.24, 57.12, 1.8
FILLER_0_16_973, 457.04, 57.12, 1.8
FILLER_0_17_1001, 469.84, 57.12, 1.8
FILLER_0_17_1057, 491.96, 57.12, 1.8
FILLER_0_18_1085, 501.28, 57.12, 1.8
PHY_EDGE_ROW_14_Left_106, 5.52, 51.68, 1.8
PHY_EDGE_ROW_15_Left_107, 5.52, 51.68, 1.8
PHY_EDGE_ROW_14_Right_14, 510.6, 51.68, 1.8
PHY_EDGE_ROW_15_Right_15, 510.6, 51.68, 1.8
FILLER_0_15_1089, 510.6, 51.68, 1.8
FILLER_0_15_51, 34.64, 51.68, 1.8
FILLER_0_16_77, 34.64, 51.68, 1.8
FILLER_0_15_105, 47.44, 51.68, 1.8
FILLER_0_14_133, 73.04, 51.68, 1.8
FILLER_0_15_161, 85.84, 51.68, 1.8
FILLER_0_14_189, 98.64, 51.68, 1.8
FILLER_0_15_217, 111.44, 51.68, 1.8
FILLER_0_14_245, 124.24, 51.68, 1.8
FILLER_0_15_273, 137.04, 51.68, 1.8
FILLER_0_14_301, 149.84, 51.68, 1.8
FILLER_0_15_329, 162.64, 51.68, 1.8
FILLER_0_15_385, 188.24, 51.68, 1.8
FILLER_0_14_413, 201.04, 51.68, 1.8
FILLER_0_15_441, 213.84, 51.68, 1.8
FILLER_0_14_469, 226.64, 51.68, 1.8
FILLER_0_15_497, 239.44, 51.68, 1.8
FILLER_0_14_525, 252.24, 51.68, 1.8
FILLER_0_15_553, 265.04, 51.68, 1.8
FILLER_0_14_581, 277.84, 51.68, 1.8
FILLER_0_15_609, 290.64, 51.68, 1.8
FILLER_0_14_637, 303.44, 51.68, 1.8
FILLER_0_15_665, 316.24, 51.68, 1.8
FILLER_0_15_721, 341.84, 51.68, 1.8
FILLER_0_14_749, 354.64, 51.68, 1.8
FILLER_0_15_777, 367.44, 51.68, 1.8
FILLER_0_14_805, 380.24, 51.68, 1.8
FILLER_0_15_833, 393.04, 51.68, 1.8
FILLER_0_14_861, 405.84, 51.68, 1.8
FILLER_0_15_889, 418.64, 51.68, 1.8
FILLER_0_14_917, 431.44, 51.68, 1.8
FILLER_0_15_945, 444.24, 51.68, 1.8
FILLER_0_14_973, 457.04, 51.68, 1.8
FILLER_0_15_1001, 469.84, 51.68, 1.8
FILLER_0_15_1057, 491.96, 51.68, 1.8
FILLER_0_16_1085, 501.28, 51.68, 1.8
PHY_EDGE_ROW_12_Left_104, 5.52, 46.24, 1.8
PHY_EDGE_ROW_13_Left_105, 5.52, 46.24, 1.8
PHY_EDGE_ROW_12_Right_12, 510.6, 46.24, 1.8
PHY_EDGE_ROW_13_Right_13, 510.6, 46.24, 1.8
FILLER_0_13_1089, 510.6, 46.24, 1.8
FILLER_0_13_51, 34.64, 46.24, 1.8
FILLER_0_14_77, 34.64, 46.24, 1.8
FILLER_0_13_105, 47.44, 46.24, 1.8
FILLER_0_12_133, 73.04, 46.24, 1.8
FILLER_0_13_161, 85.84, 46.24, 1.8
FILLER_0_12_189, 98.64, 46.24, 1.8
FILLER_0_13_217, 111.44, 46.24, 1.8
FILLER_0_12_245, 124.24, 46.24, 1.8
FILLER_0_13_273, 137.04, 46.24, 1.8
FILLER_0_12_301, 149.84, 46.24, 1.8
FILLER_0_13_329, 162.64, 46.24, 1.8
FILLER_0_13_385, 188.24, 46.24, 1.8
FILLER_0_12_413, 201.04, 46.24, 1.8
FILLER_0_13_441, 213.84, 46.24, 1.8
FILLER_0_12_469, 226.64, 46.24, 1.8
FILLER_0_13_497, 239.44, 46.24, 1.8
FILLER_0_12_525, 252.24, 46.24, 1.8
FILLER_0_13_553, 265.04, 46.24, 1.8
FILLER_0_12_581, 277.84, 46.24, 1.8
FILLER_0_13_609, 290.64, 46.24, 1.8
FILLER_0_12_637, 303.44, 46.24, 1.8
FILLER_0_13_665, 316.24, 46.24, 1.8
FILLER_0_13_721, 341.84, 46.24, 1.8
FILLER_0_12_749, 354.64, 46.24, 1.8
FILLER_0_13_777, 367.44, 46.24, 1.8
FILLER_0_12_805, 380.24, 46.24, 1.8
FILLER_0_13_833, 393.04, 46.24, 1.8
FILLER_0_12_861, 405.84, 46.24, 1.8
FILLER_0_13_889, 418.64, 46.24, 1.8
FILLER_0_12_917, 431.44, 46.24, 1.8
FILLER_0_13_945, 444.24, 46.24, 1.8
FILLER_0_12_973, 457.04, 46.24, 1.8
FILLER_0_13_1001, 469.84, 46.24, 1.8
FILLER_0_13_1057, 491.96, 46.24, 1.8
FILLER_0_14_1085, 501.28, 46.24, 1.8
PHY_EDGE_ROW_10_Left_102, 5.52, 40.8, 1.8
PHY_EDGE_ROW_11_Left_103, 5.52, 40.8, 1.8
PHY_EDGE_ROW_10_Right_10, 510.6, 40.8, 1.8
PHY_EDGE_ROW_11_Right_11, 510.6, 40.8, 1.8
FILLER_0_11_1089, 510.6, 40.8, 1.8
FILLER_0_11_51, 34.64, 40.8, 1.8
FILLER_0_12_77, 34.64, 40.8, 1.8
FILLER_0_11_105, 47.44, 40.8, 1.8
FILLER_0_10_133, 73.04, 40.8, 1.8
FILLER_0_11_161, 85.84, 40.8, 1.8
FILLER_0_10_189, 98.64, 40.8, 1.8
FILLER_0_11_217, 111.44, 40.8, 1.8
FILLER_0_10_245, 124.24, 40.8, 1.8
FILLER_0_11_273, 137.04, 40.8, 1.8
FILLER_0_10_301, 149.84, 40.8, 1.8
FILLER_0_11_329, 162.64, 40.8, 1.8
FILLER_0_11_385, 188.24, 40.8, 1.8
FILLER_0_10_413, 201.04, 40.8, 1.8
FILLER_0_11_441, 213.84, 40.8, 1.8
FILLER_0_10_469, 226.64, 40.8, 1.8
FILLER_0_11_497, 239.44, 40.8, 1.8
FILLER_0_10_525, 252.24, 40.8, 1.8
FILLER_0_11_553, 265.04, 40.8, 1.8
FILLER_0_10_581, 277.84, 40.8, 1.8
FILLER_0_11_609, 290.64, 40.8, 1.8
FILLER_0_10_637, 303.44, 40.8, 1.8
FILLER_0_11_665, 316.24, 40.8, 1.8
FILLER_0_11_721, 341.84, 40.8, 1.8
FILLER_0_10_749, 354.64, 40.8, 1.8
FILLER_0_11_777, 367.44, 40.8, 1.8
FILLER_0_10_805, 380.24, 40.8, 1.8
FILLER_0_11_833, 393.04, 40.8, 1.8
FILLER_0_10_861, 405.84, 40.8, 1.8
FILLER_0_11_889, 418.64, 40.8, 1.8
FILLER_0_10_917, 431.44, 40.8, 1.8
FILLER_0_11_945, 444.24, 40.8, 1.8
FILLER_0_10_973, 457.04, 40.8, 1.8
FILLER_0_11_1001, 469.84, 40.8, 1.8
FILLER_0_11_1057, 491.96, 40.8, 1.8
FILLER_0_12_1085, 501.28, 40.8, 1.8
PHY_EDGE_ROW_8_Left_100, 5.52, 35.36, 1.8
PHY_EDGE_ROW_9_Left_101, 5.52, 35.36, 1.8
PHY_EDGE_ROW_8_Right_8, 510.6, 35.36, 1.8
PHY_EDGE_ROW_9_Right_9, 510.6, 35.36, 1.8
FILLER_0_9_1089, 510.6, 35.36, 1.8
FILLER_0_9_51, 34.64, 35.36, 1.8
FILLER_0_10_77, 34.64, 35.36, 1.8
FILLER_0_9_105, 47.44, 35.36, 1.8
FILLER_0_8_133, 73.04, 35.36, 1.8
FILLER_0_9_161, 85.84, 35.36, 1.8
FILLER_0_8_189, 98.64, 35.36, 1.8
FILLER_0_9_217, 111.44, 35.36, 1.8
FILLER_0_8_245, 124.24, 35.36, 1.8
FILLER_0_9_273, 137.04, 35.36, 1.8
FILLER_0_8_301, 149.84, 35.36, 1.8
FILLER_0_9_329, 162.64, 35.36, 1.8
FILLER_0_9_385, 188.24, 35.36, 1.8
FILLER_0_8_413, 201.04, 35.36, 1.8
FILLER_0_9_441, 213.84, 35.36, 1.8
FILLER_0_8_469, 226.64, 35.36, 1.8
FILLER_0_9_497, 239.44, 35.36, 1.8
FILLER_0_8_525, 252.24, 35.36, 1.8
FILLER_0_9_553, 265.04, 35.36, 1.8
FILLER_0_8_581, 277.84, 35.36, 1.8
FILLER_0_9_609, 290.64, 35.36, 1.8
FILLER_0_8_637, 303.44, 35.36, 1.8
FILLER_0_9_665, 316.24, 35.36, 1.8
FILLER_0_9_721, 341.84, 35.36, 1.8
FILLER_0_8_749, 354.64, 35.36, 1.8
FILLER_0_9_777, 367.44, 35.36, 1.8
FILLER_0_8_805, 380.24, 35.36, 1.8
FILLER_0_9_833, 393.04, 35.36, 1.8
FILLER_0_8_861, 405.84, 35.36, 1.8
FILLER_0_9_889, 418.64, 35.36, 1.8
FILLER_0_8_917, 431.44, 35.36, 1.8
FILLER_0_9_945, 444.24, 35.36, 1.8
FILLER_0_8_973, 457.04, 35.36, 1.8
FILLER_0_9_1001, 469.84, 35.36, 1.8
FILLER_0_9_1057, 491.96, 35.36, 1.8
FILLER_0_10_1085, 501.28, 35.36, 1.8
PHY_EDGE_ROW_6_Left_98, 5.52, 29.92, 1.8
PHY_EDGE_ROW_7_Left_99, 5.52, 29.92, 1.8
PHY_EDGE_ROW_6_Right_6, 510.6, 29.92, 1.8
PHY_EDGE_ROW_7_Right_7, 510.6, 29.92, 1.8
FILLER_0_7_1089, 510.6, 29.92, 1.8
FILLER_0_7_51, 34.64, 29.92, 1.8
FILLER_0_8_77, 34.64, 29.92, 1.8
FILLER_0_7_105, 47.44, 29.92, 1.8
FILLER_0_6_133, 73.04, 29.92, 1.8
FILLER_0_7_161, 85.84, 29.92, 1.8
FILLER_0_6_189, 98.64, 29.92, 1.8
FILLER_0_7_217, 111.44, 29.92, 1.8
FILLER_0_6_245, 124.24, 29.92, 1.8
FILLER_0_7_273, 137.04, 29.92, 1.8
FILLER_0_6_301, 149.84, 29.92, 1.8
FILLER_0_7_329, 162.64, 29.92, 1.8
FILLER_0_7_385, 188.24, 29.92, 1.8
FILLER_0_6_413, 201.04, 29.92, 1.8
FILLER_0_7_441, 213.84, 29.92, 1.8
FILLER_0_6_469, 226.64, 29.92, 1.8
FILLER_0_7_497, 239.44, 29.92, 1.8
FILLER_0_6_525, 252.24, 29.92, 1.8
FILLER_0_7_553, 265.04, 29.92, 1.8
FILLER_0_6_581, 277.84, 29.92, 1.8
FILLER_0_7_609, 290.64, 29.92, 1.8
FILLER_0_6_637, 303.44, 29.92, 1.8
FILLER_0_7_665, 316.24, 29.92, 1.8
FILLER_0_7_721, 341.84, 29.92, 1.8
FILLER_0_6_749, 354.64, 29.92, 1.8
FILLER_0_7_777, 367.44, 29.92, 1.8
FILLER_0_6_805, 380.24, 29.92, 1.8
FILLER_0_7_833, 393.04, 29.92, 1.8
FILLER_0_6_861, 405.84, 29.92, 1.8
FILLER_0_7_889, 418.64, 29.92, 1.8
FILLER_0_6_917, 431.44, 29.92, 1.8
FILLER_0_7_945, 444.24, 29.92, 1.8
FILLER_0_6_973, 457.04, 29.92, 1.8
FILLER_0_7_1001, 469.84, 29.92, 1.8
FILLER_0_7_1057, 491.96, 29.92, 1.8
FILLER_0_8_1085, 501.28, 29.92, 1.8
PHY_EDGE_ROW_4_Left_96, 5.52, 24.48, 1.8
PHY_EDGE_ROW_5_Left_97, 5.52, 24.48, 1.8
PHY_EDGE_ROW_4_Right_4, 510.6, 24.48, 1.8
PHY_EDGE_ROW_5_Right_5, 510.6, 24.48, 1.8
FILLER_0_5_1089, 510.6, 24.48, 1.8
FILLER_0_5_51, 34.64, 24.48, 1.8
FILLER_0_6_77, 34.64, 24.48, 1.8
FILLER_0_5_105, 47.44, 24.48, 1.8
FILLER_0_4_133, 73.04, 24.48, 1.8
FILLER_0_5_161, 85.84, 24.48, 1.8
FILLER_0_4_189, 98.64, 24.48, 1.8
FILLER_0_5_217, 111.44, 24.48, 1.8
FILLER_0_4_245, 124.24, 24.48, 1.8
FILLER_0_5_273, 137.04, 24.48, 1.8
FILLER_0_4_301, 149.84, 24.48, 1.8
FILLER_0_5_329, 162.64, 24.48, 1.8
FILLER_0_5_385, 188.24, 24.48, 1.8
FILLER_0_4_413, 201.04, 24.48, 1.8
FILLER_0_5_441, 213.84, 24.48, 1.8
FILLER_0_4_469, 226.64, 24.48, 1.8
FILLER_0_5_497, 239.44, 24.48, 1.8
FILLER_0_4_525, 252.24, 24.48, 1.8
FILLER_0_5_553, 265.04, 24.48, 1.8
FILLER_0_4_581, 277.84, 24.48, 1.8
FILLER_0_5_609, 290.64, 24.48, 1.8
FILLER_0_4_637, 303.44, 24.48, 1.8
FILLER_0_5_665, 316.24, 24.48, 1.8
FILLER_0_5_721, 341.84, 24.48, 1.8
FILLER_0_4_749, 354.64, 24.48, 1.8
FILLER_0_5_777, 367.44, 24.48, 1.8
FILLER_0_4_805, 380.24, 24.48, 1.8
FILLER_0_5_833, 393.04, 24.48, 1.8
FILLER_0_4_861, 405.84, 24.48, 1.8
FILLER_0_5_889, 418.64, 24.48, 1.8
FILLER_0_4_917, 431.44, 24.48, 1.8
FILLER_0_5_945, 444.24, 24.48, 1.8
FILLER_0_4_973, 457.04, 24.48, 1.8
FILLER_0_5_1001, 469.84, 24.48, 1.8
FILLER_0_5_1057, 491.96, 24.48, 1.8
FILLER_0_6_1085, 501.28, 24.48, 1.8
PHY_EDGE_ROW_2_Left_94, 5.52, 19.04, 1.8
PHY_EDGE_ROW_3_Left_95, 5.52, 19.04, 1.8
PHY_EDGE_ROW_2_Right_2, 510.6, 19.04, 1.8
PHY_EDGE_ROW_3_Right_3, 510.6, 19.04, 1.8
FILLER_0_3_1089, 510.6, 19.04, 1.8
FILLER_0_3_51, 34.64, 19.04, 1.8
FILLER_0_4_77, 34.64, 19.04, 1.8
FILLER_0_3_105, 47.44, 19.04, 1.8
FILLER_0_2_133, 73.04, 19.04, 1.8
FILLER_0_3_161, 85.84, 19.04, 1.8
FILLER_0_2_189, 98.64, 19.04, 1.8
FILLER_0_3_217, 111.44, 19.04, 1.8
FILLER_0_2_245, 124.24, 19.04, 1.8
FILLER_0_3_273, 137.04, 19.04, 1.8
FILLER_0_2_301, 149.84, 19.04, 1.8
FILLER_0_3_329, 162.64, 19.04, 1.8
FILLER_0_3_385, 188.24, 19.04, 1.8
FILLER_0_2_413, 201.04, 19.04, 1.8
FILLER_0_3_441, 213.84, 19.04, 1.8
FILLER_0_2_469, 226.64, 19.04, 1.8
FILLER_0_3_497, 239.44, 19.04, 1.8
FILLER_0_2_525, 252.24, 19.04, 1.8
FILLER_0_3_553, 265.04, 19.04, 1.8
FILLER_0_2_581, 277.84, 19.04, 1.8
FILLER_0_3_609, 290.64, 19.04, 1.8
FILLER_0_2_637, 303.44, 19.04, 1.8
FILLER_0_3_665, 316.24, 19.04, 1.8
FILLER_0_3_721, 341.84, 19.04, 1.8
FILLER_0_2_749, 354.64, 19.04, 1.8
FILLER_0_3_777, 367.44, 19.04, 1.8
FILLER_0_2_805, 380.24, 19.04, 1.8
FILLER_0_3_833, 393.04, 19.04, 1.8
FILLER_0_2_861, 405.84, 19.04, 1.8
FILLER_0_3_889, 418.64, 19.04, 1.8
FILLER_0_2_917, 431.44, 19.04, 1.8
FILLER_0_3_945, 444.24, 19.04, 1.8
FILLER_0_2_973, 457.04, 19.04, 1.8
FILLER_0_3_1001, 469.84, 19.04, 1.8
FILLER_0_3_1057, 491.96, 19.04, 1.8
FILLER_0_4_1085, 501.28, 19.04, 1.8
PHY_EDGE_ROW_0_Left_92, 5.52, 13.6, 1.8
PHY_EDGE_ROW_1_Left_93, 5.52, 13.6, 1.8
PHY_EDGE_ROW_0_Right_0, 510.6, 13.6, 1.8
PHY_EDGE_ROW_1_Right_1, 510.6, 13.6, 1.8
FILLER_0_0_1089, 510.6, 13.6, 1.8
FILLER_0_1_1089, 510.6, 13.6, 1.8
FILLER_0_0_53, 34.64, 13.6, 1.8
FILLER_0_1_51, 34.64, 13.6, 1.8
FILLER_0_2_77, 34.64, 13.6, 1.8
FILLER_0_0_81, 47.44, 13.6, 1.8
FILLER_0_1_105, 47.44, 13.6, 1.8
FILLER_0_0_109, 60.24, 13.6, 1.8
FILLER_0_0_137, 73.04, 13.6, 1.8
FILLER_0_0_165, 85.84, 13.6, 1.8
FILLER_0_1_161, 85.84, 13.6, 1.8
FILLER_0_0_193, 98.64, 13.6, 1.79999
FILLER_0_0_221, 111.44, 13.6, 1.79999
FILLER_0_1_217, 111.44, 13.6, 1.79999
FILLER_0_0_249, 124.24, 13.6, 1.79999
FILLER_0_0_277, 137.04, 13.6, 1.79999
FILLER_0_1_273, 137.04, 13.6, 1.79999
FILLER_0_0_305, 149.84, 13.6, 1.79999
FILLER_0_0_333, 162.64, 13.6, 1.79999
FILLER_0_1_329, 162.64, 13.6, 1.79999
FILLER_0_0_389, 188.24, 13.6, 1.79998
FILLER_0_1_385, 188.24, 13.6, 1.79998
FILLER_0_0_417, 201.04, 13.6, 1.79997
FILLER_0_0_445, 213.84, 13.6, 1.79995
FILLER_0_1_441, 213.84, 13.6, 1.79995
FILLER_0_0_473, 226.64, 13.6, 1.79994
FILLER_0_0_501, 239.44, 13.6, 1.79993
FILLER_0_0_517, 239.44, 13.6, 1.79993
FILLER_0_1_497, 239.44, 13.6, 1.79993
input1, 252.24, 13.6, 1.79992
input2, 252.24, 13.6, 1.79992
input3, 252.24, 13.6, 1.79992
output5, 252.24, 13.6, 1.79992
ANTENNA_1, 252.24, 13.6, 1.79992
FILLER_0_0_525, 252.24, 13.6, 1.79992
FILLER_0_0_533, 252.24, 13.6, 1.79992
FILLER_0_0_546, 252.24, 13.6, 1.79992
FILLER_0_1_529, 252.24, 13.6, 1.79992
output4, 265.04, 13.6, 1.79992
output6, 265.04, 13.6, 1.79992
output7, 265.04, 13.6, 1.79992
output8, 265.04, 13.6, 1.79992
ANTENNA_2, 265.04, 13.6, 1.79992
FILLER_0_0_561, 265.04, 13.6, 1.79992
FILLER_0_1_551, 265.04, 13.6, 1.79992
FILLER_0_0_583, 277.84, 13.6, 1.79993
FILLER_0_1_605, 277.84, 13.6, 1.79993
FILLER_0_0_613, 290.64, 13.6, 1.79995
FILLER_0_1_613, 290.64, 13.6, 1.79995
FILLER_0_0_641, 303.44, 13.6, 1.79996
FILLER_0_0_669, 316.24, 13.6, 1.79997
FILLER_0_1_665, 316.24, 13.6, 1.79997
FILLER_0_0_725, 341.84, 13.6, 1.79999
FILLER_0_1_721, 341.84, 13.6, 1.79999
FILLER_0_0_753, 354.64, 13.6, 1.79999
FILLER_0_0_781, 367.44, 13.6, 1.79999
FILLER_0_1_777, 367.44, 13.6, 1.79999
FILLER_0_0_809, 380.24, 13.6, 1.79999
FILLER_0_0_837, 393.04, 13.6, 1.79999
FILLER_0_1_833, 393.04, 13.6, 1.79999
FILLER_0_0_865, 405.84, 13.6, 1.79999
FILLER_0_0_893, 418.64, 13.6, 1.79999
FILLER_0_1_889, 418.64, 13.6, 1.79999
FILLER_0_0_921, 431.44, 13.6, 1.8
FILLER_0_0_949, 444.24, 13.6, 1.8
FILLER_0_1_945, 444.24, 13.6, 1.8
FILLER_0_0_977, 457.04, 13.6, 1.8
FILLER_0_0_1005, 469.84, 13.6, 1.8
FILLER_0_1_1001, 469.84, 13.6, 1.8
FILLER_0_0_1061, 491.96, 13.6, 1.8
FILLER_0_1_1057, 491.96, 13.6, 1.8
FILLER_0_2_1085, 501.28, 13.6, 1.8

