#! /usr/bin/vvp
:ivl_version "11.0 (stable)";
:ivl_delay_selection "TYPICAL";
:vpi_time_precision - 9;
:vpi_module "/usr/lib/x86_64-linux-gnu/ivl/system.vpi";
:vpi_module "/usr/lib/x86_64-linux-gnu/ivl/vhdl_sys.vpi";
:vpi_module "/usr/lib/x86_64-linux-gnu/ivl/vhdl_textio.vpi";
:vpi_module "/usr/lib/x86_64-linux-gnu/ivl/v2005_math.vpi";
:vpi_module "/usr/lib/x86_64-linux-gnu/ivl/va_math.vpi";
S_0x55c8af6eea20 .scope module, "dff_mux_2x1_tb" "dff_mux_2x1_tb" 2 3;
 .timescale -9 -9;
v0x55c8af7074a0_0 .var "clk", 0 0;
v0x55c8af707560_0 .net "f", 0 0, L_0x55c8af707bb0;  1 drivers
v0x55c8af707630_0 .var "s", 0 0;
v0x55c8af707730_0 .var "x1", 0 0;
v0x55c8af707800_0 .var "x2", 0 0;
S_0x55c8af6eebb0 .scope module, "dut" "dff_mux_2x1" 2 9, 3 1 0, S_0x55c8af6eea20;
 .timescale 0 0;
    .port_info 0 /INPUT 1 "clk";
    .port_info 1 /INPUT 1 "x1";
    .port_info 2 /INPUT 1 "x2";
    .port_info 3 /INPUT 1 "s";
    .port_info 4 /OUTPUT 1 "f";
L_0x55c8af7078f0 .functor AND 1, v0x55c8af707800_0, v0x55c8af707630_0, C4<1>, C4<1>;
L_0x55c8af707a30 .functor AND 1, v0x55c8af707730_0, L_0x55c8af707af0, C4<1>, C4<1>;
L_0x55c8af707af0 .functor NOT 1, v0x55c8af707630_0, C4<0>, C4<0>, C4<0>;
L_0x55c8af707bb0 .functor OR 1, L_0x55c8af707a30, L_0x55c8af7078f0, C4<0>, C4<0>;
v0x55c8af6eed90_0 .net *"_ivl_0", 0 0, L_0x55c8af707af0;  1 drivers
v0x55c8af706e60_0 .net "clk", 0 0, v0x55c8af7074a0_0;  1 drivers
v0x55c8af706f20_0 .net "f", 0 0, L_0x55c8af707bb0;  alias, 1 drivers
v0x55c8af706ff0_0 .net "g0", 0 0, L_0x55c8af707a30;  1 drivers
v0x55c8af7070b0_0 .net "g1", 0 0, L_0x55c8af7078f0;  1 drivers
v0x55c8af7071c0_0 .net "s", 0 0, v0x55c8af707630_0;  1 drivers
v0x55c8af707280_0 .net "x1", 0 0, v0x55c8af707730_0;  1 drivers
v0x55c8af707340_0 .net "x2", 0 0, v0x55c8af707800_0;  1 drivers
    .scope S_0x55c8af6eea20;
T_0 ;
    %delay 5, 0;
    %load/vec4 v0x55c8af7074a0_0;
    %inv;
    %store/vec4 v0x55c8af7074a0_0, 0, 1;
    %jmp T_0;
    .thread T_0;
    .scope S_0x55c8af6eea20;
T_1 ;
    %pushi/vec4 0, 0, 1;
    %store/vec4 v0x55c8af7074a0_0, 0, 1;
    %pushi/vec4 0, 0, 1;
    %store/vec4 v0x55c8af707730_0, 0, 1;
    %pushi/vec4 0, 0, 1;
    %store/vec4 v0x55c8af707800_0, 0, 1;
    %pushi/vec4 0, 0, 1;
    %store/vec4 v0x55c8af707630_0, 0, 1;
    %delay 10, 0;
    %pushi/vec4 0, 0, 1;
    %store/vec4 v0x55c8af707730_0, 0, 1;
    %delay 10, 0;
    %pushi/vec4 0, 0, 1;
    %store/vec4 v0x55c8af707800_0, 0, 1;
    %delay 10, 0;
    %pushi/vec4 0, 0, 1;
    %store/vec4 v0x55c8af707630_0, 0, 1;
    %delay 10, 0;
    %pushi/vec4 0, 0, 1;
    %store/vec4 v0x55c8af707730_0, 0, 1;
    %delay 10, 0;
    %pushi/vec4 1, 0, 1;
    %store/vec4 v0x55c8af707800_0, 0, 1;
    %delay 10, 0;
    %pushi/vec4 0, 0, 1;
    %store/vec4 v0x55c8af707630_0, 0, 1;
    %delay 10, 0;
    %pushi/vec4 1, 0, 1;
    %store/vec4 v0x55c8af707730_0, 0, 1;
    %delay 10, 0;
    %pushi/vec4 0, 0, 1;
    %store/vec4 v0x55c8af707800_0, 0, 1;
    %delay 10, 0;
    %pushi/vec4 0, 0, 1;
    %store/vec4 v0x55c8af707630_0, 0, 1;
    %delay 10, 0;
    %pushi/vec4 1, 0, 1;
    %store/vec4 v0x55c8af707730_0, 0, 1;
    %delay 10, 0;
    %pushi/vec4 1, 0, 1;
    %store/vec4 v0x55c8af707800_0, 0, 1;
    %delay 10, 0;
    %pushi/vec4 0, 0, 1;
    %store/vec4 v0x55c8af707630_0, 0, 1;
    %delay 10, 0;
    %pushi/vec4 0, 0, 1;
    %store/vec4 v0x55c8af707730_0, 0, 1;
    %delay 10, 0;
    %pushi/vec4 0, 0, 1;
    %store/vec4 v0x55c8af707800_0, 0, 1;
    %delay 10, 0;
    %pushi/vec4 1, 0, 1;
    %store/vec4 v0x55c8af707630_0, 0, 1;
    %delay 10, 0;
    %pushi/vec4 0, 0, 1;
    %store/vec4 v0x55c8af707730_0, 0, 1;
    %delay 10, 0;
    %pushi/vec4 1, 0, 1;
    %store/vec4 v0x55c8af707800_0, 0, 1;
    %delay 10, 0;
    %pushi/vec4 1, 0, 1;
    %store/vec4 v0x55c8af707630_0, 0, 1;
    %delay 10, 0;
    %pushi/vec4 1, 0, 1;
    %store/vec4 v0x55c8af707730_0, 0, 1;
    %delay 10, 0;
    %pushi/vec4 0, 0, 1;
    %store/vec4 v0x55c8af707800_0, 0, 1;
    %delay 10, 0;
    %pushi/vec4 1, 0, 1;
    %store/vec4 v0x55c8af707630_0, 0, 1;
    %delay 10, 0;
    %pushi/vec4 1, 0, 1;
    %store/vec4 v0x55c8af707730_0, 0, 1;
    %delay 10, 0;
    %pushi/vec4 1, 0, 1;
    %store/vec4 v0x55c8af707800_0, 0, 1;
    %delay 10, 0;
    %pushi/vec4 1, 0, 1;
    %store/vec4 v0x55c8af707630_0, 0, 1;
    %delay 20, 0;
    %vpi_call 2 85 "$stop" {0 0 0};
    %end;
    .thread T_1;
    .scope S_0x55c8af6eea20;
T_2 ;
    %vpi_call 2 88 "$dumpfile", "dff_mux_2x1.vcd" {0 0 0};
    %vpi_call 2 89 "$dumpvars", 32'sb00000000000000000000000000000000, S_0x55c8af6eea20 {0 0 0};
    %end;
    .thread T_2;
# The file index is used to find the file name in the following table.
:file_names 4;
    "N/A";
    "<interactive>";
    "dff_mux_2x1_tb.v";
    "dff_mux_2x1.v";
