#! /usr/bin/vvp
:ivl_version "11.0 (stable)";
:ivl_delay_selection "TYPICAL";
:vpi_time_precision - 9;
:vpi_module "/usr/lib/x86_64-linux-gnu/ivl/system.vpi";
:vpi_module "/usr/lib/x86_64-linux-gnu/ivl/vhdl_sys.vpi";
:vpi_module "/usr/lib/x86_64-linux-gnu/ivl/vhdl_textio.vpi";
:vpi_module "/usr/lib/x86_64-linux-gnu/ivl/v2005_math.vpi";
:vpi_module "/usr/lib/x86_64-linux-gnu/ivl/va_math.vpi";
S_0x5633e0f36730 .scope module, "dff_mux_4x1_tb" "dff_mux_4x1_tb" 2 3;
 .timescale -9 -9;
v0x5633e0f524c0_0 .var "clk", 0 0;
v0x5633e0f52610_0 .net "f", 0 0, L_0x5633e0f53400;  1 drivers
v0x5633e0f526d0_0 .var "s0", 0 0;
v0x5633e0f52800_0 .var "s1", 0 0;
v0x5633e0f528d0_0 .var "x0", 0 0;
v0x5633e0f52970_0 .var "x1", 0 0;
v0x5633e0f52a60_0 .var "x2", 0 0;
v0x5633e0f52b50_0 .var "x3", 0 0;
S_0x5633e0f368c0 .scope module, "dut" "dff_mux_4x1" 2 10, 3 1 0, S_0x5633e0f36730;
 .timescale 0 0;
    .port_info 0 /INPUT 1 "clk";
    .port_info 1 /INPUT 1 "x0";
    .port_info 2 /INPUT 1 "x1";
    .port_info 3 /INPUT 1 "x2";
    .port_info 4 /INPUT 1 "x3";
    .port_info 5 /INPUT 1 "s0";
    .port_info 6 /INPUT 1 "s1";
    .port_info 7 /OUTPUT 1 "f";
v0x5633e0f51cb0_0 .net "clk", 0 0, v0x5633e0f524c0_0;  1 drivers
v0x5633e0f51d70_0 .net "f", 0 0, L_0x5633e0f53400;  alias, 1 drivers
v0x5633e0f51e30_0 .net "g0", 0 0, L_0x5633e0f52de0;  1 drivers
v0x5633e0f51f50_0 .net "g1", 0 0, L_0x5633e0f530c0;  1 drivers
v0x5633e0f52040_0 .net "s0", 0 0, v0x5633e0f526d0_0;  1 drivers
v0x5633e0f52130_0 .net "s1", 0 0, v0x5633e0f52800_0;  1 drivers
v0x5633e0f521d0_0 .net "x0", 0 0, v0x5633e0f528d0_0;  1 drivers
v0x5633e0f52270_0 .net "x1", 0 0, v0x5633e0f52970_0;  1 drivers
v0x5633e0f52310_0 .net "x2", 0 0, v0x5633e0f52a60_0;  1 drivers
v0x5633e0f523b0_0 .net "x3", 0 0, v0x5633e0f52b50_0;  1 drivers
S_0x5633e0f34a70 .scope module, "m0" "dff_mux_2x1" 3 9, 4 1 0, S_0x5633e0f368c0;
 .timescale 0 0;
    .port_info 0 /INPUT 1 "clk";
    .port_info 1 /INPUT 1 "x1";
    .port_info 2 /INPUT 1 "x2";
    .port_info 3 /INPUT 1 "s";
    .port_info 4 /OUTPUT 1 "f";
L_0x5633e0f52c40 .functor AND 1, v0x5633e0f52970_0, v0x5633e0f526d0_0, C4<1>, C4<1>;
L_0x5633e0f52cb0 .functor AND 1, v0x5633e0f528d0_0, L_0x5633e0f52d20, C4<1>, C4<1>;
L_0x5633e0f52d20 .functor NOT 1, v0x5633e0f526d0_0, C4<0>, C4<0>, C4<0>;
L_0x5633e0f52de0 .functor OR 1, L_0x5633e0f52cb0, L_0x5633e0f52c40, C4<0>, C4<0>;
v0x5633e0f34c50_0 .net *"_ivl_0", 0 0, L_0x5633e0f52d20;  1 drivers
v0x5633e0f50460_0 .net "clk", 0 0, v0x5633e0f524c0_0;  alias, 1 drivers
v0x5633e0f50520_0 .net "f", 0 0, L_0x5633e0f52de0;  alias, 1 drivers
v0x5633e0f505f0_0 .net "g0", 0 0, L_0x5633e0f52cb0;  1 drivers
v0x5633e0f506b0_0 .net "g1", 0 0, L_0x5633e0f52c40;  1 drivers
v0x5633e0f507c0_0 .net "s", 0 0, v0x5633e0f526d0_0;  alias, 1 drivers
v0x5633e0f50880_0 .net "x1", 0 0, v0x5633e0f528d0_0;  alias, 1 drivers
v0x5633e0f50940_0 .net "x2", 0 0, v0x5633e0f52970_0;  alias, 1 drivers
S_0x5633e0f50aa0 .scope module, "m1" "dff_mux_2x1" 3 17, 4 1 0, S_0x5633e0f368c0;
 .timescale 0 0;
    .port_info 0 /INPUT 1 "clk";
    .port_info 1 /INPUT 1 "x1";
    .port_info 2 /INPUT 1 "x2";
    .port_info 3 /INPUT 1 "s";
    .port_info 4 /OUTPUT 1 "f";
L_0x5633e0f52f20 .functor AND 1, v0x5633e0f52b50_0, v0x5633e0f526d0_0, C4<1>, C4<1>;
L_0x5633e0f52f90 .functor AND 1, v0x5633e0f52a60_0, L_0x5633e0f53000, C4<1>, C4<1>;
L_0x5633e0f53000 .functor NOT 1, v0x5633e0f526d0_0, C4<0>, C4<0>, C4<0>;
L_0x5633e0f530c0 .functor OR 1, L_0x5633e0f52f90, L_0x5633e0f52f20, C4<0>, C4<0>;
v0x5633e0f50ca0_0 .net *"_ivl_0", 0 0, L_0x5633e0f53000;  1 drivers
v0x5633e0f50d80_0 .net "clk", 0 0, v0x5633e0f524c0_0;  alias, 1 drivers
v0x5633e0f50e70_0 .net "f", 0 0, L_0x5633e0f530c0;  alias, 1 drivers
v0x5633e0f50f40_0 .net "g0", 0 0, L_0x5633e0f52f90;  1 drivers
v0x5633e0f50fe0_0 .net "g1", 0 0, L_0x5633e0f52f20;  1 drivers
v0x5633e0f510d0_0 .net "s", 0 0, v0x5633e0f526d0_0;  alias, 1 drivers
v0x5633e0f51170_0 .net "x1", 0 0, v0x5633e0f52a60_0;  alias, 1 drivers
v0x5633e0f51210_0 .net "x2", 0 0, v0x5633e0f52b50_0;  alias, 1 drivers
S_0x5633e0f513a0 .scope module, "m2" "dff_mux_2x1" 3 24, 4 1 0, S_0x5633e0f368c0;
 .timescale 0 0;
    .port_info 0 /INPUT 1 "clk";
    .port_info 1 /INPUT 1 "x1";
    .port_info 2 /INPUT 1 "x2";
    .port_info 3 /INPUT 1 "s";
    .port_info 4 /OUTPUT 1 "f";
L_0x5633e0f53200 .functor AND 1, L_0x5633e0f530c0, v0x5633e0f526d0_0, C4<1>, C4<1>;
L_0x5633e0f53270 .functor AND 1, L_0x5633e0f52de0, L_0x5633e0f53390, C4<1>, C4<1>;
L_0x5633e0f53390 .functor NOT 1, v0x5633e0f526d0_0, C4<0>, C4<0>, C4<0>;
L_0x5633e0f53400 .functor OR 1, L_0x5633e0f53270, L_0x5633e0f53200, C4<0>, C4<0>;
v0x5633e0f515b0_0 .net *"_ivl_0", 0 0, L_0x5633e0f53390;  1 drivers
v0x5633e0f51690_0 .net "clk", 0 0, v0x5633e0f524c0_0;  alias, 1 drivers
v0x5633e0f517a0_0 .net "f", 0 0, L_0x5633e0f53400;  alias, 1 drivers
v0x5633e0f51840_0 .net "g0", 0 0, L_0x5633e0f53270;  1 drivers
v0x5633e0f518e0_0 .net "g1", 0 0, L_0x5633e0f53200;  1 drivers
v0x5633e0f519f0_0 .net "s", 0 0, v0x5633e0f526d0_0;  alias, 1 drivers
v0x5633e0f51ae0_0 .net "x1", 0 0, L_0x5633e0f52de0;  alias, 1 drivers
v0x5633e0f51b80_0 .net "x2", 0 0, L_0x5633e0f530c0;  alias, 1 drivers
    .scope S_0x5633e0f36730;
T_0 ;
    %delay 5, 0;
    %load/vec4 v0x5633e0f524c0_0;
    %inv;
    %store/vec4 v0x5633e0f524c0_0, 0, 1;
    %jmp T_0;
    .thread T_0;
    .scope S_0x5633e0f36730;
T_1 ;
    %pushi/vec4 0, 0, 1;
    %store/vec4 v0x5633e0f524c0_0, 0, 1;
    %pushi/vec4 0, 0, 1;
    %store/vec4 v0x5633e0f528d0_0, 0, 1;
    %pushi/vec4 0, 0, 1;
    %store/vec4 v0x5633e0f52970_0, 0, 1;
    %pushi/vec4 0, 0, 1;
    %store/vec4 v0x5633e0f52a60_0, 0, 1;
    %pushi/vec4 0, 0, 1;
    %store/vec4 v0x5633e0f52b50_0, 0, 1;
    %pushi/vec4 0, 0, 1;
    %store/vec4 v0x5633e0f526d0_0, 0, 1;
    %pushi/vec4 0, 0, 1;
    %store/vec4 v0x5633e0f52800_0, 0, 1;
    %delay 10, 0;
    %pushi/vec4 0, 0, 1;
    %store/vec4 v0x5633e0f528d0_0, 0, 1;
    %pushi/vec4 0, 0, 1;
    %store/vec4 v0x5633e0f52970_0, 0, 1;
    %pushi/vec4 0, 0, 1;
    %store/vec4 v0x5633e0f52a60_0, 0, 1;
    %pushi/vec4 0, 0, 1;
    %store/vec4 v0x5633e0f52b50_0, 0, 1;
    %delay 10, 0;
    %pushi/vec4 0, 0, 1;
    %store/vec4 v0x5633e0f526d0_0, 0, 1;
    %pushi/vec4 0, 0, 1;
    %store/vec4 v0x5633e0f52800_0, 0, 1;
    %delay 10, 0;
    %pushi/vec4 1, 0, 1;
    %store/vec4 v0x5633e0f528d0_0, 0, 1;
    %pushi/vec4 0, 0, 1;
    %store/vec4 v0x5633e0f52970_0, 0, 1;
    %pushi/vec4 0, 0, 1;
    %store/vec4 v0x5633e0f52a60_0, 0, 1;
    %pushi/vec4 1, 0, 1;
    %store/vec4 v0x5633e0f52b50_0, 0, 1;
    %delay 10, 0;
    %pushi/vec4 0, 0, 1;
    %store/vec4 v0x5633e0f526d0_0, 0, 1;
    %pushi/vec4 1, 0, 1;
    %store/vec4 v0x5633e0f52800_0, 0, 1;
    %delay 20, 0;
    %vpi_call 2 53 "$stop" {0 0 0};
    %end;
    .thread T_1;
    .scope S_0x5633e0f36730;
T_2 ;
    %vpi_call 2 56 "$dumpfile", "dff_mux_4x1.vcd" {0 0 0};
    %vpi_call 2 57 "$dumpvars", 32'sb00000000000000000000000000000000, S_0x5633e0f36730 {0 0 0};
    %end;
    .thread T_2;
# The file index is used to find the file name in the following table.
:file_names 5;
    "N/A";
    "<interactive>";
    "dff_mux_4x1_tb.v";
    "dff_mux_4x1.v";
    "dff_mux_2x1.v";
