
===========================================================================
report_checks -unconstrained
===========================================================================
======================= Fastest Corner ===================================

Startpoint: address[2] (input port clocked by clk)
Endpoint: rdata[67] (output port clocked by clk)
Path Group: clk
Path Type: max
Corner: Fastest

Fanout     Cap    Slew   Delay    Time   Description
-----------------------------------------------------------------------------
                  0.15    0.00    0.00   clock clk (rise edge)
                          0.00    0.00   clock network delay (ideal)
                          2.00    2.00 ^ input external delay
     1    0.00    0.01    0.01    2.01 ^ address[2] (in)
                                         address[2] (net)
                  0.01    0.00    2.01 ^ input3/A (sky130_fd_sc_hd__dlymetal6s2s_1)
     2    0.03    0.21    0.18    2.19 ^ input3/X (sky130_fd_sc_hd__dlymetal6s2s_1)
                                         net3 (net)
                  0.21    0.00    2.19 ^ _1944_/A (sky130_fd_sc_hd__buf_4)
    10    0.07    0.15    0.20    2.39 ^ _1944_/X (sky130_fd_sc_hd__buf_4)
                                         _0720_ (net)
                  0.15    0.00    2.39 ^ _1945_/A (sky130_fd_sc_hd__clkbuf_8)
    10    0.09    0.12    0.19    2.58 ^ _1945_/X (sky130_fd_sc_hd__clkbuf_8)
                                         _0721_ (net)
                  0.12    0.01    2.59 ^ _2072_/A (sky130_fd_sc_hd__clkbuf_4)
    10    0.05    0.12    0.19    2.77 ^ _2072_/X (sky130_fd_sc_hd__clkbuf_4)
                                         _0788_ (net)
                  0.12    0.00    2.78 ^ _2087_/S (sky130_fd_sc_hd__mux2_1)
     1    0.00    0.04    0.20    2.98 v _2087_/X (sky130_fd_sc_hd__mux2_1)
                                         _0796_ (net)
                  0.04    0.00    2.98 v _2088_/A (sky130_fd_sc_hd__buf_1)
     1    0.02    0.07    0.11    3.09 v _2088_/X (sky130_fd_sc_hd__buf_1)
                                         net140 (net)
                  0.07    0.00    3.09 v output140/A (sky130_fd_sc_hd__clkbuf_4)
     1    0.03    0.06    0.15    3.23 v output140/X (sky130_fd_sc_hd__clkbuf_4)
                                         rdata[67] (net)
                  0.06    0.00    3.23 v rdata[67] (out)
                                  3.23   data arrival time

                  0.15   10.00   10.00   clock clk (rise edge)
                          0.00   10.00   clock network delay (ideal)
                         -0.25    9.75   clock uncertainty
                          0.00    9.75   clock reconvergence pessimism
                         -2.00    7.75   output external delay
                                  7.75   data required time
-----------------------------------------------------------------------------
                                  7.75   data required time
                                 -3.23   data arrival time
-----------------------------------------------------------------------------
                                  4.52   slack (MET)



======================= Slowest Corner ===================================

Startpoint: address[2] (input port clocked by clk)
Endpoint: rdata[67] (output port clocked by clk)
Path Group: clk
Path Type: max
Corner: Slowest

Fanout     Cap    Slew   Delay    Time   Description
-----------------------------------------------------------------------------
                  0.15    0.00    0.00   clock clk (rise edge)
                          0.00    0.00   clock network delay (ideal)
                          2.00    2.00 ^ input external delay
     1    0.00    0.03    0.01    2.01 ^ address[2] (in)
                                         address[2] (net)
                  0.03    0.00    2.01 ^ input3/A (sky130_fd_sc_hd__dlymetal6s2s_1)
     2    0.03    0.42    0.41    2.42 ^ input3/X (sky130_fd_sc_hd__dlymetal6s2s_1)
                                         net3 (net)
                  0.42    0.00    2.42 ^ _1944_/A (sky130_fd_sc_hd__buf_4)
    10    0.07    0.33    0.57    3.00 ^ _1944_/X (sky130_fd_sc_hd__buf_4)
                                         _0720_ (net)
                  0.33    0.00    3.00 ^ _1945_/A (sky130_fd_sc_hd__clkbuf_8)
    10    0.09    0.25    0.51    3.50 ^ _1945_/X (sky130_fd_sc_hd__clkbuf_8)
                                         _0721_ (net)
                  0.25    0.01    3.51 ^ _2072_/A (sky130_fd_sc_hd__clkbuf_4)
    10    0.05    0.24    0.48    3.99 ^ _2072_/X (sky130_fd_sc_hd__clkbuf_4)
                                         _0788_ (net)
                  0.24    0.00    3.99 ^ _2087_/S (sky130_fd_sc_hd__mux2_1)
     1    0.00    0.11    0.80    4.79 v _2087_/X (sky130_fd_sc_hd__mux2_1)
                                         _0796_ (net)
                  0.11    0.00    4.79 v _2088_/A (sky130_fd_sc_hd__buf_1)
     1    0.02    0.20    0.32    5.11 v _2088_/X (sky130_fd_sc_hd__buf_1)
                                         net140 (net)
                  0.20    0.00    5.11 v output140/A (sky130_fd_sc_hd__clkbuf_4)
     1    0.03    0.14    0.41    5.52 v output140/X (sky130_fd_sc_hd__clkbuf_4)
                                         rdata[67] (net)
                  0.14    0.00    5.52 v rdata[67] (out)
                                  5.52   data arrival time

                  0.15   10.00   10.00   clock clk (rise edge)
                          0.00   10.00   clock network delay (ideal)
                         -0.25    9.75   clock uncertainty
                          0.00    9.75   clock reconvergence pessimism
                         -2.00    7.75   output external delay
                                  7.75   data required time
-----------------------------------------------------------------------------
                                  7.75   data required time
                                 -5.52   data arrival time
-----------------------------------------------------------------------------
                                  2.23   slack (MET)



======================= Typical Corner ===================================

Startpoint: address[2] (input port clocked by clk)
Endpoint: rdata[67] (output port clocked by clk)
Path Group: clk
Path Type: max
Corner: Typical

Fanout     Cap    Slew   Delay    Time   Description
-----------------------------------------------------------------------------
                  0.15    0.00    0.00   clock clk (rise edge)
                          0.00    0.00   clock network delay (ideal)
                          2.00    2.00 ^ input external delay
     1    0.00    0.02    0.01    2.01 ^ address[2] (in)
                                         address[2] (net)
                  0.02    0.00    2.01 ^ input3/A (sky130_fd_sc_hd__dlymetal6s2s_1)
     2    0.03    0.27    0.25    2.26 ^ input3/X (sky130_fd_sc_hd__dlymetal6s2s_1)
                                         net3 (net)
                  0.27    0.00    2.26 ^ _1944_/A (sky130_fd_sc_hd__buf_4)
    10    0.07    0.20    0.31    2.57 ^ _1944_/X (sky130_fd_sc_hd__buf_4)
                                         _0720_ (net)
                  0.20    0.00    2.58 ^ _1945_/A (sky130_fd_sc_hd__clkbuf_8)
    10    0.09    0.16    0.28    2.86 ^ _1945_/X (sky130_fd_sc_hd__clkbuf_8)
                                         _0721_ (net)
                  0.16    0.01    2.86 ^ _2072_/A (sky130_fd_sc_hd__clkbuf_4)
    10    0.05    0.16    0.27    3.14 ^ _2072_/X (sky130_fd_sc_hd__clkbuf_4)
                                         _0788_ (net)
                  0.16    0.00    3.14 ^ _2087_/S (sky130_fd_sc_hd__mux2_1)
     1    0.00    0.06    0.35    3.49 v _2087_/X (sky130_fd_sc_hd__mux2_1)
                                         _0796_ (net)
                  0.06    0.00    3.49 v _2088_/A (sky130_fd_sc_hd__buf_1)
     1    0.02    0.11    0.16    3.65 v _2088_/X (sky130_fd_sc_hd__buf_1)
                                         net140 (net)
                  0.11    0.00    3.65 v output140/A (sky130_fd_sc_hd__clkbuf_4)
     1    0.03    0.08    0.22    3.87 v output140/X (sky130_fd_sc_hd__clkbuf_4)
                                         rdata[67] (net)
                  0.08    0.00    3.87 v rdata[67] (out)
                                  3.87   data arrival time

                  0.15   10.00   10.00   clock clk (rise edge)
                          0.00   10.00   clock network delay (ideal)
                         -0.25    9.75   clock uncertainty
                          0.00    9.75   clock reconvergence pessimism
                         -2.00    7.75   output external delay
                                  7.75   data required time
-----------------------------------------------------------------------------
                                  7.75   data required time
                                 -3.87   data arrival time
-----------------------------------------------------------------------------
                                  3.88   slack (MET)




===========================================================================
report_checks --slack_max -0.01
============================================================================
======================= Fastest Corner ===================================

No paths found.

======================= Slowest Corner ===================================

No paths found.

======================= Typical Corner ===================================

No paths found.


===========================================================================
 report_check_types -max_slew -max_cap -max_fanout -violators
============================================================================
======================= Fastest Corner ===================================

max fanout

Pin                                   Limit Fanout  Slack
---------------------------------------------------------
_2099_/X                                 10     11        (VIOLATED)


max slew violations count Fastest: 0
max fanout violations count Fastest: 1
max cap violations count Fastest: 0
======================= Slowest Corner ===================================

max slew

Pin                                    Limit    Slew   Slack
------------------------------------------------------------
_3761_/A                                0.75    0.76   -0.01 (VIOLATED)
_3740_/A                                0.75    0.76   -0.01 (VIOLATED)
_3719_/A                                0.75    0.76   -0.01 (VIOLATED)
_3655_/Y                                0.75    0.76   -0.01 (VIOLATED)
wire150/A                               0.75    0.76   -0.01 (VIOLATED)

max fanout

Pin                                   Limit Fanout  Slack
---------------------------------------------------------
_2099_/X                                 10     11        (VIOLATED)


max slew violations count Slowest: 5
max fanout violations count Slowest: 1
max cap violations count Slowest: 0
======================= Typical Corner ===================================

max fanout

Pin                                   Limit Fanout  Slack
---------------------------------------------------------
_2099_/X                                 10     11        (VIOLATED)


max slew violations count Typical: 0
max fanout violations count Typical: 1
max cap violations count Typical: 0

===========================================================================
report_parasitic_annotation -report_unannotated
============================================================================
Found 0 unannotated drivers.
Found 0 partially unannotated drivers.

===========================================================================
max slew violation count 5
max fanout violation count 1
max cap violation count 0
============================================================================

===========================================================================
check_setup -verbose -unconstrained_endpoints -multiple_clock -no_clock -no_input_delay -loops -generated_clocks
===========================================================================
