Instance name, X location, Y location, Voltage
FILLER_0_64_361, 175.44, 187.68, 1.79995
FILLER_0_62_357, 175.44, 182.24, 1.79987
FILLER_0_63_373, 175.44, 182.24, 1.79987
FILLER_0_64_377, 175.44, 182.24, 1.79987
FILLER_0_60_357, 175.44, 176.8, 1.79995
FILLER_0_61_373, 175.44, 176.8, 1.79995
FILLER_0_62_377, 175.44, 176.8, 1.79995
output89, 175.44, 171.36, 1.79987
FILLER_0_58_357, 175.44, 171.36, 1.79987
FILLER_0_59_373, 175.44, 171.36, 1.79987
FILLER_0_60_377, 175.44, 171.36, 1.79987
FILLER_0_57_368, 175.44, 165.92, 1.79989
FILLER_0_57_376, 175.44, 165.92, 1.79989
FILLER_0_58_377, 175.44, 165.92, 1.79989
output94, 175.44, 160.48, 1.79981
output97, 175.44, 160.48, 1.79981
output98, 175.44, 160.48, 1.79981
FILLER_0_54_359, 175.44, 160.48, 1.79981
FILLER_0_54_365, 175.44, 160.48, 1.79981
FILLER_0_55_360, 175.44, 160.48, 1.79981
_1309_, 175.44, 155.04, 1.79983
_1459_, 175.44, 155.04, 1.79983
_1460_, 175.44, 155.04, 1.79983
_2030_, 175.44, 155.04, 1.79983
hold270, 175.44, 155.04, 1.79983
FILLER_0_53_363, 175.44, 155.04, 1.79983
_1310_, 175.44, 149.6, 1.79981
_1311_, 175.44, 149.6, 1.79981
output96, 175.44, 149.6, 1.79981
hold197, 175.44, 149.6, 1.79981
_1461_, 175.44, 144.16, 1.79972
_1959_, 175.44, 144.16, 1.79972
_2031_, 175.44, 144.16, 1.79972
input24, 175.44, 144.16, 1.79972
hold289, 175.44, 144.16, 1.79972
FILLER_0_48_358, 175.44, 144.16, 1.79972
_1452_, 175.44, 138.72, 1.7998
input18, 175.44, 138.72, 1.7998
input19, 175.44, 138.72, 1.7998
hold214, 175.44, 138.72, 1.7998
FILLER_0_46_357, 175.44, 138.72, 1.7998
FILLER_0_47_364, 175.44, 138.72, 1.7998
_1037_, 175.44, 133.28, 1.79983
_2026_, 175.44, 133.28, 1.79983
output104, 175.44, 133.28, 1.79983
hold274, 175.44, 133.28, 1.79983
_1451_, 175.44, 127.84, 1.79987
_2024_, 175.44, 127.84, 1.79987
hold272, 175.44, 127.84, 1.79987
hold322, 175.44, 127.84, 1.79987
_1028_, 175.44, 122.4, 1.79984
_1447_, 175.44, 122.4, 1.79984
_1448_, 175.44, 122.4, 1.79984
output90, 175.44, 122.4, 1.79984
FILLER_0_40_359, 175.44, 122.4, 1.79984
FILLER_0_41_364, 175.44, 122.4, 1.79984
_1296_, 175.44, 116.96, 1.79965
_1297_, 175.44, 116.96, 1.79965
_1952_, 175.44, 116.96, 1.79965
hold4, 175.44, 116.96, 1.79965
hold6, 175.44, 116.96, 1.79965
_1449_, 175.44, 111.52, 1.79977
_2025_, 175.44, 111.52, 1.79977
input21, 175.44, 111.52, 1.79977
input71, 175.44, 111.52, 1.79977
clkbuf_leaf_15_clk, 175.44, 111.52, 1.79977
_1033_, 175.44, 106.08, 1.79983
_1299_, 175.44, 106.08, 1.79983
_1450_, 175.44, 106.08, 1.79983
output144, 175.44, 106.08, 1.79983
hold91, 175.44, 106.08, 1.79983
hold138, 175.44, 106.08, 1.79983
_1298_, 175.44, 100.64, 1.79978
_1953_, 175.44, 100.64, 1.79978
hold279, 175.44, 100.64, 1.79978
_2023_, 175.44, 95.2, 1.79987
output145, 175.44, 95.2, 1.79987
hold234, 175.44, 95.2, 1.79987
hold352, 175.44, 95.2, 1.79987
FILLER_0_31_370, 175.44, 95.2, 1.79987
_1023_, 175.44, 89.76, 1.79976
_1444_, 175.44, 89.76, 1.79976
output84, 175.44, 89.76, 1.79976
FILLER_0_28_365, 175.44, 89.76, 1.79976
_1951_, 175.44, 84.32, 1.79983
input11, 175.44, 84.32, 1.79983
input37, 175.44, 84.32, 1.79983
hold88, 175.44, 84.32, 1.79983
_1025_, 175.44, 78.88, 1.79981
_1293_, 175.44, 78.88, 1.79981
_1433_, 175.44, 78.88, 1.79981
_2017_, 175.44, 78.88, 1.79981
hold240, 175.44, 78.88, 1.79981
_0997_, 175.44, 73.44, 1.79966
_1432_, 175.44, 73.44, 1.79966
input12, 175.44, 73.44, 1.79966
hold54, 175.44, 73.44, 1.79966
FILLER_0_23_366, 175.44, 73.44, 1.79966
_1281_, 175.44, 68, 1.79983
_1282_, 175.44, 68, 1.79983
_1945_, 175.44, 68, 1.79983
hold331, 175.44, 68, 1.79983
FILLER_0_20_358, 175.44, 68, 1.79983
_1437_, 175.44, 62.56, 1.79988
_2019_, 175.44, 62.56, 1.79988
input75, 175.44, 62.56, 1.79988
output148, 175.44, 62.56, 1.79988
hold285, 175.44, 62.56, 1.79988
FILLER_0_18_360, 175.44, 62.56, 1.79988
_1005_, 175.44, 57.12, 1.79979
FILLER_0_16_357, 175.44, 57.12, 1.79979
FILLER_0_16_365, 175.44, 57.12, 1.79979
FILLER_0_17_376, 175.44, 57.12, 1.79979
_1285_, 175.44, 51.68, 1.7998
_1286_, 175.44, 51.68, 1.7998
_1436_, 175.44, 51.68, 1.7998
_1947_, 175.44, 51.68, 1.7998
output79, 175.44, 51.68, 1.7998
_1435_, 175.44, 46.24, 1.7998
_2018_, 175.44, 46.24, 1.7998
hold290, 175.44, 46.24, 1.7998
FILLER_0_12_357, 175.44, 46.24, 1.7998
FILLER_0_12_365, 175.44, 46.24, 1.7998
_1001_, 175.44, 40.8, 1.79986
_1283_, 175.44, 40.8, 1.79986
_1434_, 175.44, 40.8, 1.79986
input9, 175.44, 40.8, 1.79986
output82, 175.44, 40.8, 1.79986
hold117, 175.44, 40.8, 1.79986
FILLER_0_10_361, 175.44, 40.8, 1.79986
_1946_, 175.44, 35.36, 1.79978
hold105, 175.44, 35.36, 1.79978
hold237, 175.44, 35.36, 1.79978
_1284_, 175.44, 29.92, 1.79982
hold8, 175.44, 29.92, 1.79982
FILLER_0_6_357, 175.44, 29.92, 1.79982
FILLER_0_6_365, 175.44, 29.92, 1.79982
input14, 175.44, 24.48, 1.7999
FILLER_0_4_357, 175.44, 24.48, 1.7999
FILLER_0_5_373, 175.44, 24.48, 1.7999
FILLER_0_6_373, 175.44, 24.48, 1.7999
FILLER_0_2_357, 175.44, 19.04, 1.79993
FILLER_0_3_373, 175.44, 19.04, 1.79993
FILLER_0_0_361, 175.44, 13.6, 1.79984
FILLER_0_0_377, 175.44, 13.6, 1.79984
FILLER_0_1_373, 175.44, 13.6, 1.79984
FILLER_0_2_377, 175.44, 13.6, 1.79984
_1803_, 21.84, 176.8, 1.79989
_2192_, 21.84, 176.8, 1.79989
FILLER_0_60_29, 21.84, 176.8, 1.79989
FILLER_0_61_27, 21.84, 176.8, 1.79989
FILLER_0_62_41, 21.84, 176.8, 1.79989
_1650_, 21.84, 171.36, 1.7998
_1651_, 21.84, 171.36, 1.7998
_1802_, 21.84, 171.36, 1.7998
hold142, 21.84, 171.36, 1.7998
FILLER_0_58_32, 21.84, 171.36, 1.7998
FILLER_0_59_47, 21.84, 171.36, 1.7998
_1132_, 21.84, 165.92, 1.79987
_1134_, 21.84, 165.92, 1.79987
_1135_, 21.84, 165.92, 1.79987
_1346_, 21.84, 165.92, 1.79987
FILLER_0_57_41, 21.84, 165.92, 1.79987
_1654_, 21.84, 160.48, 1.7998
_2122_, 21.84, 160.48, 1.7998
hold87, 21.84, 160.48, 1.7998
hold134, 21.84, 160.48, 1.7998
FILLER_0_55_27, 21.84, 160.48, 1.7998
FILLER_0_55_48, 21.84, 160.48, 1.7998
_1141_, 21.84, 155.04, 1.79981
_1978_, 21.84, 155.04, 1.79981
hold166, 21.84, 155.04, 1.79981
FILLER_0_54_45, 21.84, 155.04, 1.79981
_1806_, 21.84, 149.6, 1.79982
_2194_, 21.84, 149.6, 1.79982
hold121, 21.84, 149.6, 1.79982
FILLER_0_50_29, 21.84, 149.6, 1.79982
FILLER_0_51_27, 21.84, 149.6, 1.79982
FILLER_0_52_37, 21.84, 149.6, 1.79982
_1147_, 21.84, 144.16, 1.79974
_1807_, 21.84, 144.16, 1.79974
_1808_, 21.84, 144.16, 1.79974
_2195_, 21.84, 144.16, 1.79974
FILLER_0_49_33, 21.84, 144.16, 1.79974
_1145_, 21.84, 138.72, 1.79974
_1809_, 21.84, 138.72, 1.79974
clkbuf_leaf_5_clk, 21.84, 138.72, 1.79974
hold164, 21.84, 138.72, 1.79974
FILLER_0_46_29, 21.84, 138.72, 1.79974
_1353_, 21.84, 133.28, 1.79982
_1658_, 21.84, 133.28, 1.79982
_1979_, 21.84, 133.28, 1.79982
hold225, 21.84, 133.28, 1.79982
FILLER_0_45_42, 21.84, 133.28, 1.79982
FILLER_0_45_49, 21.84, 133.28, 1.79982
_1150_, 21.84, 127.84, 1.79986
_1152_, 21.84, 127.84, 1.79986
_1810_, 21.84, 127.84, 1.79986
_1811_, 21.84, 127.84, 1.79986
FILLER_0_44_38, 21.84, 127.84, 1.79986
_1826_, 21.84, 122.4, 1.79978
_2196_, 21.84, 122.4, 1.79978
hold162, 21.84, 122.4, 1.79978
hold294, 21.84, 122.4, 1.79978
_1180_, 21.84, 116.96, 1.79964
_1825_, 21.84, 116.96, 1.79964
_1987_, 21.84, 116.96, 1.79964
hold125, 21.84, 116.96, 1.79964
_1181_, 21.84, 111.52, 1.79975
_1182_, 21.84, 111.52, 1.79975
_2202_, 21.84, 111.52, 1.79975
_1176_, 21.84, 106.08, 1.79978
_1823_, 21.84, 106.08, 1.79978
_1824_, 21.84, 106.08, 1.79978
hold50, 21.84, 106.08, 1.79978
FILLER_0_35_45, 21.84, 106.08, 1.79978
_1986_, 21.84, 100.64, 1.79976
FILLER_0_32_29, 21.84, 100.64, 1.79976
_1367_, 21.84, 95.2, 1.79987
_1368_, 21.84, 95.2, 1.79987
_1827_, 21.84, 95.2, 1.79987
hold220, 21.84, 95.2, 1.79987
hold271, 21.84, 95.2, 1.79987
FILLER_0_30_29, 21.84, 95.2, 1.79987
FILLER_0_31_49, 21.84, 95.2, 1.79987
_1185_, 21.84, 89.76, 1.79976
_1372_, 21.84, 89.76, 1.79976
_1828_, 21.84, 89.76, 1.79976
_1988_, 21.84, 89.76, 1.79976
_2204_, 21.84, 89.76, 1.79976
_1189_, 21.84, 84.32, 1.79975
_1371_, 21.84, 84.32, 1.79975
clkbuf_leaf_0_clk, 21.84, 84.32, 1.79975
_1829_, 21.84, 78.88, 1.7998
_1830_, 21.84, 78.88, 1.7998
_1989_, 21.84, 78.88, 1.7998
_1373_, 21.84, 73.44, 1.79961
_1847_, 21.84, 73.44, 1.79961
_2213_, 21.84, 73.44, 1.79961
hold96, 21.84, 73.44, 1.79961
hold273, 21.84, 73.44, 1.79961
FILLER_0_24_41, 21.84, 73.44, 1.79961
_1224_, 21.84, 68, 1.79981
_1226_, 21.84, 68, 1.79981
FILLER_0_21_31, 21.84, 68, 1.79981
FILLER_0_22_46, 21.84, 68, 1.79981
_1390_, 21.84, 62.56, 1.79986
_1694_, 21.84, 62.56, 1.79986
_1846_, 21.84, 62.56, 1.79986
hold268, 21.84, 62.56, 1.79986
FILLER_0_18_29, 21.84, 62.56, 1.79986
FILLER_0_19_41, 21.84, 62.56, 1.79986
_1391_, 21.84, 57.12, 1.79975
_1690_, 21.84, 57.12, 1.79975
_1997_, 21.84, 57.12, 1.79975
clkbuf_leaf_30_clk, 21.84, 57.12, 1.79975
FILLER_0_17_36, 21.84, 57.12, 1.79975
_1216_, 21.84, 51.68, 1.79979
_2211_, 21.84, 51.68, 1.79979
hold56, 21.84, 51.68, 1.79979
FILLER_0_16_46, 21.84, 51.68, 1.79979
_1387_, 21.84, 46.24, 1.7998
_1684_, 21.84, 46.24, 1.7998
_1842_, 21.84, 46.24, 1.7998
_1843_, 21.84, 46.24, 1.7998
hold23, 21.84, 46.24, 1.7998
FILLER_0_13_31, 21.84, 46.24, 1.7998
FILLER_0_14_46, 21.84, 46.24, 1.7998
_1380_, 21.84, 40.8, 1.79984
_1381_, 21.84, 40.8, 1.79984
_1836_, 21.84, 40.8, 1.79984
hold68, 21.84, 40.8, 1.79984
hold118, 21.84, 40.8, 1.79984
FILLER_0_12_38, 21.84, 40.8, 1.79984
_1202_, 21.84, 35.36, 1.79976
_1837_, 21.84, 35.36, 1.79976
_2208_, 21.84, 35.36, 1.79976
FILLER_0_8_29, 21.84, 35.36, 1.79976
FILLER_0_9_47, 21.84, 35.36, 1.79976
_1692_, 21.84, 29.92, 1.79978
clkbuf_leaf_29_clk, 21.84, 29.92, 1.79978
hold7, 21.84, 29.92, 1.79978
FILLER_0_7_27, 21.84, 29.92, 1.79978
FILLER_0_7_48, 21.84, 29.92, 1.79978
_1220_, 21.84, 24.48, 1.79983
_1222_, 21.84, 24.48, 1.79983
_1924_, 21.84, 24.48, 1.79983
_1844_, 21.84, 19.04, 1.79989
_2212_, 21.84, 19.04, 1.79989
FILLER_0_2_29, 21.84, 19.04, 1.79989
FILLER_0_3_27, 21.84, 19.04, 1.79989
_1845_, 21.84, 13.6, 1.7998
FILLER_0_2_42, 21.84, 13.6, 1.7998
PHY_EDGE_ROW_64_Left_129, 5.52, 187.68, 1.79993
PHY_EDGE_ROW_64_Right_64, 183.08, 187.68, 1.79995
FILLER_0_64_53, 34.64, 187.68, 1.79987
FILLER_0_64_57, 34.64, 187.68, 1.79987
output111, 47.44, 187.68, 1.79981
output117, 47.44, 187.68, 1.79981
output113, 60.24, 187.68, 1.79978
output114, 60.24, 187.68, 1.79978
input40, 73.04, 187.68, 1.79976
input43, 73.04, 187.68, 1.79976
FILLER_0_64_146, 73.04, 187.68, 1.79976
output107, 85.84, 187.68, 1.79975
output125, 85.84, 187.68, 1.79975
input33, 98.64, 187.68, 1.79976
hold303, 98.64, 187.68, 1.79976
_1479_, 111.44, 187.68, 1.79977
output106, 111.44, 187.68, 1.79977
hold266, 124.24, 187.68, 1.7998
input27, 137.04, 187.68, 1.79982
output103, 137.04, 187.68, 1.79982
input25, 149.84, 187.68, 1.79987
FILLER_0_64_333, 162.64, 187.68, 1.79991
PHY_EDGE_ROW_62_Left_127, 5.52, 182.24, 1.79987
PHY_EDGE_ROW_63_Left_128, 5.52, 182.24, 1.79987
PHY_EDGE_ROW_62_Right_62, 183.08, 182.24, 1.79987
PHY_EDGE_ROW_63_Right_63, 183.08, 182.24, 1.79987
input3, 183.08, 182.24, 1.79987
input42, 34.64, 182.24, 1.79974
output115, 34.64, 182.24, 1.79974
hold57, 34.64, 182.24, 1.79974
FILLER_0_63_51, 34.64, 182.24, 1.79974
FILLER_0_64_69, 34.64, 182.24, 1.79974
input38, 47.44, 182.24, 1.79962
input41, 47.44, 182.24, 1.79962
FILLER_0_62_79, 47.44, 182.24, 1.79962
FILLER_0_63_105, 47.44, 182.24, 1.79962
FILLER_0_64_97, 47.44, 182.24, 1.79962
output116, 60.24, 182.24, 1.7995
output120, 60.24, 182.24, 1.7995
FILLER_0_62_116, 60.24, 182.24, 1.7995
input39, 73.04, 182.24, 1.79941
output112, 73.04, 182.24, 1.79941
FILLER_0_62_141, 73.04, 182.24, 1.79941
FILLER_0_64_153, 73.04, 182.24, 1.79941
_1483_, 85.84, 182.24, 1.79932
_2041_, 85.84, 182.24, 1.79932
_2185_, 85.84, 182.24, 1.79932
input34, 85.84, 182.24, 1.79932
input35, 85.84, 182.24, 1.79932
input36, 85.84, 182.24, 1.79932
hold150, 85.84, 182.24, 1.79932
FILLER_0_62_164, 85.84, 182.24, 1.79932
FILLER_0_63_161, 85.84, 182.24, 1.79932
FILLER_0_63_169, 85.84, 182.24, 1.79932
_1482_, 98.64, 182.24, 1.79928
_1784_, 98.64, 182.24, 1.79928
_2183_, 98.64, 182.24, 1.79928
output108, 98.64, 182.24, 1.79928
output109, 98.64, 182.24, 1.79928
hold128, 98.64, 182.24, 1.79928
FILLER_0_62_192, 98.64, 182.24, 1.79928
_1478_, 111.44, 182.24, 1.79928
_2039_, 111.44, 182.24, 1.79928
_2107_, 111.44, 182.24, 1.79928
_2179_, 111.44, 182.24, 1.79928
hold208, 111.44, 182.24, 1.79928
hold263, 111.44, 182.24, 1.79928
_1470_, 124.24, 182.24, 1.79935
_1471_, 124.24, 182.24, 1.79935
_1776_, 124.24, 182.24, 1.79935
_2035_, 124.24, 182.24, 1.79935
input29, 124.24, 182.24, 1.79935
input32, 124.24, 182.24, 1.79935
output102, 124.24, 182.24, 1.79935
output105, 124.24, 182.24, 1.79935
hold296, 124.24, 182.24, 1.79935
input28, 137.04, 182.24, 1.79946
output100, 137.04, 182.24, 1.79946
output101, 137.04, 182.24, 1.79946
FILLER_0_64_299, 137.04, 182.24, 1.79946
FILLER_0_62_305, 149.84, 182.24, 1.7996
FILLER_0_63_329, 162.64, 182.24, 1.79974
PHY_EDGE_ROW_60_Left_125, 5.52, 176.8, 1.79989
PHY_EDGE_ROW_61_Left_126, 5.52, 176.8, 1.79989
PHY_EDGE_ROW_60_Right_60, 183.08, 176.8, 1.79995
PHY_EDGE_ROW_61_Right_61, 183.08, 176.8, 1.79995
input20, 183.08, 176.8, 1.79995
input22, 183.08, 176.8, 1.79995
_1498_, 34.64, 176.8, 1.79979
_2048_, 34.64, 176.8, 1.79979
hold231, 34.64, 176.8, 1.79979
FILLER_0_60_53, 34.64, 176.8, 1.79979
FILLER_0_61_53, 34.64, 176.8, 1.79979
FILLER_0_61_74, 34.64, 176.8, 1.79979
_1496_, 47.44, 176.8, 1.79972
_1801_, 47.44, 176.8, 1.79972
_2047_, 47.44, 176.8, 1.79972
_2191_, 47.44, 176.8, 1.79972
hold29, 47.44, 176.8, 1.79972
FILLER_0_62_97, 47.44, 176.8, 1.79972
_1799_, 60.24, 176.8, 1.79969
_2190_, 60.24, 176.8, 1.79969
hold63, 60.24, 176.8, 1.79969
hold286, 60.24, 176.8, 1.79969
FILLER_0_61_121, 60.24, 176.8, 1.79969
FILLER_0_62_124, 60.24, 176.8, 1.79969
_1494_, 73.04, 176.8, 1.79968
_2046_, 73.04, 176.8, 1.79968
hold308, 73.04, 176.8, 1.79968
FILLER_0_60_141, 73.04, 176.8, 1.79968
FILLER_0_61_140, 73.04, 176.8, 1.79968
FILLER_0_61_159, 73.04, 176.8, 1.79968
FILLER_0_62_156, 73.04, 176.8, 1.79968
_1102_, 85.84, 176.8, 1.7997
_1787_, 85.84, 176.8, 1.7997
_1788_, 85.84, 176.8, 1.7997
FILLER_0_61_169, 85.84, 176.8, 1.7997
_1631_, 98.64, 176.8, 1.79972
_1632_, 98.64, 176.8, 1.79972
_1783_, 98.64, 176.8, 1.79972
hold132, 98.64, 176.8, 1.79972
FILLER_0_60_193, 98.64, 176.8, 1.79972
FILLER_0_61_196, 98.64, 176.8, 1.79972
FILLER_0_61_203, 98.64, 176.8, 1.79972
FILLER_0_61_216, 98.64, 176.8, 1.79972
FILLER_0_62_216, 98.64, 176.8, 1.79972
_1093_, 111.44, 176.8, 1.79975
_1623_, 111.44, 176.8, 1.79975
_1775_, 111.44, 176.8, 1.79975
FILLER_0_60_229, 111.44, 176.8, 1.79975
_1077_, 124.24, 176.8, 1.79979
input30, 124.24, 176.8, 1.79979
FILLER_0_60_248, 124.24, 176.8, 1.79979
FILLER_0_61_252, 124.24, 176.8, 1.79979
FILLER_0_62_297, 137.04, 176.8, 1.79983
FILLER_0_60_301, 149.84, 176.8, 1.79987
FILLER_0_61_329, 162.64, 176.8, 1.79991
PHY_EDGE_ROW_58_Left_123, 5.52, 171.36, 1.79979
PHY_EDGE_ROW_59_Left_124, 5.52, 171.36, 1.79979
PHY_EDGE_ROW_58_Right_58, 183.08, 171.36, 1.79987
PHY_EDGE_ROW_59_Right_59, 183.08, 171.36, 1.79987
_2120_, 13.68, 171.36, 1.79979
FILLER_0_59_15, 13.68, 171.36, 1.79979
_1133_, 34.64, 171.36, 1.79959
_1497_, 34.64, 171.36, 1.79959
clkbuf_leaf_6_clk, 34.64, 171.36, 1.79959
hold206, 34.64, 171.36, 1.79959
FILLER_0_58_63, 34.64, 171.36, 1.79959
FILLER_0_60_73, 34.64, 171.36, 1.79959
_1128_, 47.44, 171.36, 1.79945
_1495_, 47.44, 171.36, 1.79945
_1800_, 47.44, 171.36, 1.79945
hold99, 47.44, 171.36, 1.79945
_1129_, 60.24, 171.36, 1.79933
_1647_, 60.24, 171.36, 1.79933
_1798_, 60.24, 171.36, 1.79933
_2118_, 60.24, 171.36, 1.79933
hold10, 60.24, 171.36, 1.79933
FILLER_0_59_108, 60.24, 171.36, 1.79933
FILLER_0_60_124, 60.24, 171.36, 1.79933
_1125_, 73.04, 171.36, 1.79923
_1342_, 73.04, 171.36, 1.79923
_1493_, 73.04, 171.36, 1.79923
_2113_, 73.04, 171.36, 1.79923
FILLER_0_59_137, 73.04, 171.36, 1.79923
FILLER_0_60_156, 73.04, 171.36, 1.79923
_1101_, 85.84, 171.36, 1.79916
_1104_, 85.84, 171.36, 1.79916
_1635_, 85.84, 171.36, 1.79916
_1636_, 85.84, 171.36, 1.79916
clkbuf_leaf_8_clk, 85.84, 171.36, 1.79916
hold32, 85.84, 171.36, 1.79916
FILLER_0_59_169, 85.84, 171.36, 1.79916
_1092_, 98.64, 171.36, 1.79916
_1328_, 98.64, 171.36, 1.79916
_1332_, 98.64, 171.36, 1.79916
_2111_, 98.64, 171.36, 1.79916
FILLER_0_58_197, 98.64, 171.36, 1.79916
FILLER_0_59_215, 98.64, 171.36, 1.79916
_1076_, 111.44, 171.36, 1.79919
_1624_, 111.44, 171.36, 1.79919
_1891_, 111.44, 171.36, 1.79919
clkbuf_leaf_12_clk, 111.44, 171.36, 1.79919
hold139, 111.44, 171.36, 1.79919
FILLER_0_60_236, 111.44, 171.36, 1.79919
_1963_, 124.24, 171.36, 1.79931
FILLER_0_59_276, 137.04, 171.36, 1.79945
FILLER_0_58_301, 149.84, 171.36, 1.79959
FILLER_0_59_329, 162.64, 171.36, 1.79973
PHY_EDGE_ROW_56_Left_121, 5.52, 165.92, 1.79986
PHY_EDGE_ROW_57_Left_122, 5.52, 165.92, 1.79986
PHY_EDGE_ROW_56_Right_56, 183.08, 165.92, 1.79988
PHY_EDGE_ROW_57_Right_57, 183.08, 165.92, 1.79988
output92, 183.08, 165.92, 1.79988
output95, 183.08, 165.92, 1.79988
_1904_, 13.68, 165.92, 1.79986
FILLER_0_57_15, 13.68, 165.92, 1.79986
_1347_, 34.64, 165.92, 1.79974
_1649_, 34.64, 165.92, 1.79974
_1976_, 34.64, 165.92, 1.79974
_2119_, 34.64, 165.92, 1.79974
_1130_, 47.44, 165.92, 1.79964
_1345_, 47.44, 165.92, 1.79964
_1648_, 47.44, 165.92, 1.79964
hold174, 47.44, 165.92, 1.79964
FILLER_0_57_99, 47.44, 165.92, 1.79964
_1124_, 60.24, 165.92, 1.79955
_1127_, 60.24, 165.92, 1.79955
_1646_, 60.24, 165.92, 1.79955
_1902_, 60.24, 165.92, 1.79955
FILLER_0_56_111, 60.24, 165.92, 1.79955
_1343_, 73.04, 165.92, 1.79949
_1974_, 73.04, 165.92, 1.79949
hold70, 73.04, 165.92, 1.79949
hold160, 73.04, 165.92, 1.79949
FILLER_0_56_136, 73.04, 165.92, 1.79949
FILLER_0_58_153, 73.04, 165.92, 1.79949
_1103_, 85.84, 165.92, 1.79945
_1331_, 85.84, 165.92, 1.79945
_1969_, 85.84, 165.92, 1.79945
FILLER_0_57_178, 85.84, 165.92, 1.79945
_1094_, 98.64, 165.92, 1.79943
_1095_, 98.64, 165.92, 1.79943
_1895_, 98.64, 165.92, 1.79943
_1967_, 98.64, 165.92, 1.79943
hold179, 98.64, 165.92, 1.79943
FILLER_0_56_191, 98.64, 165.92, 1.79943
FILLER_0_56_202, 98.64, 165.92, 1.79943
_1078_, 111.44, 165.92, 1.79946
_1079_, 111.44, 165.92, 1.79946
_1319_, 111.44, 165.92, 1.79946
_1628_, 111.44, 165.92, 1.79946
_2109_, 111.44, 165.92, 1.79946
hold248, 111.44, 165.92, 1.79946
FILLER_0_56_222, 111.44, 165.92, 1.79946
FILLER_0_57_236, 111.44, 165.92, 1.79946
FILLER_0_57_244, 111.44, 165.92, 1.79946
_1320_, 124.24, 165.92, 1.79951
_2037_, 124.24, 165.92, 1.79951
hold47, 124.24, 165.92, 1.79951
hold312, 124.24, 165.92, 1.79951
FILLER_0_56_253, 124.24, 165.92, 1.79951
_2177_, 137.04, 165.92, 1.79958
hold5, 137.04, 165.92, 1.79958
FILLER_0_56_273, 137.04, 165.92, 1.79958
FILLER_0_57_275, 137.04, 165.92, 1.79958
FILLER_0_57_281, 137.04, 165.92, 1.79958
FILLER_0_56_304, 149.84, 165.92, 1.79968
_1765_, 162.64, 165.92, 1.79978
_2174_, 162.64, 165.92, 1.79978
FILLER_0_56_333, 162.64, 165.92, 1.79978
FILLER_0_57_337, 162.64, 165.92, 1.79978
PHY_EDGE_ROW_54_Left_119, 5.52, 160.48, 1.7998
PHY_EDGE_ROW_55_Left_120, 5.52, 160.48, 1.7998
PHY_EDGE_ROW_54_Right_54, 183.08, 160.48, 1.79981
PHY_EDGE_ROW_55_Right_55, 183.08, 160.48, 1.79981
_1131_, 34.64, 160.48, 1.7996
_1350_, 34.64, 160.48, 1.7996
_1351_, 34.64, 160.48, 1.7996
_1903_, 34.64, 160.48, 1.7996
hold238, 34.64, 160.48, 1.7996
_1344_, 47.44, 160.48, 1.79944
_1975_, 47.44, 160.48, 1.79944
hold228, 47.44, 160.48, 1.79944
hold316, 47.44, 160.48, 1.79944
FILLER_0_55_79, 47.44, 160.48, 1.79944
FILLER_0_55_87, 47.44, 160.48, 1.79944
_1126_, 60.24, 160.48, 1.79929
_2121_, 60.24, 160.48, 1.79929
clkbuf_leaf_7_clk, 60.24, 160.48, 1.79929
hold46, 60.24, 160.48, 1.79929
FILLER_0_55_106, 60.24, 160.48, 1.79929
_1499_, 73.04, 160.48, 1.79923
_1500_, 73.04, 160.48, 1.79923
_1897_, 73.04, 160.48, 1.79923
_2049_, 73.04, 160.48, 1.79923
hold318, 73.04, 160.48, 1.79923
FILLER_0_55_137, 73.04, 160.48, 1.79923
_1099_, 85.84, 160.48, 1.7992
_1329_, 85.84, 160.48, 1.7992
_1634_, 85.84, 160.48, 1.7992
_2112_, 85.84, 160.48, 1.7992
hold43, 85.84, 160.48, 1.7992
hold141, 85.84, 160.48, 1.7992
_1327_, 98.64, 160.48, 1.79921
_1481_, 98.64, 160.48, 1.79921
_2040_, 98.64, 160.48, 1.79921
hold156, 98.64, 160.48, 1.79921
FILLER_0_54_197, 98.64, 160.48, 1.79921
FILLER_0_56_210, 98.64, 160.48, 1.79921
_1084_, 111.44, 160.48, 1.79924
_1627_, 111.44, 160.48, 1.79924
hold60, 111.44, 160.48, 1.79924
FILLER_0_55_219, 111.44, 160.48, 1.79924
FILLER_0_55_225, 111.44, 160.48, 1.79924
_1085_, 124.24, 160.48, 1.79928
_1324_, 124.24, 160.48, 1.79928
_1474_, 124.24, 160.48, 1.79928
_1475_, 124.24, 160.48, 1.79928
hold64, 124.24, 160.48, 1.79928
FILLER_0_55_269, 124.24, 160.48, 1.79928
_1066_, 137.04, 160.48, 1.79934
_1315_, 137.04, 160.48, 1.79934
_1619_, 137.04, 160.48, 1.79934
_1770_, 137.04, 160.48, 1.79934
_1771_, 137.04, 160.48, 1.79934
_1961_, 137.04, 160.48, 1.79934
clkbuf_leaf_13_clk, 137.04, 160.48, 1.79934
hold53, 137.04, 160.48, 1.79934
FILLER_0_55_277, 137.04, 160.48, 1.79934
_1314_, 149.84, 160.48, 1.79949
hold239, 149.84, 160.48, 1.79949
FILLER_0_54_304, 149.84, 160.48, 1.79949
_1764_, 162.64, 160.48, 1.79965
hold21, 162.64, 160.48, 1.79965
hold119, 162.64, 160.48, 1.79965
hold203, 162.64, 160.48, 1.79965
FILLER_0_55_333, 162.64, 160.48, 1.79965
FILLER_0_55_337, 162.64, 160.48, 1.79965
PHY_EDGE_ROW_52_Left_117, 5.52, 155.04, 1.79979
PHY_EDGE_ROW_53_Left_118, 5.52, 155.04, 1.79979
input44, 5.52, 155.04, 1.79979
_1462_, 183.08, 155.04, 1.79983
PHY_EDGE_ROW_52_Right_52, 183.08, 155.04, 1.79983
PHY_EDGE_ROW_53_Right_53, 183.08, 155.04, 1.79983
_1143_, 13.68, 155.04, 1.7998
_1144_, 13.68, 155.04, 1.7998
_1655_, 13.68, 155.04, 1.7998
_1906_, 13.68, 155.04, 1.7998
FILLER_0_53_15, 13.68, 155.04, 1.7998
FILLER_0_54_18, 13.68, 155.04, 1.7998
_1142_, 34.64, 155.04, 1.79968
_1501_, 34.64, 155.04, 1.79968
_1502_, 34.64, 155.04, 1.79968
_2050_, 34.64, 155.04, 1.79968
hold193, 34.64, 155.04, 1.79968
FILLER_0_53_68, 34.64, 155.04, 1.79968
_1490_, 47.44, 155.04, 1.79957
_1653_, 47.44, 155.04, 1.79957
_2044_, 47.44, 155.04, 1.79957
hold109, 47.44, 155.04, 1.79957
hold323, 47.44, 155.04, 1.79957
FILLER_0_53_80, 47.44, 155.04, 1.79957
FILLER_0_54_96, 47.44, 155.04, 1.79957
_1136_, 60.24, 155.04, 1.79949
_1652_, 60.24, 155.04, 1.79949
hold14, 60.24, 155.04, 1.79949
hold15, 60.24, 155.04, 1.79949
_1137_, 73.04, 155.04, 1.79943
_1349_, 73.04, 155.04, 1.79943
_1633_, 73.04, 155.04, 1.79943
_1977_, 73.04, 155.04, 1.79943
hold280, 73.04, 155.04, 1.79943
FILLER_0_53_153, 73.04, 155.04, 1.79943
FILLER_0_54_154, 73.04, 155.04, 1.79943
_1097_, 85.84, 155.04, 1.7994
_1330_, 85.84, 155.04, 1.7994
_1968_, 85.84, 155.04, 1.7994
FILLER_0_53_169, 85.84, 155.04, 1.7994
_1098_, 98.64, 155.04, 1.79938
_1480_, 98.64, 155.04, 1.79938
_1893_, 98.64, 155.04, 1.79938
hold326, 98.64, 155.04, 1.79938
FILLER_0_52_189, 98.64, 155.04, 1.79938
FILLER_0_53_197, 98.64, 155.04, 1.79938
_1086_, 111.44, 155.04, 1.7994
_1087_, 111.44, 155.04, 1.7994
_1780_, 111.44, 155.04, 1.7994
_2181_, 111.44, 155.04, 1.7994
hold72, 111.44, 155.04, 1.7994
hold167, 111.44, 155.04, 1.7994
FILLER_0_53_225, 111.44, 155.04, 1.7994
_1068_, 124.24, 155.04, 1.79944
_1069_, 124.24, 155.04, 1.79944
_1323_, 124.24, 155.04, 1.79944
_1965_, 124.24, 155.04, 1.79944
hold223, 124.24, 155.04, 1.79944
FILLER_0_52_248, 124.24, 155.04, 1.79944
_1067_, 137.04, 155.04, 1.79951
_1618_, 137.04, 155.04, 1.79951
_2105_, 137.04, 155.04, 1.79951
_1055_, 149.84, 155.04, 1.7996
_1056_, 149.84, 155.04, 1.7996
_1465_, 149.84, 155.04, 1.7996
_1466_, 149.84, 155.04, 1.7996
_1613_, 149.84, 155.04, 1.7996
_1886_, 149.84, 155.04, 1.7996
FILLER_0_52_305, 149.84, 155.04, 1.7996
FILLER_0_53_308, 149.84, 155.04, 1.7996
FILLER_0_54_318, 149.84, 155.04, 1.7996
_1053_, 162.64, 155.04, 1.79971
_1308_, 162.64, 155.04, 1.79971
_1612_, 162.64, 155.04, 1.79971
FILLER_0_54_344, 162.64, 155.04, 1.79971
PHY_EDGE_ROW_50_Left_115, 5.52, 149.6, 1.79982
PHY_EDGE_ROW_51_Left_116, 5.52, 149.6, 1.79982
FILLER_0_52_3, 5.52, 149.6, 1.79982
PHY_EDGE_ROW_50_Right_50, 183.08, 149.6, 1.79981
PHY_EDGE_ROW_51_Right_51, 183.08, 149.6, 1.79981
input23, 183.08, 149.6, 1.79981
_1119_, 34.64, 149.6, 1.79969
_1642_, 34.64, 149.6, 1.79969
_1643_, 34.64, 149.6, 1.79969
hold217, 34.64, 149.6, 1.79969
FILLER_0_51_51, 34.64, 149.6, 1.79969
_1114_, 47.44, 149.6, 1.79956
_1116_, 47.44, 149.6, 1.79956
_1489_, 47.44, 149.6, 1.79956
_1905_, 47.44, 149.6, 1.79956
hold207, 47.44, 149.6, 1.79956
FILLER_0_51_101, 47.44, 149.6, 1.79956
_1138_, 60.24, 149.6, 1.79947
_1139_, 60.24, 149.6, 1.79947
_1804_, 60.24, 149.6, 1.79947
_1805_, 60.24, 149.6, 1.79947
_2193_, 60.24, 149.6, 1.79947
hold55, 60.24, 149.6, 1.79947
FILLER_0_50_114, 60.24, 149.6, 1.79947
_1348_, 73.04, 149.6, 1.7994
_1896_, 73.04, 149.6, 1.7994
hold1, 73.04, 149.6, 1.7994
hold287, 73.04, 149.6, 1.7994
FILLER_0_51_135, 73.04, 149.6, 1.7994
FILLER_0_51_156, 73.04, 149.6, 1.7994
_1100_, 85.84, 149.6, 1.79936
_1785_, 85.84, 149.6, 1.79936
_2184_, 85.84, 149.6, 1.79936
FILLER_0_51_169, 85.84, 149.6, 1.79936
FILLER_0_52_175, 85.84, 149.6, 1.79936
_1626_, 98.64, 149.6, 1.79934
_2108_, 98.64, 149.6, 1.79934
_2180_, 98.64, 149.6, 1.79934
hold82, 98.64, 149.6, 1.79934
hold340, 98.64, 149.6, 1.79934
FILLER_0_50_190, 98.64, 149.6, 1.79934
FILLER_0_51_198, 98.64, 149.6, 1.79934
FILLER_0_51_214, 98.64, 149.6, 1.79934
FILLER_0_52_206, 98.64, 149.6, 1.79934
_1777_, 111.44, 149.6, 1.79937
_1778_, 111.44, 149.6, 1.79937
_1779_, 111.44, 149.6, 1.79937
hold42, 111.44, 149.6, 1.79937
hold110, 111.44, 149.6, 1.79937
FILLER_0_51_221, 111.44, 149.6, 1.79937
_1473_, 124.24, 149.6, 1.7994
_1889_, 124.24, 149.6, 1.7994
hold333, 124.24, 149.6, 1.7994
_2033_, 137.04, 149.6, 1.79946
hold13, 137.04, 149.6, 1.79946
hold85, 137.04, 149.6, 1.79946
hold177, 137.04, 149.6, 1.79946
FILLER_0_50_281, 137.04, 149.6, 1.79946
FILLER_0_52_299, 137.04, 149.6, 1.79946
_2102_, 149.84, 149.6, 1.79955
hold313, 149.84, 149.6, 1.79955
FILLER_0_50_303, 149.84, 149.6, 1.79955
FILLER_0_50_309, 149.84, 149.6, 1.79955
FILLER_0_51_323, 149.84, 149.6, 1.79955
_1054_, 162.64, 149.6, 1.79965
_1958_, 162.64, 149.6, 1.79965
_2175_, 162.64, 149.6, 1.79965
hold281, 162.64, 149.6, 1.79965
hold292, 162.64, 149.6, 1.79965
hold295, 162.64, 149.6, 1.79965
PHY_EDGE_ROW_48_Left_113, 5.52, 144.16, 1.7997
PHY_EDGE_ROW_49_Left_114, 5.52, 144.16, 1.7997
output118, 5.52, 144.16, 1.7997
output126, 5.52, 144.16, 1.7997
PHY_EDGE_ROW_48_Right_48, 183.08, 144.16, 1.79972
PHY_EDGE_ROW_49_Right_49, 183.08, 144.16, 1.79972
_1907_, 13.68, 144.16, 1.79972
FILLER_0_48_15, 13.68, 144.16, 1.79972
FILLER_0_49_9, 13.68, 144.16, 1.79972
FILLER_0_50_21, 13.68, 144.16, 1.79972
_1118_, 34.64, 144.16, 1.79955
_1352_, 34.64, 144.16, 1.79955
_1900_, 34.64, 144.16, 1.79955
_2116_, 34.64, 144.16, 1.79955
hold172, 34.64, 144.16, 1.79955
FILLER_0_49_57, 34.64, 144.16, 1.79955
_1338_, 47.44, 144.16, 1.7994
_1339_, 47.44, 144.16, 1.7994
_1795_, 47.44, 144.16, 1.7994
_1972_, 47.44, 144.16, 1.7994
FILLER_0_48_81, 47.44, 144.16, 1.7994
FILLER_0_48_88, 47.44, 144.16, 1.7994
FILLER_0_49_105, 47.44, 144.16, 1.7994
_1644_, 60.24, 144.16, 1.79927
_1797_, 60.24, 144.16, 1.79927
_2117_, 60.24, 144.16, 1.79927
_2189_, 60.24, 144.16, 1.79927
hold283, 60.24, 144.16, 1.79927
FILLER_0_50_132, 60.24, 144.16, 1.79927
_1121_, 73.04, 144.16, 1.79919
_1492_, 73.04, 144.16, 1.79919
_2045_, 73.04, 144.16, 1.79919
hold219, 73.04, 144.16, 1.79919
_1786_, 85.84, 144.16, 1.79913
_1792_, 85.84, 144.16, 1.79913
_2043_, 85.84, 144.16, 1.79913
_2187_, 85.84, 144.16, 1.79913
hold181, 85.84, 144.16, 1.79913
FILLER_0_48_168, 85.84, 144.16, 1.79913
FILLER_0_49_165, 85.84, 144.16, 1.79913
_1486_, 98.64, 144.16, 1.79911
_1487_, 98.64, 144.16, 1.79911
_1625_, 98.64, 144.16, 1.79911
FILLER_0_48_192, 98.64, 144.16, 1.79911
FILLER_0_48_197, 98.64, 144.16, 1.79911
_1080_, 111.44, 144.16, 1.7991
_1081_, 111.44, 144.16, 1.7991
_1321_, 111.44, 144.16, 1.7991
hold151, 111.44, 144.16, 1.7991
FILLER_0_48_228, 111.44, 144.16, 1.7991
_1322_, 124.24, 144.16, 1.7991
_1616_, 124.24, 144.16, 1.7991
_1617_, 124.24, 144.16, 1.7991
_2036_, 124.24, 144.16, 1.7991
_2104_, 124.24, 144.16, 1.7991
clkbuf_leaf_11_clk, 124.24, 144.16, 1.7991
FILLER_0_48_249, 124.24, 144.16, 1.7991
FILLER_0_49_265, 124.24, 144.16, 1.7991
_1062_, 137.04, 144.16, 1.7992
_1063_, 137.04, 144.16, 1.7992
_1312_, 137.04, 144.16, 1.7992
_1313_, 137.04, 144.16, 1.7992
_1960_, 137.04, 144.16, 1.7992
FILLER_0_48_277, 137.04, 144.16, 1.7992
FILLER_0_49_281, 137.04, 144.16, 1.7992
_1060_, 149.84, 144.16, 1.79933
_1614_, 149.84, 144.16, 1.79933
_1887_, 149.84, 144.16, 1.79933
FILLER_0_48_301, 149.84, 144.16, 1.79933
FILLER_0_48_309, 149.84, 144.16, 1.79933
FILLER_0_49_305, 149.84, 144.16, 1.79933
FILLER_0_50_321, 149.84, 144.16, 1.79933
_1057_, 162.64, 144.16, 1.79947
_1767_, 162.64, 144.16, 1.79947
clkbuf_leaf_14_clk, 162.64, 144.16, 1.79947
hold256, 162.64, 144.16, 1.79947
FILLER_0_48_335, 162.64, 144.16, 1.79947
FILLER_0_49_330, 162.64, 144.16, 1.79947
PHY_EDGE_ROW_46_Left_111, 5.52, 138.72, 1.79973
PHY_EDGE_ROW_47_Left_112, 5.52, 138.72, 1.79973
input45, 5.52, 138.72, 1.79973
PHY_EDGE_ROW_46_Right_46, 183.08, 138.72, 1.7998
PHY_EDGE_ROW_47_Right_47, 183.08, 138.72, 1.7998
output91, 183.08, 138.72, 1.7998
_1148_, 13.68, 138.72, 1.79973
_1656_, 13.68, 138.72, 1.79973
_1657_, 13.68, 138.72, 1.79973
FILLER_0_47_18, 13.68, 138.72, 1.79973
FILLER_0_48_25, 13.68, 138.72, 1.79973
_1146_, 34.64, 138.72, 1.79956
_1504_, 34.64, 138.72, 1.79956
_2051_, 34.64, 138.72, 1.79956
hold328, 34.64, 138.72, 1.79956
FILLER_0_46_57, 34.64, 138.72, 1.79956
FILLER_0_47_57, 34.64, 138.72, 1.79956
FILLER_0_47_69, 34.64, 138.72, 1.79956
_1645_, 47.44, 138.72, 1.79942
_1794_, 47.44, 138.72, 1.79942
_2188_, 47.44, 138.72, 1.79942
hold124, 47.44, 138.72, 1.79942
FILLER_0_46_79, 47.44, 138.72, 1.79942
FILLER_0_47_102, 47.44, 138.72, 1.79942
FILLER_0_48_100, 47.44, 138.72, 1.79942
_1120_, 60.24, 138.72, 1.79929
_1122_, 60.24, 138.72, 1.79929
_1123_, 60.24, 138.72, 1.79929
_1796_, 60.24, 138.72, 1.79929
_1901_, 60.24, 138.72, 1.79929
FILLER_0_47_124, 60.24, 138.72, 1.79929
FILLER_0_48_123, 60.24, 138.72, 1.79929
_1340_, 73.04, 138.72, 1.79919
_1341_, 73.04, 138.72, 1.79919
_1491_, 73.04, 138.72, 1.79919
clkbuf_leaf_9_clk, 73.04, 138.72, 1.79919
hold336, 73.04, 138.72, 1.79919
FILLER_0_47_149, 73.04, 138.72, 1.79919
_1110_, 85.84, 138.72, 1.79919
_1112_, 85.84, 138.72, 1.79919
_1791_, 85.84, 138.72, 1.79919
hold257, 85.84, 138.72, 1.79919
FILLER_0_47_164, 85.84, 138.72, 1.79919
FILLER_0_47_186, 85.84, 138.72, 1.79919
FILLER_0_48_184, 85.84, 138.72, 1.79919
_1082_, 98.64, 138.72, 1.79919
_1083_, 98.64, 138.72, 1.79919
_1111_, 98.64, 138.72, 1.79919
_1892_, 98.64, 138.72, 1.79919
hold300, 98.64, 138.72, 1.79919
FILLER_0_46_197, 98.64, 138.72, 1.79919
FILLER_0_47_199, 98.64, 138.72, 1.79919
FILLER_0_48_205, 98.64, 138.72, 1.79919
_1774_, 111.44, 138.72, 1.79922
_1964_, 111.44, 138.72, 1.79922
_2178_, 111.44, 138.72, 1.79922
hold127, 111.44, 138.72, 1.79922
FILLER_0_46_224, 111.44, 138.72, 1.79922
FILLER_0_47_220, 111.44, 138.72, 1.79922
FILLER_0_47_225, 111.44, 138.72, 1.79922
FILLER_0_47_235, 111.44, 138.72, 1.79922
_1064_, 124.24, 138.72, 1.79929
_1065_, 124.24, 138.72, 1.79929
_1469_, 124.24, 138.72, 1.79929
_1472_, 124.24, 138.72, 1.79929
hold346, 124.24, 138.72, 1.79929
FILLER_0_46_245, 124.24, 138.72, 1.79929
FILLER_0_46_258, 124.24, 138.72, 1.79929
FILLER_0_47_250, 124.24, 138.72, 1.79929
FILLER_0_47_262, 124.24, 138.72, 1.79929
FILLER_0_48_264, 124.24, 138.72, 1.79929
_1464_, 137.04, 138.72, 1.79938
_1769_, 137.04, 138.72, 1.79938
_2176_, 137.04, 138.72, 1.79938
hold33, 137.04, 138.72, 1.79938
FILLER_0_47_292, 137.04, 138.72, 1.79938
_1059_, 149.84, 138.72, 1.79948
_1463_, 149.84, 138.72, 1.79948
_1615_, 149.84, 138.72, 1.79948
_2032_, 149.84, 138.72, 1.79948
_2103_, 149.84, 138.72, 1.79948
FILLER_0_46_301, 149.84, 138.72, 1.79948
FILLER_0_47_318, 149.84, 138.72, 1.79948
_1058_, 162.64, 138.72, 1.79963
_1757_, 162.64, 138.72, 1.79963
_1766_, 162.64, 138.72, 1.79963
_2170_, 162.64, 138.72, 1.79963
hold262, 162.64, 138.72, 1.79963
FILLER_0_46_338, 162.64, 138.72, 1.79963
FILLER_0_47_332, 162.64, 138.72, 1.79963
FILLER_0_47_350, 162.64, 138.72, 1.79963
PHY_EDGE_ROW_44_Left_109, 5.52, 133.28, 1.79979
PHY_EDGE_ROW_45_Left_110, 5.52, 133.28, 1.79979
input46, 5.52, 133.28, 1.79979
output119, 5.52, 133.28, 1.79979
PHY_EDGE_ROW_44_Right_44, 183.08, 133.28, 1.79983
PHY_EDGE_ROW_45_Right_45, 183.08, 133.28, 1.79983
input31, 183.08, 133.28, 1.79983
_2123_, 13.68, 133.28, 1.7998
FILLER_0_46_21, 13.68, 133.28, 1.7998
_1503_, 34.64, 133.28, 1.79968
hold45, 34.64, 133.28, 1.79968
hold198, 34.64, 133.28, 1.79968
FILLER_0_44_53, 34.64, 133.28, 1.79968
_1661_, 47.44, 133.28, 1.79955
_2125_, 47.44, 133.28, 1.79955
hold102, 47.44, 133.28, 1.79955
hold113, 47.44, 133.28, 1.79955
FILLER_0_44_81, 47.44, 133.28, 1.79955
FILLER_0_44_85, 47.44, 133.28, 1.79955
FILLER_0_45_88, 47.44, 133.28, 1.79955
FILLER_0_46_101, 47.44, 133.28, 1.79955
_1356_, 60.24, 133.28, 1.79944
_1660_, 60.24, 133.28, 1.79944
_1981_, 60.24, 133.28, 1.79944
hold40, 60.24, 133.28, 1.79944
hold212, 60.24, 133.28, 1.79944
FILLER_0_45_113, 60.24, 133.28, 1.79944
FILLER_0_46_131, 60.24, 133.28, 1.79944
_1508_, 73.04, 133.28, 1.79937
_1899_, 73.04, 133.28, 1.79937
_1973_, 73.04, 133.28, 1.79937
hold233, 73.04, 133.28, 1.79937
FILLER_0_44_135, 73.04, 133.28, 1.79937
FILLER_0_46_150, 73.04, 133.28, 1.79937
_1113_, 85.84, 133.28, 1.79933
_1639_, 85.84, 133.28, 1.79933
_1640_, 85.84, 133.28, 1.79933
_1971_, 85.84, 133.28, 1.79933
_2115_, 85.84, 133.28, 1.79933
hold148, 85.84, 133.28, 1.79933
_1335_, 98.64, 133.28, 1.79933
_1621_, 98.64, 133.28, 1.79933
_1622_, 98.64, 133.28, 1.79933
_2106_, 98.64, 133.28, 1.79933
FILLER_0_45_202, 98.64, 133.28, 1.79933
_1070_, 111.44, 133.28, 1.79936
_1075_, 111.44, 133.28, 1.79936
_1773_, 111.44, 133.28, 1.79936
hold123, 111.44, 133.28, 1.79936
FILLER_0_45_243, 111.44, 133.28, 1.79936
_1072_, 124.24, 133.28, 1.79939
_1468_, 124.24, 133.28, 1.79939
_1888_, 124.24, 133.28, 1.79939
_2034_, 124.24, 133.28, 1.79939
FILLER_0_44_249, 124.24, 133.28, 1.79939
_1768_, 137.04, 133.28, 1.79947
hold78, 137.04, 133.28, 1.79947
hold265, 137.04, 133.28, 1.79947
FILLER_0_45_276, 137.04, 133.28, 1.79947
_1454_, 149.84, 133.28, 1.79956
_2027_, 149.84, 133.28, 1.79956
_2098_, 149.84, 133.28, 1.79956
hold169, 149.84, 133.28, 1.79956
hold342, 149.84, 133.28, 1.79956
FILLER_0_44_305, 149.84, 133.28, 1.79956
FILLER_0_45_315, 149.84, 133.28, 1.79956
_1604_, 162.64, 133.28, 1.7997
_1605_, 162.64, 133.28, 1.7997
_1756_, 162.64, 133.28, 1.7997
FILLER_0_44_336, 162.64, 133.28, 1.7997
PHY_EDGE_ROW_42_Left_107, 5.52, 127.84, 1.79984
PHY_EDGE_ROW_43_Left_108, 5.52, 127.84, 1.79984
input47, 5.52, 127.84, 1.79984
PHY_EDGE_ROW_42_Right_42, 183.08, 127.84, 1.79987
PHY_EDGE_ROW_43_Right_43, 183.08, 127.84, 1.79987
_1659_, 13.68, 127.84, 1.79984
_1908_, 13.68, 127.84, 1.79984
_2124_, 13.68, 127.84, 1.79984
FILLER_0_42_9, 13.68, 127.84, 1.79984
FILLER_0_44_18, 13.68, 127.84, 1.79984
FILLER_0_44_24, 13.68, 127.84, 1.79984
_1151_, 34.64, 127.84, 1.79973
_1354_, 34.64, 127.84, 1.79973
_1506_, 34.64, 127.84, 1.79973
_2052_, 34.64, 127.84, 1.79973
FILLER_0_44_67, 34.64, 127.84, 1.79973
FILLER_0_44_73, 34.64, 127.84, 1.79973
_1156_, 47.44, 127.84, 1.79962
_1909_, 47.44, 127.84, 1.79962
hold329, 47.44, 127.84, 1.79962
FILLER_0_42_79, 47.44, 127.84, 1.79962
_1154_, 60.24, 127.84, 1.79954
_1357_, 60.24, 127.84, 1.79954
_1812_, 60.24, 127.84, 1.79954
_1115_, 73.04, 127.84, 1.79947
_1507_, 73.04, 127.84, 1.79947
_2053_, 73.04, 127.84, 1.79947
FILLER_0_42_135, 73.04, 127.84, 1.79947
FILLER_0_43_134, 73.04, 127.84, 1.79947
FILLER_0_43_160, 73.04, 127.84, 1.79947
FILLER_0_44_156, 73.04, 127.84, 1.79947
_1336_, 85.84, 127.84, 1.79942
_2114_, 85.84, 127.84, 1.79942
hold161, 85.84, 127.84, 1.79942
FILLER_0_43_169, 85.84, 127.84, 1.79942
FILLER_0_43_177, 85.84, 127.84, 1.79942
FILLER_0_43_188, 85.84, 127.84, 1.79942
FILLER_0_44_177, 85.84, 127.84, 1.79942
FILLER_0_44_186, 85.84, 127.84, 1.79942
_1074_, 98.64, 127.84, 1.79939
_1484_, 98.64, 127.84, 1.79939
_1890_, 98.64, 127.84, 1.79939
_2042_, 98.64, 127.84, 1.79939
hold355, 98.64, 127.84, 1.79939
FILLER_0_43_202, 98.64, 127.84, 1.79939
_1317_, 111.44, 127.84, 1.79941
_1318_, 111.44, 127.84, 1.79941
hold67, 111.44, 127.84, 1.79941
hold195, 111.44, 127.84, 1.79941
FILLER_0_42_218, 111.44, 127.84, 1.79941
_1071_, 124.24, 127.84, 1.79944
_1477_, 124.24, 127.84, 1.79944
_2038_, 124.24, 127.84, 1.79944
_2099_, 124.24, 127.84, 1.79944
hold61, 124.24, 127.84, 1.79944
FILLER_0_42_249, 124.24, 127.84, 1.79944
FILLER_0_44_262, 124.24, 127.84, 1.79944
_1467_, 137.04, 127.84, 1.79951
_1606_, 137.04, 127.84, 1.79951
_1607_, 137.04, 127.84, 1.79951
_1758_, 137.04, 127.84, 1.79951
_1759_, 137.04, 127.84, 1.79951
_2171_, 137.04, 127.84, 1.79951
hold344, 137.04, 127.84, 1.79951
_1041_, 149.84, 127.84, 1.79961
_1453_, 149.84, 127.84, 1.79961
hold350, 149.84, 127.84, 1.79961
FILLER_0_43_304, 149.84, 127.84, 1.79961
FILLER_0_43_326, 149.84, 127.84, 1.79961
_1036_, 162.64, 127.84, 1.79973
_1038_, 162.64, 127.84, 1.79973
_1039_, 162.64, 127.84, 1.79973
_1301_, 162.64, 127.84, 1.79973
_1954_, 162.64, 127.84, 1.79973
FILLER_0_43_333, 162.64, 127.84, 1.79973
PHY_EDGE_ROW_40_Left_105, 5.52, 122.4, 1.79976
PHY_EDGE_ROW_41_Left_106, 5.52, 122.4, 1.79976
output124, 5.52, 122.4, 1.79976
output127, 5.52, 122.4, 1.79976
PHY_EDGE_ROW_40_Right_40, 183.08, 122.4, 1.79984
PHY_EDGE_ROW_41_Right_41, 183.08, 122.4, 1.79984
input16, 183.08, 122.4, 1.79984
_1153_, 13.68, 122.4, 1.79977
FILLER_0_40_9, 13.68, 122.4, 1.79977
FILLER_0_40_17, 13.68, 122.4, 1.79977
FILLER_0_41_24, 13.68, 122.4, 1.79977
_1355_, 34.64, 122.4, 1.7996
_1505_, 34.64, 122.4, 1.7996
_1980_, 34.64, 122.4, 1.7996
FILLER_0_41_73, 34.64, 122.4, 1.7996
FILLER_0_42_64, 34.64, 122.4, 1.7996
_1157_, 47.44, 122.4, 1.79943
_1364_, 47.44, 122.4, 1.79943
_1820_, 47.44, 122.4, 1.79943
_2200_, 47.44, 122.4, 1.79943
clkbuf_leaf_3_clk, 47.44, 122.4, 1.79943
hold171, 47.44, 122.4, 1.79943
FILLER_0_41_97, 47.44, 122.4, 1.79943
FILLER_0_41_104, 47.44, 122.4, 1.79943
FILLER_0_42_96, 47.44, 122.4, 1.79943
_1155_, 60.24, 122.4, 1.79935
_1641_, 60.24, 122.4, 1.79935
_1793_, 60.24, 122.4, 1.79935
_1813_, 60.24, 122.4, 1.79935
_2197_, 60.24, 122.4, 1.79935
hold31, 60.24, 122.4, 1.79935
_1096_, 73.04, 122.4, 1.7993
_1105_, 73.04, 122.4, 1.7993
_1337_, 73.04, 122.4, 1.7993
_1488_, 73.04, 122.4, 1.7993
_1822_, 73.04, 122.4, 1.7993
_2201_, 73.04, 122.4, 1.7993
hold258, 73.04, 122.4, 1.7993
FILLER_0_41_151, 73.04, 122.4, 1.7993
FILLER_0_42_151, 73.04, 122.4, 1.7993
_1106_, 85.84, 122.4, 1.7993
_1107_, 85.84, 122.4, 1.7993
_1637_, 85.84, 122.4, 1.7993
_1638_, 85.84, 122.4, 1.7993
FILLER_0_41_172, 85.84, 122.4, 1.7993
_1485_, 98.64, 122.4, 1.7993
_1620_, 98.64, 122.4, 1.7993
_1630_, 98.64, 122.4, 1.7993
_2110_, 98.64, 122.4, 1.7993
FILLER_0_40_197, 98.64, 122.4, 1.7993
_1061_, 111.44, 122.4, 1.79933
_1073_, 111.44, 122.4, 1.79933
_1088_, 111.44, 122.4, 1.79933
_1629_, 111.44, 122.4, 1.79933
_1962_, 111.44, 122.4, 1.79933
FILLER_0_41_234, 111.44, 122.4, 1.79933
FILLER_0_41_242, 111.44, 122.4, 1.79933
_1089_, 124.24, 122.4, 1.79938
_1476_, 124.24, 122.4, 1.79938
_1599_, 124.24, 122.4, 1.79938
_1609_, 124.24, 122.4, 1.79938
FILLER_0_40_253, 124.24, 122.4, 1.79938
FILLER_0_41_254, 124.24, 122.4, 1.79938
_1040_, 137.04, 122.4, 1.79945
_1042_, 137.04, 122.4, 1.79945
_1751_, 137.04, 122.4, 1.79945
_1883_, 137.04, 122.4, 1.79945
hold224, 137.04, 122.4, 1.79945
FILLER_0_41_281, 137.04, 122.4, 1.79945
FILLER_0_42_286, 137.04, 122.4, 1.79945
FILLER_0_42_299, 137.04, 122.4, 1.79945
_1031_, 149.84, 122.4, 1.79956
_1882_, 149.84, 122.4, 1.79956
_1955_, 149.84, 122.4, 1.79956
FILLER_0_41_314, 149.84, 122.4, 1.79956
FILLER_0_41_322, 149.84, 122.4, 1.79956
FILLER_0_42_321, 149.84, 122.4, 1.79956
_1030_, 162.64, 122.4, 1.79969
_1300_, 162.64, 122.4, 1.79969
_1601_, 162.64, 122.4, 1.79969
hold170, 162.64, 122.4, 1.79969
hold269, 162.64, 122.4, 1.79969
FILLER_0_41_328, 162.64, 122.4, 1.79969
FILLER_0_41_340, 162.64, 122.4, 1.79969
FILLER_0_41_351, 162.64, 122.4, 1.79969
FILLER_0_42_351, 162.64, 122.4, 1.79969
_2131_, 5.52, 116.96, 1.7996
PHY_EDGE_ROW_38_Left_103, 5.52, 116.96, 1.7996
PHY_EDGE_ROW_39_Left_104, 5.52, 116.96, 1.7996
input52, 5.52, 116.96, 1.7996
input54, 5.52, 116.96, 1.7996
PHY_EDGE_ROW_38_Right_38, 183.08, 116.96, 1.79965
PHY_EDGE_ROW_39_Right_39, 183.08, 116.96, 1.79965
_1673_, 13.68, 116.96, 1.79961
_1674_, 13.68, 116.96, 1.79961
_2203_, 13.68, 116.96, 1.79961
hold116, 13.68, 116.96, 1.79961
FILLER_0_39_21, 13.68, 116.96, 1.79961
_1369_, 34.64, 116.96, 1.79932
_1370_, 34.64, 116.96, 1.79932
_2128_, 34.64, 116.96, 1.79932
hold16, 34.64, 116.96, 1.79932
hold253, 34.64, 116.96, 1.79932
hold321, 34.64, 116.96, 1.79932
FILLER_0_39_53, 34.64, 116.96, 1.79932
_1168_, 47.44, 116.96, 1.79903
_1819_, 47.44, 116.96, 1.79903
_1984_, 47.44, 116.96, 1.79903
hold41, 47.44, 116.96, 1.79903
_1117_, 60.24, 116.96, 1.79876
_1363_, 60.24, 116.96, 1.79876
_1670_, 60.24, 116.96, 1.79876
clkbuf_2_1__f_clk, 60.24, 116.96, 1.79876
FILLER_0_39_113, 60.24, 116.96, 1.79876
FILLER_0_40_119, 60.24, 116.96, 1.79876
_1365_, 73.04, 116.96, 1.79864
_1814_, 73.04, 116.96, 1.79864
_1821_, 73.04, 116.96, 1.79864
_1898_, 73.04, 116.96, 1.79864
hold284, 73.04, 116.96, 1.79864
FILLER_0_38_136, 73.04, 116.96, 1.79864
_1108_, 85.84, 116.96, 1.79854
_1109_, 85.84, 116.96, 1.79854
_1789_, 85.84, 116.96, 1.79854
_1790_, 85.84, 116.96, 1.79854
hold194, 85.84, 116.96, 1.79854
hold204, 85.84, 116.96, 1.79854
FILLER_0_38_168, 85.84, 116.96, 1.79854
FILLER_0_39_169, 85.84, 116.96, 1.79854
FILLER_0_40_184, 85.84, 116.96, 1.79854
_1316_, 98.64, 116.96, 1.79846
_1333_, 98.64, 116.96, 1.79846
_1334_, 98.64, 116.96, 1.79846
_1772_, 98.64, 116.96, 1.79846
clkbuf_leaf_10_clk, 98.64, 116.96, 1.79846
hold192, 98.64, 116.96, 1.79846
FILLER_0_38_191, 98.64, 116.96, 1.79846
FILLER_0_38_201, 98.64, 116.96, 1.79846
_1090_, 111.44, 116.96, 1.79847
_1091_, 111.44, 116.96, 1.79847
_1325_, 111.44, 116.96, 1.79847
_2182_, 111.44, 116.96, 1.79847
FILLER_0_39_234, 111.44, 116.96, 1.79847
_1008_, 124.24, 116.96, 1.79849
_1029_, 124.24, 116.96, 1.79849
_1052_, 124.24, 116.96, 1.79849
_1326_, 124.24, 116.96, 1.79849
_2100_, 124.24, 116.96, 1.79849
clkbuf_2_3__f_clk, 124.24, 116.96, 1.79849
hold260, 124.24, 116.96, 1.79849
_1043_, 137.04, 116.96, 1.79868
_1302_, 137.04, 116.96, 1.79868
_1455_, 137.04, 116.96, 1.79868
_1608_, 137.04, 116.96, 1.79868
clkbuf_leaf_16_clk, 137.04, 116.96, 1.79868
hold335, 137.04, 116.96, 1.79868
FILLER_0_38_282, 137.04, 116.96, 1.79868
FILLER_0_40_294, 137.04, 116.96, 1.79868
_1027_, 149.84, 116.96, 1.79896
_1295_, 149.84, 116.96, 1.79896
_1303_, 149.84, 116.96, 1.79896
_1600_, 149.84, 116.96, 1.79896
_1880_, 149.84, 116.96, 1.79896
_2029_, 149.84, 116.96, 1.79896
hold259, 149.84, 116.96, 1.79896
FILLER_0_39_320, 149.84, 116.96, 1.79896
_1026_, 162.64, 116.96, 1.79929
_1752_, 162.64, 116.96, 1.79929
_2096_, 162.64, 116.96, 1.79929
hold9, 162.64, 116.96, 1.79929
_1915_, 5.52, 111.52, 1.79968
PHY_EDGE_ROW_36_Left_101, 5.52, 111.52, 1.79968
PHY_EDGE_ROW_37_Left_102, 5.52, 111.52, 1.79968
input51, 5.52, 111.52, 1.79968
FILLER_0_38_6, 5.52, 111.52, 1.79968
PHY_EDGE_ROW_36_Right_36, 183.08, 111.52, 1.79977
PHY_EDGE_ROW_37_Right_37, 183.08, 111.52, 1.79977
output93, 183.08, 111.52, 1.79977
_1183_, 13.68, 111.52, 1.79969
clkbuf_leaf_4_clk, 13.68, 111.52, 1.79969
FILLER_0_37_20, 13.68, 111.52, 1.79969
FILLER_0_38_23, 13.68, 111.52, 1.79969
_1520_, 34.64, 111.52, 1.79962
_1521_, 34.64, 111.52, 1.79962
_1667_, 34.64, 111.52, 1.79962
_1668_, 34.64, 111.52, 1.79962
_2059_, 34.64, 111.52, 1.79962
FILLER_0_36_53, 34.64, 111.52, 1.79962
_1169_, 47.44, 111.52, 1.79951
_1170_, 47.44, 111.52, 1.79951
_1175_, 60.24, 111.52, 1.79941
_1669_, 60.24, 111.52, 1.79941
_2129_, 60.24, 111.52, 1.79941
hold351, 60.24, 111.52, 1.79941
FILLER_0_37_108, 60.24, 111.52, 1.79941
_1172_, 73.04, 111.52, 1.79933
_1173_, 73.04, 111.52, 1.79933
_1366_, 73.04, 111.52, 1.79933
_1516_, 73.04, 111.52, 1.79933
_1985_, 73.04, 111.52, 1.79933
hold190, 73.04, 111.52, 1.79933
FILLER_0_37_156, 73.04, 111.52, 1.79933
_1517_, 85.84, 111.52, 1.79929
_2057_, 85.84, 111.52, 1.79929
_2186_, 85.84, 111.52, 1.79929
FILLER_0_37_185, 85.84, 111.52, 1.79929
_1856_, 98.64, 111.52, 1.79928
_1894_, 98.64, 111.52, 1.79928
_1970_, 98.64, 111.52, 1.79928
hold211, 98.64, 111.52, 1.79928
FILLER_0_36_190, 98.64, 111.52, 1.79928
FILLER_0_37_213, 98.64, 111.52, 1.79928
_1781_, 111.44, 111.52, 1.79931
_1782_, 111.44, 111.52, 1.79931
_1966_, 111.44, 111.52, 1.79931
hold165, 111.44, 111.52, 1.79931
hold356, 111.44, 111.52, 1.79931
FILLER_0_37_221, 111.44, 111.52, 1.79931
FILLER_0_37_225, 111.44, 111.52, 1.79931
_0933_, 124.24, 111.52, 1.79937
FILLER_0_37_255, 124.24, 111.52, 1.79937
FILLER_0_37_268, 124.24, 111.52, 1.79937
_1045_, 137.04, 111.52, 1.79943
_1446_, 137.04, 111.52, 1.79943
_1456_, 137.04, 111.52, 1.79943
_2028_, 137.04, 111.52, 1.79943
hold297, 137.04, 111.52, 1.79943
FILLER_0_36_274, 137.04, 111.52, 1.79943
FILLER_0_36_280, 137.04, 111.52, 1.79943
_1457_, 149.84, 111.52, 1.79953
_1458_, 149.84, 111.52, 1.79953
_1610_, 149.84, 111.52, 1.79953
hold347, 149.84, 111.52, 1.79953
FILLER_0_37_309, 149.84, 111.52, 1.79953
FILLER_0_38_325, 149.84, 111.52, 1.79953
_1603_, 162.64, 111.52, 1.79963
_1753_, 162.64, 111.52, 1.79963
_2097_, 162.64, 111.52, 1.79963
_2168_, 162.64, 111.52, 1.79963
hold188, 162.64, 111.52, 1.79963
FILLER_0_37_345, 162.64, 111.52, 1.79963
FILLER_0_37_353, 162.64, 111.52, 1.79963
_1179_, 5.52, 106.08, 1.79976
PHY_EDGE_ROW_34_Left_99, 5.52, 106.08, 1.79976
PHY_EDGE_ROW_35_Left_100, 5.52, 106.08, 1.79976
input53, 5.52, 106.08, 1.79976
output123, 5.52, 106.08, 1.79976
PHY_EDGE_ROW_34_Right_34, 183.08, 106.08, 1.79983
PHY_EDGE_ROW_35_Right_35, 183.08, 106.08, 1.79983
hold154, 13.68, 106.08, 1.79977
hold182, 13.68, 106.08, 1.79977
FILLER_0_35_10, 13.68, 106.08, 1.79977
FILLER_0_36_24, 13.68, 106.08, 1.79977
_1171_, 34.64, 106.08, 1.7996
_1177_, 34.64, 106.08, 1.7996
_1518_, 34.64, 106.08, 1.7996
_1912_, 34.64, 106.08, 1.7996
FILLER_0_35_53, 34.64, 106.08, 1.7996
FILLER_0_35_69, 34.64, 106.08, 1.7996
_1664_, 47.44, 106.08, 1.79944
_2056_, 47.44, 106.08, 1.79944
_2126_, 47.44, 106.08, 1.79944
hold155, 47.44, 106.08, 1.79944
FILLER_0_35_103, 47.44, 106.08, 1.79944
_1174_, 60.24, 106.08, 1.79933
_1514_, 60.24, 106.08, 1.79933
_1515_, 60.24, 106.08, 1.79933
_1913_, 60.24, 106.08, 1.79933
hold176, 60.24, 106.08, 1.79933
FILLER_0_35_122, 60.24, 106.08, 1.79933
_1817_, 73.04, 106.08, 1.79923
clkbuf_leaf_2_clk, 73.04, 106.08, 1.79923
hold276, 73.04, 106.08, 1.79923
FILLER_0_35_134, 73.04, 106.08, 1.79923
FILLER_0_35_158, 73.04, 106.08, 1.79923
FILLER_0_36_157, 73.04, 106.08, 1.79923
_1509_, 85.84, 106.08, 1.79923
_1551_, 98.64, 106.08, 1.79923
_1552_, 98.64, 106.08, 1.79923
_1857_, 98.64, 106.08, 1.79923
_2074_, 98.64, 106.08, 1.79923
_2218_, 98.64, 106.08, 1.79923
hold112, 98.64, 106.08, 1.79923
FILLER_0_35_205, 98.64, 106.08, 1.79923
_1859_, 111.44, 106.08, 1.79927
_2147_, 111.44, 106.08, 1.79927
hold73, 111.44, 106.08, 1.79927
hold152, 111.44, 106.08, 1.79927
FILLER_0_35_220, 111.44, 106.08, 1.79927
FILLER_0_35_225, 111.44, 106.08, 1.79927
FILLER_0_35_243, 111.44, 106.08, 1.79927
_1046_, 124.24, 106.08, 1.79934
_1047_, 124.24, 106.08, 1.79934
_1760_, 124.24, 106.08, 1.79934
_1884_, 124.24, 106.08, 1.79934
hold254, 124.24, 106.08, 1.79934
_1304_, 137.04, 106.08, 1.79943
_1611_, 137.04, 106.08, 1.79943
_2101_, 137.04, 106.08, 1.79943
hold299, 137.04, 106.08, 1.79943
FILLER_0_35_273, 137.04, 106.08, 1.79943
_1048_, 149.84, 106.08, 1.79955
_1049_, 149.84, 106.08, 1.79955
_1307_, 149.84, 106.08, 1.79955
hold255, 149.84, 106.08, 1.79955
FILLER_0_34_300, 149.84, 106.08, 1.79955
FILLER_0_35_302, 149.84, 106.08, 1.79955
FILLER_0_35_327, 149.84, 106.08, 1.79955
_1602_, 162.64, 106.08, 1.79968
input17, 162.64, 106.08, 1.79968
hold26, 162.64, 106.08, 1.79968
hold186, 162.64, 106.08, 1.79968
FILLER_0_35_337, 162.64, 106.08, 1.79968
FILLER_0_35_349, 162.64, 106.08, 1.79968
_1914_, 5.52, 100.64, 1.79972
PHY_EDGE_ROW_32_Left_97, 5.52, 100.64, 1.79972
PHY_EDGE_ROW_33_Left_98, 5.52, 100.64, 1.79972
input50, 5.52, 100.64, 1.79972
FILLER_0_33_6, 5.52, 100.64, 1.79972
PHY_EDGE_ROW_32_Right_32, 183.08, 100.64, 1.79978
PHY_EDGE_ROW_33_Right_33, 183.08, 100.64, 1.79978
FILLER_0_33_379, 183.08, 100.64, 1.79978
_1178_, 13.68, 100.64, 1.79974
_1671_, 13.68, 100.64, 1.79974
_1672_, 13.68, 100.64, 1.79974
_2130_, 13.68, 100.64, 1.79974
_1519_, 34.64, 100.64, 1.79955
_2058_, 34.64, 100.64, 1.79955
hold126, 34.64, 100.64, 1.79955
hold184, 34.64, 100.64, 1.79955
hold354, 34.64, 100.64, 1.79955
FILLER_0_32_62, 34.64, 100.64, 1.79955
FILLER_0_33_50, 34.64, 100.64, 1.79955
FILLER_0_33_73, 34.64, 100.64, 1.79955
FILLER_0_34_77, 34.64, 100.64, 1.79955
_1158_, 47.44, 100.64, 1.79938
_1359_, 47.44, 100.64, 1.79938
_1663_, 47.44, 100.64, 1.79938
_1982_, 47.44, 100.64, 1.79938
hold27, 47.44, 100.64, 1.79938
FILLER_0_32_85, 47.44, 100.64, 1.79938
_1360_, 60.24, 100.64, 1.79923
hold158, 60.24, 100.64, 1.79923
hold251, 60.24, 100.64, 1.79923
FILLER_0_32_112, 60.24, 100.64, 1.79923
FILLER_0_34_126, 60.24, 100.64, 1.79923
_1164_, 73.04, 100.64, 1.79909
_1513_, 73.04, 100.64, 1.79909
_1818_, 73.04, 100.64, 1.79909
_2055_, 73.04, 100.64, 1.79909
_2199_, 73.04, 100.64, 1.79909
FILLER_0_34_152, 73.04, 100.64, 1.79909
_1165_, 85.84, 100.64, 1.799
_1247_, 85.84, 100.64, 1.799
_1512_, 85.84, 100.64, 1.799
_1704_, 85.84, 100.64, 1.799
_1705_, 85.84, 100.64, 1.799
_2146_, 85.84, 100.64, 1.799
FILLER_0_33_164, 85.84, 100.64, 1.799
_1244_, 98.64, 100.64, 1.79894
_1245_, 98.64, 100.64, 1.79894
_1707_, 98.64, 100.64, 1.79894
clkbuf_0_clk, 98.64, 100.64, 1.79894
FILLER_0_32_192, 98.64, 100.64, 1.79894
FILLER_0_33_213, 98.64, 100.64, 1.79894
_1248_, 111.44, 100.64, 1.799
_1400_, 111.44, 100.64, 1.799
_1706_, 111.44, 100.64, 1.799
_1858_, 111.44, 100.64, 1.799
_2219_, 111.44, 100.64, 1.799
FILLER_0_32_226, 111.44, 100.64, 1.799
FILLER_0_33_221, 111.44, 100.64, 1.799
_1044_, 124.24, 100.64, 1.79909
_1554_, 124.24, 100.64, 1.79909
_2172_, 124.24, 100.64, 1.79909
hold140, 124.24, 100.64, 1.79909
FILLER_0_32_257, 124.24, 100.64, 1.79909
FILLER_0_33_253, 124.24, 100.64, 1.79909
_1017_, 137.04, 100.64, 1.7992
_1305_, 137.04, 100.64, 1.7992
_1885_, 137.04, 100.64, 1.7992
_1956_, 137.04, 100.64, 1.7992
FILLER_0_33_273, 137.04, 100.64, 1.7992
_1306_, 149.84, 100.64, 1.79936
_1762_, 149.84, 100.64, 1.79936
_1957_, 149.84, 100.64, 1.79936
_2173_, 149.84, 100.64, 1.79936
_1032_, 162.64, 100.64, 1.79955
_1034_, 162.64, 100.64, 1.79955
_1035_, 162.64, 100.64, 1.79955
_1754_, 162.64, 100.64, 1.79955
_1755_, 162.64, 100.64, 1.79955
_1881_, 162.64, 100.64, 1.79955
hold104, 162.64, 100.64, 1.79955
PHY_EDGE_ROW_30_Left_95, 5.52, 95.2, 1.79985
PHY_EDGE_ROW_31_Left_96, 5.52, 95.2, 1.79985
input49, 5.52, 95.2, 1.79985
output128, 5.52, 95.2, 1.79985
FILLER_0_32_6, 5.52, 95.2, 1.79985
PHY_EDGE_ROW_30_Right_30, 183.08, 95.2, 1.79987
PHY_EDGE_ROW_31_Right_31, 183.08, 95.2, 1.79987
_1675_, 13.68, 95.2, 1.79985
_1676_, 13.68, 95.2, 1.79985
input1, 13.68, 95.2, 1.79985
hold247, 13.68, 95.2, 1.79985
_1163_, 34.64, 95.2, 1.79973
_1523_, 34.64, 95.2, 1.79973
_1910_, 34.64, 95.2, 1.79973
_2060_, 34.64, 95.2, 1.79973
FILLER_0_31_57, 34.64, 95.2, 1.79973
FILLER_0_31_67, 34.64, 95.2, 1.79973
_1162_, 47.44, 95.2, 1.79963
_1815_, 47.44, 95.2, 1.79963
_1816_, 47.44, 95.2, 1.79963
_2198_, 47.44, 95.2, 1.79963
hold115, 47.44, 95.2, 1.79963
FILLER_0_30_78, 47.44, 95.2, 1.79963
_1160_, 60.24, 95.2, 1.79956
_1166_, 60.24, 95.2, 1.79956
_1167_, 60.24, 95.2, 1.79956
_1510_, 60.24, 95.2, 1.79956
_1911_, 60.24, 95.2, 1.79956
FILLER_0_31_109, 60.24, 95.2, 1.79956
_1140_, 73.04, 95.2, 1.79951
_1362_, 73.04, 95.2, 1.79951
_1665_, 73.04, 95.2, 1.79951
hold264, 73.04, 95.2, 1.79951
FILLER_0_31_152, 73.04, 95.2, 1.79951
FILLER_0_31_159, 73.04, 95.2, 1.79951
_0962_, 85.84, 95.2, 1.79947
_1246_, 85.84, 95.2, 1.79947
_1930_, 85.84, 95.2, 1.79947
hold153, 85.84, 95.2, 1.79947
FILLER_0_31_169, 85.84, 95.2, 1.79947
_1251_, 98.64, 95.2, 1.79946
_1401_, 98.64, 95.2, 1.79946
_2002_, 98.64, 95.2, 1.79946
max_cap151, 98.64, 95.2, 1.79946
hold215, 98.64, 95.2, 1.79946
FILLER_0_30_197, 98.64, 95.2, 1.79946
FILLER_0_31_191, 98.64, 95.2, 1.79946
_1249_, 111.44, 95.2, 1.79948
_1250_, 111.44, 95.2, 1.79948
_1403_, 111.44, 95.2, 1.79948
hold83, 111.44, 95.2, 1.79948
_1553_, 124.24, 95.2, 1.7995
_1761_, 124.24, 95.2, 1.7995
_2075_, 124.24, 95.2, 1.7995
hold191, 124.24, 95.2, 1.7995
hold338, 124.24, 95.2, 1.7995
FILLER_0_30_247, 124.24, 95.2, 1.7995
FILLER_0_32_264, 124.24, 95.2, 1.7995
_1050_, 137.04, 95.2, 1.79956
_1051_, 137.04, 95.2, 1.79956
_1439_, 137.04, 95.2, 1.79956
_2020_, 137.04, 95.2, 1.79956
hold71, 137.04, 95.2, 1.79956
FILLER_0_31_275, 137.04, 95.2, 1.79956
FILLER_0_31_292, 137.04, 95.2, 1.79956
_1763_, 149.84, 95.2, 1.79964
_2166_, 149.84, 95.2, 1.79964
hold267, 149.84, 95.2, 1.79964
FILLER_0_30_304, 149.84, 95.2, 1.79964
FILLER_0_31_300, 149.84, 95.2, 1.79964
FILLER_0_31_318, 149.84, 95.2, 1.79964
FILLER_0_32_325, 149.84, 95.2, 1.79964
_1445_, 162.64, 95.2, 1.79974
_2169_, 162.64, 95.2, 1.79974
hold311, 162.64, 95.2, 1.79974
FILLER_0_30_341, 162.64, 95.2, 1.79974
FILLER_0_31_329, 162.64, 95.2, 1.79974
FILLER_0_31_345, 162.64, 95.2, 1.79974
_1916_, 5.52, 89.76, 1.79972
_2132_, 5.52, 89.76, 1.79972
PHY_EDGE_ROW_28_Left_93, 5.52, 89.76, 1.79972
PHY_EDGE_ROW_29_Left_94, 5.52, 89.76, 1.79972
FILLER_0_30_3, 5.52, 89.76, 1.79972
PHY_EDGE_ROW_28_Right_28, 183.08, 89.76, 1.79975
PHY_EDGE_ROW_29_Right_29, 183.08, 89.76, 1.79975
input72, 183.08, 89.76, 1.79975
output86, 183.08, 89.76, 1.79975
_1187_, 13.68, 89.76, 1.79974
_1188_, 13.68, 89.76, 1.79974
FILLER_0_30_23, 13.68, 89.76, 1.79974
_1186_, 34.64, 89.76, 1.79958
_1522_, 34.64, 89.76, 1.79958
hold302, 34.64, 89.76, 1.79958
hold320, 34.64, 89.76, 1.79958
FILLER_0_29_52, 34.64, 89.76, 1.79958
_2062_, 47.44, 89.76, 1.79942
hold236, 47.44, 89.76, 1.79942
FILLER_0_28_78, 47.44, 89.76, 1.79942
FILLER_0_28_85, 47.44, 89.76, 1.79942
FILLER_0_29_82, 47.44, 89.76, 1.79942
FILLER_0_29_99, 47.44, 89.76, 1.79942
FILLER_0_30_102, 47.44, 89.76, 1.79942
_1161_, 60.24, 89.76, 1.79927
_1511_, 60.24, 89.76, 1.79927
_1666_, 60.24, 89.76, 1.79927
_2054_, 60.24, 89.76, 1.79927
_2127_, 60.24, 89.76, 1.79927
hold343, 60.24, 89.76, 1.79927
FILLER_0_28_107, 60.24, 89.76, 1.79927
_1184_, 73.04, 89.76, 1.79917
_1361_, 73.04, 89.76, 1.79917
_1834_, 73.04, 89.76, 1.79917
_1983_, 73.04, 89.76, 1.79917
_2207_, 73.04, 89.76, 1.79917
hold189, 73.04, 89.76, 1.79917
hold288, 73.04, 89.76, 1.79917
FILLER_0_29_151, 73.04, 89.76, 1.79917
_0930_, 85.84, 89.76, 1.79912
_0937_, 85.84, 89.76, 1.79912
_1252_, 85.84, 89.76, 1.79912
_1555_, 85.84, 89.76, 1.79912
FILLER_0_29_163, 85.84, 89.76, 1.79912
FILLER_0_29_169, 85.84, 89.76, 1.79912
FILLER_0_30_179, 85.84, 89.76, 1.79912
_0936_, 98.64, 89.76, 1.79908
_1556_, 98.64, 89.76, 1.79908
_1931_, 98.64, 89.76, 1.79908
max_cap149, 98.64, 89.76, 1.79908
max_cap150, 98.64, 89.76, 1.79908
FILLER_0_29_216, 98.64, 89.76, 1.79908
FILLER_0_30_203, 98.64, 89.76, 1.79908
_1402_, 111.44, 89.76, 1.79907
_2003_, 111.44, 89.76, 1.79907
clkbuf_leaf_17_clk, 111.44, 89.76, 1.79907
hold135, 111.44, 89.76, 1.79907
FILLER_0_29_225, 111.44, 89.76, 1.79907
_1743_, 124.24, 89.76, 1.79915
_1744_, 124.24, 89.76, 1.79915
_2164_, 124.24, 89.76, 1.79915
hold353, 124.24, 89.76, 1.79915
_1010_, 137.04, 89.76, 1.79925
_1425_, 137.04, 89.76, 1.79925
_1438_, 137.04, 89.76, 1.79925
hold325, 137.04, 89.76, 1.79925
FILLER_0_28_276, 137.04, 89.76, 1.79925
FILLER_0_29_281, 137.04, 89.76, 1.79925
_1442_, 149.84, 89.76, 1.79937
_1595_, 149.84, 89.76, 1.79937
_1747_, 149.84, 89.76, 1.79937
_1748_, 149.84, 89.76, 1.79937
_2022_, 149.84, 89.76, 1.79937
_1443_, 162.64, 89.76, 1.79951
_1749_, 162.64, 89.76, 1.79951
_1750_, 162.64, 89.76, 1.79951
_2095_, 162.64, 89.76, 1.79951
_2167_, 162.64, 89.76, 1.79951
clkbuf_leaf_19_clk, 162.64, 89.76, 1.79951
FILLER_0_29_337, 162.64, 89.76, 1.79951
PHY_EDGE_ROW_26_Left_91, 5.52, 84.32, 1.79973
PHY_EDGE_ROW_27_Left_92, 5.52, 84.32, 1.79973
input55, 5.52, 84.32, 1.79973
input56, 5.52, 84.32, 1.79973
output122, 5.52, 84.32, 1.79973
PHY_EDGE_ROW_26_Right_26, 183.08, 84.32, 1.79983
PHY_EDGE_ROW_27_Right_27, 183.08, 84.32, 1.79983
input13, 183.08, 84.32, 1.79983
_1677_, 13.68, 84.32, 1.79974
_1678_, 13.68, 84.32, 1.79974
hold232, 13.68, 84.32, 1.79974
FILLER_0_27_12, 13.68, 84.32, 1.79974
FILLER_0_28_24, 13.68, 84.32, 1.79974
_1190_, 34.64, 84.32, 1.79961
_1525_, 34.64, 84.32, 1.79961
_2061_, 34.64, 84.32, 1.79961
_2134_, 34.64, 84.32, 1.79961
FILLER_0_27_66, 34.64, 84.32, 1.79961
_1526_, 47.44, 84.32, 1.7995
_1679_, 47.44, 84.32, 1.7995
_1680_, 47.44, 84.32, 1.7995
hold242, 47.44, 84.32, 1.7995
_1662_, 60.24, 84.32, 1.79941
_1682_, 60.24, 84.32, 1.79941
_2135_, 60.24, 84.32, 1.79941
hold62, 60.24, 84.32, 1.79941
hold348, 60.24, 84.32, 1.79941
FILLER_0_26_108, 60.24, 84.32, 1.79941
FILLER_0_27_107, 60.24, 84.32, 1.79941
_1149_, 73.04, 84.32, 1.79934
_1159_, 73.04, 84.32, 1.79934
_1198_, 73.04, 84.32, 1.79934
_1358_, 73.04, 84.32, 1.79934
_1833_, 73.04, 84.32, 1.79934
_2063_, 73.04, 84.32, 1.79934
FILLER_0_27_149, 73.04, 84.32, 1.79934
_0931_, 85.84, 84.32, 1.79931
_0938_, 85.84, 84.32, 1.79931
_0972_, 85.84, 84.32, 1.79931
_1528_, 85.84, 84.32, 1.79931
_1529_, 85.84, 84.32, 1.79931
_1708_, 85.84, 84.32, 1.79931
FILLER_0_26_162, 85.84, 84.32, 1.79931
FILLER_0_27_178, 85.84, 84.32, 1.79931
FILLER_0_28_175, 85.84, 84.32, 1.79931
_1565_, 98.64, 84.32, 1.7993
_2079_, 98.64, 84.32, 1.7993
_2151_, 98.64, 84.32, 1.7993
hold69, 98.64, 84.32, 1.7993
hold76, 98.64, 84.32, 1.7993
FILLER_0_28_204, 98.64, 84.32, 1.7993
_1411_, 111.44, 84.32, 1.79933
_1412_, 111.44, 84.32, 1.79933
_1717_, 111.44, 84.32, 1.79933
_2007_, 111.44, 84.32, 1.79933
hold178, 111.44, 84.32, 1.79933
_1012_, 124.24, 84.32, 1.79939
_1591_, 124.24, 84.32, 1.79939
_1592_, 124.24, 84.32, 1.79939
_2092_, 124.24, 84.32, 1.79939
hold103, 124.24, 84.32, 1.79939
FILLER_0_27_246, 124.24, 84.32, 1.79939
FILLER_0_28_261, 124.24, 84.32, 1.79939
_1287_, 137.04, 84.32, 1.79947
_1596_, 137.04, 84.32, 1.79947
_2094_, 137.04, 84.32, 1.79947
hold65, 137.04, 84.32, 1.79947
FILLER_0_27_275, 137.04, 84.32, 1.79947
_1018_, 149.84, 84.32, 1.79958
_1020_, 149.84, 84.32, 1.79958
hold59, 149.84, 84.32, 1.79958
hold100, 149.84, 84.32, 1.79958
FILLER_0_27_302, 149.84, 84.32, 1.79958
FILLER_0_27_310, 149.84, 84.32, 1.79958
_1022_, 162.64, 84.32, 1.7997
_1291_, 162.64, 84.32, 1.7997
_1597_, 162.64, 84.32, 1.7997
_1598_, 162.64, 84.32, 1.7997
hold122, 162.64, 84.32, 1.7997
FILLER_0_27_348, 162.64, 84.32, 1.7997
_1917_, 5.52, 78.88, 1.79974
_2133_, 5.52, 78.88, 1.79974
PHY_EDGE_ROW_24_Left_89, 5.52, 78.88, 1.79974
PHY_EDGE_ROW_25_Left_90, 5.52, 78.88, 1.79974
FILLER_0_25_3, 5.52, 78.88, 1.79974
PHY_EDGE_ROW_24_Right_24, 183.08, 78.88, 1.79981
PHY_EDGE_ROW_25_Right_25, 183.08, 78.88, 1.79981
_1191_, 13.68, 78.88, 1.79976
_1192_, 13.68, 78.88, 1.79976
_2205_, 13.68, 78.88, 1.79976
hold250, 13.68, 78.88, 1.79976
_1196_, 34.64, 78.88, 1.79969
_1374_, 34.64, 78.88, 1.79969
_1524_, 34.64, 78.88, 1.79969
hold133, 34.64, 78.88, 1.79969
hold319, 34.64, 78.88, 1.79969
FILLER_0_24_63, 34.64, 78.88, 1.79969
FILLER_0_25_69, 34.64, 78.88, 1.79969
_1194_, 47.44, 78.88, 1.7996
_1195_, 47.44, 78.88, 1.7996
_1527_, 47.44, 78.88, 1.7996
_1831_, 47.44, 78.88, 1.7996
_1200_, 60.24, 78.88, 1.79952
_1681_, 60.24, 78.88, 1.79952
hold277, 60.24, 78.88, 1.79952
FILLER_0_24_115, 60.24, 78.88, 1.79952
FILLER_0_25_106, 60.24, 78.88, 1.79952
FILLER_0_25_113, 60.24, 78.88, 1.79952
FILLER_0_26_130, 60.24, 78.88, 1.79952
_1199_, 73.04, 78.88, 1.79944
_1377_, 73.04, 78.88, 1.79944
_1991_, 73.04, 78.88, 1.79944
hold143, 73.04, 78.88, 1.79944
_1718_, 85.84, 78.88, 1.79939
_2080_, 85.84, 78.88, 1.79939
_2152_, 85.84, 78.88, 1.79939
FILLER_0_25_181, 85.84, 78.88, 1.79939
_0950_, 98.64, 78.88, 1.79938
_0953_, 98.64, 78.88, 1.79938
_1564_, 98.64, 78.88, 1.79938
_1566_, 98.64, 78.88, 1.79938
_1716_, 98.64, 78.88, 1.79938
_1719_, 98.64, 78.88, 1.79938
hold282, 98.64, 78.88, 1.79938
FILLER_0_25_207, 98.64, 78.88, 1.79938
_0951_, 111.44, 78.88, 1.79939
_1261_, 111.44, 78.88, 1.79939
_1709_, 111.44, 78.88, 1.79939
hold114, 111.44, 78.88, 1.79939
FILLER_0_25_225, 111.44, 78.88, 1.79939
_0934_, 124.24, 78.88, 1.7994
_1009_, 124.24, 78.88, 1.7994
_1011_, 124.24, 78.88, 1.7994
_1876_, 124.24, 78.88, 1.7994
hold66, 124.24, 78.88, 1.7994
FILLER_0_24_247, 124.24, 78.88, 1.7994
FILLER_0_25_249, 124.24, 78.88, 1.7994
_1288_, 137.04, 78.88, 1.79945
_1730_, 137.04, 78.88, 1.79945
_1878_, 137.04, 78.88, 1.79945
_1948_, 137.04, 78.88, 1.79945
FILLER_0_25_276, 137.04, 78.88, 1.79945
_0983_, 149.84, 78.88, 1.79954
_1019_, 149.84, 78.88, 1.79954
_1021_, 149.84, 78.88, 1.79954
_1274_, 149.84, 78.88, 1.79954
_1950_, 149.84, 78.88, 1.79954
hold58, 149.84, 78.88, 1.79954
hold221, 149.84, 78.88, 1.79954
FILLER_0_26_318, 149.84, 78.88, 1.79954
_1024_, 162.64, 78.88, 1.79966
_1294_, 162.64, 78.88, 1.79966
_1879_, 162.64, 78.88, 1.79966
hold200, 162.64, 78.88, 1.79966
FILLER_0_24_336, 162.64, 78.88, 1.79966
PHY_EDGE_ROW_22_Left_87, 5.52, 73.44, 1.79959
PHY_EDGE_ROW_23_Left_88, 5.52, 73.44, 1.79959
input57, 5.52, 73.44, 1.79959
output129, 5.52, 73.44, 1.79959
PHY_EDGE_ROW_22_Right_22, 183.08, 73.44, 1.79966
PHY_EDGE_ROW_23_Right_23, 183.08, 73.44, 1.79966
output110, 183.08, 73.44, 1.79966
FILLER_0_24_25, 13.68, 73.44, 1.7996
_1197_, 34.64, 73.44, 1.79922
_1225_, 34.64, 73.44, 1.79922
_1832_, 34.64, 73.44, 1.79922
_1918_, 34.64, 73.44, 1.79922
hold309, 34.64, 73.44, 1.79922
FILLER_0_23_53, 34.64, 73.44, 1.79922
_1376_, 47.44, 73.44, 1.79885
_1990_, 47.44, 73.44, 1.79885
_2206_, 47.44, 73.44, 1.79885
clkbuf_leaf_1_clk, 47.44, 73.44, 1.79885
hold24, 47.44, 73.44, 1.79885
FILLER_0_22_85, 47.44, 73.44, 1.79885
FILLER_0_23_94, 47.44, 73.44, 1.79885
_1201_, 60.24, 73.44, 1.79859
_1919_, 60.24, 73.44, 1.79859
clkbuf_2_0__f_clk, 60.24, 73.44, 1.79859
hold241, 60.24, 73.44, 1.79859
FILLER_0_23_131, 60.24, 73.44, 1.79859
_1193_, 73.04, 73.44, 1.79849
_1378_, 73.04, 73.44, 1.79849
_1379_, 73.04, 73.44, 1.79849
_1567_, 73.04, 73.44, 1.79849
_1835_, 73.04, 73.44, 1.79849
FILLER_0_23_144, 73.04, 73.44, 1.79849
FILLER_0_24_157, 73.04, 73.44, 1.79849
_0954_, 85.84, 73.44, 1.79839
_0956_, 85.84, 73.44, 1.79839
_1864_, 85.84, 73.44, 1.79839
clkbuf_leaf_25_clk, 85.84, 73.44, 1.79839
FILLER_0_23_179, 85.84, 73.44, 1.79839
FILLER_0_24_179, 85.84, 73.44, 1.79839
_0952_, 98.64, 73.44, 1.79839
_0955_, 98.64, 73.44, 1.79839
_1262_, 98.64, 73.44, 1.79839
_1863_, 98.64, 73.44, 1.79839
_0939_, 111.44, 73.44, 1.79841
_1260_, 111.44, 73.44, 1.79841
_1935_, 111.44, 73.44, 1.79841
hold196, 111.44, 73.44, 1.79841
FILLER_0_23_221, 111.44, 73.44, 1.79841
FILLER_0_23_225, 111.44, 73.44, 1.79841
_0985_, 124.24, 73.44, 1.79846
_1253_, 124.24, 73.44, 1.79846
_1404_, 124.24, 73.44, 1.79846
_1424_, 124.24, 73.44, 1.79846
_1557_, 124.24, 73.44, 1.79846
_2013_, 124.24, 73.44, 1.79846
clkbuf_2_2__f_clk, 124.24, 73.44, 1.79846
hold339, 124.24, 73.44, 1.79846
FILLER_0_23_258, 124.24, 73.44, 1.79846
_1290_, 137.04, 73.44, 1.79868
_1594_, 137.04, 73.44, 1.79868
_1949_, 137.04, 73.44, 1.79868
clkbuf_leaf_18_clk, 137.04, 73.44, 1.79868
hold49, 137.04, 73.44, 1.79868
FILLER_0_23_281, 137.04, 73.44, 1.79868
_1289_, 149.84, 73.44, 1.79898
_1292_, 149.84, 73.44, 1.79898
_2021_, 149.84, 73.44, 1.79898
FILLER_0_23_311, 149.84, 73.44, 1.79898
_1441_, 162.64, 73.44, 1.79931
_1737_, 162.64, 73.44, 1.79931
_2161_, 162.64, 73.44, 1.79931
hold243, 162.64, 73.44, 1.79931
hold341, 162.64, 73.44, 1.79931
FILLER_0_23_332, 162.64, 73.44, 1.79931
PHY_EDGE_ROW_20_Left_85, 5.52, 68, 1.79978
PHY_EDGE_ROW_21_Left_86, 5.52, 68, 1.79978
input65, 5.52, 68, 1.79978
output130, 5.52, 68, 1.79978
FILLER_0_21_6, 5.52, 68, 1.79978
PHY_EDGE_ROW_20_Right_20, 183.08, 68, 1.79983
PHY_EDGE_ROW_21_Right_21, 183.08, 68, 1.79983
input8, 183.08, 68, 1.79983
_1227_, 13.68, 68, 1.79979
_1925_, 13.68, 68, 1.79979
FILLER_0_20_9, 13.68, 68, 1.79979
FILLER_0_22_21, 13.68, 68, 1.79979
_1541_, 34.64, 68, 1.79965
_1542_, 34.64, 68, 1.79965
_1699_, 34.64, 68, 1.79965
_1851_, 34.64, 68, 1.79965
_2069_, 34.64, 68, 1.79965
FILLER_0_20_55, 34.64, 68, 1.79965
FILLER_0_22_76, 34.64, 68, 1.79965
_1375_, 47.44, 68, 1.79951
_1850_, 47.44, 68, 1.79951
_1999_, 47.44, 68, 1.79951
_2215_, 47.44, 68, 1.79951
_1205_, 60.24, 68, 1.79941
_1395_, 60.24, 68, 1.79941
_1683_, 60.24, 68, 1.79941
_2144_, 60.24, 68, 1.79941
hold22, 60.24, 68, 1.79941
hold86, 60.24, 68, 1.79941
FILLER_0_20_117, 60.24, 68, 1.79941
_1203_, 73.04, 68, 1.79934
_1530_, 73.04, 68, 1.79934
_1547_, 73.04, 68, 1.79934
_1548_, 73.04, 68, 1.79934
_2072_, 73.04, 68, 1.79934
hold345, 73.04, 68, 1.79934
FILLER_0_20_133, 73.04, 68, 1.79934
FILLER_0_21_134, 73.04, 68, 1.79934
FILLER_0_22_147, 73.04, 68, 1.79934
_0957_, 85.84, 68, 1.79931
_1263_, 85.84, 68, 1.79931
_1936_, 85.84, 68, 1.79931
hold129, 85.84, 68, 1.79931
FILLER_0_21_164, 85.84, 68, 1.79931
FILLER_0_21_172, 85.84, 68, 1.79931
FILLER_0_21_184, 85.84, 68, 1.79931
_1413_, 98.64, 68, 1.7993
_1414_, 98.64, 68, 1.7993
_2008_, 98.64, 68, 1.7993
hold131, 98.64, 68, 1.7993
hold337, 98.64, 68, 1.7993
FILLER_0_21_191, 98.64, 68, 1.7993
FILLER_0_22_214, 98.64, 68, 1.7993
_1576_, 111.44, 68, 1.79932
_1577_, 111.44, 68, 1.79932
_2085_, 111.44, 68, 1.79932
hold93, 111.44, 68, 1.79932
FILLER_0_22_239, 111.44, 68, 1.79932
_0979_, 124.24, 68, 1.79936
_1273_, 124.24, 68, 1.79936
_1423_, 124.24, 68, 1.79936
_1877_, 124.24, 68, 1.79936
_2093_, 124.24, 68, 1.79936
FILLER_0_20_245, 124.24, 68, 1.79936
FILLER_0_21_249, 124.24, 68, 1.79936
_1013_, 137.04, 68, 1.79945
_1015_, 137.04, 68, 1.79945
_1593_, 137.04, 68, 1.79945
_1745_, 137.04, 68, 1.79945
hold75, 137.04, 68, 1.79945
_1014_, 149.84, 68, 1.79955
_1440_, 149.84, 68, 1.79955
_1873_, 149.84, 68, 1.79955
hold20, 149.84, 68, 1.79955
FILLER_0_20_309, 149.84, 68, 1.79955
FILLER_0_21_315, 149.84, 68, 1.79955
_0996_, 162.64, 68, 1.79967
_0998_, 162.64, 68, 1.79967
_0999_, 162.64, 68, 1.79967
_1585_, 162.64, 68, 1.79967
_1738_, 162.64, 68, 1.79967
_2089_, 162.64, 68, 1.79967
hold173, 162.64, 68, 1.79967
PHY_EDGE_ROW_18_Left_83, 5.52, 62.56, 1.79983
PHY_EDGE_ROW_19_Left_84, 5.52, 62.56, 1.79983
input58, 5.52, 62.56, 1.79983
output138, 5.52, 62.56, 1.79983
FILLER_0_19_6, 5.52, 62.56, 1.79983
PHY_EDGE_ROW_18_Right_18, 183.08, 62.56, 1.79988
PHY_EDGE_ROW_19_Right_19, 183.08, 62.56, 1.79988
_2141_, 13.68, 62.56, 1.79984
hold183, 13.68, 62.56, 1.79984
FILLER_0_18_15, 13.68, 62.56, 1.79984
_2067_, 34.64, 62.56, 1.79973
_2143_, 34.64, 62.56, 1.79973
hold19, 34.64, 62.56, 1.79973
hold226, 34.64, 62.56, 1.79973
hold307, 34.64, 62.56, 1.79973
FILLER_0_19_65, 34.64, 62.56, 1.79973
_1232_, 47.44, 62.56, 1.79964
_1394_, 47.44, 62.56, 1.79964
_1698_, 47.44, 62.56, 1.79964
FILLER_0_19_85, 47.44, 62.56, 1.79964
FILLER_0_20_94, 47.44, 62.56, 1.79964
_1236_, 60.24, 62.56, 1.79956
_1700_, 60.24, 62.56, 1.79956
_1701_, 60.24, 62.56, 1.79956
_1928_, 60.24, 62.56, 1.79956
hold90, 60.24, 62.56, 1.79956
hold187, 60.24, 62.56, 1.79956
FILLER_0_18_110, 60.24, 62.56, 1.79956
FILLER_0_19_121, 60.24, 62.56, 1.79956
_1237_, 73.04, 62.56, 1.79952
_1397_, 73.04, 62.56, 1.79952
_1562_, 73.04, 62.56, 1.79952
_2078_, 73.04, 62.56, 1.79952
FILLER_0_19_153, 73.04, 62.56, 1.79952
FILLER_0_20_155, 73.04, 62.56, 1.79952
_1563_, 85.84, 62.56, 1.79949
_1714_, 85.84, 62.56, 1.79949
_1715_, 85.84, 62.56, 1.79949
_2150_, 85.84, 62.56, 1.79949
hold30, 85.84, 62.56, 1.79949
hold111, 85.84, 62.56, 1.79949
hold227, 85.84, 62.56, 1.79949
FILLER_0_18_171, 85.84, 62.56, 1.79949
_0947_, 98.64, 62.56, 1.7995
_1410_, 98.64, 62.56, 1.7995
FILLER_0_19_197, 98.64, 62.56, 1.7995
FILLER_0_19_210, 98.64, 62.56, 1.7995
_0978_, 111.44, 62.56, 1.79952
_0980_, 111.44, 62.56, 1.79952
_0981_, 111.44, 62.56, 1.79952
hold39, 111.44, 62.56, 1.79952
FILLER_0_19_234, 111.44, 62.56, 1.79952
_1272_, 124.24, 62.56, 1.79954
_1578_, 124.24, 62.56, 1.79954
_1729_, 124.24, 62.56, 1.79954
_1941_, 124.24, 62.56, 1.79954
FILLER_0_20_262, 124.24, 62.56, 1.79954
_1016_, 137.04, 62.56, 1.79959
_2165_, 137.04, 62.56, 1.79959
hold245, 137.04, 62.56, 1.79959
FILLER_0_19_277, 137.04, 62.56, 1.79959
FILLER_0_19_293, 137.04, 62.56, 1.79959
FILLER_0_20_286, 137.04, 62.56, 1.79959
_1427_, 149.84, 62.56, 1.79967
_1746_, 149.84, 62.56, 1.79967
_2014_, 149.84, 62.56, 1.79967
hold349, 149.84, 62.56, 1.79967
FILLER_0_18_309, 149.84, 62.56, 1.79967
FILLER_0_19_309, 149.84, 62.56, 1.79967
FILLER_0_20_321, 149.84, 62.56, 1.79967
_1586_, 162.64, 62.56, 1.79976
_1590_, 162.64, 62.56, 1.79976
_2091_, 162.64, 62.56, 1.79976
FILLER_0_18_328, 162.64, 62.56, 1.79976
FILLER_0_19_331, 162.64, 62.56, 1.79976
PHY_EDGE_ROW_16_Left_81, 5.52, 57.12, 1.79973
PHY_EDGE_ROW_17_Left_82, 5.52, 57.12, 1.79973
input67, 5.52, 57.12, 1.79973
PHY_EDGE_ROW_16_Right_16, 183.08, 57.12, 1.79979
PHY_EDGE_ROW_17_Right_17, 183.08, 57.12, 1.79979
input5, 183.08, 57.12, 1.79979
input10, 183.08, 57.12, 1.79979
_1695_, 13.68, 57.12, 1.79974
_2139_, 13.68, 57.12, 1.79974
FILLER_0_18_24, 13.68, 57.12, 1.79974
_1217_, 34.64, 57.12, 1.79957
_1234_, 34.64, 57.12, 1.79957
_1537_, 34.64, 57.12, 1.79957
_1538_, 34.64, 57.12, 1.79957
_1927_, 34.64, 57.12, 1.79957
FILLER_0_17_70, 34.64, 57.12, 1.79957
FILLER_0_18_68, 34.64, 57.12, 1.79957
_1233_, 47.44, 57.12, 1.79941
_1546_, 47.44, 57.12, 1.79941
_2071_, 47.44, 57.12, 1.79941
hold230, 47.44, 57.12, 1.79941
FILLER_0_16_80, 47.44, 57.12, 1.79941
FILLER_0_17_89, 47.44, 57.12, 1.79941
FILLER_0_18_94, 47.44, 57.12, 1.79941
_1238_, 60.24, 57.12, 1.79929
_1239_, 60.24, 57.12, 1.79929
_1853_, 60.24, 57.12, 1.79929
_2216_, 60.24, 57.12, 1.79929
hold330, 60.24, 57.12, 1.79929
FILLER_0_16_112, 60.24, 57.12, 1.79929
_1396_, 73.04, 57.12, 1.79919
_2000_, 73.04, 57.12, 1.79919
FILLER_0_16_141, 73.04, 57.12, 1.79919
FILLER_0_17_141, 73.04, 57.12, 1.79919
FILLER_0_17_160, 73.04, 57.12, 1.79919
_0946_, 85.84, 57.12, 1.7991
_1934_, 85.84, 57.12, 1.7991
FILLER_0_17_181, 85.84, 57.12, 1.7991
_1258_, 98.64, 57.12, 1.79904
_1259_, 98.64, 57.12, 1.79904
_1869_, 98.64, 57.12, 1.79904
_2006_, 98.64, 57.12, 1.79904
hold44, 98.64, 57.12, 1.79904
_1574_, 111.44, 57.12, 1.79903
_2157_, 111.44, 57.12, 1.79903
clkbuf_leaf_24_clk, 111.44, 57.12, 1.79903
hold332, 111.44, 57.12, 1.79903
FILLER_0_16_224, 111.44, 57.12, 1.79903
FILLER_0_17_220, 111.44, 57.12, 1.79903
FILLER_0_17_233, 111.44, 57.12, 1.79903
_0963_, 124.24, 57.12, 1.7991
_1870_, 124.24, 57.12, 1.7991
hold107, 124.24, 57.12, 1.7991
hold147, 124.24, 57.12, 1.7991
hold261, 124.24, 57.12, 1.7991
FILLER_0_16_247, 124.24, 57.12, 1.7991
FILLER_0_17_266, 124.24, 57.12, 1.7991
_0982_, 137.04, 57.12, 1.7992
_0986_, 137.04, 57.12, 1.7992
_0987_, 137.04, 57.12, 1.7992
_1731_, 137.04, 57.12, 1.7992
_1732_, 137.04, 57.12, 1.7992
_2086_, 137.04, 57.12, 1.7992
hold37, 137.04, 57.12, 1.7992
FILLER_0_17_277, 137.04, 57.12, 1.7992
FILLER_0_18_294, 137.04, 57.12, 1.7992
_0984_, 149.84, 57.12, 1.79934
_1426_, 149.84, 57.12, 1.79934
clkbuf_leaf_20_clk, 149.84, 57.12, 1.79934
_1004_, 162.64, 57.12, 1.79956
_1006_, 162.64, 57.12, 1.79956
_1589_, 162.64, 57.12, 1.79956
hold97, 162.64, 57.12, 1.79956
PHY_EDGE_ROW_14_Left_79, 5.52, 51.68, 1.79976
PHY_EDGE_ROW_15_Left_80, 5.52, 51.68, 1.79976
input63, 5.52, 51.68, 1.79976
output136, 5.52, 51.68, 1.79976
PHY_EDGE_ROW_14_Right_14, 183.08, 51.68, 1.79979
PHY_EDGE_ROW_15_Right_15, 183.08, 51.68, 1.79979
output83, 183.08, 51.68, 1.79979
_1691_, 13.68, 51.68, 1.79977
_1923_, 13.68, 51.68, 1.79977
hold136, 13.68, 51.68, 1.79977
FILLER_0_15_18, 13.68, 51.68, 1.79977
FILLER_0_16_21, 13.68, 51.68, 1.79977
_1235_, 34.64, 51.68, 1.79963
_1697_, 34.64, 51.68, 1.79963
_1995_, 34.64, 51.68, 1.79963
hold249, 34.64, 51.68, 1.79963
FILLER_0_15_57, 34.64, 51.68, 1.79963
FILLER_0_15_73, 34.64, 51.68, 1.79963
_1545_, 47.44, 51.68, 1.7995
_1696_, 47.44, 51.68, 1.7995
_1849_, 47.44, 51.68, 1.7995
hold159, 47.44, 51.68, 1.7995
FILLER_0_15_83, 47.44, 51.68, 1.7995
FILLER_0_16_93, 47.44, 51.68, 1.7995
_1703_, 60.24, 51.68, 1.79938
_1852_, 60.24, 51.68, 1.79938
hold120, 60.24, 51.68, 1.79938
FILLER_0_14_114, 60.24, 51.68, 1.79938
FILLER_0_15_107, 60.24, 51.68, 1.79938
FILLER_0_15_113, 60.24, 51.68, 1.79938
FILLER_0_15_126, 60.24, 51.68, 1.79938
FILLER_0_16_121, 60.24, 51.68, 1.79938
_1549_, 73.04, 51.68, 1.79927
_1550_, 73.04, 51.68, 1.79927
_1862_, 73.04, 51.68, 1.79927
_2073_, 73.04, 51.68, 1.79927
clkbuf_leaf_26_clk, 73.04, 51.68, 1.79927
hold101, 73.04, 51.68, 1.79927
hold334, 73.04, 51.68, 1.79927
FILLER_0_14_135, 73.04, 51.68, 1.79927
FILLER_0_16_157, 73.04, 51.68, 1.79927
_0948_, 85.84, 51.68, 1.79927
_0949_, 85.84, 51.68, 1.79927
_1721_, 85.84, 51.68, 1.79927
hold36, 85.84, 51.68, 1.79927
hold94, 85.84, 51.68, 1.79927
FILLER_0_14_172, 85.84, 51.68, 1.79927
FILLER_0_15_172, 85.84, 51.68, 1.79927
_0959_, 98.64, 51.68, 1.79928
_1409_, 98.64, 51.68, 1.79928
hold145, 98.64, 51.68, 1.79928
FILLER_0_14_191, 98.64, 51.68, 1.79928
FILLER_0_15_210, 98.64, 51.68, 1.79928
FILLER_0_16_216, 98.64, 51.68, 1.79928
_0975_, 111.44, 51.68, 1.79929
_1575_, 111.44, 51.68, 1.79929
_1728_, 111.44, 51.68, 1.79929
_2084_, 111.44, 51.68, 1.79929
FILLER_0_14_226, 111.44, 51.68, 1.79929
FILLER_0_15_218, 111.44, 51.68, 1.79929
_1421_, 124.24, 51.68, 1.79934
_1422_, 124.24, 51.68, 1.79934
_2012_, 124.24, 51.68, 1.79934
hold324, 124.24, 51.68, 1.79934
FILLER_0_16_264, 124.24, 51.68, 1.79934
_1579_, 137.04, 51.68, 1.7994
_1580_, 137.04, 51.68, 1.7994
_2158_, 137.04, 51.68, 1.7994
hold48, 137.04, 51.68, 1.7994
hold146, 137.04, 51.68, 1.7994
FILLER_0_14_282, 137.04, 51.68, 1.7994
FILLER_0_16_288, 137.04, 51.68, 1.7994
_1275_, 149.84, 51.68, 1.7995
_1276_, 149.84, 51.68, 1.7995
_1875_, 149.84, 51.68, 1.7995
_1942_, 149.84, 51.68, 1.7995
hold246, 149.84, 51.68, 1.7995
FILLER_0_15_324, 149.84, 51.68, 1.7995
FILLER_0_16_321, 149.84, 51.68, 1.7995
_1007_, 162.64, 51.68, 1.79963
_1741_, 162.64, 51.68, 1.79963
_2163_, 162.64, 51.68, 1.79963
hold216, 162.64, 51.68, 1.79963
hold298, 162.64, 51.68, 1.79963
FILLER_0_14_335, 162.64, 51.68, 1.79963
FILLER_0_15_332, 162.64, 51.68, 1.79963
PHY_EDGE_ROW_12_Left_77, 5.52, 46.24, 1.79979
PHY_EDGE_ROW_13_Left_78, 5.52, 46.24, 1.79979
input2, 5.52, 46.24, 1.79979
FILLER_0_14_7, 5.52, 46.24, 1.79979
PHY_EDGE_ROW_12_Right_12, 183.08, 46.24, 1.7998
PHY_EDGE_ROW_13_Right_13, 183.08, 46.24, 1.7998
input6, 183.08, 46.24, 1.7998
_1218_, 13.68, 46.24, 1.79979
_1219_, 13.68, 46.24, 1.79979
_1685_, 13.68, 46.24, 1.79979
FILLER_0_13_18, 13.68, 46.24, 1.79979
_1386_, 34.64, 46.24, 1.79962
_2142_, 34.64, 46.24, 1.79962
_2214_, 34.64, 46.24, 1.79962
hold218, 34.64, 46.24, 1.79962
FILLER_0_13_66, 34.64, 46.24, 1.79962
_1228_, 47.44, 46.24, 1.79949
_1393_, 47.44, 46.24, 1.79949
_1848_, 47.44, 46.24, 1.79949
_1998_, 47.44, 46.24, 1.79949
_1929_, 60.24, 46.24, 1.79938
_2145_, 60.24, 46.24, 1.79938
hold209, 60.24, 46.24, 1.79938
_1240_, 73.04, 46.24, 1.79931
_1241_, 73.04, 46.24, 1.79931
hold180, 73.04, 46.24, 1.79931
FILLER_0_12_134, 73.04, 46.24, 1.79931
_1568_, 85.84, 46.24, 1.79924
_1569_, 85.84, 46.24, 1.79924
_1720_, 85.84, 46.24, 1.79924
_2081_, 85.84, 46.24, 1.79924
_2153_, 85.84, 46.24, 1.79924
FILLER_0_12_161, 85.84, 46.24, 1.79924
_1415_, 98.64, 46.24, 1.79922
_1416_, 98.64, 46.24, 1.79922
_1868_, 98.64, 46.24, 1.79922
_2009_, 98.64, 46.24, 1.79922
hold327, 98.64, 46.24, 1.79922
FILLER_0_12_197, 98.64, 46.24, 1.79922
_0974_, 111.44, 46.24, 1.79924
_0976_, 111.44, 46.24, 1.79924
_0977_, 111.44, 46.24, 1.79924
_2156_, 111.44, 46.24, 1.79924
hold149, 111.44, 46.24, 1.79924
hold157, 111.44, 46.24, 1.79924
_0973_, 124.24, 46.24, 1.7993
_1271_, 124.24, 46.24, 1.7993
_1584_, 124.24, 46.24, 1.7993
_2088_, 124.24, 46.24, 1.7993
hold291, 124.24, 46.24, 1.7993
FILLER_0_13_253, 124.24, 46.24, 1.7993
FILLER_0_14_270, 124.24, 46.24, 1.7993
_0993_, 137.04, 46.24, 1.79938
_1431_, 137.04, 46.24, 1.79938
_2016_, 137.04, 46.24, 1.79938
hold314, 137.04, 46.24, 1.79938
FILLER_0_13_277, 137.04, 46.24, 1.79938
_1428_, 149.84, 46.24, 1.79948
_1429_, 149.84, 46.24, 1.79948
_1582_, 149.84, 46.24, 1.79948
_2015_, 149.84, 46.24, 1.79948
_2087_, 149.84, 46.24, 1.79948
FILLER_0_13_317, 149.84, 46.24, 1.79948
_1742_, 162.64, 46.24, 1.79963
_2090_, 162.64, 46.24, 1.79963
hold201, 162.64, 46.24, 1.79963
hold301, 162.64, 46.24, 1.79963
FILLER_0_12_334, 162.64, 46.24, 1.79963
FILLER_0_13_348, 162.64, 46.24, 1.79963
PHY_EDGE_ROW_10_Left_75, 5.52, 40.8, 1.79983
PHY_EDGE_ROW_11_Left_76, 5.52, 40.8, 1.79983
input60, 5.52, 40.8, 1.79983
PHY_EDGE_ROW_10_Right_10, 183.08, 40.8, 1.79986
PHY_EDGE_ROW_11_Right_11, 183.08, 40.8, 1.79986
_2136_, 13.68, 40.8, 1.79983
hold12, 13.68, 40.8, 1.79983
FILLER_0_10_15, 13.68, 40.8, 1.79983
_1532_, 34.64, 40.8, 1.79974
_1992_, 34.64, 40.8, 1.79974
hold306, 34.64, 40.8, 1.79974
FILLER_0_10_58, 34.64, 40.8, 1.79974
FILLER_0_11_73, 34.64, 40.8, 1.79974
FILLER_0_12_74, 34.64, 40.8, 1.79974
_1229_, 47.44, 40.8, 1.79966
_1230_, 47.44, 40.8, 1.79966
_1231_, 47.44, 40.8, 1.79966
_1392_, 47.44, 40.8, 1.79966
hold130, 47.44, 40.8, 1.79966
hold205, 47.44, 40.8, 1.79966
FILLER_0_10_80, 47.44, 40.8, 1.79966
FILLER_0_10_88, 47.44, 40.8, 1.79966
FILLER_0_12_94, 47.44, 40.8, 1.79966
_1242_, 60.24, 40.8, 1.79959
_1243_, 60.24, 40.8, 1.79959
_1543_, 60.24, 40.8, 1.79959
_1702_, 60.24, 40.8, 1.79959
_1855_, 60.24, 40.8, 1.79959
FILLER_0_11_113, 60.24, 40.8, 1.79959
FILLER_0_12_122, 60.24, 40.8, 1.79959
_1398_, 73.04, 40.8, 1.79954
_2001_, 73.04, 40.8, 1.79954
hold222, 73.04, 40.8, 1.79954
FILLER_0_11_135, 73.04, 40.8, 1.79954
FILLER_0_11_159, 73.04, 40.8, 1.79954
_0958_, 85.84, 40.8, 1.7995
_0960_, 85.84, 40.8, 1.7995
_0961_, 85.84, 40.8, 1.7995
_1865_, 85.84, 40.8, 1.7995
FILLER_0_11_185, 85.84, 40.8, 1.7995
_1264_, 98.64, 40.8, 1.79949
_1265_, 98.64, 40.8, 1.79949
_1727_, 98.64, 40.8, 1.79949
_2005_, 98.64, 40.8, 1.79949
hold202, 98.64, 40.8, 1.79949
FILLER_0_12_211, 98.64, 40.8, 1.79949
_1270_, 111.44, 40.8, 1.79951
_1726_, 111.44, 40.8, 1.79951
_1940_, 111.44, 40.8, 1.79951
FILLER_0_10_224, 111.44, 40.8, 1.79951
FILLER_0_11_219, 111.44, 40.8, 1.79951
FILLER_0_11_235, 111.44, 40.8, 1.79951
_1583_, 124.24, 40.8, 1.79955
_1872_, 124.24, 40.8, 1.79955
FILLER_0_10_253, 124.24, 40.8, 1.79955
FILLER_0_11_262, 124.24, 40.8, 1.79955
FILLER_0_12_261, 124.24, 40.8, 1.79955
_0992_, 137.04, 40.8, 1.79961
_0994_, 137.04, 40.8, 1.79961
_1279_, 137.04, 40.8, 1.79961
_1430_, 137.04, 40.8, 1.79961
hold84, 137.04, 40.8, 1.79961
FILLER_0_10_281, 137.04, 40.8, 1.79961
FILLER_0_12_296, 137.04, 40.8, 1.79961
_0988_, 149.84, 40.8, 1.79968
_0989_, 149.84, 40.8, 1.79968
_1581_, 149.84, 40.8, 1.79968
hold3, 149.84, 40.8, 1.79968
hold34, 149.84, 40.8, 1.79968
FILLER_0_10_309, 149.84, 40.8, 1.79968
FILLER_0_11_302, 149.84, 40.8, 1.79968
_1587_, 162.64, 40.8, 1.79977
_1588_, 162.64, 40.8, 1.79977
hold52, 162.64, 40.8, 1.79977
FILLER_0_11_337, 162.64, 40.8, 1.79977
PHY_EDGE_ROW_8_Left_73, 5.52, 35.36, 1.79975
PHY_EDGE_ROW_9_Left_74, 5.52, 35.36, 1.79975
FILLER_0_9_3, 5.52, 35.36, 1.79975
PHY_EDGE_ROW_8_Right_8, 183.08, 35.36, 1.79978
PHY_EDGE_ROW_9_Right_9, 183.08, 35.36, 1.79978
_1206_, 13.68, 35.36, 1.79975
_1207_, 13.68, 35.36, 1.79975
_1920_, 13.68, 35.36, 1.79975
FILLER_0_9_26, 13.68, 35.36, 1.79975
_1204_, 34.64, 35.36, 1.79954
_1531_, 34.64, 35.36, 1.79954
_1539_, 34.64, 35.36, 1.79954
_2064_, 34.64, 35.36, 1.79954
_1544_, 47.44, 35.36, 1.79935
_1686_, 47.44, 35.36, 1.79935
_1926_, 47.44, 35.36, 1.79935
_2070_, 47.44, 35.36, 1.79935
clkbuf_leaf_28_clk, 47.44, 35.36, 1.79935
_1533_, 60.24, 35.36, 1.79926
_1854_, 60.24, 35.36, 1.79926
_2217_, 60.24, 35.36, 1.79926
hold310, 60.24, 35.36, 1.79926
FILLER_0_9_108, 60.24, 35.36, 1.79926
FILLER_0_9_113, 60.24, 35.36, 1.79926
FILLER_0_9_125, 60.24, 35.36, 1.79926
_1399_, 73.04, 35.36, 1.7992
_1536_, 73.04, 35.36, 1.7992
_2066_, 73.04, 35.36, 1.7992
hold199, 73.04, 35.36, 1.7992
FILLER_0_8_135, 73.04, 35.36, 1.7992
FILLER_0_8_141, 73.04, 35.36, 1.7992
_1937_, 85.84, 35.36, 1.79916
_2077_, 85.84, 35.36, 1.79916
hold79, 85.84, 35.36, 1.79916
FILLER_0_8_162, 85.84, 35.36, 1.79916
FILLER_0_9_164, 85.84, 35.36, 1.79916
FILLER_0_9_169, 85.84, 35.36, 1.79916
_1407_, 98.64, 35.36, 1.79916
_1408_, 98.64, 35.36, 1.79916
hold11, 98.64, 35.36, 1.79916
hold315, 98.64, 35.36, 1.79916
FILLER_0_8_191, 98.64, 35.36, 1.79916
FILLER_0_9_199, 98.64, 35.36, 1.79916
FILLER_0_9_214, 98.64, 35.36, 1.79916
_0970_, 111.44, 35.36, 1.79917
_0971_, 111.44, 35.36, 1.79917
_1725_, 111.44, 35.36, 1.79917
_1867_, 111.44, 35.36, 1.79917
_2155_, 111.44, 35.36, 1.79917
hold92, 111.44, 35.36, 1.79917
hold213, 111.44, 35.36, 1.79917
_0995_, 124.24, 35.36, 1.79923
_2160_, 124.24, 35.36, 1.79923
FILLER_0_8_249, 124.24, 35.36, 1.79923
FILLER_0_8_253, 124.24, 35.36, 1.79923
FILLER_0_9_257, 124.24, 35.36, 1.79923
_0990_, 137.04, 35.36, 1.7993
_1735_, 137.04, 35.36, 1.7993
_1871_, 137.04, 35.36, 1.7993
_1944_, 137.04, 35.36, 1.7993
hold51, 137.04, 35.36, 1.7993
FILLER_0_10_293, 137.04, 35.36, 1.7993
_0991_, 149.84, 35.36, 1.79942
_1278_, 149.84, 35.36, 1.79942
_1734_, 149.84, 35.36, 1.79942
_1943_, 149.84, 35.36, 1.79942
FILLER_0_8_304, 149.84, 35.36, 1.79942
FILLER_0_9_314, 149.84, 35.36, 1.79942
_1000_, 162.64, 35.36, 1.79956
_1002_, 162.64, 35.36, 1.79956
_1003_, 162.64, 35.36, 1.79956
_1874_, 162.64, 35.36, 1.79956
clkbuf_leaf_21_clk, 162.64, 35.36, 1.79956
hold35, 162.64, 35.36, 1.79956
FILLER_0_8_333, 162.64, 35.36, 1.79956
PHY_EDGE_ROW_6_Left_71, 5.52, 29.92, 1.79978
PHY_EDGE_ROW_7_Left_72, 5.52, 29.92, 1.79978
PHY_EDGE_ROW_6_Right_6, 183.08, 29.92, 1.79981
PHY_EDGE_ROW_7_Right_7, 183.08, 29.92, 1.79981
output81, 183.08, 29.92, 1.79981
output85, 183.08, 29.92, 1.79981
FILLER_0_6_15, 13.68, 29.92, 1.79978
FILLER_0_8_18, 13.68, 29.92, 1.79978
_1221_, 34.64, 29.92, 1.79959
_1540_, 34.64, 29.92, 1.79959
_2068_, 34.64, 29.92, 1.79959
_2137_, 34.64, 29.92, 1.79959
hold293, 34.64, 29.92, 1.79959
FILLER_0_7_73, 34.64, 29.92, 1.79959
FILLER_0_8_76, 34.64, 29.92, 1.79959
_1208_, 47.44, 29.92, 1.79944
_1209_, 47.44, 29.92, 1.79944
_1534_, 47.44, 29.92, 1.79944
_1687_, 47.44, 29.92, 1.79944
_2065_, 47.44, 29.92, 1.79944
hold95, 47.44, 29.92, 1.79944
_1689_, 60.24, 29.92, 1.79932
_2138_, 60.24, 29.92, 1.79932
hold317, 60.24, 29.92, 1.79932
FILLER_0_7_113, 60.24, 29.92, 1.79932
_1213_, 73.04, 29.92, 1.79922
_1535_, 73.04, 29.92, 1.79922
hold74, 73.04, 29.92, 1.79922
hold304, 73.04, 29.92, 1.79922
FILLER_0_6_135, 73.04, 29.92, 1.79922
FILLER_0_7_137, 73.04, 29.92, 1.79922
_0942_, 85.84, 29.92, 1.79914
_1560_, 85.84, 29.92, 1.79914
_1561_, 85.84, 29.92, 1.79914
_1861_, 85.84, 29.92, 1.79914
hold18, 85.84, 29.92, 1.79914
FILLER_0_7_182, 85.84, 29.92, 1.79914
_0943_, 98.64, 29.92, 1.79908
_1257_, 98.64, 29.92, 1.79908
_1933_, 98.64, 29.92, 1.79908
clkbuf_leaf_23_clk, 98.64, 29.92, 1.79908
FILLER_0_7_215, 98.64, 29.92, 1.79908
FILLER_0_8_205, 98.64, 29.92, 1.79908
FILLER_0_8_213, 98.64, 29.92, 1.79908
_0968_, 111.44, 29.92, 1.79913
_1572_, 111.44, 29.92, 1.79913
_1573_, 111.44, 29.92, 1.79913
_1724_, 111.44, 29.92, 1.79913
_2083_, 111.44, 29.92, 1.79913
FILLER_0_8_236, 111.44, 29.92, 1.79913
_0969_, 124.24, 29.92, 1.79919
_1269_, 124.24, 29.92, 1.79919
_1420_, 124.24, 29.92, 1.79919
_1736_, 124.24, 29.92, 1.79919
clkbuf_leaf_22_clk, 124.24, 29.92, 1.79919
FILLER_0_7_264, 124.24, 29.92, 1.79919
FILLER_0_7_270, 124.24, 29.92, 1.79919
_1280_, 137.04, 29.92, 1.79933
hold80, 137.04, 29.92, 1.79933
hold235, 137.04, 29.92, 1.79933
FILLER_0_7_281, 137.04, 29.92, 1.79933
_1277_, 149.84, 29.92, 1.79947
_1733_, 149.84, 29.92, 1.79947
_2159_, 149.84, 29.92, 1.79947
hold2, 149.84, 29.92, 1.79947
FILLER_0_7_300, 149.84, 29.92, 1.79947
_1739_, 162.64, 29.92, 1.79964
_1740_, 162.64, 29.92, 1.79964
_2162_, 162.64, 29.92, 1.79964
FILLER_0_7_332, 162.64, 29.92, 1.79964
PHY_EDGE_ROW_4_Left_69, 5.52, 24.48, 1.79982
PHY_EDGE_ROW_5_Left_70, 5.52, 24.48, 1.79982
PHY_EDGE_ROW_4_Right_4, 183.08, 24.48, 1.79989
PHY_EDGE_ROW_5_Right_5, 183.08, 24.48, 1.79989
output78, 183.08, 24.48, 1.79989
output87, 183.08, 24.48, 1.79989
_1223_, 13.68, 24.48, 1.79982
_1693_, 13.68, 24.48, 1.79982
_2140_, 13.68, 24.48, 1.79982
FILLER_0_5_15, 13.68, 24.48, 1.79982
_1389_, 34.64, 24.48, 1.79967
_1921_, 34.64, 24.48, 1.79967
_1996_, 34.64, 24.48, 1.79967
hold38, 34.64, 24.48, 1.79967
hold108, 34.64, 24.48, 1.79967
FILLER_0_5_50, 34.64, 24.48, 1.79967
FILLER_0_5_68, 34.64, 24.48, 1.79967
FILLER_0_6_70, 34.64, 24.48, 1.79967
_1210_, 47.44, 24.48, 1.79955
_1211_, 47.44, 24.48, 1.79955
_1838_, 47.44, 24.48, 1.79955
hold210, 47.44, 24.48, 1.79955
FILLER_0_4_81, 47.44, 24.48, 1.79955
FILLER_0_5_96, 47.44, 24.48, 1.79955
_1212_, 60.24, 24.48, 1.79945
_1688_, 60.24, 24.48, 1.79945
_1922_, 60.24, 24.48, 1.79945
FILLER_0_4_115, 60.24, 24.48, 1.79945
FILLER_0_6_121, 60.24, 24.48, 1.79945
_0945_, 73.04, 24.48, 1.79937
_1994_, 73.04, 24.48, 1.79937
clkbuf_leaf_27_clk, 73.04, 24.48, 1.79937
FILLER_0_6_149, 73.04, 24.48, 1.79937
_0944_, 85.84, 24.48, 1.79937
_1558_, 85.84, 24.48, 1.79937
_1712_, 85.84, 24.48, 1.79937
_1713_, 85.84, 24.48, 1.79937
_2149_, 85.84, 24.48, 1.79937
FILLER_0_5_163, 85.84, 24.48, 1.79937
FILLER_0_5_180, 85.84, 24.48, 1.79937
_0935_, 98.64, 24.48, 1.79939
_1256_, 98.64, 24.48, 1.79939
hold252, 98.64, 24.48, 1.79939
FILLER_0_4_193, 98.64, 24.48, 1.79939
FILLER_0_5_196, 98.64, 24.48, 1.79939
_1268_, 111.44, 24.48, 1.79942
_1571_, 111.44, 24.48, 1.79942
_1939_, 111.44, 24.48, 1.79942
_2082_, 111.44, 24.48, 1.79942
hold98, 111.44, 24.48, 1.79942
FILLER_0_5_217, 111.44, 24.48, 1.79942
FILLER_0_5_225, 111.44, 24.48, 1.79942
FILLER_0_5_240, 111.44, 24.48, 1.79942
_1419_, 124.24, 24.48, 1.7995
_2011_, 124.24, 24.48, 1.7995
hold144, 124.24, 24.48, 1.7995
FILLER_0_5_253, 124.24, 24.48, 1.7995
FILLER_0_5_271, 124.24, 24.48, 1.7995
hold185, 137.04, 24.48, 1.79959
FILLER_0_4_304, 149.84, 24.48, 1.7997
FILLER_0_5_329, 162.64, 24.48, 1.7998
PHY_EDGE_ROW_2_Left_67, 5.52, 19.04, 1.79989
PHY_EDGE_ROW_3_Left_68, 5.52, 19.04, 1.79989
PHY_EDGE_ROW_2_Right_2, 183.08, 19.04, 1.79993
PHY_EDGE_ROW_3_Right_3, 183.08, 19.04, 1.79993
_1388_, 34.64, 19.04, 1.7998
_1839_, 34.64, 19.04, 1.7998
hold89, 34.64, 19.04, 1.7998
hold229, 34.64, 19.04, 1.7998
FILLER_0_3_51, 34.64, 19.04, 1.7998
FILLER_0_3_66, 34.64, 19.04, 1.7998
_1382_, 47.44, 19.04, 1.79972
_1383_, 47.44, 19.04, 1.79972
_1993_, 47.44, 19.04, 1.79972
_2209_, 47.44, 19.04, 1.79972
FILLER_0_2_85, 47.44, 19.04, 1.79972
FILLER_0_3_95, 47.44, 19.04, 1.79972
_1214_, 60.24, 19.04, 1.79968
_1215_, 60.24, 19.04, 1.79968
_1840_, 60.24, 19.04, 1.79968
_1841_, 60.24, 19.04, 1.79968
hold28, 60.24, 19.04, 1.79968
FILLER_0_2_113, 60.24, 19.04, 1.79968
_0940_, 73.04, 19.04, 1.79965
_1384_, 73.04, 19.04, 1.79965
_1385_, 73.04, 19.04, 1.79965
hold25, 73.04, 19.04, 1.79965
hold168, 73.04, 19.04, 1.79965
hold278, 73.04, 19.04, 1.79965
FILLER_0_4_157, 73.04, 19.04, 1.79965
_0932_, 85.84, 19.04, 1.79964
hold137, 85.84, 19.04, 1.79964
hold175, 85.84, 19.04, 1.79964
FILLER_0_4_185, 85.84, 19.04, 1.79964
_1405_, 98.64, 19.04, 1.79963
_1406_, 98.64, 19.04, 1.79963
_2004_, 98.64, 19.04, 1.79963
hold305, 98.64, 19.04, 1.79963
FILLER_0_2_197, 98.64, 19.04, 1.79963
FILLER_0_3_198, 98.64, 19.04, 1.79963
FILLER_0_4_206, 98.64, 19.04, 1.79963
_0964_, 111.44, 19.04, 1.79966
_0966_, 111.44, 19.04, 1.79966
_1570_, 111.44, 19.04, 1.79966
hold17, 111.44, 19.04, 1.79966
FILLER_0_2_218, 111.44, 19.04, 1.79966
FILLER_0_4_236, 111.44, 19.04, 1.79966
_0965_, 124.24, 19.04, 1.79969
_1417_, 124.24, 19.04, 1.79969
_1418_, 124.24, 19.04, 1.79969
_2010_, 124.24, 19.04, 1.79969
FILLER_0_2_247, 124.24, 19.04, 1.79969
FILLER_0_3_277, 137.04, 19.04, 1.79975
FILLER_0_2_303, 149.84, 19.04, 1.79981
FILLER_0_3_329, 162.64, 19.04, 1.79987
PHY_EDGE_ROW_0_Left_65, 5.52, 13.6, 1.7998
PHY_EDGE_ROW_1_Left_66, 5.52, 13.6, 1.7998
PHY_EDGE_ROW_0_Right_0, 183.08, 13.6, 1.79984
PHY_EDGE_ROW_1_Right_1, 183.08, 13.6, 1.79984
input64, 34.64, 13.6, 1.79959
output133, 34.64, 13.6, 1.79959
output137, 34.64, 13.6, 1.79959
FILLER_0_0_53, 34.64, 13.6, 1.79959
FILLER_0_0_77, 34.64, 13.6, 1.79959
FILLER_0_1_51, 34.64, 13.6, 1.79959
input66, 47.44, 13.6, 1.79941
output134, 47.44, 13.6, 1.79941
output140, 47.44, 13.6, 1.79941
hold77, 47.44, 13.6, 1.79941
FILLER_0_0_98, 47.44, 13.6, 1.79941
FILLER_0_0_104, 47.44, 13.6, 1.79941
FILLER_0_1_105, 47.44, 13.6, 1.79941
_2210_, 60.24, 13.6, 1.79925
input61, 60.24, 13.6, 1.79925
output139, 60.24, 13.6, 1.79925
output141, 60.24, 13.6, 1.79925
output142, 60.24, 13.6, 1.79925
FILLER_0_2_121, 60.24, 13.6, 1.79925
_1860_, 73.04, 13.6, 1.79914
_2076_, 73.04, 13.6, 1.79914
input62, 73.04, 13.6, 1.79914
input68, 73.04, 13.6, 1.79914
input69, 73.04, 13.6, 1.79914
output135, 73.04, 13.6, 1.79914
FILLER_0_0_133, 73.04, 13.6, 1.79914
FILLER_0_0_146, 73.04, 13.6, 1.79914
FILLER_0_1_149, 73.04, 13.6, 1.79914
FILLER_0_2_149, 73.04, 13.6, 1.79914
_0941_, 85.84, 13.6, 1.79907
_1254_, 85.84, 13.6, 1.79907
_1559_, 85.84, 13.6, 1.79907
_1710_, 85.84, 13.6, 1.79907
_1711_, 85.84, 13.6, 1.79907
_2148_, 85.84, 13.6, 1.79907
input4, 85.84, 13.6, 1.79907
input48, 85.84, 13.6, 1.79907
input59, 85.84, 13.6, 1.79907
input76, 85.84, 13.6, 1.79907
output131, 85.84, 13.6, 1.79907
hold81, 85.84, 13.6, 1.79907
_1255_, 98.64, 13.6, 1.79905
_1866_, 98.64, 13.6, 1.79905
_1932_, 98.64, 13.6, 1.79905
input15, 98.64, 13.6, 1.79905
input26, 98.64, 13.6, 1.79905
output132, 98.64, 13.6, 1.79905
hold244, 98.64, 13.6, 1.79905
_0967_, 111.44, 13.6, 1.79908
_1722_, 111.44, 13.6, 1.79908
_1723_, 111.44, 13.6, 1.79908
_2154_, 111.44, 13.6, 1.79908
output77, 111.44, 13.6, 1.79908
output88, 111.44, 13.6, 1.79908
output99, 111.44, 13.6, 1.79908
output121, 111.44, 13.6, 1.79908
hold275, 111.44, 13.6, 1.79908
FILLER_0_2_235, 111.44, 13.6, 1.79908
_1266_, 124.24, 13.6, 1.79918
_1267_, 124.24, 13.6, 1.79918
_1938_, 124.24, 13.6, 1.79918
input70, 124.24, 13.6, 1.79918
input73, 124.24, 13.6, 1.79918
input74, 124.24, 13.6, 1.79918
output147, 124.24, 13.6, 1.79918
hold106, 124.24, 13.6, 1.79918
hold163, 124.24, 13.6, 1.79918
FILLER_0_1_270, 124.24, 13.6, 1.79918
input7, 137.04, 13.6, 1.79932
output80, 137.04, 13.6, 1.79932
output143, 137.04, 13.6, 1.79932
output146, 137.04, 13.6, 1.79932
FILLER_0_0_275, 137.04, 13.6, 1.79932
FILLER_0_1_281, 137.04, 13.6, 1.79932
FILLER_0_0_301, 149.84, 13.6, 1.79949
FILLER_0_0_333, 162.64, 13.6, 1.79967
FILLER_0_1_329, 162.64, 13.6, 1.79967

