OpenROAD 75f2f325b7a42e56a92404f33af8e96530d9b202 
This program is licensed under the BSD-3 license. See the LICENSE file for details.
Components of this program may be licensed under more restrictive licenses which must be honored.
[INFO]: Reading ODB at '/openlane/designs/dff_ram_8x72/runs/firstrun/tmp/20-dff_ram_8x72.odb'…
define_corners Typical
read_liberty -corner Typical /home/mmuddassir/.volare/sky130A/libs.ref/sky130_fd_sc_hd/lib/sky130_fd_sc_hd__tt_025C_1v80.lib
Using 1e-12 for capacitance...
Using 1e+03 for resistance...
Using 1e-09 for time...
Using 1e+00 for voltage...
Using 1e-03 for current...
Using 1e-09 for power...
Using 1e-06 for distance...
Reading design constraints file at '/openlane/scripts/base.sdc'…
[INFO]: Setting output delay to: 2.0
[INFO]: Setting input delay to: 2.0
[INFO]: Setting load to: 0.033442
[INFO]: Setting clock uncertainty to: 0.25
[INFO]: Setting clock transition to: 0.15
[INFO]: Setting timing derate to: 5.0 %
[INFO]: Setting signal min routing layer to: met1 and clock min routing layer to met1. 
[INFO]: Setting signal max routing layer to: met5 and clock max routing layer to met5. 
-congestion_iterations 50 -verbose -congestion_report_file /openlane/designs/dff_ram_8x72/runs/firstrun/tmp/routing/groute-congestion.rpt
[INFO GRT-0020] Min routing layer: met1
[INFO GRT-0021] Max routing layer: met5
[INFO GRT-0022] Global adjustment: 30%
[INFO GRT-0023] Grid origin: (0, 0)
[INFO GRT-0043] No OR_DEFAULT vias defined.
[INFO GRT-0088] Layer li1     Track-Pitch = 0.4600  line-2-Via Pitch: 0.3400
[INFO GRT-0088] Layer met1    Track-Pitch = 0.3400  line-2-Via Pitch: 0.3400
[INFO GRT-0088] Layer met2    Track-Pitch = 0.4600  line-2-Via Pitch: 0.3500
[INFO GRT-0088] Layer met3    Track-Pitch = 0.6800  line-2-Via Pitch: 0.6150
[INFO GRT-0088] Layer met4    Track-Pitch = 0.9200  line-2-Via Pitch: 1.0400
[INFO GRT-0088] Layer met5    Track-Pitch = 3.4000  line-2-Via Pitch: 3.1100
[INFO GRT-0019] Found 73 clock nets.
[INFO GRT-0001] Minimum degree: 2
[INFO GRT-0002] Maximum degree: 18
[INFO GRT-0003] Macros: 0
[INFO GRT-0004] Blockages: 13253

[INFO GRT-0053] Routing resources analysis:
          Routing      Original      Derated      Resource
Layer     Direction    Resources     Resources    Reduction (%)
---------------------------------------------------------------
li1        Vertical            0             0          0.00%
met1       Horizontal      30512         14411          52.77%
met2       Vertical        23190         14982          35.39%
met3       Horizontal      15256         10292          32.54%
met4       Vertical         9372          5825          37.85%
met5       Horizontal       3036          1406          53.69%
---------------------------------------------------------------

[INFO GRT-0101] Running extra iterations to remove overflow.
[INFO GRT-0197] Via related to pin nodes: 13601
[INFO GRT-0198] Via related Steiner nodes: 396
[INFO GRT-0199] Via filling finished.
[INFO GRT-0111] Final number of vias: 15091
[INFO GRT-0112] Final usage 3D: 56082

[INFO GRT-0096] Final congestion report:
Layer         Resource        Demand        Usage (%)    Max H / Max V / Total Overflow
---------------------------------------------------------------------------------------
li1                  0             0            0.00%             0 /  0 /  0
met1             14411          5026           34.88%             0 /  0 /  0
met2             14982          5343           35.66%             0 /  0 /  0
met3             10292           328            3.19%             0 /  0 /  0
met4              5825           112            1.92%             0 /  0 /  0
met5              1406             0            0.00%             0 /  0 /  0
---------------------------------------------------------------------------------------
Total            46916         10809           23.04%             0 /  0 /  0

[INFO GRT-0018] Total wirelength: 124296 um
[INFO GRT-0014] Routed nets: 3755
[INFO GRT-0006] Repairing antennas, iteration 1.
[INFO GRT-0043] No OR_DEFAULT vias defined.
[INFO GRT-0012] Found 6 antenna violations.
[INFO GRT-0015] Inserted 6 diodes.
[INFO GRT-0009] rerouting 2737 nets.
[INFO GRT-0001] Minimum degree: 2
[INFO GRT-0002] Maximum degree: 18
[INFO GRT-0006] Repairing antennas, iteration 2.
[INFO GRT-0043] No OR_DEFAULT vias defined.
[INFO GRT-0012] Found 0 antenna violations.
Placement Analysis
---------------------------------
total displacement          0.0 u
average displacement        0.0 u
max displacement            0.0 u
original HPWL           66195.1 u
legalized HPWL          66196.7 u
delta HPWL                    0 %

[INFO DPL-0020] Mirrored 1528 instances
[INFO DPL-0021] HPWL before           66196.7 u
[INFO DPL-0022] HPWL after            62436.7 u
[INFO DPL-0023] HPWL delta               -5.7 %
[INFO]: Setting signal min routing layer to: met1 and clock min routing layer to met1. 
[INFO]: Setting signal max routing layer to: met5 and clock max routing layer to met5. 
-congestion_iterations 50 -verbose -congestion_report_file /openlane/designs/dff_ram_8x72/runs/firstrun/tmp/routing/groute-congestion.rpt
[INFO GRT-0020] Min routing layer: met1
[INFO GRT-0021] Max routing layer: met5
[INFO GRT-0022] Global adjustment: 30%
[INFO GRT-0023] Grid origin: (0, 0)
[INFO GRT-0043] No OR_DEFAULT vias defined.
[INFO GRT-0088] Layer li1     Track-Pitch = 0.4600  line-2-Via Pitch: 0.3400
[INFO GRT-0088] Layer met1    Track-Pitch = 0.3400  line-2-Via Pitch: 0.3400
[INFO GRT-0088] Layer met2    Track-Pitch = 0.4600  line-2-Via Pitch: 0.3500
[INFO GRT-0088] Layer met3    Track-Pitch = 0.6800  line-2-Via Pitch: 0.6150
[INFO GRT-0088] Layer met4    Track-Pitch = 0.9200  line-2-Via Pitch: 1.0400
[INFO GRT-0088] Layer met5    Track-Pitch = 3.4000  line-2-Via Pitch: 3.1100
[INFO GRT-0019] Found 73 clock nets.
[INFO GRT-0001] Minimum degree: 2
[INFO GRT-0002] Maximum degree: 18
[INFO GRT-0003] Macros: 0
[INFO GRT-0004] Blockages: 13253

[INFO GRT-0053] Routing resources analysis:
          Routing      Original      Derated      Resource
Layer     Direction    Resources     Resources    Reduction (%)
---------------------------------------------------------------
li1        Vertical            0             0          0.00%
met1       Horizontal      30512         14411          52.77%
met2       Vertical        23190         14982          35.39%
met3       Horizontal      15256         10292          32.54%
met4       Vertical         9372          5825          37.85%
met5       Horizontal       3036          1406          53.69%
---------------------------------------------------------------

[INFO GRT-0101] Running extra iterations to remove overflow.
[INFO GRT-0197] Via related to pin nodes: 13610
[INFO GRT-0198] Via related Steiner nodes: 398
[INFO GRT-0199] Via filling finished.
[INFO GRT-0111] Final number of vias: 15103
[INFO GRT-0112] Final usage 3D: 56121

[INFO GRT-0096] Final congestion report:
Layer         Resource        Demand        Usage (%)    Max H / Max V / Total Overflow
---------------------------------------------------------------------------------------
li1                  0             0            0.00%             0 /  0 /  0
met1             14411          5015           34.80%             0 /  0 /  0
met2             14982          5358           35.76%             0 /  0 /  0
met3             10292           333            3.24%             0 /  0 /  0
met4              5825           106            1.82%             0 /  0 /  0
met5              1406             0            0.00%             0 /  0 /  0
---------------------------------------------------------------------------------------
Total            46916         10812           23.05%             0 /  0 /  0

[INFO GRT-0018] Total wirelength: 124358 um
[INFO GRT-0014] Routed nets: 3755
Setting global connections for newly added cells…
Writing OpenROAD database to '/openlane/designs/dff_ram_8x72/runs/firstrun/tmp/routing/22-global.odb'…
Writing layout to '/openlane/designs/dff_ram_8x72/runs/firstrun/tmp/routing/22-global.def'…
Writing routing guides to '/openlane/designs/dff_ram_8x72/runs/firstrun/tmp/routing/22-global.guide'…
